p9r2n04:77640:77666 [0] INFO NET : Using interface ib0:10.1.1.22<0>
p9r2n04:77640:77666 [0] INFO NET/IB : Using interface ib0 for sideband communication
p9r2n04:77640:77666 [0] INFO NET/IB: [1] mlx5_0:1/IB 
p9r2n04:77640:77666 [0] INFO Using internal Network IB
p9r2n04:77640:77666 [0] INFO Using NCCL Low-latency algorithm for sizes below 16384
p9r2n04:77640:77666 [0] INFO NET : Using interface ib0:10.1.1.22<0>
p9r2n04:77640:77666 [0] INFO NET/Socket : 1 interfaces found
NCCL version 2.2.12+cuda9.2
p9r2n04:77642:77656 [2] INFO NET : Using interface ib0:10.1.1.22<0>
p9r2n04:77642:77656 [2] INFO NET/IB : Using interface ib0 for sideband communication
p9r2n04:77643:77658 [3] INFO NET : Using interface ib0:10.1.1.22<0>
p9r2n04:77643:77658 [3] INFO NET/IB : Using interface ib0 for sideband communication
p9r2n04:77641:77657 [1] INFO NET : Using interface ib0:10.1.1.22<0>
p9r2n04:77641:77657 [1] INFO NET/IB : Using interface ib0 for sideband communication
p9r2n05:53306:53323 [3] INFO NET : Using interface ib0:10.1.1.23<0>
p9r2n05:53306:53323 [3] INFO NET/IB : Using interface ib0 for sideband communication
p9r2n05:53305:53322 [2] INFO NET : Using interface ib0:10.1.1.23<0>
p9r2n05:53305:53322 [2] INFO NET/IB : Using interface ib0 for sideband communication
p9r2n05:53304:53321 [1] INFO NET : Using interface ib0:10.1.1.23<0>
p9r2n05:53304:53321 [1] INFO NET/IB : Using interface ib0 for sideband communication
p9r2n05:53303:53324 [0] INFO NET : Using interface ib0:10.1.1.23<0>
p9r2n05:53303:53324 [0] INFO NET/IB : Using interface ib0 for sideband communication
p9r2n04:77642:77656 [2] INFO NET/IB: [1] mlx5_0:1/IB 
p9r2n04:77642:77656 [2] INFO Using internal Network IB
p9r2n04:77642:77656 [2] INFO Using NCCL Low-latency algorithm for sizes below 16384
p9r2n04:77641:77657 [1] INFO NET/IB: [1] mlx5_0:1/IB 
p9r2n04:77643:77658 [3] INFO NET/IB: [1] mlx5_0:1/IB 
p9r2n04:77641:77657 [1] INFO Using internal Network IB
p9r2n04:77641:77657 [1] INFO Using NCCL Low-latency algorithm for sizes below 16384
p9r2n04:77643:77658 [3] INFO Using internal Network IB
p9r2n04:77643:77658 [3] INFO Using NCCL Low-latency algorithm for sizes below 16384
p9r2n05:53303:53324 [0] INFO NET/IB: [1] mlx5_0:1/IB 
p9r2n05:53303:53324 [0] INFO Using internal Network IB
p9r2n05:53303:53324 [0] INFO Using NCCL Low-latency algorithm for sizes below 16384
p9r2n05:53306:53323 [3] INFO NET/IB: [1] mlx5_0:1/IB 
p9r2n05:53304:53321 [1] INFO NET/IB: [1] mlx5_0:1/IB 
p9r2n05:53305:53322 [2] INFO NET/IB: [1] mlx5_0:1/IB 
p9r2n05:53306:53323 [3] INFO Using internal Network IB
p9r2n05:53306:53323 [3] INFO Using NCCL Low-latency algorithm for sizes below 16384
p9r2n05:53304:53321 [1] INFO Using internal Network IB
p9r2n05:53304:53321 [1] INFO Using NCCL Low-latency algorithm for sizes below 16384
p9r2n05:53305:53322 [2] INFO Using internal Network IB
p9r2n05:53305:53322 [2] INFO Using NCCL Low-latency algorithm for sizes below 16384
p9r2n04:77642:77656 [2] INFO comm 0x3fff39844930 rank 2 nranks 8
p9r2n04:77642:77656 [2] INFO NET : Using interface ib0:10.1.1.22<0>
p9r2n04:77642:77656 [2] INFO NET/Socket : 1 interfaces found
p9r2n04:77642:77656 [2] INFO CUDA Dev 2, IB Ports : mlx5_0/1(SOC) 
p9r2n04:77640:77666 [0] INFO comm 0x3fff5d9ae5c0 rank 0 nranks 8
p9r2n04:77640:77666 [0] INFO CUDA Dev 0, IB Ports : mlx5_0/1(SOC) 
p9r2n04:77641:77657 [1] INFO comm 0x3fff65844840 rank 1 nranks 8
p9r2n04:77643:77658 [3] INFO comm 0x3fff55895ef0 rank 3 nranks 8
p9r2n04:77643:77658 [3] INFO NET : Using interface ib0:10.1.1.22<0>
p9r2n04:77643:77658 [3] INFO NET/Socket : 1 interfaces found
p9r2n04:77641:77657 [1] INFO NET : Using interface ib0:10.1.1.22<0>
p9r2n04:77641:77657 [1] INFO NET/Socket : 1 interfaces found
p9r2n04:77643:77658 [3] INFO CUDA Dev 3, IB Ports : mlx5_0/1(SOC) 
p9r2n04:77641:77657 [1] INFO CUDA Dev 1, IB Ports : mlx5_0/1(SOC) 
p9r2n05:53304:53321 [1] INFO comm 0x3fff29857030 rank 5 nranks 8
p9r2n05:53305:53322 [2] INFO comm 0x3fff4d847200 rank 6 nranks 8
p9r2n05:53306:53323 [3] INFO comm 0x3fff49846840 rank 7 nranks 8
p9r2n05:53305:53322 [2] INFO NET : Using interface ib0:10.1.1.23<0>
p9r2n05:53305:53322 [2] INFO NET/Socket : 1 interfaces found
p9r2n05:53306:53323 [3] INFO NET : Using interface ib0:10.1.1.23<0>
p9r2n05:53306:53323 [3] INFO NET/Socket : 1 interfaces found
p9r2n05:53304:53321 [1] INFO NET : Using interface ib0:10.1.1.23<0>
p9r2n05:53304:53321 [1] INFO NET/Socket : 1 interfaces found
p9r2n05:53303:53324 [0] INFO comm 0x3fff61885ad0 rank 4 nranks 8
p9r2n05:53306:53323 [3] INFO CUDA Dev 3, IB Ports : mlx5_0/1(SOC) 
p9r2n05:53305:53322 [2] INFO CUDA Dev 2, IB Ports : mlx5_0/1(SOC) 
p9r2n05:53303:53324 [0] INFO NET : Using interface ib0:10.1.1.23<0>
p9r2n05:53303:53324 [0] INFO NET/Socket : 1 interfaces found
p9r2n05:53304:53321 [1] INFO CUDA Dev 1, IB Ports : mlx5_0/1(SOC) 
p9r2n05:53303:53324 [0] INFO CUDA Dev 0, IB Ports : mlx5_0/1(SOC) 
p9r2n04:77640:77666 [0] INFO Using 256 threads
p9r2n04:77640:77666 [0] INFO Min Comp Cap 7
p9r2n04:77640:77666 [0] INFO NCCL_SINGLE_RING_THRESHOLD=262144
p9r2n04:77640:77666 [0] INFO Ring 00 :    0   1   2   3   4   5   6   7
p9r2n04:77641:77657 [1] INFO 1[77641] -> 2[77642] via direct shared memory
p9r2n04:77640:77666 [0] INFO 7 -> 0 via NET/IB/0
p9r2n04:77640:77666 [0] INFO Ring 00 : 0[0] -> 1[1] via P2P/IPC
p9r2n04:77642:77656 [2] INFO Ring 00 : 2[2] -> 3[3] via P2P/IPC
p9r2n05:53305:53322 [2] INFO Ring 00 : 6[2] -> 7[3] via P2P/IPC
p9r2n05:53304:53321 [1] INFO 5[53304] -> 6[53305] via direct shared memory
p9r2n05:53303:53324 [0] INFO 3 -> 4 via NET/IB/0
p9r2n05:53303:53324 [0] INFO Ring 00 : 4[0] -> 5[1] via P2P/IPC
p9r2n04:77643:77658 [3] INFO NET/IB: Dev 0 Port 1 qpn 91663 mtu 5 LID 32
p9r2n05:53306:53323 [3] INFO NET/IB: Dev 0 Port 1 qpn 37597 mtu 5 LID 11
p9r2n04:77640:77666 [0] INFO Launch mode Parallel
