unload bsc/commands (PATH, MANPATH) 
unload CUDA/9.1 (PATH, MANPATH, LD_LIBRARY_PATH, LIBRARY_PATH, C_INCLUDE_PATH,
CPLUS_INCLUDE_PATH, CUDA_HOME, CUDA_VERSION, CUDA_INC, CUDA_INSTALL_PATH) 
unload OPENMPI/3.0.0 (PATH, MANPATH, LD_LIBRARY_PATH, LIBRARY_PATH,
PKG_CONFIG_PATH, C_INCLUDE_PATH, CPLUS_INCLUDE_PATH, MPI, MPI_V) 
unload GCC/6.4.0 (PATH, MANPATH, INFOPATH, LD_LIBRARY_PATH, LIBRARY_PATH,
C_INCLUDE_PATH, CPLUS_INCLUDE_PATH, STD COMP VARS) 
load GCC/6.4.0 (PATH, MANPATH, INFOPATH, LD_LIBRARY_PATH, LIBRARY_PATH,
C_INCLUDE_PATH, CPLUS_INCLUDE_PATH, STD COMP VARS) 
load JAVA/ibm_8.0.5.15 (PATH, C_INCLUDE_PATH, CPLUS_INCLUDE_PATH, JAVA_HOME,
JAVA_ROOT, JAVA_BINDIR, SDK_HOME, JRE_HOME) 
load OPENMPI/3.0.0 (PATH, MANPATH, LD_LIBRARY_PATH, LIBRARY_PATH,
PKG_CONFIG_PATH, C_INCLUDE_PATH, CPLUS_INCLUDE_PATH, MPI, MPI_V) 
load CUDA/9.2 (PATH, MANPATH, LD_LIBRARY_PATH, LIBRARY_PATH, C_INCLUDE_PATH,
CPLUS_INCLUDE_PATH, CUDA_HOME, CUDA_VERSION, CUDA_INC, CUDA_INSTALL_PATH) 
load ATLAS/3.10.3 (LD_LIBRARY_PATH, LIBRARY_PATH, C_INCLUDE_PATH,
CPLUS_INCLUDE_PATH) 
INFO:tensorflow:Using config: {'_model_dir': '/gpfs/home/sam14/sam14015/task/11/estimator_horovod/models/cifar10_resnet_v2_101.1', '_tf_random_seed': None, '_save_summary_steps': 100, '_save_checkpoints_steps': None, '_save_checkpoints_secs': 600, '_session_config': gpu_options {
  allow_growth: true
  visible_device_list: "0"
}
, '_keep_checkpoint_max': 5, '_keep_checkpoint_every_n_hours': 10000, '_log_step_count_steps': 100, '_train_distribute': None, '_service': None, '_cluster_spec': <tensorflow.python.training.server_lib.ClusterSpec object at 0x3fff56804710>, '_task_type': 'worker', '_task_id': 0, '_global_id_in_cluster': 0, '_master': '', '_evaluation_master': '', '_is_chief': True, '_num_ps_replicas': 0, '_num_worker_replicas': 1}
INFO:tensorflow:Calling model_fn.
INFO:tensorflow:Scale of 0 disables regularizer.
WARNING:tensorflow:From /gpfs/home/sam14/sam14015/task/11/estimator_horovod/nets/resnet_v2.py:213: calling reduce_mean (from tensorflow.python.ops.math_ops) with keep_dims is deprecated and will be removed in a future version.
Instructions for updating:
keep_dims is deprecated, use keepdims instead
INFO:tensorflow:Done calling model_fn.
INFO:tensorflow:Create CheckpointSaverHook.
INFO:tensorflow:Graph was finalized.
2018-12-13 11:44:59.332515: I tensorflow/core/common_runtime/gpu/gpu_device.cc:1356] Found device 0 with properties: 
name: Tesla V100-SXM2-16GB major: 7 minor: 0 memoryClockRate(GHz): 1.53
pciBusID: 0035:04:00.0
totalMemory: 15.75GiB freeMemory: 15.34GiB
2018-12-13 11:44:59.332553: I tensorflow/core/common_runtime/gpu/gpu_device.cc:1435] Adding visible gpu devices: 0
2018-12-13 11:44:59.629043: I tensorflow/core/common_runtime/gpu/gpu_device.cc:923] Device interconnect StreamExecutor with strength 1 edge matrix:
2018-12-13 11:44:59.629085: I tensorflow/core/common_runtime/gpu/gpu_device.cc:929]      0 
2018-12-13 11:44:59.629095: I tensorflow/core/common_runtime/gpu/gpu_device.cc:942] 0:   N 
2018-12-13 11:44:59.629542: I tensorflow/core/common_runtime/gpu/gpu_device.cc:1053] Created TensorFlow device (/job:localhost/replica:0/task:0/device:GPU:0 with 14849 MB memory) -> physical GPU (device: 0, name: Tesla V100-SXM2-16GB, pci bus id: 0035:04:00.0, compute capability: 7.0)
INFO:tensorflow:Running local_init_op.
INFO:tensorflow:Done running local_init_op.
2018-12-13 11:45:49.556202: I tensorflow/core/kernels/data/shuffle_dataset_op.cc:94] Filling up shuffle buffer (this may take a while): 8048 of 20000
2018-12-13 11:45:59.555322: I tensorflow/core/kernels/data/shuffle_dataset_op.cc:94] Filling up shuffle buffer (this may take a while): 16091 of 20000
2018-12-13 11:46:04.456543: I tensorflow/core/kernels/data/shuffle_dataset_op.cc:129] Shuffle buffer filled.
INFO:tensorflow:Saving checkpoints for 1 into /gpfs/home/sam14/sam14015/task/11/estimator_horovod/models/cifar10_resnet_v2_101.1/model.ckpt.
INFO:tensorflow:loss = 2.5370388, step = 0
INFO:tensorflow:accuracy = 0.078125, loss = 2.5370388, global_step = 0
INFO:tensorflow:global_step/sec: 3.02044
INFO:tensorflow:loss = 2.4898062, step = 100 (33.108 sec)
INFO:tensorflow:accuracy = 0.0703125, loss = 2.4898062, global_step = 100 (33.108 sec)
INFO:tensorflow:Benchmark metric: {'name': 'average_examples_per_sec', 'value': 203.05858118349755, 'unit': None, 'global_step': 111, 'timestamp': '2018-12-13T10:46:56.586087Z', 'extras': []}
INFO:tensorflow:Benchmark metric: {'name': 'current_examples_per_sec', 'value': 203.05858118349755, 'unit': None, 'global_step': 111, 'timestamp': '2018-12-13T10:46:56.586340Z', 'extras': []}
INFO:tensorflow:global_step/sec: 3.14659
INFO:tensorflow:loss = 2.4038427, step = 200 (31.781 sec)
INFO:tensorflow:accuracy = 0.0625, loss = 2.4038427, global_step = 200 (31.781 sec)
INFO:tensorflow:Benchmark metric: {'name': 'average_examples_per_sec', 'value': 202.10817056965502, 'unit': None, 'global_step': 211, 'timestamp': '2018-12-13T10:47:28.400475Z', 'extras': []}
INFO:tensorflow:Benchmark metric: {'name': 'current_examples_per_sec', 'value': 201.1666152550515, 'unit': None, 'global_step': 211, 'timestamp': '2018-12-13T10:47:28.400669Z', 'extras': []}
INFO:tensorflow:global_step/sec: 3.08307
INFO:tensorflow:loss = 2.300736, step = 300 (32.435 sec)
INFO:tensorflow:accuracy = 0.0703125, loss = 2.300736, global_step = 300 (32.435 sec)
INFO:tensorflow:Benchmark metric: {'name': 'average_examples_per_sec', 'value': 200.20885300188561, 'unit': None, 'global_step': 311, 'timestamp': '2018-12-13T10:48:00.967906Z', 'extras': []}
INFO:tensorflow:Benchmark metric: {'name': 'current_examples_per_sec', 'value': 196.51533553482454, 'unit': None, 'global_step': 311, 'timestamp': '2018-12-13T10:48:00.968099Z', 'extras': []}
INFO:tensorflow:global_step/sec: 2.99952
INFO:tensorflow:loss = 2.297941, step = 400 (33.339 sec)
INFO:tensorflow:accuracy = 0.078125, loss = 2.297941, global_step = 400 (33.339 sec)
INFO:tensorflow:Benchmark metric: {'name': 'average_examples_per_sec', 'value': 198.01832703770108, 'unit': None, 'global_step': 411, 'timestamp': '2018-12-13T10:48:34.349016Z', 'extras': []}
INFO:tensorflow:Benchmark metric: {'name': 'current_examples_per_sec', 'value': 191.72521286508527, 'unit': None, 'global_step': 411, 'timestamp': '2018-12-13T10:48:34.349222Z', 'extras': []}
INFO:tensorflow:global_step/sec: 2.98279
INFO:tensorflow:loss = 2.3996565, step = 500 (33.527 sec)
INFO:tensorflow:accuracy = 0.088541664, loss = 2.3996565, global_step = 500 (33.527 sec)
INFO:tensorflow:Benchmark metric: {'name': 'average_examples_per_sec', 'value': 196.54478983282803, 'unit': None, 'global_step': 511, 'timestamp': '2018-12-13T10:49:07.880809Z', 'extras': []}
INFO:tensorflow:Benchmark metric: {'name': 'current_examples_per_sec', 'value': 190.86360609897045, 'unit': None, 'global_step': 511, 'timestamp': '2018-12-13T10:49:07.881002Z', 'extras': []}
INFO:tensorflow:global_step/sec: 2.97592
INFO:tensorflow:loss = 2.2591147, step = 600 (33.602 sec)
INFO:tensorflow:accuracy = 0.09375, loss = 2.2591147, global_step = 600 (33.602 sec)
INFO:tensorflow:Benchmark metric: {'name': 'average_examples_per_sec', 'value': 195.50064515977266, 'unit': None, 'global_step': 611, 'timestamp': '2018-12-13T10:49:41.486847Z', 'extras': []}
INFO:tensorflow:Benchmark metric: {'name': 'current_examples_per_sec', 'value': 190.44202651908253, 'unit': None, 'global_step': 611, 'timestamp': '2018-12-13T10:49:41.487045Z', 'extras': []}
INFO:tensorflow:global_step/sec: 2.98507
INFO:tensorflow:loss = 2.2821002, step = 700 (33.500 sec)
INFO:tensorflow:accuracy = 0.1015625, loss = 2.2821002, global_step = 700 (33.500 sec)
INFO:tensorflow:Benchmark metric: {'name': 'average_examples_per_sec', 'value': 194.85181362472926, 'unit': None, 'global_step': 711, 'timestamp': '2018-12-13T10:50:14.986358Z', 'extras': []}
INFO:tensorflow:Benchmark metric: {'name': 'current_examples_per_sec', 'value': 191.0474995580475, 'unit': None, 'global_step': 711, 'timestamp': '2018-12-13T10:50:14.986534Z', 'extras': []}
INFO:tensorflow:Saving checkpoints for 750 into /gpfs/home/sam14/sam14015/task/11/estimator_horovod/models/cifar10_resnet_v2_101.1/model.ckpt.
2018-12-13 11:50:40.518000: E tensorflow/core/kernels/data/cache_dataset_ops.cc:314] The calling iterator did not fully read the dataset we were attempting to cache. In order to avoid unexpected truncation of the sequence, the current [partially cached] sequence will be dropped. This can occur if you have a sequence similar to `dataset.cache().take(k).repeat()`. Instead, swap the order (i.e. `dataset.take(k).cache().repeat()`)
INFO:tensorflow:Loss for final step: 2.3405428.
INFO:tensorflow:Calling model_fn.
INFO:tensorflow:Scale of 0 disables regularizer.
INFO:tensorflow:Done calling model_fn.
INFO:tensorflow:Starting evaluation at 2018-12-13-10:50:48
INFO:tensorflow:Graph was finalized.
2018-12-13 11:50:51.040607: I tensorflow/core/common_runtime/gpu/gpu_device.cc:1435] Adding visible gpu devices: 0
2018-12-13 11:50:51.040677: I tensorflow/core/common_runtime/gpu/gpu_device.cc:923] Device interconnect StreamExecutor with strength 1 edge matrix:
2018-12-13 11:50:51.040686: I tensorflow/core/common_runtime/gpu/gpu_device.cc:929]      0 
2018-12-13 11:50:51.040694: I tensorflow/core/common_runtime/gpu/gpu_device.cc:942] 0:   N 
2018-12-13 11:50:51.041093: I tensorflow/core/common_runtime/gpu/gpu_device.cc:1053] Created TensorFlow device (/job:localhost/replica:0/task:0/device:GPU:0 with 14849 MB memory) -> physical GPU (device: 0, name: Tesla V100-SXM2-16GB, pci bus id: 0035:04:00.0, compute capability: 7.0)
INFO:tensorflow:Restoring parameters from /gpfs/home/sam14/sam14015/task/11/estimator_horovod/models/cifar10_resnet_v2_101.1/model.ckpt-750
INFO:tensorflow:Running local_init_op.
INFO:tensorflow:Done running local_init_op.
INFO:tensorflow:Finished evaluation at 2018-12-13-10:51:11
INFO:tensorflow:Saving dict for global step 750: accuracy/accuracy = 0.1, global_step = 750, loss = 10156146.0
