p9r2n03:85495:85513 [0] INFO NET : Using interface ib0:10.1.1.21<0>
p9r2n03:85495:85513 [0] INFO NET/IB : Using interface ib0 for sideband communication
p9r2n03:85495:85513 [0] INFO NET/IB: [1] mlx5_0:1/IB 
p9r2n03:85495:85513 [0] INFO Using internal Network IB
p9r2n03:85495:85513 [0] INFO Using NCCL Low-latency algorithm for sizes below 16384
p9r2n03:85495:85513 [0] INFO NET : Using interface ib0:10.1.1.21<0>
p9r2n03:85495:85513 [0] INFO NET/Socket : 1 interfaces found
NCCL version 2.2.12+cuda9.2
p9r2n03:85498:85516 [3] INFO NET : Using interface ib0:10.1.1.21<0>
p9r2n03:85498:85516 [3] INFO NET/IB : Using interface ib0 for sideband communication
p9r2n03:85496:85515 [1] INFO NET : Using interface ib0:10.1.1.21<0>
p9r2n03:85496:85515 [1] INFO NET/IB : Using interface ib0 for sideband communication
p9r2n03:85497:85514 [2] INFO NET : Using interface ib0:10.1.1.21<0>
p9r2n03:85497:85514 [2] INFO NET/IB : Using interface ib0 for sideband communication
p9r2n05:63359:63385 [2] INFO NET : Using interface ib0:10.1.1.23<0>
p9r2n05:63359:63385 [2] INFO NET/IB : Using interface ib0 for sideband communication
p9r2n05:63360:63374 [3] INFO NET : Using interface ib0:10.1.1.23<0>
p9r2n05:63360:63374 [3] INFO NET/IB : Using interface ib0 for sideband communication
p9r2n05:63357:63375 [0] INFO NET : Using interface ib0:10.1.1.23<0>
p9r2n05:63357:63375 [0] INFO NET/IB : Using interface ib0 for sideband communication
p9r2n05:63358:63376 [1] INFO NET : Using interface ib0:10.1.1.23<0>
p9r2n05:63358:63376 [1] INFO NET/IB : Using interface ib0 for sideband communication
p9r2n03:85497:85514 [2] INFO NET/IB: [1] mlx5_0:1/IB 
p9r2n03:85497:85514 [2] INFO Using internal Network IB
p9r2n03:85497:85514 [2] INFO Using NCCL Low-latency algorithm for sizes below 16384
p9r2n03:85496:85515 [1] INFO NET/IB: [1] mlx5_0:1/IB 
p9r2n03:85498:85516 [3] INFO NET/IB: [1] mlx5_0:1/IB 
p9r2n03:85498:85516 [3] INFO Using internal Network IB
p9r2n03:85498:85516 [3] INFO Using NCCL Low-latency algorithm for sizes below 16384
p9r2n03:85496:85515 [1] INFO Using internal Network IB
p9r2n03:85496:85515 [1] INFO Using NCCL Low-latency algorithm for sizes below 16384
p9r2n05:63359:63385 [2] INFO NET/IB: [1] mlx5_0:1/IB 
p9r2n05:63359:63385 [2] INFO Using internal Network IB
p9r2n05:63359:63385 [2] INFO Using NCCL Low-latency algorithm for sizes below 16384
p9r2n05:63357:63375 [0] INFO NET/IB: [1] mlx5_0:1/IB 
p9r2n05:63357:63375 [0] INFO Using internal Network IB
p9r2n05:63357:63375 [0] INFO Using NCCL Low-latency algorithm for sizes below 16384
p9r2n05:63358:63376 [1] INFO NET/IB: [1] mlx5_0:1/IB 
p9r2n05:63360:63374 [3] INFO NET/IB: [1] mlx5_0:1/IB 
p9r2n05:63360:63374 [3] INFO Using internal Network IB
p9r2n05:63358:63376 [1] INFO Using internal Network IB
p9r2n05:63358:63376 [1] INFO p9r2n05:63360:63374 [3] INFO Using NCCL Low-latency algorithm for sizes below 16384
Using NCCL Low-latency algorithm for sizes below 16384
p9r2n05:63358:63376 [1] INFO comm 0x3fff358569e0 rank 5 nranks 8
p9r2n05:63358:63376 [1] INFO NET : Using interface ib0:10.1.1.23<0>
p9r2n05:63358:63376 [1] INFO NET/Socket : 1 interfaces found
p9r2n05:63357:63375 [0] INFO comm 0x3fff2d87cce0 rank 4 nranks 8
p9r2n05:63358:63376 [1] INFO CUDA Dev 1, IB Ports : mlx5_0/1(SOC) 
p9r2n05:63357:63375 [0] INFO NET : Using interface ib0:10.1.1.23<0>
p9r2n05:63357:63375 [0] INFO NET/Socket : 1 interfaces found
p9r2n05:63357:63375 [0] INFO CUDA Dev 0, IB Ports : mlx5_0/1(SOC) 
p9r2n05:63360:63374 [3] INFO comm 0x3fff598467b0 rank 7 nranks 8
p9r2n05:63359:63385 [2] INFO comm 0x3fff258469e0 rank 6 nranks 8
p9r2n05:63359:63385 [2] INFO NET : Using interface ib0:10.1.1.23<0>
p9r2n05:63359:63385 [2] INFO NET/Socket : 1 interfaces found
p9r2n05:63360:63374 [3] INFO NET : Using interface ib0:10.1.1.23<0>
p9r2n05:63360:63374 [3] INFO NET/Socket : 1 interfaces found
p9r2n05:63360:63374 [3] INFO CUDA Dev 3, IB Ports : mlx5_0/1(SOC) 
p9r2n05:63359:63385 [2] INFO CUDA Dev 2, IB Ports : mlx5_0/1(SOC) 
p9r2n03:85498:85516 [3] INFO comm 0x3fff61834710 rank 3 nranks 8
p9r2n03:85496:85515 [1] INFO comm 0x3fff25844370 rank 1 nranks 8
p9r2n03:85498:85516 [3] INFO NET : Using interface ib0:10.1.1.21<0>
p9r2n03:85498:85516 [3] INFO NET/Socket : 1 interfaces found
p9r2n03:85496:85515 [1] INFO NET : Using interface ib0:10.1.1.21<0>
p9r2n03:85496:85515 [1] INFO NET/Socket : 1 interfaces found
p9r2n03:85498:85516 [3] INFO CUDA Dev 3, IB Ports : mlx5_0/1(SOC) 
p9r2n03:85496:85515 [1] INFO CUDA Dev 1, IB Ports : mlx5_0/1(SOC) 
p9r2n03:85495:85513 [0] INFO comm 0x3fff259a21f0 rank 0 nranks 8
p9r2n03:85497:85514 [2] INFO comm 0x3fff398442d0 rank 2 nranks 8
p9r2n03:85495:85513 [0] INFO CUDA Dev 0, IB Ports : mlx5_0/1(SOC) 
p9r2n03:85497:85514 [2] INFO NET : Using interface ib0:10.1.1.21<0>
p9r2n03:85497:85514 [2] INFO NET/Socket : 1 interfaces found
p9r2n03:85497:85514 [2] INFO CUDA Dev 2, IB Ports : mlx5_0/1(SOC) 
p9r2n03:85495:85513 [0] INFO Using 256 threads
p9r2n03:85495:85513 [0] INFO Min Comp Cap 7
p9r2n03:85495:85513 [0] INFO NCCL_SINGLE_RING_THRESHOLD=262144
p9r2n03:85495:85513 [0] INFO Ring 00 :    0   1   2   3   4   5   6   7
p9r2n03:85495:85513 [0] INFO 7 -> 0 via NET/IB/0
p9r2n03:85496:85515 [1] INFO 1[85496] -> 2[85497] via direct shared memory
p9r2n03:85495:85513 [0] INFO Ring 00 : 0[0] -> 1[1] via P2P/IPC
p9r2n03:85497:85514 [2] INFO Ring 00 : 2[2] -> 3[3] via P2P/IPC
p9r2n05:63357:63375 [0] INFO 3 -> 4 via NET/IB/0
p9r2n05:63358:63376 [1] INFO 5[63358] -> 6[63359] via direct shared memory
p9r2n05:63357:63375 [0] INFO Ring 00 : 4[0] -> 5[1] via P2P/IPC
p9r2n05:63359:63385 [2] INFO Ring 00 : 6[2] -> 7[3] via P2P/IPC
p9r2n03:85498:85516 [3] INFO NET/IB: Dev 0 Port 1 qpn 225741 mtu 5 LID 18
p9r2n05:63360:63374 [3] INFO NET/IB: Dev 0 Port 1 qpn 37881 mtu 5 LID 11
p9r2n03:85495:85513 [0] INFO Launch mode Parallel
clock 550.87
