unload bsc/commands (PATH, MANPATH) 
unload CUDA/9.1 (PATH, MANPATH, LD_LIBRARY_PATH, LIBRARY_PATH, C_INCLUDE_PATH,
CPLUS_INCLUDE_PATH, CUDA_HOME, CUDA_VERSION, CUDA_INC, CUDA_INSTALL_PATH) 
unload OPENMPI/3.0.0 (PATH, MANPATH, LD_LIBRARY_PATH, LIBRARY_PATH,
PKG_CONFIG_PATH, C_INCLUDE_PATH, CPLUS_INCLUDE_PATH, MPI, MPI_V) 
unload GCC/6.4.0 (PATH, MANPATH, INFOPATH, LD_LIBRARY_PATH, LIBRARY_PATH,
C_INCLUDE_PATH, CPLUS_INCLUDE_PATH, STD COMP VARS) 
load GCC/6.4.0 (PATH, MANPATH, INFOPATH, LD_LIBRARY_PATH, LIBRARY_PATH,
C_INCLUDE_PATH, CPLUS_INCLUDE_PATH, STD COMP VARS) 
load JAVA/ibm_8.0.5.15 (PATH, C_INCLUDE_PATH, CPLUS_INCLUDE_PATH, JAVA_HOME,
JAVA_ROOT, JAVA_BINDIR, SDK_HOME, JRE_HOME) 
load OPENMPI/3.0.0 (PATH, MANPATH, LD_LIBRARY_PATH, LIBRARY_PATH,
PKG_CONFIG_PATH, C_INCLUDE_PATH, CPLUS_INCLUDE_PATH, MPI, MPI_V) 
load CUDA/9.2 (PATH, MANPATH, LD_LIBRARY_PATH, LIBRARY_PATH, C_INCLUDE_PATH,
CPLUS_INCLUDE_PATH, CUDA_HOME, CUDA_VERSION, CUDA_INC, CUDA_INSTALL_PATH) 
load ATLAS/3.10.3 (LD_LIBRARY_PATH, LIBRARY_PATH, C_INCLUDE_PATH,
CPLUS_INCLUDE_PATH) 
INFO:tensorflow:Using config: {'_model_dir': '/gpfs/home/sam14/sam14015/task/11/estimator_horovod/models/cifar10_resnet_v2_101.1', '_tf_random_seed': None, '_save_summary_steps': 100, '_save_checkpoints_steps': None, '_save_checkpoints_secs': 600, '_session_config': gpu_options {
  allow_growth: true
  visible_device_list: "0"
}
, '_keep_checkpoint_max': 5, '_keep_checkpoint_every_n_hours': 10000, '_log_step_count_steps': 100, '_train_distribute': None, '_service': None, '_cluster_spec': <tensorflow.python.training.server_lib.ClusterSpec object at 0x3fff47c04710>, '_task_type': 'worker', '_task_id': 0, '_global_id_in_cluster': 0, '_master': '', '_evaluation_master': '', '_is_chief': True, '_num_ps_replicas': 0, '_num_worker_replicas': 1}
INFO:tensorflow:Calling model_fn.
INFO:tensorflow:Scale of 0 disables regularizer.
WARNING:tensorflow:From /gpfs/home/sam14/sam14015/task/11/estimator_horovod/nets/resnet_v2.py:213: calling reduce_mean (from tensorflow.python.ops.math_ops) with keep_dims is deprecated and will be removed in a future version.
Instructions for updating:
keep_dims is deprecated, use keepdims instead
INFO:tensorflow:Done calling model_fn.
INFO:tensorflow:Create CheckpointSaverHook.
INFO:tensorflow:Graph was finalized.
2018-12-13 11:30:24.972284: I tensorflow/core/common_runtime/gpu/gpu_device.cc:1356] Found device 0 with properties: 
name: Tesla V100-SXM2-16GB major: 7 minor: 0 memoryClockRate(GHz): 1.53
pciBusID: 0004:04:00.0
totalMemory: 15.75GiB freeMemory: 15.34GiB
2018-12-13 11:30:24.972330: I tensorflow/core/common_runtime/gpu/gpu_device.cc:1435] Adding visible gpu devices: 0
2018-12-13 11:30:25.349460: I tensorflow/core/common_runtime/gpu/gpu_device.cc:923] Device interconnect StreamExecutor with strength 1 edge matrix:
2018-12-13 11:30:25.349510: I tensorflow/core/common_runtime/gpu/gpu_device.cc:929]      0 
2018-12-13 11:30:25.349525: I tensorflow/core/common_runtime/gpu/gpu_device.cc:942] 0:   N 
2018-12-13 11:30:25.350220: I tensorflow/core/common_runtime/gpu/gpu_device.cc:1053] Created TensorFlow device (/job:localhost/replica:0/task:0/device:GPU:0 with 14849 MB memory) -> physical GPU (device: 0, name: Tesla V100-SXM2-16GB, pci bus id: 0004:04:00.0, compute capability: 7.0)
INFO:tensorflow:Running local_init_op.
INFO:tensorflow:Done running local_init_op.
2018-12-13 11:31:34.323015: I tensorflow/core/kernels/data/shuffle_dataset_op.cc:94] Filling up shuffle buffer (this may take a while): 5076 of 20000
2018-12-13 11:31:44.325199: I tensorflow/core/kernels/data/shuffle_dataset_op.cc:94] Filling up shuffle buffer (this may take a while): 10254 of 20000
2018-12-13 11:31:54.327038: I tensorflow/core/kernels/data/shuffle_dataset_op.cc:94] Filling up shuffle buffer (this may take a while): 15373 of 20000
2018-12-13 11:32:03.186709: I tensorflow/core/kernels/data/shuffle_dataset_op.cc:129] Shuffle buffer filled.
INFO:tensorflow:Saving checkpoints for 1 into /gpfs/home/sam14/sam14015/task/11/estimator_horovod/models/cifar10_resnet_v2_101.1/model.ckpt.
INFO:tensorflow:loss = 2.5752127, step = 0
INFO:tensorflow:accuracy = 0.078125, loss = 2.5752127, global_step = 0
INFO:tensorflow:global_step/sec: 2.93992
INFO:tensorflow:loss = 2.4017951, step = 100 (34.015 sec)
INFO:tensorflow:accuracy = 0.09375, loss = 2.4017951, global_step = 100 (34.015 sec)
INFO:tensorflow:Benchmark metric: {'name': 'average_examples_per_sec', 'value': 202.07485700876634, 'unit': None, 'global_step': 111, 'timestamp': '2018-12-13T10:33:02.677346Z', 'extras': []}
INFO:tensorflow:Benchmark metric: {'name': 'current_examples_per_sec', 'value': 202.07485700876634, 'unit': None, 'global_step': 111, 'timestamp': '2018-12-13T10:33:02.677685Z', 'extras': []}
INFO:tensorflow:global_step/sec: 3.14616
INFO:tensorflow:loss = 2.334586, step = 200 (31.785 sec)
INFO:tensorflow:accuracy = 0.104166664, loss = 2.334586, global_step = 200 (31.785 sec)
INFO:tensorflow:Benchmark metric: {'name': 'average_examples_per_sec', 'value': 201.67105144974127, 'unit': None, 'global_step': 211, 'timestamp': '2018-12-13T10:33:34.475552Z', 'extras': []}
INFO:tensorflow:Benchmark metric: {'name': 'current_examples_per_sec', 'value': 201.2688565189911, 'unit': None, 'global_step': 211, 'timestamp': '2018-12-13T10:33:34.475830Z', 'extras': []}
INFO:tensorflow:global_step/sec: 3.13006
INFO:tensorflow:loss = 2.3836808, step = 300 (31.948 sec)
INFO:tensorflow:accuracy = 0.09375, loss = 2.3836808, global_step = 300 (31.948 sec)
INFO:tensorflow:Benchmark metric: {'name': 'average_examples_per_sec', 'value': 201.18068269216727, 'unit': None, 'global_step': 311, 'timestamp': '2018-12-13T10:34:06.442458Z', 'extras': []}
INFO:tensorflow:Benchmark metric: {'name': 'current_examples_per_sec', 'value': 200.2070646261877, 'unit': None, 'global_step': 311, 'timestamp': '2018-12-13T10:34:06.442724Z', 'extras': []}
INFO:tensorflow:global_step/sec: 3.11643
INFO:tensorflow:loss = 2.386458, step = 400 (32.088 sec)
INFO:tensorflow:accuracy = 0.090625, loss = 2.386458, global_step = 400 (32.088 sec)
INFO:tensorflow:Benchmark metric: {'name': 'average_examples_per_sec', 'value': 200.71931958752475, 'unit': None, 'global_step': 411, 'timestamp': '2018-12-13T10:34:38.547144Z', 'extras': []}
INFO:tensorflow:Benchmark metric: {'name': 'current_examples_per_sec', 'value': 199.34783992406415, 'unit': None, 'global_step': 411, 'timestamp': '2018-12-13T10:34:38.547416Z', 'extras': []}
INFO:tensorflow:global_step/sec: 3.09819
INFO:tensorflow:loss = 2.2749143, step = 500 (32.277 sec)
INFO:tensorflow:accuracy = 0.098958336, loss = 2.2749143, global_step = 500 (32.277 sec)
INFO:tensorflow:Benchmark metric: {'name': 'average_examples_per_sec', 'value': 200.17087472852558, 'unit': None, 'global_step': 511, 'timestamp': '2018-12-13T10:35:10.869281Z', 'extras': []}
INFO:tensorflow:Benchmark metric: {'name': 'current_examples_per_sec', 'value': 198.00674264056212, 'unit': None, 'global_step': 511, 'timestamp': '2018-12-13T10:35:10.869541Z', 'extras': []}
INFO:tensorflow:global_step/sec: 3.03386
INFO:tensorflow:loss = 2.3254013, step = 600 (32.961 sec)
INFO:tensorflow:accuracy = 0.100446425, loss = 2.3254013, global_step = 600 (32.961 sec)
INFO:tensorflow:Benchmark metric: {'name': 'average_examples_per_sec', 'value': 199.0599727286286, 'unit': None, 'global_step': 611, 'timestamp': '2018-12-13T10:35:43.912533Z', 'extras': []}
INFO:tensorflow:Benchmark metric: {'name': 'current_examples_per_sec', 'value': 193.6854264105834, 'unit': None, 'global_step': 611, 'timestamp': '2018-12-13T10:35:43.912778Z', 'extras': []}
INFO:tensorflow:global_step/sec: 2.99855
INFO:tensorflow:loss = 2.3143616, step = 700 (33.350 sec)
INFO:tensorflow:accuracy = 0.1015625, loss = 2.3143616, global_step = 700 (33.350 sec)
INFO:tensorflow:Benchmark metric: {'name': 'average_examples_per_sec', 'value': 197.99033041080233, 'unit': None, 'global_step': 711, 'timestamp': '2018-12-13T10:36:17.279537Z', 'extras': []}
INFO:tensorflow:Benchmark metric: {'name': 'current_examples_per_sec', 'value': 191.80633948403263, 'unit': None, 'global_step': 711, 'timestamp': '2018-12-13T10:36:17.279798Z', 'extras': []}
INFO:tensorflow:Saving checkpoints for 750 into /gpfs/home/sam14/sam14015/task/11/estimator_horovod/models/cifar10_resnet_v2_101.1/model.ckpt.
2018-12-13 11:36:49.566158: E tensorflow/core/kernels/data/cache_dataset_ops.cc:314] The calling iterator did not fully read the dataset we were attempting to cache. In order to avoid unexpected truncation of the sequence, the current [partially cached] sequence will be dropped. This can occur if you have a sequence similar to `dataset.cache().take(k).repeat()`. Instead, swap the order (i.e. `dataset.take(k).cache().repeat()`)
INFO:tensorflow:Loss for final step: 2.287589.
INFO:tensorflow:Calling model_fn.
INFO:tensorflow:Scale of 0 disables regularizer.
INFO:tensorflow:Done calling model_fn.
INFO:tensorflow:Starting evaluation at 2018-12-13-10:37:02
INFO:tensorflow:Graph was finalized.
2018-12-13 11:37:05.987543: I tensorflow/core/common_runtime/gpu/gpu_device.cc:1435] Adding visible gpu devices: 0
2018-12-13 11:37:05.987643: I tensorflow/core/common_runtime/gpu/gpu_device.cc:923] Device interconnect StreamExecutor with strength 1 edge matrix:
2018-12-13 11:37:05.987657: I tensorflow/core/common_runtime/gpu/gpu_device.cc:929]      0 
2018-12-13 11:37:05.987669: I tensorflow/core/common_runtime/gpu/gpu_device.cc:942] 0:   N 
2018-12-13 11:37:05.988257: I tensorflow/core/common_runtime/gpu/gpu_device.cc:1053] Created TensorFlow device (/job:localhost/replica:0/task:0/device:GPU:0 with 14849 MB memory) -> physical GPU (device: 0, name: Tesla V100-SXM2-16GB, pci bus id: 0004:04:00.0, compute capability: 7.0)
INFO:tensorflow:Restoring parameters from /gpfs/home/sam14/sam14015/task/11/estimator_horovod/models/cifar10_resnet_v2_101.1/model.ckpt-750
INFO:tensorflow:Running local_init_op.
INFO:tensorflow:Done running local_init_op.
INFO:tensorflow:Finished evaluation at 2018-12-13-10:37:27
INFO:tensorflow:Saving dict for global step 750: accuracy/accuracy = 0.1132, global_step = 750, loss = 4281305.5
