unload bsc/commands (PATH, MANPATH) 
unload CUDA/9.1 (PATH, MANPATH, LD_LIBRARY_PATH, LIBRARY_PATH, C_INCLUDE_PATH,
CPLUS_INCLUDE_PATH, CUDA_HOME, CUDA_VERSION, CUDA_INC, CUDA_INSTALL_PATH) 
unload OPENMPI/3.0.0 (PATH, MANPATH, LD_LIBRARY_PATH, LIBRARY_PATH,
PKG_CONFIG_PATH, C_INCLUDE_PATH, CPLUS_INCLUDE_PATH, MPI, MPI_V) 
unload GCC/6.4.0 (PATH, MANPATH, INFOPATH, LD_LIBRARY_PATH, LIBRARY_PATH,
C_INCLUDE_PATH, CPLUS_INCLUDE_PATH, STD COMP VARS) 
load GCC/6.4.0 (PATH, MANPATH, INFOPATH, LD_LIBRARY_PATH, LIBRARY_PATH,
C_INCLUDE_PATH, CPLUS_INCLUDE_PATH, STD COMP VARS) 
load JAVA/ibm_8.0.5.15 (PATH, C_INCLUDE_PATH, CPLUS_INCLUDE_PATH, JAVA_HOME,
JAVA_ROOT, JAVA_BINDIR, SDK_HOME, JRE_HOME) 
load OPENMPI/3.0.0 (PATH, MANPATH, LD_LIBRARY_PATH, LIBRARY_PATH,
PKG_CONFIG_PATH, C_INCLUDE_PATH, CPLUS_INCLUDE_PATH, MPI, MPI_V) 
load CUDA/9.2 (PATH, MANPATH, LD_LIBRARY_PATH, LIBRARY_PATH, C_INCLUDE_PATH,
CPLUS_INCLUDE_PATH, CUDA_HOME, CUDA_VERSION, CUDA_INC, CUDA_INSTALL_PATH) 
load ATLAS/3.10.3 (LD_LIBRARY_PATH, LIBRARY_PATH, C_INCLUDE_PATH,
CPLUS_INCLUDE_PATH) 
INFO:tensorflow:Using config: {'_model_dir': '/gpfs/home/sam14/sam14015/task/proj/models/cifar10_resnet_v2_101.1', '_tf_random_seed': None, '_save_summary_steps': 100, '_save_checkpoints_steps': None, '_save_checkpoints_secs': None, '_session_config': gpu_options {
  allow_growth: true
  visible_device_list: "0"
}
, '_keep_checkpoint_max': 5, '_keep_checkpoint_every_n_hours': 10000, '_log_step_count_steps': 100, '_train_distribute': None, '_service': None, '_cluster_spec': <tensorflow.python.training.server_lib.ClusterSpec object at 0x3fff57b9d5c0>, '_task_type': 'worker', '_task_id': 0, '_global_id_in_cluster': 0, '_master': '', '_evaluation_master': '', '_is_chief': True, '_num_ps_replicas': 0, '_num_worker_replicas': 1}
 Date is now: 2019-01-14 11:27:15.060020
 ---------------------- Starting train for 0 ----------------------
INFO:tensorflow:Calling model_fn.
INFO:tensorflow:Scale of 0 disables regularizer.
WARNING:tensorflow:From /gpfs/home/sam14/sam14015/task/proj/nets/resnet_v2.py:213: calling reduce_mean (from tensorflow.python.ops.math_ops) with keep_dims is deprecated and will be removed in a future version.
Instructions for updating:
keep_dims is deprecated, use keepdims instead
INFO:tensorflow:Done calling model_fn.
INFO:tensorflow:Graph was finalized.
2019-01-14 11:27:52.740199: I tensorflow/core/common_runtime/gpu/gpu_device.cc:1356] Found device 0 with properties: 
name: Tesla V100-SXM2-16GB major: 7 minor: 0 memoryClockRate(GHz): 1.53
pciBusID: 0035:04:00.0
totalMemory: 15.75GiB freeMemory: 15.34GiB
2019-01-14 11:27:52.740233: I tensorflow/core/common_runtime/gpu/gpu_device.cc:1435] Adding visible gpu devices: 0
2019-01-14 11:27:53.020829: I tensorflow/core/common_runtime/gpu/gpu_device.cc:923] Device interconnect StreamExecutor with strength 1 edge matrix:
2019-01-14 11:27:53.020875: I tensorflow/core/common_runtime/gpu/gpu_device.cc:929]      0 
2019-01-14 11:27:53.020883: I tensorflow/core/common_runtime/gpu/gpu_device.cc:942] 0:   N 
2019-01-14 11:27:53.021416: I tensorflow/core/common_runtime/gpu/gpu_device.cc:1053] Created TensorFlow device (/job:localhost/replica:0/task:0/device:GPU:0 with 14845 MB memory) -> physical GPU (device: 0, name: Tesla V100-SXM2-16GB, pci bus id: 0035:04:00.0, compute capability: 7.0)
INFO:tensorflow:Running local_init_op.
INFO:tensorflow:Done running local_init_op.
2019-01-14 11:28:08.554411: I tensorflow/core/kernels/data/shuffle_dataset_op.cc:94] Filling up shuffle buffer (this may take a while): 8056 of 20000
2019-01-14 11:28:18.554348: I tensorflow/core/kernels/data/shuffle_dataset_op.cc:94] Filling up shuffle buffer (this may take a while): 16135 of 20000
2019-01-14 11:28:23.277719: I tensorflow/core/kernels/data/shuffle_dataset_op.cc:129] Shuffle buffer filled.
INFO:tensorflow:loss = 2.6908312, step = 0
INFO:tensorflow:accuracy = 0.09375, loss = 2.6908312, global_step = 0
INFO:tensorflow:accuracy = 0.09375, loss = 2.7262878, global_step = 10 (6.166 sec)
INFO:tensorflow:accuracy = 0.098958336, loss = 2.552371, global_step = 20 (3.142 sec)
INFO:tensorflow:Benchmark metric: {'name': 'average_examples_per_sec', 'value': 203.70368155636982, 'unit': None, 'global_step': 21, 'timestamp': '2019-01-14T10:28:35.043211Z', 'extras': []}
INFO:tensorflow:Benchmark metric: {'name': 'current_examples_per_sec', 'value': 203.70368155636982, 'unit': None, 'global_step': 21, 'timestamp': '2019-01-14T10:28:35.043435Z', 'extras': []}
INFO:tensorflow:accuracy = 0.09765625, loss = 2.6229486, global_step = 30 (3.144 sec)
INFO:tensorflow:Benchmark metric: {'name': 'average_examples_per_sec', 'value': 203.63089962322638, 'unit': None, 'global_step': 31, 'timestamp': '2019-01-14T10:28:38.187224Z', 'extras': []}
INFO:tensorflow:Benchmark metric: {'name': 'current_examples_per_sec', 'value': 203.55816968048165, 'unit': None, 'global_step': 31, 'timestamp': '2019-01-14T10:28:38.187383Z', 'extras': []}
INFO:tensorflow:accuracy = 0.09375, loss = 2.478299, global_step = 40 (3.148 sec)
INFO:tensorflow:Benchmark metric: {'name': 'average_examples_per_sec', 'value': 203.52847498302762, 'unit': None, 'global_step': 41, 'timestamp': '2019-01-14T10:28:41.334912Z', 'extras': []}
INFO:tensorflow:Benchmark metric: {'name': 'current_examples_per_sec', 'value': 203.32393450440733, 'unit': None, 'global_step': 41, 'timestamp': '2019-01-14T10:28:41.335074Z', 'extras': []}
INFO:tensorflow:accuracy = 0.096354164, loss = 2.4424052, global_step = 50 (3.150 sec)
INFO:tensorflow:Benchmark metric: {'name': 'average_examples_per_sec', 'value': 203.4217714047796, 'unit': None, 'global_step': 51, 'timestamp': '2019-01-14T10:28:44.486031Z', 'extras': []}
INFO:tensorflow:Benchmark metric: {'name': 'current_examples_per_sec', 'value': 203.10233091183702, 'unit': None, 'global_step': 51, 'timestamp': '2019-01-14T10:28:44.486196Z', 'extras': []}
INFO:tensorflow:accuracy = 0.087053575, loss = 2.711436, global_step = 60 (3.156 sec)
INFO:tensorflow:Benchmark metric: {'name': 'average_examples_per_sec', 'value': 203.2901943491397, 'unit': None, 'global_step': 61, 'timestamp': '2019-01-14T10:28:47.642387Z', 'extras': []}
INFO:tensorflow:Benchmark metric: {'name': 'current_examples_per_sec', 'value': 202.76558386471066, 'unit': None, 'global_step': 61, 'timestamp': '2019-01-14T10:28:47.642546Z', 'extras': []}
INFO:tensorflow:accuracy = 0.087890625, loss = 2.4221387, global_step = 70 (3.159 sec)
INFO:tensorflow:Benchmark metric: {'name': 'average_examples_per_sec', 'value': 203.16634964170422, 'unit': None, 'global_step': 71, 'timestamp': '2019-01-14T10:28:50.802109Z', 'extras': []}
INFO:tensorflow:Benchmark metric: {'name': 'current_examples_per_sec', 'value': 202.54938262289443, 'unit': None, 'global_step': 71, 'timestamp': '2019-01-14T10:28:50.802269Z', 'extras': []}
INFO:tensorflow:accuracy = 0.09375, loss = 2.4962487, global_step = 80 (3.164 sec)
INFO:tensorflow:Benchmark metric: {'name': 'average_examples_per_sec', 'value': 203.03021929521407, 'unit': None, 'global_step': 81, 'timestamp': '2019-01-14T10:28:53.967021Z', 'extras': []}
INFO:tensorflow:Benchmark metric: {'name': 'current_examples_per_sec', 'value': 202.21725283467902, 'unit': None, 'global_step': 81, 'timestamp': '2019-01-14T10:28:53.967176Z', 'extras': []}
INFO:tensorflow:accuracy = 0.0890625, loss = 2.4966483, global_step = 90 (3.168 sec)
INFO:tensorflow:Benchmark metric: {'name': 'average_examples_per_sec', 'value': 202.90195447799755, 'unit': None, 'global_step': 91, 'timestamp': '2019-01-14T10:28:57.135217Z', 'extras': []}
INFO:tensorflow:Benchmark metric: {'name': 'current_examples_per_sec', 'value': 202.00861854815776, 'unit': None, 'global_step': 91, 'timestamp': '2019-01-14T10:28:57.135387Z', 'extras': []}
INFO:tensorflow:global_step/sec: 2.89238
INFO:tensorflow:loss = 2.5725517, step = 100 (34.574 sec)
INFO:tensorflow:accuracy = 0.08948863, loss = 2.5725517, global_step = 100 (3.177 sec)
INFO:tensorflow:Benchmark metric: {'name': 'average_examples_per_sec', 'value': 202.72641961684113, 'unit': None, 'global_step': 101, 'timestamp': '2019-01-14T10:29:00.314017Z', 'extras': []}
INFO:tensorflow:Benchmark metric: {'name': 'current_examples_per_sec', 'value': 201.33299942270662, 'unit': None, 'global_step': 101, 'timestamp': '2019-01-14T10:29:00.314171Z', 'extras': []}
INFO:tensorflow:accuracy = 0.088541664, loss = 2.4441657, global_step = 110 (3.183 sec)
INFO:tensorflow:Benchmark metric: {'name': 'average_examples_per_sec', 'value': 202.56206258334961, 'unit': None, 'global_step': 111, 'timestamp': '2019-01-14T10:29:03.496597Z', 'extras': []}
INFO:tensorflow:Benchmark metric: {'name': 'current_examples_per_sec', 'value': 201.0947548844626, 'unit': None, 'global_step': 111, 'timestamp': '2019-01-14T10:29:03.496757Z', 'extras': []}
INFO:tensorflow:accuracy = 0.09134615, loss = 2.3259964, global_step = 120 (3.185 sec)
INFO:tensorflow:Benchmark metric: {'name': 'average_examples_per_sec', 'value': 202.41125456994067, 'unit': None, 'global_step': 121, 'timestamp': '2019-01-14T10:29:06.682016Z', 'extras': []}
INFO:tensorflow:Benchmark metric: {'name': 'current_examples_per_sec', 'value': 200.9154336337261, 'unit': None, 'global_step': 121, 'timestamp': '2019-01-14T10:29:06.682175Z', 'extras': []}
INFO:tensorflow:accuracy = 0.09040178, loss = 2.4732304, global_step = 130 (3.187 sec)
INFO:tensorflow:Benchmark metric: {'name': 'average_examples_per_sec', 'value': 202.2728636465057, 'unit': None, 'global_step': 131, 'timestamp': '2019-01-14T10:29:09.869856Z', 'extras': []}
INFO:tensorflow:Benchmark metric: {'name': 'current_examples_per_sec', 'value': 200.76296002786975, 'unit': None, 'global_step': 131, 'timestamp': '2019-01-14T10:29:09.870019Z', 'extras': []}
INFO:tensorflow:accuracy = 0.08645833, loss = 2.4368153, global_step = 140 (3.194 sec)
INFO:tensorflow:Benchmark metric: {'name': 'average_examples_per_sec', 'value': 202.12460832886777, 'unit': None, 'global_step': 141, 'timestamp': '2019-01-14T10:29:13.064068Z', 'extras': []}
INFO:tensorflow:Benchmark metric: {'name': 'current_examples_per_sec', 'value': 200.36234819929092, 'unit': None, 'global_step': 141, 'timestamp': '2019-01-14T10:29:13.064227Z', 'extras': []}
INFO:tensorflow:accuracy = 0.0859375, loss = 2.4228334, global_step = 150 (3.194 sec)
INFO:tensorflow:Benchmark metric: {'name': 'average_examples_per_sec', 'value': 201.99666073361038, 'unit': None, 'global_step': 151, 'timestamp': '2019-01-14T10:29:16.258510Z', 'extras': []}
INFO:tensorflow:Benchmark metric: {'name': 'current_examples_per_sec', 'value': 200.34796232582516, 'unit': None, 'global_step': 151, 'timestamp': '2019-01-14T10:29:16.258675Z', 'extras': []}
INFO:tensorflow:accuracy = 0.082720585, loss = 2.4556065, global_step = 160 (3.205 sec)
INFO:tensorflow:Benchmark metric: {'name': 'average_examples_per_sec', 'value': 201.83951970704834, 'unit': None, 'global_step': 161, 'timestamp': '2019-01-14T10:29:19.463880Z', 'extras': []}
INFO:tensorflow:Benchmark metric: {'name': 'current_examples_per_sec', 'value': 199.66494043273073, 'unit': None, 'global_step': 161, 'timestamp': '2019-01-14T10:29:19.464037Z', 'extras': []}
INFO:tensorflow:accuracy = 0.0859375, loss = 2.3254037, global_step = 170 (3.203 sec)
INFO:tensorflow:Benchmark metric: {'name': 'average_examples_per_sec', 'value': 201.7083998418425, 'unit': None, 'global_step': 171, 'timestamp': '2019-01-14T10:29:22.667699Z', 'extras': []}
INFO:tensorflow:Benchmark metric: {'name': 'current_examples_per_sec', 'value': 199.7618474607476, 'unit': None, 'global_step': 171, 'timestamp': '2019-01-14T10:29:22.667866Z', 'extras': []}
INFO:tensorflow:accuracy = 0.08799342, loss = 2.4276552, global_step = 180 (3.207 sec)
INFO:tensorflow:Benchmark metric: {'name': 'average_examples_per_sec', 'value': 201.58261259000997, 'unit': None, 'global_step': 181, 'timestamp': '2019-01-14T10:29:25.874264Z', 'extras': []}
INFO:tensorflow:Benchmark metric: {'name': 'current_examples_per_sec', 'value': 199.59114203026826, 'unit': None, 'global_step': 181, 'timestamp': '2019-01-14T10:29:25.874432Z', 'extras': []}
INFO:tensorflow:accuracy = 0.090625, loss = 2.406281, global_step = 190 (3.200 sec)
INFO:tensorflow:Benchmark metric: {'name': 'average_examples_per_sec', 'value': 201.49380583255777, 'unit': None, 'global_step': 191, 'timestamp': '2019-01-14T10:29:29.074315Z', 'extras': []}
INFO:tensorflow:Benchmark metric: {'name': 'current_examples_per_sec', 'value': 199.995973787299, 'unit': None, 'global_step': 191, 'timestamp': '2019-01-14T10:29:29.074475Z', 'extras': []}
2019-01-14 11:29:31.704890: E tensorflow/core/kernels/data/cache_dataset_ops.cc:314] The calling iterator did not fully read the dataset we were attempting to cache. In order to avoid unexpected truncation of the sequence, the current [partially cached] sequence will be dropped. This can occur if you have a sequence similar to `dataset.cache().take(k).repeat()`. Instead, swap the order (i.e. `dataset.take(k).cache().repeat()`)
INFO:tensorflow:Loss for final step: 2.3694482.
 ---------------------- Stopping train for 0 ----------------------
 ---------------------- Training took 137.25749254226685 s ----------------------
