unload bsc/commands (PATH, MANPATH) 
unload CUDA/9.1 (PATH, MANPATH, LD_LIBRARY_PATH, LIBRARY_PATH, C_INCLUDE_PATH,
CPLUS_INCLUDE_PATH, CUDA_HOME, CUDA_VERSION, CUDA_INC, CUDA_INSTALL_PATH) 
unload OPENMPI/3.0.0 (PATH, MANPATH, LD_LIBRARY_PATH, LIBRARY_PATH,
PKG_CONFIG_PATH, C_INCLUDE_PATH, CPLUS_INCLUDE_PATH, MPI, MPI_V) 
unload GCC/6.4.0 (PATH, MANPATH, INFOPATH, LD_LIBRARY_PATH, LIBRARY_PATH,
C_INCLUDE_PATH, CPLUS_INCLUDE_PATH, STD COMP VARS) 
load GCC/6.4.0 (PATH, MANPATH, INFOPATH, LD_LIBRARY_PATH, LIBRARY_PATH,
C_INCLUDE_PATH, CPLUS_INCLUDE_PATH, STD COMP VARS) 
load JAVA/ibm_8.0.5.15 (PATH, C_INCLUDE_PATH, CPLUS_INCLUDE_PATH, JAVA_HOME,
JAVA_ROOT, JAVA_BINDIR, SDK_HOME, JRE_HOME) 
load OPENMPI/3.0.0 (PATH, MANPATH, LD_LIBRARY_PATH, LIBRARY_PATH,
PKG_CONFIG_PATH, C_INCLUDE_PATH, CPLUS_INCLUDE_PATH, MPI, MPI_V) 
load CUDA/9.2 (PATH, MANPATH, LD_LIBRARY_PATH, LIBRARY_PATH, C_INCLUDE_PATH,
CPLUS_INCLUDE_PATH, CUDA_HOME, CUDA_VERSION, CUDA_INC, CUDA_INSTALL_PATH) 
load ATLAS/3.10.3 (LD_LIBRARY_PATH, LIBRARY_PATH, C_INCLUDE_PATH,
CPLUS_INCLUDE_PATH) 
INFO:tensorflow:Using config: {'_model_dir': '/gpfs/home/sam14/sam14015/task/proj/models/cifar10_resnet_v2_101.16', '_tf_random_seed': None, '_save_summary_steps': 100, '_save_checkpoints_steps': None, '_save_checkpoints_secs': None, '_session_config': gpu_options {
  allow_growth: true
  visible_device_list: "0"
}
, '_keep_checkpoint_max': 5, '_keep_checkpoint_every_n_hours': 10000, '_log_step_count_steps': 100, '_train_distribute': None, '_service': None, '_cluster_spec': <tensorflow.python.training.server_lib.ClusterSpec object at 0x3fff5fbd4780>, '_task_type': 'worker', '_task_id': 0, '_global_id_in_cluster': 0, '_master': '', '_evaluation_master': '', '_is_chief': True, '_num_ps_replicas': 0, '_num_worker_replicas': 1}
WARNING:tensorflow:Using temporary folder as model directory: /scratch/tmp/1112529/tmph71omhvn
INFO:tensorflow:Using config: {'_model_dir': '/scratch/tmp/1112529/tmph71omhvn', '_tf_random_seed': None, '_save_summary_steps': 100, '_save_checkpoints_steps': None, '_save_checkpoints_secs': None, '_session_config': gpu_options {
  allow_growth: true
  visible_device_list: "0"
}
, '_keep_checkpoint_max': 5, '_keep_checkpoint_every_n_hours': 10000, '_log_step_count_steps': 100, '_train_distribute': None, '_service': None, '_cluster_spec': <tensorflow.python.training.server_lib.ClusterSpec object at 0x3fff6a1146a0>, '_task_type': 'worker', '_task_id': 0, '_global_id_in_cluster': 0, '_master': '', '_evaluation_master': '', '_is_chief': True, '_num_ps_replicas': 0, '_num_worker_replicas': 1}
WARNING:tensorflow:Using temporary folder as model directory: /scratch/tmp/1112529/tmpqiig3io4
WARNING:tensorflow:Using temporary folder as model directory: /scratch/tmp/1112529/tmpho6uh4kx
INFO:tensorflow:Using config: {'_model_dir': '/scratch/tmp/1112529/tmpqiig3io4', '_tf_random_seed': None, '_save_summary_steps': 100, '_save_checkpoints_steps': None, '_save_checkpoints_secs': None, '_session_config': gpu_options {
  allow_growth: true
  visible_device_list: "0"
}
, '_keep_checkpoint_max': 5, '_keep_checkpoint_every_n_hours': 10000, '_log_step_count_steps': 100, '_train_distribute': None, '_service': None, '_cluster_spec': <tensorflow.python.training.server_lib.ClusterSpec object at 0x3fff479146a0>, '_task_type': 'worker', '_task_id': 0, '_global_id_in_cluster': 0, '_master': '', '_evaluation_master': '', '_is_chief': True, '_num_ps_replicas': 0, '_num_worker_replicas': 1}
INFO:tensorflow:Using config: {'_model_dir': '/scratch/tmp/1112529/tmpho6uh4kx', '_tf_random_seed': None, '_save_summary_steps': 100, '_save_checkpoints_steps': None, '_save_checkpoints_secs': None, '_session_config': gpu_options {
  allow_growth: true
  visible_device_list: "0"
}
, '_keep_checkpoint_max': 5, '_keep_checkpoint_every_n_hours': 10000, '_log_step_count_steps': 100, '_train_distribute': None, '_service': None, '_cluster_spec': <tensorflow.python.training.server_lib.ClusterSpec object at 0x3fff358946a0>, '_task_type': 'worker', '_task_id': 0, '_global_id_in_cluster': 0, '_master': '', '_evaluation_master': '', '_is_chief': True, '_num_ps_replicas': 0, '_num_worker_replicas': 1}
WARNING:tensorflow:Using temporary folder as model directory: /scratch/tmp/1112529/tmphr6gnidz
WARNING:tensorflow:Using temporary folder as model directory: /scratch/tmp/1112529/tmpg5a8sp65
WARNING:tensorflow:Using temporary folder as model directory: /scratch/tmp/1112529/tmpcimnb7ww
WARNING:tensorflow:Using temporary folder as model directory: /scratch/tmp/1112529/tmpb8pqg22n
INFO:tensorflow:Using config: {'_model_dir': '/scratch/tmp/1112529/tmphr6gnidz', '_tf_random_seed': None, '_save_summary_steps': 100, '_save_checkpoints_steps': None, '_save_checkpoints_secs': None, '_session_config': gpu_options {
  allow_growth: true
  visible_device_list: "1"
}
, '_keep_checkpoint_max': 5, '_keep_checkpoint_every_n_hours': 10000, '_log_step_count_steps': 100, '_train_distribute': None, '_service': None, '_cluster_spec': <tensorflow.python.training.server_lib.ClusterSpec object at 0x3fff51a946a0>, '_task_type': 'worker', '_task_id': 0, '_global_id_in_cluster': 0, '_master': '', '_evaluation_master': '', '_is_chief': True, '_num_ps_replicas': 0, '_num_worker_replicas': 1}
INFO:tensorflow:Using config: {'_model_dir': '/scratch/tmp/1112529/tmpg5a8sp65', '_tf_random_seed': None, '_save_summary_steps': 100, '_save_checkpoints_steps': None, '_save_checkpoints_secs': None, '_session_config': gpu_options {
  allow_growth: true
  visible_device_list: "1"
}
, '_keep_checkpoint_max': 5, '_keep_checkpoint_every_n_hours': 10000, '_log_step_count_steps': 100, '_train_distribute': None, '_service': None, '_cluster_spec': <tensorflow.python.training.server_lib.ClusterSpec object at 0x3fff476546a0>, '_task_type': 'worker', '_task_id': 0, '_global_id_in_cluster': 0, '_master': '', '_evaluation_master': '', '_is_chief': True, '_num_ps_replicas': 0, '_num_worker_replicas': 1}
INFO:tensorflow:Using config: {'_model_dir': '/scratch/tmp/1112529/tmpcimnb7ww', '_tf_random_seed': None, '_save_summary_steps': 100, '_save_checkpoints_steps': None, '_save_checkpoints_secs': None, '_session_config': gpu_options {
  allow_growth: true
  visible_device_list: "1"
}
, '_keep_checkpoint_max': 5, '_keep_checkpoint_every_n_hours': 10000, '_log_step_count_steps': 100, '_train_distribute': None, '_service': None, '_cluster_spec': <tensorflow.python.training.server_lib.ClusterSpec object at 0x3fff655146a0>, '_task_type': 'worker', '_task_id': 0, '_global_id_in_cluster': 0, '_master': '', '_evaluation_master': '', '_is_chief': True, '_num_ps_replicas': 0, '_num_worker_replicas': 1}
INFO:tensorflow:Using config: {'_model_dir': '/scratch/tmp/1112529/tmpb8pqg22n', '_tf_random_seed': None, '_save_summary_steps': 100, '_save_checkpoints_steps': None, '_save_checkpoints_secs': None, '_session_config': gpu_options {
  allow_growth: true
  visible_device_list: "1"
}
, '_keep_checkpoint_max': 5, '_keep_checkpoint_every_n_hours': 10000, '_log_step_count_steps': 100, '_train_distribute': None, '_service': None, '_cluster_spec': <tensorflow.python.training.server_lib.ClusterSpec object at 0x3fff5cfd46a0>, '_task_type': 'worker', '_task_id': 0, '_global_id_in_cluster': 0, '_master': '', '_evaluation_master': '', '_is_chief': True, '_num_ps_replicas': 0, '_num_worker_replicas': 1}
WARNING:tensorflow:Using temporary folder as model directory: /scratch/tmp/1112529/tmp1uoqoxy8
INFO:tensorflow:Using config: {'_model_dir': '/scratch/tmp/1112529/tmp1uoqoxy8', '_tf_random_seed': None, '_save_summary_steps': 100, '_save_checkpoints_steps': None, '_save_checkpoints_secs': None, '_session_config': gpu_options {
  allow_growth: true
  visible_device_list: "3"
}
, '_keep_checkpoint_max': 5, '_keep_checkpoint_every_n_hours': 10000, '_log_step_count_steps': 100, '_train_distribute': None, '_service': None, '_cluster_spec': <tensorflow.python.training.server_lib.ClusterSpec object at 0x3fff588d46a0>, '_task_type': 'worker', '_task_id': 0, '_global_id_in_cluster': 0, '_master': '', '_evaluation_master': '', '_is_chief': True, '_num_ps_replicas': 0, '_num_worker_replicas': 1}
WARNING:tensorflow:Using temporary folder as model directory: /scratch/tmp/1112529/tmp2plap1jx
WARNING:tensorflow:Using temporary folder as model directory: /scratch/tmp/1112529/tmplyg4nlz6
WARNING:tensorflow:Using temporary folder as model directory: /scratch/tmp/1112529/tmp1n9lmfpd
INFO:tensorflow:Using config: {'_model_dir': '/scratch/tmp/1112529/tmp2plap1jx', '_tf_random_seed': None, '_save_summary_steps': 100, '_save_checkpoints_steps': None, '_save_checkpoints_secs': None, '_session_config': gpu_options {
  allow_growth: true
  visible_device_list: "3"
}
, '_keep_checkpoint_max': 5, '_keep_checkpoint_every_n_hours': 10000, '_log_step_count_steps': 100, '_train_distribute': None, '_service': None, '_cluster_spec': <tensorflow.python.training.server_lib.ClusterSpec object at 0x3fff5bcd46a0>, '_task_type': 'worker', '_task_id': 0, '_global_id_in_cluster': 0, '_master': '', '_evaluation_master': '', '_is_chief': True, '_num_ps_replicas': 0, '_num_worker_replicas': 1}
INFO:tensorflow:Using config: {'_model_dir': '/scratch/tmp/1112529/tmp1n9lmfpd', '_tf_random_seed': None, '_save_summary_steps': 100, '_save_checkpoints_steps': None, '_save_checkpoints_secs': None, '_session_config': gpu_options {
  allow_growth: true
  visible_device_list: "2"
}
, '_keep_checkpoint_max': 5, '_keep_checkpoint_every_n_hours': 10000, '_log_step_count_steps': 100, '_train_distribute': None, '_service': None, '_cluster_spec': <tensorflow.python.training.server_lib.ClusterSpec object at 0x3fff2be946a0>, '_task_type': 'worker', '_task_id': 0, '_global_id_in_cluster': 0, '_master': '', '_evaluation_master': '', '_is_chief': True, '_num_ps_replicas': 0, '_num_worker_replicas': 1}
INFO:tensorflow:Using config: {'_model_dir': '/scratch/tmp/1112529/tmplyg4nlz6', '_tf_random_seed': None, '_save_summary_steps': 100, '_save_checkpoints_steps': None, '_save_checkpoints_secs': None, '_session_config': gpu_options {
  allow_growth: true
  visible_device_list: "3"
}
, '_keep_checkpoint_max': 5, '_keep_checkpoint_every_n_hours': 10000, '_log_step_count_steps': 100, '_train_distribute': None, '_service': None, '_cluster_spec': <tensorflow.python.training.server_lib.ClusterSpec object at 0x3fff3f2d46a0>, '_task_type': 'worker', '_task_id': 0, '_global_id_in_cluster': 0, '_master': '', '_evaluation_master': '', '_is_chief': True, '_num_ps_replicas': 0, '_num_worker_replicas': 1}
WARNING:tensorflow:Using temporary folder as model directory: /scratch/tmp/1112529/tmpvehykdyx
WARNING:tensorflow:Using temporary folder as model directory: /scratch/tmp/1112529/tmpnwp1_8hq
WARNING:tensorflow:Using temporary folder as model directory: /scratch/tmp/1112529/tmp7e03h38p
INFO:tensorflow:Using config: {'_model_dir': '/scratch/tmp/1112529/tmpvehykdyx', '_tf_random_seed': None, '_save_summary_steps': 100, '_save_checkpoints_steps': None, '_save_checkpoints_secs': None, '_session_config': gpu_options {
  allow_growth: true
  visible_device_list: "2"
}
, '_keep_checkpoint_max': 5, '_keep_checkpoint_every_n_hours': 10000, '_log_step_count_steps': 100, '_train_distribute': None, '_service': None, '_cluster_spec': <tensorflow.python.training.server_lib.ClusterSpec object at 0x3fff647d46a0>, '_task_type': 'worker', '_task_id': 0, '_global_id_in_cluster': 0, '_master': '', '_evaluation_master': '', '_is_chief': True, '_num_ps_replicas': 0, '_num_worker_replicas': 1}
INFO:tensorflow:Using config: {'_model_dir': '/scratch/tmp/1112529/tmpnwp1_8hq', '_tf_random_seed': None, '_save_summary_steps': 100, '_save_checkpoints_steps': None, '_save_checkpoints_secs': None, '_session_config': gpu_options {
  allow_growth: true
  visible_device_list: "3"
}
, '_keep_checkpoint_max': 5, '_keep_checkpoint_every_n_hours': 10000, '_log_step_count_steps': 100, '_train_distribute': None, '_service': None, '_cluster_spec': <tensorflow.python.training.server_lib.ClusterSpec object at 0x3fff5e494710>, '_task_type': 'worker', '_task_id': 0, '_global_id_in_cluster': 0, '_master': '', '_evaluation_master': '', '_is_chief': True, '_num_ps_replicas': 0, '_num_worker_replicas': 1}
INFO:tensorflow:Using config: {'_model_dir': '/scratch/tmp/1112529/tmp7e03h38p', '_tf_random_seed': None, '_save_summary_steps': 100, '_save_checkpoints_steps': None, '_save_checkpoints_secs': None, '_session_config': gpu_options {
  allow_growth: true
  visible_device_list: "2"
}
, '_keep_checkpoint_max': 5, '_keep_checkpoint_every_n_hours': 10000, '_log_step_count_steps': 100, '_train_distribute': None, '_service': None, '_cluster_spec': <tensorflow.python.training.server_lib.ClusterSpec object at 0x3fff3c5146a0>, '_task_type': 'worker', '_task_id': 0, '_global_id_in_cluster': 0, '_master': '', '_evaluation_master': '', '_is_chief': True, '_num_ps_replicas': 0, '_num_worker_replicas': 1}
WARNING:tensorflow:Using temporary folder as model directory: /scratch/tmp/1112529/tmp8lyhj64k
INFO:tensorflow:Using config: {'_model_dir': '/scratch/tmp/1112529/tmp8lyhj64k', '_tf_random_seed': None, '_save_summary_steps': 100, '_save_checkpoints_steps': None, '_save_checkpoints_secs': None, '_session_config': gpu_options {
  allow_growth: true
  visible_device_list: "2"
}
, '_keep_checkpoint_max': 5, '_keep_checkpoint_every_n_hours': 10000, '_log_step_count_steps': 100, '_train_distribute': None, '_service': None, '_cluster_spec': <tensorflow.python.training.server_lib.ClusterSpec object at 0x3fff39854710>, '_task_type': 'worker', '_task_id': 0, '_global_id_in_cluster': 0, '_master': '', '_evaluation_master': '', '_is_chief': True, '_num_ps_replicas': 0, '_num_worker_replicas': 1}
 ---------------------- Starting train for 8 ----------------------
INFO:tensorflow:Calling model_fn.
INFO:tensorflow:Scale of 0 disables regularizer.
 Date is now: 2019-01-14 20:28:38.815596
 ---------------------- Starting train for 0 ----------------------
INFO:tensorflow:Calling model_fn.
INFO:tensorflow:Scale of 0 disables regularizer.
 ---------------------- Starting train for 12 ----------------------
INFO:tensorflow:Calling model_fn.
INFO:tensorflow:Scale of 0 disables regularizer.
 ---------------------- Starting train for 9 ----------------------
INFO:tensorflow:Calling model_fn.
 ---------------------- Starting train for 1 ----------------------
INFO:tensorflow:Calling model_fn.
 ---------------------- Starting train for 5 ----------------------
INFO:tensorflow:Calling model_fn.
INFO:tensorflow:Scale of 0 disables regularizer.
 ---------------------- Starting train for 3 ----------------------
INFO:tensorflow:Calling model_fn.
 ---------------------- Starting train for 10 ----------------------
INFO:tensorflow:Calling model_fn.
 ---------------------- Starting train for 15 ----------------------
INFO:tensorflow:Calling model_fn.
 ---------------------- Starting train for 13 ----------------------
INFO:tensorflow:Calling model_fn.
INFO:tensorflow:Scale of 0 disables regularizer.
 ---------------------- Starting train for 2 ----------------------
INFO:tensorflow:Calling model_fn.
INFO:tensorflow:Scale of 0 disables regularizer.
INFO:tensorflow:Scale of 0 disables regularizer.
INFO:tensorflow:Scale of 0 disables regularizer.
INFO:tensorflow:Scale of 0 disables regularizer.
INFO:tensorflow:Scale of 0 disables regularizer.
 ---------------------- Starting train for 14 ----------------------
INFO:tensorflow:Calling model_fn.
INFO:tensorflow:Scale of 0 disables regularizer.
 ---------------------- Starting train for 11 ----------------------
INFO:tensorflow:Calling model_fn.
INFO:tensorflow:Scale of 0 disables regularizer.
INFO:tensorflow:Scale of 0 disables regularizer.
 ---------------------- Starting train for 7 ----------------------
INFO:tensorflow:Calling model_fn.
INFO:tensorflow:Scale of 0 disables regularizer.
 ---------------------- Starting train for 4 ----------------------
INFO:tensorflow:Calling model_fn.
INFO:tensorflow:Scale of 0 disables regularizer.
 ---------------------- Starting train for 6 ----------------------
INFO:tensorflow:Calling model_fn.
INFO:tensorflow:Scale of 0 disables regularizer.
WARNING:tensorflow:From /gpfs/home/sam14/sam14015/task/proj/nets/resnet_v2.py:213: calling reduce_mean (from tensorflow.python.ops.math_ops) with keep_dims is deprecated and will be removed in a future version.
Instructions for updating:
keep_dims is deprecated, use keepdims instead
WARNING:tensorflow:From /gpfs/home/sam14/sam14015/task/proj/nets/resnet_v2.py:213: calling reduce_mean (from tensorflow.python.ops.math_ops) with keep_dims is deprecated and will be removed in a future version.
Instructions for updating:
keep_dims is deprecated, use keepdims instead
WARNING:tensorflow:From /gpfs/home/sam14/sam14015/task/proj/nets/resnet_v2.py:213: calling reduce_mean (from tensorflow.python.ops.math_ops) with keep_dims is deprecated and will be removed in a future version.
Instructions for updating:
keep_dims is deprecated, use keepdims instead
WARNING:tensorflow:From /gpfs/home/sam14/sam14015/task/proj/nets/resnet_v2.py:213: calling reduce_mean (from tensorflow.python.ops.math_ops) with keep_dims is deprecated and will be removed in a future version.
Instructions for updating:
keep_dims is deprecated, use keepdims instead
WARNING:tensorflow:From /gpfs/home/sam14/sam14015/task/proj/nets/resnet_v2.py:213: calling reduce_mean (from tensorflow.python.ops.math_ops) with keep_dims is deprecated and will be removed in a future version.
Instructions for updating:
keep_dims is deprecated, use keepdims instead
WARNING:tensorflow:From /gpfs/home/sam14/sam14015/task/proj/nets/resnet_v2.py:213: calling reduce_mean (from tensorflow.python.ops.math_ops) with keep_dims is deprecated and will be removed in a future version.
Instructions for updating:
keep_dims is deprecated, use keepdims instead
WARNING:tensorflow:From /gpfs/home/sam14/sam14015/task/proj/nets/resnet_v2.py:213: calling reduce_mean (from tensorflow.python.ops.math_ops) with keep_dims is deprecated and will be removed in a future version.
Instructions for updating:
keep_dims is deprecated, use keepdims instead
WARNING:tensorflow:From /gpfs/home/sam14/sam14015/task/proj/nets/resnet_v2.py:213: calling reduce_mean (from tensorflow.python.ops.math_ops) with keep_dims is deprecated and will be removed in a future version.
Instructions for updating:
keep_dims is deprecated, use keepdims instead
WARNING:tensorflow:From /gpfs/home/sam14/sam14015/task/proj/nets/resnet_v2.py:213: calling reduce_mean (from tensorflow.python.ops.math_ops) with keep_dims is deprecated and will be removed in a future version.
Instructions for updating:
keep_dims is deprecated, use keepdims instead
WARNING:tensorflow:From /gpfs/home/sam14/sam14015/task/proj/nets/resnet_v2.py:213: calling reduce_mean (from tensorflow.python.ops.math_ops) with keep_dims is deprecated and will be removed in a future version.
Instructions for updating:
keep_dims is deprecated, use keepdims instead
WARNING:tensorflow:From /gpfs/home/sam14/sam14015/task/proj/nets/resnet_v2.py:213: calling reduce_mean (from tensorflow.python.ops.math_ops) with keep_dims is deprecated and will be removed in a future version.
Instructions for updating:
keep_dims is deprecated, use keepdims instead
WARNING:tensorflow:From /gpfs/home/sam14/sam14015/task/proj/nets/resnet_v2.py:213: calling reduce_mean (from tensorflow.python.ops.math_ops) with keep_dims is deprecated and will be removed in a future version.
Instructions for updating:
keep_dims is deprecated, use keepdims instead
WARNING:tensorflow:From /gpfs/home/sam14/sam14015/task/proj/nets/resnet_v2.py:213: calling reduce_mean (from tensorflow.python.ops.math_ops) with keep_dims is deprecated and will be removed in a future version.
Instructions for updating:
keep_dims is deprecated, use keepdims instead
WARNING:tensorflow:From /gpfs/home/sam14/sam14015/task/proj/nets/resnet_v2.py:213: calling reduce_mean (from tensorflow.python.ops.math_ops) with keep_dims is deprecated and will be removed in a future version.
Instructions for updating:
keep_dims is deprecated, use keepdims instead
WARNING:tensorflow:From /gpfs/home/sam14/sam14015/task/proj/nets/resnet_v2.py:213: calling reduce_mean (from tensorflow.python.ops.math_ops) with keep_dims is deprecated and will be removed in a future version.
Instructions for updating:
keep_dims is deprecated, use keepdims instead
WARNING:tensorflow:From /gpfs/home/sam14/sam14015/task/proj/nets/resnet_v2.py:213: calling reduce_mean (from tensorflow.python.ops.math_ops) with keep_dims is deprecated and will be removed in a future version.
Instructions for updating:
keep_dims is deprecated, use keepdims instead
INFO:tensorflow:Done calling model_fn.
INFO:tensorflow:Done calling model_fn.
INFO:tensorflow:Done calling model_fn.
INFO:tensorflow:Done calling model_fn.
INFO:tensorflow:Done calling model_fn.
INFO:tensorflow:Done calling model_fn.
INFO:tensorflow:Done calling model_fn.
INFO:tensorflow:Done calling model_fn.
INFO:tensorflow:Done calling model_fn.
INFO:tensorflow:Done calling model_fn.
INFO:tensorflow:Done calling model_fn.
INFO:tensorflow:Done calling model_fn.
INFO:tensorflow:Done calling model_fn.
INFO:tensorflow:Done calling model_fn.
INFO:tensorflow:Done calling model_fn.
INFO:tensorflow:Done calling model_fn.
INFO:tensorflow:Graph was finalized.
INFO:tensorflow:Graph was finalized.
INFO:tensorflow:Graph was finalized.
INFO:tensorflow:Graph was finalized.
INFO:tensorflow:Graph was finalized.
INFO:tensorflow:Graph was finalized.
INFO:tensorflow:Graph was finalized.
INFO:tensorflow:Graph was finalized.
INFO:tensorflow:Graph was finalized.
INFO:tensorflow:Graph was finalized.
INFO:tensorflow:Graph was finalized.
INFO:tensorflow:Graph was finalized.
INFO:tensorflow:Graph was finalized.
2019-01-14 20:29:21.075081: I tensorflow/core/common_runtime/gpu/gpu_device.cc:1356] Found device 0 with properties: 
name: Tesla V100-SXM2-16GB major: 7 minor: 0 memoryClockRate(GHz): 1.53
pciBusID: 0004:05:00.0
totalMemory: 15.75GiB freeMemory: 15.34GiB
2019-01-14 20:29:21.075111: I tensorflow/core/common_runtime/gpu/gpu_device.cc:1435] Adding visible gpu devices: 1
2019-01-14 20:29:21.100550: I tensorflow/core/common_runtime/gpu/gpu_device.cc:1356] Found device 0 with properties: 
name: Tesla V100-SXM2-16GB major: 7 minor: 0 memoryClockRate(GHz): 1.53
pciBusID: 0035:04:00.0
totalMemory: 15.75GiB freeMemory: 15.35GiB
2019-01-14 20:29:21.100576: I tensorflow/core/common_runtime/gpu/gpu_device.cc:1435] Adding visible gpu devices: 3
2019-01-14 20:29:21.207040: I tensorflow/core/common_runtime/gpu/gpu_device.cc:1356] Found device 0 with properties: 
name: Tesla V100-SXM2-16GB major: 7 minor: 0 memoryClockRate(GHz): 1.53
pciBusID: 0035:03:00.0
totalMemory: 15.75GiB freeMemory: 15.34GiB
2019-01-14 20:29:21.207074: I tensorflow/core/common_runtime/gpu/gpu_device.cc:1435] Adding visible gpu devices: 2
2019-01-14 20:29:21.257000: I tensorflow/core/common_runtime/gpu/gpu_device.cc:1356] Found device 0 with properties: 
name: Tesla V100-SXM2-16GB major: 7 minor: 0 memoryClockRate(GHz): 1.53
pciBusID: 0004:05:00.0
totalMemory: 15.75GiB freeMemory: 15.34GiB
2019-01-14 20:29:21.257030: I tensorflow/core/common_runtime/gpu/gpu_device.cc:1435] Adding visible gpu devices: 1
2019-01-14 20:29:21.294563: I tensorflow/core/common_runtime/gpu/gpu_device.cc:1356] Found device 0 with properties: 
name: Tesla V100-SXM2-16GB major: 7 minor: 0 memoryClockRate(GHz): 1.53
pciBusID: 0035:04:00.0
totalMemory: 15.75GiB freeMemory: 15.35GiB
2019-01-14 20:29:21.294597: I tensorflow/core/common_runtime/gpu/gpu_device.cc:1435] Adding visible gpu devices: 3
2019-01-14 20:29:21.362571: I tensorflow/core/common_runtime/gpu/gpu_device.cc:923] Device interconnect StreamExecutor with strength 1 edge matrix:
2019-01-14 20:29:21.362610: I tensorflow/core/common_runtime/gpu/gpu_device.cc:929]      1 
2019-01-14 20:29:21.362620: I tensorflow/core/common_runtime/gpu/gpu_device.cc:942] 1:   N 
2019-01-14 20:29:21.363159: I tensorflow/core/common_runtime/gpu/gpu_device.cc:1053] Created TensorFlow device (/job:localhost/replica:0/task:0/device:GPU:0 with 14850 MB memory) -> physical GPU (device: 1, name: Tesla V100-SXM2-16GB, pci bus id: 0004:05:00.0, compute capability: 7.0)
2019-01-14 20:29:21.377191: I tensorflow/core/common_runtime/gpu/gpu_device.cc:923] Device interconnect StreamExecutor with strength 1 edge matrix:
2019-01-14 20:29:21.377226: I tensorflow/core/common_runtime/gpu/gpu_device.cc:929]      3 
2019-01-14 20:29:21.377235: I tensorflow/core/common_runtime/gpu/gpu_device.cc:942] 3:   N 
2019-01-14 20:29:21.377678: I tensorflow/core/common_runtime/gpu/gpu_device.cc:1053] Created TensorFlow device (/job:localhost/replica:0/task:0/device:GPU:0 with 14857 MB memory) -> physical GPU (device: 3, name: Tesla V100-SXM2-16GB, pci bus id: 0035:04:00.0, compute capability: 7.0)
2019-01-14 20:29:21.511911: I tensorflow/core/common_runtime/gpu/gpu_device.cc:923] Device interconnect StreamExecutor with strength 1 edge matrix:
2019-01-14 20:29:21.511958: I tensorflow/core/common_runtime/gpu/gpu_device.cc:929]      2 
2019-01-14 20:29:21.511968: I tensorflow/core/common_runtime/gpu/gpu_device.cc:942] 2:   N 
2019-01-14 20:29:21.512577: I tensorflow/core/common_runtime/gpu/gpu_device.cc:1053] Created TensorFlow device (/job:localhost/replica:0/task:0/device:GPU:0 with 14849 MB memory) -> physical GPU (device: 2, name: Tesla V100-SXM2-16GB, pci bus id: 0035:03:00.0, compute capability: 7.0)
2019-01-14 20:29:21.552127: I tensorflow/core/common_runtime/gpu/gpu_device.cc:923] Device interconnect StreamExecutor with strength 1 edge matrix:
2019-01-14 20:29:21.552171: I tensorflow/core/common_runtime/gpu/gpu_device.cc:929]      1 
2019-01-14 20:29:21.552181: I tensorflow/core/common_runtime/gpu/gpu_device.cc:942] 1:   N 
2019-01-14 20:29:21.552652: I tensorflow/core/common_runtime/gpu/gpu_device.cc:1053] Created TensorFlow device (/job:localhost/replica:0/task:0/device:GPU:0 with 14849 MB memory) -> physical GPU (device: 1, name: Tesla V100-SXM2-16GB, pci bus id: 0004:05:00.0, compute capability: 7.0)
2019-01-14 20:29:21.567314: I tensorflow/core/common_runtime/gpu/gpu_device.cc:923] Device interconnect StreamExecutor with strength 1 edge matrix:
2019-01-14 20:29:21.567357: I tensorflow/core/common_runtime/gpu/gpu_device.cc:929]      3 
2019-01-14 20:29:21.567366: I tensorflow/core/common_runtime/gpu/gpu_device.cc:942] 3:   N 
2019-01-14 20:29:21.567824: I tensorflow/core/common_runtime/gpu/gpu_device.cc:1053] Created TensorFlow device (/job:localhost/replica:0/task:0/device:GPU:0 with 14849 MB memory) -> physical GPU (device: 3, name: Tesla V100-SXM2-16GB, pci bus id: 0035:04:00.0, compute capability: 7.0)
INFO:tensorflow:Graph was finalized.
2019-01-14 20:29:22.086171: I tensorflow/core/common_runtime/gpu/gpu_device.cc:1356] Found device 0 with properties: 
name: Tesla V100-SXM2-16GB major: 7 minor: 0 memoryClockRate(GHz): 1.53
pciBusID: 0004:04:00.0
totalMemory: 15.75GiB freeMemory: 15.34GiB
2019-01-14 20:29:22.086215: I tensorflow/core/common_runtime/gpu/gpu_device.cc:1435] Adding visible gpu devices: 0
2019-01-14 20:29:22.101926: I tensorflow/core/common_runtime/gpu/gpu_device.cc:1356] Found device 0 with properties: 
name: Tesla V100-SXM2-16GB major: 7 minor: 0 memoryClockRate(GHz): 1.53
pciBusID: 0035:03:00.0
totalMemory: 15.75GiB freeMemory: 15.34GiB
2019-01-14 20:29:22.101977: I tensorflow/core/common_runtime/gpu/gpu_device.cc:1435] Adding visible gpu devices: 2
2019-01-14 20:29:22.185315: I tensorflow/core/common_runtime/gpu/gpu_device.cc:1356] Found device 0 with properties: 
name: Tesla V100-SXM2-16GB major: 7 minor: 0 memoryClockRate(GHz): 1.53
pciBusID: 0004:04:00.0
totalMemory: 15.75GiB freeMemory: 15.34GiB
2019-01-14 20:29:22.185353: I tensorflow/core/common_runtime/gpu/gpu_device.cc:1435] Adding visible gpu devices: 0
2019-01-14 20:29:22.205366: I tensorflow/core/common_runtime/gpu/gpu_device.cc:1356] Found device 0 with properties: 
name: Tesla V100-SXM2-16GB major: 7 minor: 0 memoryClockRate(GHz): 1.53
pciBusID: 0035:04:00.0
totalMemory: 15.75GiB freeMemory: 15.34GiB
2019-01-14 20:29:22.205423: I tensorflow/core/common_runtime/gpu/gpu_device.cc:1435] Adding visible gpu devices: 3
2019-01-14 20:29:22.222439: I tensorflow/core/common_runtime/gpu/gpu_device.cc:1356] Found device 0 with properties: 
name: Tesla V100-SXM2-16GB major: 7 minor: 0 memoryClockRate(GHz): 1.53
pciBusID: 0004:05:00.0
totalMemory: 15.75GiB freeMemory: 15.34GiB
2019-01-14 20:29:22.222472: I tensorflow/core/common_runtime/gpu/gpu_device.cc:1435] Adding visible gpu devices: 1
2019-01-14 20:29:22.224933: I tensorflow/core/common_runtime/gpu/gpu_device.cc:1356] Found device 0 with properties: 
name: Tesla V100-SXM2-16GB major: 7 minor: 0 memoryClockRate(GHz): 1.53
pciBusID: 0035:03:00.0
totalMemory: 15.75GiB freeMemory: 15.34GiB
2019-01-14 20:29:22.224966: I tensorflow/core/common_runtime/gpu/gpu_device.cc:1435] Adding visible gpu devices: 2
2019-01-14 20:29:22.245761: I tensorflow/core/common_runtime/gpu/gpu_device.cc:1356] Found device 0 with properties: 
name: Tesla V100-SXM2-16GB major: 7 minor: 0 memoryClockRate(GHz): 1.53
pciBusID: 0035:04:00.0
totalMemory: 15.75GiB freeMemory: 15.34GiB
2019-01-14 20:29:22.245786: I tensorflow/core/common_runtime/gpu/gpu_device.cc:1435] Adding visible gpu devices: 3
2019-01-14 20:29:22.258274: I tensorflow/core/common_runtime/gpu/gpu_device.cc:1356] Found device 0 with properties: 
name: Tesla V100-SXM2-16GB major: 7 minor: 0 memoryClockRate(GHz): 1.53
pciBusID: 0004:05:00.0
totalMemory: 15.75GiB freeMemory: 15.34GiB
2019-01-14 20:29:22.258307: I tensorflow/core/common_runtime/gpu/gpu_device.cc:1435] Adding visible gpu devices: 1
2019-01-14 20:29:22.486962: I tensorflow/core/common_runtime/gpu/gpu_device.cc:1356] Found device 0 with properties: 
name: Tesla V100-SXM2-16GB major: 7 minor: 0 memoryClockRate(GHz): 1.53
pciBusID: 0004:04:00.0
totalMemory: 15.75GiB freeMemory: 15.35GiB
2019-01-14 20:29:22.487003: I tensorflow/core/common_runtime/gpu/gpu_device.cc:1435] Adding visible gpu devices: 0
2019-01-14 20:29:22.522372: I tensorflow/core/common_runtime/gpu/gpu_device.cc:923] Device interconnect StreamExecutor with strength 1 edge matrix:
2019-01-14 20:29:22.522420: I tensorflow/core/common_runtime/gpu/gpu_device.cc:929]      0 
2019-01-14 20:29:22.522432: I tensorflow/core/common_runtime/gpu/gpu_device.cc:942] 0:   N 
2019-01-14 20:29:22.523070: I tensorflow/core/common_runtime/gpu/gpu_device.cc:1053] Created TensorFlow device (/job:localhost/replica:0/task:0/device:GPU:0 with 14849 MB memory) -> physical GPU (device: 0, name: Tesla V100-SXM2-16GB, pci bus id: 0004:04:00.0, compute capability: 7.0)
2019-01-14 20:29:22.544281: I tensorflow/core/common_runtime/gpu/gpu_device.cc:923] Device interconnect StreamExecutor with strength 1 edge matrix:
2019-01-14 20:29:22.544331: I tensorflow/core/common_runtime/gpu/gpu_device.cc:929]      0 
2019-01-14 20:29:22.544343: I tensorflow/core/common_runtime/gpu/gpu_device.cc:942] 0:   N 
2019-01-14 20:29:22.544995: I tensorflow/core/common_runtime/gpu/gpu_device.cc:1053] Created TensorFlow device (/job:localhost/replica:0/task:0/device:GPU:0 with 14852 MB memory) -> physical GPU (device: 0, name: Tesla V100-SXM2-16GB, pci bus id: 0004:04:00.0, compute capability: 7.0)
2019-01-14 20:29:22.545309: I tensorflow/core/common_runtime/gpu/gpu_device.cc:923] Device interconnect StreamExecutor with strength 1 edge matrix:
2019-01-14 20:29:22.545331: I tensorflow/core/common_runtime/gpu/gpu_device.cc:929]      3 
2019-01-14 20:29:22.545340: I tensorflow/core/common_runtime/gpu/gpu_device.cc:942] 3:   N 
2019-01-14 20:29:22.545790: I tensorflow/core/common_runtime/gpu/gpu_device.cc:1053] Created TensorFlow device (/job:localhost/replica:0/task:0/device:GPU:0 with 14848 MB memory) -> physical GPU (device: 3, name: Tesla V100-SXM2-16GB, pci bus id: 0035:04:00.0, compute capability: 7.0)
2019-01-14 20:29:22.554337: I tensorflow/core/common_runtime/gpu/gpu_device.cc:923] Device interconnect StreamExecutor with strength 1 edge matrix:
2019-01-14 20:29:22.554376: I tensorflow/core/common_runtime/gpu/gpu_device.cc:929]      1 
2019-01-14 20:29:22.554387: I tensorflow/core/common_runtime/gpu/gpu_device.cc:942] 1:   N 
2019-01-14 20:29:22.554843: I tensorflow/core/common_runtime/gpu/gpu_device.cc:1053] Created TensorFlow device (/job:localhost/replica:0/task:0/device:GPU:0 with 14849 MB memory) -> physical GPU (device: 1, name: Tesla V100-SXM2-16GB, pci bus id: 0004:05:00.0, compute capability: 7.0)
2019-01-14 20:29:22.567719: I tensorflow/core/common_runtime/gpu/gpu_device.cc:923] Device interconnect StreamExecutor with strength 1 edge matrix:
2019-01-14 20:29:22.567745: I tensorflow/core/common_runtime/gpu/gpu_device.cc:929]      3 
2019-01-14 20:29:22.567754: I tensorflow/core/common_runtime/gpu/gpu_device.cc:942] 3:   N 
2019-01-14 20:29:22.568192: I tensorflow/core/common_runtime/gpu/gpu_device.cc:1053] Created TensorFlow device (/job:localhost/replica:0/task:0/device:GPU:0 with 14850 MB memory) -> physical GPU (device: 3, name: Tesla V100-SXM2-16GB, pci bus id: 0035:04:00.0, compute capability: 7.0)
2019-01-14 20:29:22.570502: I tensorflow/core/common_runtime/gpu/gpu_device.cc:923] Device interconnect StreamExecutor with strength 1 edge matrix:
2019-01-14 20:29:22.570543: I tensorflow/core/common_runtime/gpu/gpu_device.cc:929]      1 
2019-01-14 20:29:22.570555: I tensorflow/core/common_runtime/gpu/gpu_device.cc:942] 1:   N 
2019-01-14 20:29:22.571022: I tensorflow/core/common_runtime/gpu/gpu_device.cc:1053] Created TensorFlow device (/job:localhost/replica:0/task:0/device:GPU:0 with 14848 MB memory) -> physical GPU (device: 1, name: Tesla V100-SXM2-16GB, pci bus id: 0004:05:00.0, compute capability: 7.0)
2019-01-14 20:29:22.571591: I tensorflow/core/common_runtime/gpu/gpu_device.cc:923] Device interconnect StreamExecutor with strength 1 edge matrix:
2019-01-14 20:29:22.571627: I tensorflow/core/common_runtime/gpu/gpu_device.cc:929]      2 
2019-01-14 20:29:22.571637: I tensorflow/core/common_runtime/gpu/gpu_device.cc:942] 2:   N 
2019-01-14 20:29:22.572091: I tensorflow/core/common_runtime/gpu/gpu_device.cc:1053] Created TensorFlow device (/job:localhost/replica:0/task:0/device:GPU:0 with 14850 MB memory) -> physical GPU (device: 2, name: Tesla V100-SXM2-16GB, pci bus id: 0035:03:00.0, compute capability: 7.0)
2019-01-14 20:29:22.577528: I tensorflow/core/common_runtime/gpu/gpu_device.cc:923] Device interconnect StreamExecutor with strength 1 edge matrix:
2019-01-14 20:29:22.577554: I tensorflow/core/common_runtime/gpu/gpu_device.cc:929]      2 
2019-01-14 20:29:22.577565: I tensorflow/core/common_runtime/gpu/gpu_device.cc:942] 2:   N 
2019-01-14 20:29:22.578005: I tensorflow/core/common_runtime/gpu/gpu_device.cc:1053] Created TensorFlow device (/job:localhost/replica:0/task:0/device:GPU:0 with 14849 MB memory) -> physical GPU (device: 2, name: Tesla V100-SXM2-16GB, pci bus id: 0035:03:00.0, compute capability: 7.0)
2019-01-14 20:29:22.754405: I tensorflow/core/common_runtime/gpu/gpu_device.cc:923] Device interconnect StreamExecutor with strength 1 edge matrix:
2019-01-14 20:29:22.754444: I tensorflow/core/common_runtime/gpu/gpu_device.cc:929]      0 
2019-01-14 20:29:22.754456: I tensorflow/core/common_runtime/gpu/gpu_device.cc:942] 0:   N 
2019-01-14 20:29:22.754932: I tensorflow/core/common_runtime/gpu/gpu_device.cc:1053] Created TensorFlow device (/job:localhost/replica:0/task:0/device:GPU:0 with 14851 MB memory) -> physical GPU (device: 0, name: Tesla V100-SXM2-16GB, pci bus id: 0004:04:00.0, compute capability: 7.0)
INFO:tensorflow:Running local_init_op.
INFO:tensorflow:Running local_init_op.
INFO:tensorflow:Done running local_init_op.
INFO:tensorflow:Done running local_init_op.
INFO:tensorflow:Running local_init_op.
INFO:tensorflow:Running local_init_op.
INFO:tensorflow:Running local_init_op.
INFO:tensorflow:Done running local_init_op.
INFO:tensorflow:Done running local_init_op.
INFO:tensorflow:Done running local_init_op.
INFO:tensorflow:Running local_init_op.
INFO:tensorflow:Running local_init_op.
INFO:tensorflow:Running local_init_op.
INFO:tensorflow:Running local_init_op.
INFO:tensorflow:Running local_init_op.
INFO:tensorflow:Running local_init_op.
INFO:tensorflow:Running local_init_op.
INFO:tensorflow:Running local_init_op.
INFO:tensorflow:Done running local_init_op.
INFO:tensorflow:Done running local_init_op.
INFO:tensorflow:Done running local_init_op.
INFO:tensorflow:Done running local_init_op.
INFO:tensorflow:Done running local_init_op.
INFO:tensorflow:Done running local_init_op.
INFO:tensorflow:Done running local_init_op.
INFO:tensorflow:Done running local_init_op.
INFO:tensorflow:Running local_init_op.
INFO:tensorflow:Done running local_init_op.
INFO:tensorflow:Graph was finalized.
2019-01-14 20:29:41.975183: I tensorflow/core/common_runtime/gpu/gpu_device.cc:1356] Found device 0 with properties: 
name: Tesla V100-SXM2-16GB major: 7 minor: 0 memoryClockRate(GHz): 1.53
pciBusID: 0004:04:00.0
totalMemory: 15.75GiB freeMemory: 15.35GiB
2019-01-14 20:29:41.975230: I tensorflow/core/common_runtime/gpu/gpu_device.cc:1435] Adding visible gpu devices: 0
INFO:tensorflow:Graph was finalized.
2019-01-14 20:29:42.359934: I tensorflow/core/common_runtime/gpu/gpu_device.cc:923] Device interconnect StreamExecutor with strength 1 edge matrix:
2019-01-14 20:29:42.359979: I tensorflow/core/common_runtime/gpu/gpu_device.cc:929]      0 
2019-01-14 20:29:42.359994: I tensorflow/core/common_runtime/gpu/gpu_device.cc:942] 0:   N 
2019-01-14 20:29:42.360698: I tensorflow/core/common_runtime/gpu/gpu_device.cc:1053] Created TensorFlow device (/job:localhost/replica:0/task:0/device:GPU:0 with 14857 MB memory) -> physical GPU (device: 0, name: Tesla V100-SXM2-16GB, pci bus id: 0004:04:00.0, compute capability: 7.0)
2019-01-14 20:29:42.946386: I tensorflow/core/common_runtime/gpu/gpu_device.cc:1356] Found device 0 with properties: 
name: Tesla V100-SXM2-16GB major: 7 minor: 0 memoryClockRate(GHz): 1.53
pciBusID: 0035:03:00.0
totalMemory: 15.75GiB freeMemory: 15.35GiB
2019-01-14 20:29:42.946446: I tensorflow/core/common_runtime/gpu/gpu_device.cc:1435] Adding visible gpu devices: 2
2019-01-14 20:29:43.348353: I tensorflow/core/common_runtime/gpu/gpu_device.cc:923] Device interconnect StreamExecutor with strength 1 edge matrix:
2019-01-14 20:29:43.348405: I tensorflow/core/common_runtime/gpu/gpu_device.cc:929]      2 
2019-01-14 20:29:43.348419: I tensorflow/core/common_runtime/gpu/gpu_device.cc:942] 2:   N 
2019-01-14 20:29:43.349107: I tensorflow/core/common_runtime/gpu/gpu_device.cc:1053] Created TensorFlow device (/job:localhost/replica:0/task:0/device:GPU:0 with 14857 MB memory) -> physical GPU (device: 2, name: Tesla V100-SXM2-16GB, pci bus id: 0035:03:00.0, compute capability: 7.0)
INFO:tensorflow:Running local_init_op.
INFO:tensorflow:Done running local_init_op.
INFO:tensorflow:Running local_init_op.
INFO:tensorflow:Done running local_init_op.
2019-01-14 20:30:01.405016: I tensorflow/core/kernels/data/shuffle_dataset_op.cc:94] Filling up shuffle buffer (this may take a while): 7893 of 20000
2019-01-14 20:30:01.407123: I tensorflow/core/kernels/data/shuffle_dataset_op.cc:94] Filling up shuffle buffer (this may take a while): 7499 of 20000
2019-01-14 20:30:01.407330: I tensorflow/core/kernels/data/shuffle_dataset_op.cc:94] Filling up shuffle buffer (this may take a while): 7643 of 20000
2019-01-14 20:30:01.411299: I tensorflow/core/kernels/data/shuffle_dataset_op.cc:94] Filling up shuffle buffer (this may take a while): 8443 of 20000
2019-01-14 20:30:01.411732: I tensorflow/core/kernels/data/shuffle_dataset_op.cc:94] Filling up shuffle buffer (this may take a while): 7669 of 20000
2019-01-14 20:30:01.413697: I tensorflow/core/kernels/data/shuffle_dataset_op.cc:94] Filling up shuffle buffer (this may take a while): 7797 of 20000
2019-01-14 20:30:01.415691: I tensorflow/core/kernels/data/shuffle_dataset_op.cc:94] Filling up shuffle buffer (this may take a while): 7919 of 20000
2019-01-14 20:30:01.416194: I tensorflow/core/kernels/data/shuffle_dataset_op.cc:94] Filling up shuffle buffer (this may take a while): 7877 of 20000
2019-01-14 20:30:01.416672: I tensorflow/core/kernels/data/shuffle_dataset_op.cc:94] Filling up shuffle buffer (this may take a while): 8144 of 20000
2019-01-14 20:30:01.420089: I tensorflow/core/kernels/data/shuffle_dataset_op.cc:94] Filling up shuffle buffer (this may take a while): 7632 of 20000
2019-01-14 20:30:01.426402: I tensorflow/core/kernels/data/shuffle_dataset_op.cc:94] Filling up shuffle buffer (this may take a while): 8253 of 20000
2019-01-14 20:30:01.426839: I tensorflow/core/kernels/data/shuffle_dataset_op.cc:94] Filling up shuffle buffer (this may take a while): 7793 of 20000
2019-01-14 20:30:01.429342: I tensorflow/core/kernels/data/shuffle_dataset_op.cc:94] Filling up shuffle buffer (this may take a while): 7920 of 20000
2019-01-14 20:30:01.432653: I tensorflow/core/kernels/data/shuffle_dataset_op.cc:94] Filling up shuffle buffer (this may take a while): 7701 of 20000
2019-01-14 20:30:02.470318: I tensorflow/core/kernels/data/shuffle_dataset_op.cc:94] Filling up shuffle buffer (this may take a while): 5322 of 20000
2019-01-14 20:30:02.489194: I tensorflow/core/kernels/data/shuffle_dataset_op.cc:94] Filling up shuffle buffer (this may take a while): 5219 of 20000
2019-01-14 20:30:11.405750: I tensorflow/core/kernels/data/shuffle_dataset_op.cc:94] Filling up shuffle buffer (this may take a while): 15629 of 20000
2019-01-14 20:30:11.407301: I tensorflow/core/kernels/data/shuffle_dataset_op.cc:94] Filling up shuffle buffer (this may take a while): 15628 of 20000
2019-01-14 20:30:11.408706: I tensorflow/core/kernels/data/shuffle_dataset_op.cc:94] Filling up shuffle buffer (this may take a while): 15398 of 20000
2019-01-14 20:30:11.412304: I tensorflow/core/kernels/data/shuffle_dataset_op.cc:94] Filling up shuffle buffer (this may take a while): 15266 of 20000
2019-01-14 20:30:11.413132: I tensorflow/core/kernels/data/shuffle_dataset_op.cc:94] Filling up shuffle buffer (this may take a while): 17742 of 20000
2019-01-14 20:30:11.415149: I tensorflow/core/kernels/data/shuffle_dataset_op.cc:94] Filling up shuffle buffer (this may take a while): 15381 of 20000
2019-01-14 20:30:11.414791: I tensorflow/core/kernels/data/shuffle_dataset_op.cc:94] Filling up shuffle buffer (this may take a while): 15908 of 20000
2019-01-14 20:30:11.415058: I tensorflow/core/kernels/data/shuffle_dataset_op.cc:94] Filling up shuffle buffer (this may take a while): 15922 of 20000
2019-01-14 20:30:11.420949: I tensorflow/core/kernels/data/shuffle_dataset_op.cc:94] Filling up shuffle buffer (this may take a while): 16030 of 20000
2019-01-14 20:30:11.424334: I tensorflow/core/kernels/data/shuffle_dataset_op.cc:94] Filling up shuffle buffer (this may take a while): 16565 of 20000
2019-01-14 20:30:11.422680: I tensorflow/core/kernels/data/shuffle_dataset_op.cc:94] Filling up shuffle buffer (this may take a while): 15045 of 20000
2019-01-14 20:30:11.425490: I tensorflow/core/kernels/data/shuffle_dataset_op.cc:94] Filling up shuffle buffer (this may take a while): 15646 of 20000
2019-01-14 20:30:11.429826: I tensorflow/core/kernels/data/shuffle_dataset_op.cc:94] Filling up shuffle buffer (this may take a while): 15950 of 20000
2019-01-14 20:30:11.434748: I tensorflow/core/kernels/data/shuffle_dataset_op.cc:94] Filling up shuffle buffer (this may take a while): 15388 of 20000
2019-01-14 20:30:12.470951: I tensorflow/core/kernels/data/shuffle_dataset_op.cc:94] Filling up shuffle buffer (this may take a while): 10881 of 20000
2019-01-14 20:30:12.489316: I tensorflow/core/kernels/data/shuffle_dataset_op.cc:94] Filling up shuffle buffer (this may take a while): 10807 of 20000
2019-01-14 20:30:13.941594: I tensorflow/core/kernels/data/shuffle_dataset_op.cc:129] Shuffle buffer filled.
2019-01-14 20:30:15.729566: I tensorflow/core/kernels/data/shuffle_dataset_op.cc:129] Shuffle buffer filled.
2019-01-14 20:30:16.136998: I tensorflow/core/kernels/data/shuffle_dataset_op.cc:129] Shuffle buffer filled.
2019-01-14 20:30:16.362740: I tensorflow/core/kernels/data/shuffle_dataset_op.cc:129] Shuffle buffer filled.
2019-01-14 20:30:16.529750: I tensorflow/core/kernels/data/shuffle_dataset_op.cc:129] Shuffle buffer filled.
2019-01-14 20:30:16.539951: I tensorflow/core/kernels/data/shuffle_dataset_op.cc:129] Shuffle buffer filled.
2019-01-14 20:30:16.883998: I tensorflow/core/kernels/data/shuffle_dataset_op.cc:129] Shuffle buffer filled.
2019-01-14 20:30:16.953793: I tensorflow/core/kernels/data/shuffle_dataset_op.cc:129] Shuffle buffer filled.
2019-01-14 20:30:16.971224: I tensorflow/core/kernels/data/shuffle_dataset_op.cc:129] Shuffle buffer filled.
2019-01-14 20:30:17.019993: I tensorflow/core/kernels/data/shuffle_dataset_op.cc:129] Shuffle buffer filled.
2019-01-14 20:30:17.103491: I tensorflow/core/kernels/data/shuffle_dataset_op.cc:129] Shuffle buffer filled.
2019-01-14 20:30:17.145793: I tensorflow/core/kernels/data/shuffle_dataset_op.cc:129] Shuffle buffer filled.
2019-01-14 20:30:17.255493: I tensorflow/core/kernels/data/shuffle_dataset_op.cc:129] Shuffle buffer filled.
2019-01-14 20:30:17.429978: I tensorflow/core/kernels/data/shuffle_dataset_op.cc:129] Shuffle buffer filled.
2019-01-14 20:30:22.473890: I tensorflow/core/kernels/data/shuffle_dataset_op.cc:94] Filling up shuffle buffer (this may take a while): 16714 of 20000
2019-01-14 20:30:22.488844: I tensorflow/core/kernels/data/shuffle_dataset_op.cc:94] Filling up shuffle buffer (this may take a while): 16237 of 20000
2019-01-14 20:30:27.520508: I tensorflow/core/kernels/data/shuffle_dataset_op.cc:129] Shuffle buffer filled.
2019-01-14 20:30:28.541361: I tensorflow/core/kernels/data/shuffle_dataset_op.cc:129] Shuffle buffer filled.
INFO:tensorflow:loss = 2.3893762, step = 0
INFO:tensorflow:accuracy = 0.09375, loss = 2.3893762, global_step = 0
INFO:tensorflow:loss = 2.417797, step = 0
INFO:tensorflow:loss = 2.4458063, step = 0
INFO:tensorflow:accuracy = 0.046875, loss = 2.417797, global_step = 0
INFO:tensorflow:loss = 2.3855, step = 0
INFO:tensorflow:accuracy = 0.03125, loss = 2.4458063, global_step = 0
INFO:tensorflow:accuracy = 0.0625, loss = 2.3855, global_step = 0
INFO:tensorflow:loss = 2.3771896, step = 0
INFO:tensorflow:loss = 2.322362, step = 0
INFO:tensorflow:loss = 2.3460953, step = 0
INFO:tensorflow:accuracy = 0.09375, loss = 2.322362, global_step = 0
INFO:tensorflow:accuracy = 0.109375, loss = 2.3460953, global_step = 0
INFO:tensorflow:loss = 2.3555684, step = 0
INFO:tensorflow:accuracy = 0.03125, loss = 2.3555684, global_step = 0
INFO:tensorflow:accuracy = 0.140625, loss = 2.3771896, global_step = 0
INFO:tensorflow:loss = 2.4644663, step = 0
INFO:tensorflow:accuracy = 0.09375, loss = 2.4644663, global_step = 0
INFO:tensorflow:loss = 2.3737452, step = 0
INFO:tensorflow:accuracy = 0.078125, loss = 2.3737452, global_step = 0
INFO:tensorflow:loss = 2.4519277, step = 0
INFO:tensorflow:accuracy = 0.09375, loss = 2.4519277, global_step = 0
INFO:tensorflow:loss = 2.3143573, step = 0
INFO:tensorflow:accuracy = 0.109375, loss = 2.3143573, global_step = 0
INFO:tensorflow:loss = 2.3813672, step = 0
INFO:tensorflow:loss = 2.3790975, step = 0
INFO:tensorflow:accuracy = 0.078125, loss = 2.3790975, global_step = 0
INFO:tensorflow:accuracy = 0.09375, loss = 2.3813672, global_step = 0
INFO:tensorflow:loss = 2.42436, step = 0
INFO:tensorflow:accuracy = 0.0625, loss = 2.42436, global_step = 0
INFO:tensorflow:loss = 2.3693871, step = 0
INFO:tensorflow:accuracy = 0.109375, loss = 2.3693871, global_step = 0
WARNING: One or more tensors were submitted to be reduced, gathered or broadcasted by subset of ranks and are waiting for remainder of ranks for more than 60 seconds. This may indicate that different ranks are trying to submit different tensors or that only subset of ranks is submitting tensors, which will cause deadlock. 
Stalled ops:
train_op/DistributedGradientDescentOptimizer_Allreduce/HorovodAllreduce_train_op_gradients_resnet_v2_101_block3_unit_1_bottleneck_v2_shortcut_BiasAdd_grad_tuple_control_dependency_1_0 [missing ranks: 3, 7]
train_op/DistributedGradientDescentOptimizer_Allreduce/HorovodAllreduce_train_op_gradients_resnet_v2_101_block3_unit_1_bottleneck_v2_conv3_BiasAdd_grad_tuple_control_dependency_1_0 [missing ranks: 0, 1, 2, 4, 5, 6, 8, 9, 10, 11, 12, 13, 14, 15]
WARNING: One or more tensors were submitted to be reduced, gathered or broadcasted by subset of ranks and are waiting for remainder of ranks for more than 60 seconds. This may indicate that different ranks are trying to submit different tensors or that only subset of ranks is submitting tensors, which will cause deadlock. 
Stalled ops:
train_op/DistributedGradientDescentOptimizer_Allreduce/HorovodAllreduce_train_op_gradients_resnet_v2_101_block3_unit_1_bottleneck_v2_shortcut_BiasAdd_grad_tuple_control_dependency_1_0 [missing ranks: 3, 7]
train_op/DistributedGradientDescentOptimizer_Allreduce/HorovodAllreduce_train_op_gradients_resnet_v2_101_block3_unit_1_bottleneck_v2_conv3_BiasAdd_grad_tuple_control_dependency_1_0 [missing ranks: 0, 1, 2, 4, 5, 6, 8, 9, 10, 11, 12, 13, 14, 15]
WARNING: One or more tensors were submitted to be reduced, gathered or broadcasted by subset of ranks and are waiting for remainder of ranks for more than 60 seconds. This may indicate that different ranks are trying to submit different tensors or that only subset of ranks is submitting tensors, which will cause deadlock. 
Stalled ops:
train_op/DistributedGradientDescentOptimizer_Allreduce/HorovodAllreduce_train_op_gradients_resnet_v2_101_block3_unit_1_bottleneck_v2_shortcut_BiasAdd_grad_tuple_control_dependency_1_0 [missing ranks: 3, 7]
train_op/DistributedGradientDescentOptimizer_Allreduce/HorovodAllreduce_train_op_gradients_resnet_v2_101_block3_unit_1_bottleneck_v2_conv3_BiasAdd_grad_tuple_control_dependency_1_0 [missing ranks: 0, 1, 2, 4, 5, 6, 8, 9, 10, 11, 12, 13, 14, 15]
WARNING: One or more tensors were submitted to be reduced, gathered or broadcasted by subset of ranks and are waiting for remainder of ranks for more than 60 seconds. This may indicate that different ranks are trying to submit different tensors or that only subset of ranks is submitting tensors, which will cause deadlock. 
Stalled ops:
train_op/DistributedGradientDescentOptimizer_Allreduce/HorovodAllreduce_train_op_gradients_resnet_v2_101_block3_unit_1_bottleneck_v2_shortcut_BiasAdd_grad_tuple_control_dependency_1_0 [missing ranks: 3, 7]
train_op/DistributedGradientDescentOptimizer_Allreduce/HorovodAllreduce_train_op_gradients_resnet_v2_101_block3_unit_1_bottleneck_v2_conv3_BiasAdd_grad_tuple_control_dependency_1_0 [missing ranks: 0, 1, 2, 4, 5, 6, 8, 9, 10, 11, 12, 13, 14, 15]
WARNING: One or more tensors were submitted to be reduced, gathered or broadcasted by subset of ranks and are waiting for remainder of ranks for more than 60 seconds. This may indicate that different ranks are trying to submit different tensors or that only subset of ranks is submitting tensors, which will cause deadlock. 
Stalled ops:
train_op/DistributedGradientDescentOptimizer_Allreduce/HorovodAllreduce_train_op_gradients_resnet_v2_101_block3_unit_1_bottleneck_v2_shortcut_BiasAdd_grad_tuple_control_dependency_1_0 [missing ranks: 3, 7]
train_op/DistributedGradientDescentOptimizer_Allreduce/HorovodAllreduce_train_op_gradients_resnet_v2_101_block3_unit_1_bottleneck_v2_conv3_BiasAdd_grad_tuple_control_dependency_1_0 [missing ranks: 0, 1, 2, 4, 5, 6, 8, 9, 10, 11, 12, 13, 14, 15]
WARNING: One or more tensors were submitted to be reduced, gathered or broadcasted by subset of ranks and are waiting for remainder of ranks for more than 60 seconds. This may indicate that different ranks are trying to submit different tensors or that only subset of ranks is submitting tensors, which will cause deadlock. 
Stalled ops:
train_op/DistributedGradientDescentOptimizer_Allreduce/HorovodAllreduce_train_op_gradients_resnet_v2_101_block3_unit_1_bottleneck_v2_shortcut_BiasAdd_grad_tuple_control_dependency_1_0 [missing ranks: 3, 7]
train_op/DistributedGradientDescentOptimizer_Allreduce/HorovodAllreduce_train_op_gradients_resnet_v2_101_block3_unit_1_bottleneck_v2_conv3_BiasAdd_grad_tuple_control_dependency_1_0 [missing ranks: 0, 1, 2, 4, 5, 6, 8, 9, 10, 11, 12, 13, 14, 15]
WARNING: One or more tensors were submitted to be reduced, gathered or broadcasted by subset of ranks and are waiting for remainder of ranks for more than 60 seconds. This may indicate that different ranks are trying to submit different tensors or that only subset of ranks is submitting tensors, which will cause deadlock. 
Stalled ops:
train_op/DistributedGradientDescentOptimizer_Allreduce/HorovodAllreduce_train_op_gradients_resnet_v2_101_block3_unit_1_bottleneck_v2_shortcut_BiasAdd_grad_tuple_control_dependency_1_0 [missing ranks: 3, 7]
train_op/DistributedGradientDescentOptimizer_Allreduce/HorovodAllreduce_train_op_gradients_resnet_v2_101_block3_unit_1_bottleneck_v2_conv3_BiasAdd_grad_tuple_control_dependency_1_0 [missing ranks: 0, 1, 2, 4, 5, 6, 8, 9, 10, 11, 12, 13, 14, 15]
WARNING: One or more tensors were submitted to be reduced, gathered or broadcasted by subset of ranks and are waiting for remainder of ranks for more than 60 seconds. This may indicate that different ranks are trying to submit different tensors or that only subset of ranks is submitting tensors, which will cause deadlock. 
Stalled ops:
train_op/DistributedGradientDescentOptimizer_Allreduce/HorovodAllreduce_train_op_gradients_resnet_v2_101_block3_unit_1_bottleneck_v2_shortcut_BiasAdd_grad_tuple_control_dependency_1_0 [missing ranks: 3, 7]
train_op/DistributedGradientDescentOptimizer_Allreduce/HorovodAllreduce_train_op_gradients_resnet_v2_101_block3_unit_1_bottleneck_v2_conv3_BiasAdd_grad_tuple_control_dependency_1_0 [missing ranks: 0, 1, 2, 4, 5, 6, 8, 9, 10, 11, 12, 13, 14, 15]
WARNING: One or more tensors were submitted to be reduced, gathered or broadcasted by subset of ranks and are waiting for remainder of ranks for more than 60 seconds. This may indicate that different ranks are trying to submit different tensors or that only subset of ranks is submitting tensors, which will cause deadlock. 
Stalled ops:
train_op/DistributedGradientDescentOptimizer_Allreduce/HorovodAllreduce_train_op_gradients_resnet_v2_101_block3_unit_1_bottleneck_v2_shortcut_BiasAdd_grad_tuple_control_dependency_1_0 [missing ranks: 3, 7]
train_op/DistributedGradientDescentOptimizer_Allreduce/HorovodAllreduce_train_op_gradients_resnet_v2_101_block3_unit_1_bottleneck_v2_conv3_BiasAdd_grad_tuple_control_dependency_1_0 [missing ranks: 0, 1, 2, 4, 5, 6, 8, 9, 10, 11, 12, 13, 14, 15]
WARNING: One or more tensors were submitted to be reduced, gathered or broadcasted by subset of ranks and are waiting for remainder of ranks for more than 60 seconds. This may indicate that different ranks are trying to submit different tensors or that only subset of ranks is submitting tensors, which will cause deadlock. 
Stalled ops:
train_op/DistributedGradientDescentOptimizer_Allreduce/HorovodAllreduce_train_op_gradients_resnet_v2_101_block3_unit_1_bottleneck_v2_shortcut_BiasAdd_grad_tuple_control_dependency_1_0 [missing ranks: 3, 7]
train_op/DistributedGradientDescentOptimizer_Allreduce/HorovodAllreduce_train_op_gradients_resnet_v2_101_block3_unit_1_bottleneck_v2_conv3_BiasAdd_grad_tuple_control_dependency_1_0 [missing ranks: 0, 1, 2, 4, 5, 6, 8, 9, 10, 11, 12, 13, 14, 15]
WARNING: One or more tensors were submitted to be reduced, gathered or broadcasted by subset of ranks and are waiting for remainder of ranks for more than 60 seconds. This may indicate that different ranks are trying to submit different tensors or that only subset of ranks is submitting tensors, which will cause deadlock. 
Stalled ops:
train_op/DistributedGradientDescentOptimizer_Allreduce/HorovodAllreduce_train_op_gradients_resnet_v2_101_block3_unit_1_bottleneck_v2_shortcut_BiasAdd_grad_tuple_control_dependency_1_0 [missing ranks: 3, 7]
train_op/DistributedGradientDescentOptimizer_Allreduce/HorovodAllreduce_train_op_gradients_resnet_v2_101_block3_unit_1_bottleneck_v2_conv3_BiasAdd_grad_tuple_control_dependency_1_0 [missing ranks: 0, 1, 2, 4, 5, 6, 8, 9, 10, 11, 12, 13, 14, 15]
WARNING: One or more tensors were submitted to be reduced, gathered or broadcasted by subset of ranks and are waiting for remainder of ranks for more than 60 seconds. This may indicate that different ranks are trying to submit different tensors or that only subset of ranks is submitting tensors, which will cause deadlock. 
Stalled ops:
train_op/DistributedGradientDescentOptimizer_Allreduce/HorovodAllreduce_train_op_gradients_resnet_v2_101_block3_unit_1_bottleneck_v2_shortcut_BiasAdd_grad_tuple_control_dependency_1_0 [missing ranks: 3, 7]
train_op/DistributedGradientDescentOptimizer_Allreduce/HorovodAllreduce_train_op_gradients_resnet_v2_101_block3_unit_1_bottleneck_v2_conv3_BiasAdd_grad_tuple_control_dependency_1_0 [missing ranks: 0, 1, 2, 4, 5, 6, 8, 9, 10, 11, 12, 13, 14, 15]
slurmstepd: error: *** JOB 1112529 ON p9r3n04 CANCELLED AT 2019-01-14T20:43:19 DUE TO TIME LIMIT ***
--------------------------------------------------------------------------
ORTE has lost communication with a remote daemon.

  HNP daemon   : [[4031,0],0] on node p9r3n04
  Remote daemon: [[4031,0],2] on node p9r3n08

This is usually due to either a failure of the TCP network
connection to the node, or possibly an internal failure of
the daemon itself. We cannot recover from this failure, and
therefore will terminate the job.
--------------------------------------------------------------------------
