unload bsc/commands (PATH, MANPATH) 
unload CUDA/9.1 (PATH, MANPATH, LD_LIBRARY_PATH, LIBRARY_PATH, C_INCLUDE_PATH,
CPLUS_INCLUDE_PATH, CUDA_HOME, CUDA_VERSION, CUDA_INC, CUDA_INSTALL_PATH) 
unload OPENMPI/3.0.0 (PATH, MANPATH, LD_LIBRARY_PATH, LIBRARY_PATH,
PKG_CONFIG_PATH, C_INCLUDE_PATH, CPLUS_INCLUDE_PATH, MPI, MPI_V) 
unload GCC/6.4.0 (PATH, MANPATH, INFOPATH, LD_LIBRARY_PATH, LIBRARY_PATH,
C_INCLUDE_PATH, CPLUS_INCLUDE_PATH, STD COMP VARS) 
load GCC/6.4.0 (PATH, MANPATH, INFOPATH, LD_LIBRARY_PATH, LIBRARY_PATH,
C_INCLUDE_PATH, CPLUS_INCLUDE_PATH, STD COMP VARS) 
load JAVA/ibm_8.0.5.15 (PATH, C_INCLUDE_PATH, CPLUS_INCLUDE_PATH, JAVA_HOME,
JAVA_ROOT, JAVA_BINDIR, SDK_HOME, JRE_HOME) 
load OPENMPI/3.0.0 (PATH, MANPATH, LD_LIBRARY_PATH, LIBRARY_PATH,
PKG_CONFIG_PATH, C_INCLUDE_PATH, CPLUS_INCLUDE_PATH, MPI, MPI_V) 
load CUDA/9.2 (PATH, MANPATH, LD_LIBRARY_PATH, LIBRARY_PATH, C_INCLUDE_PATH,
CPLUS_INCLUDE_PATH, CUDA_HOME, CUDA_VERSION, CUDA_INC, CUDA_INSTALL_PATH) 
load ATLAS/3.10.3 (LD_LIBRARY_PATH, LIBRARY_PATH, C_INCLUDE_PATH,
CPLUS_INCLUDE_PATH) 
INFO:tensorflow:Using config: {'_model_dir': '/gpfs/home/sam14/sam14015/task/11/estimator_horovod/models/cifar10_vgg_19.16', '_tf_random_seed': None, '_save_summary_steps': 100, '_save_checkpoints_steps': None, '_save_checkpoints_secs': None, '_session_config': gpu_options {
  allow_growth: true
  visible_device_list: "0"
}
, '_keep_checkpoint_max': 5, '_keep_checkpoint_every_n_hours': 10000, '_log_step_count_steps': 100, '_train_distribute': None, '_service': None, '_cluster_spec': <tensorflow.python.training.server_lib.ClusterSpec object at 0x3fff42e96780>, '_task_type': 'worker', '_task_id': 0, '_global_id_in_cluster': 0, '_master': '', '_evaluation_master': '', '_is_chief': True, '_num_ps_replicas': 0, '_num_worker_replicas': 1}
WARNING:tensorflow:Using temporary folder as model directory: /scratch/tmp/1077064/tmp69rq8dyr
WARNING:tensorflow:Using temporary folder as model directory: /scratch/tmp/1077064/tmp5q8lvoa2
INFO:tensorflow:Using config: {'_model_dir': '/scratch/tmp/1077064/tmp69rq8dyr', '_tf_random_seed': None, '_save_summary_steps': 100, '_save_checkpoints_steps': None, '_save_checkpoints_secs': None, '_session_config': gpu_options {
  allow_growth: true
  visible_device_list: "0"
}
, '_keep_checkpoint_max': 5, '_keep_checkpoint_every_n_hours': 10000, '_log_step_count_steps': 100, '_train_distribute': None, '_service': None, '_cluster_spec': <tensorflow.python.training.server_lib.ClusterSpec object at 0x3fff3c1d66a0>, '_task_type': 'worker', '_task_id': 0, '_global_id_in_cluster': 0, '_master': '', '_evaluation_master': '', '_is_chief': True, '_num_ps_replicas': 0, '_num_worker_replicas': 1}
INFO:tensorflow:Using config: {'_model_dir': '/scratch/tmp/1077064/tmp5q8lvoa2', '_tf_random_seed': None, '_save_summary_steps': 100, '_save_checkpoints_steps': None, '_save_checkpoints_secs': None, '_session_config': gpu_options {
  allow_growth: true
  visible_device_list: "0"
}
, '_keep_checkpoint_max': 5, '_keep_checkpoint_every_n_hours': 10000, '_log_step_count_steps': 100, '_train_distribute': None, '_service': None, '_cluster_spec': <tensorflow.python.training.server_lib.ClusterSpec object at 0x3fff33e16710>, '_task_type': 'worker', '_task_id': 0, '_global_id_in_cluster': 0, '_master': '', '_evaluation_master': '', '_is_chief': True, '_num_ps_replicas': 0, '_num_worker_replicas': 1}
WARNING:tensorflow:Using temporary folder as model directory: /scratch/tmp/1077064/tmp6lafim_t
INFO:tensorflow:Using config: {'_model_dir': '/scratch/tmp/1077064/tmp6lafim_t', '_tf_random_seed': None, '_save_summary_steps': 100, '_save_checkpoints_steps': None, '_save_checkpoints_secs': None, '_session_config': gpu_options {
  allow_growth: true
  visible_device_list: "0"
}
, '_keep_checkpoint_max': 5, '_keep_checkpoint_every_n_hours': 10000, '_log_step_count_steps': 100, '_train_distribute': None, '_service': None, '_cluster_spec': <tensorflow.python.training.server_lib.ClusterSpec object at 0x3fff324966a0>, '_task_type': 'worker', '_task_id': 0, '_global_id_in_cluster': 0, '_master': '', '_evaluation_master': '', '_is_chief': True, '_num_ps_replicas': 0, '_num_worker_replicas': 1}
WARNING:tensorflow:Using temporary folder as model directory: /scratch/tmp/1077064/tmp8now7us0
INFO:tensorflow:Using config: {'_model_dir': '/scratch/tmp/1077064/tmp8now7us0', '_tf_random_seed': None, '_save_summary_steps': 100, '_save_checkpoints_steps': None, '_save_checkpoints_secs': None, '_session_config': gpu_options {
  allow_growth: true
  visible_device_list: "1"
}
, '_keep_checkpoint_max': 5, '_keep_checkpoint_every_n_hours': 10000, '_log_step_count_steps': 100, '_train_distribute': None, '_service': None, '_cluster_spec': <tensorflow.python.training.server_lib.ClusterSpec object at 0x3fff3c6566a0>, '_task_type': 'worker', '_task_id': 0, '_global_id_in_cluster': 0, '_master': '', '_evaluation_master': '', '_is_chief': True, '_num_ps_replicas': 0, '_num_worker_replicas': 1}
WARNING:tensorflow:Using temporary folder as model directory: /scratch/tmp/1077064/tmpec9ml8oe
INFO:tensorflow:Using config: {'_model_dir': '/scratch/tmp/1077064/tmpec9ml8oe', '_tf_random_seed': None, '_save_summary_steps': 100, '_save_checkpoints_steps': None, '_save_checkpoints_secs': None, '_session_config': gpu_options {
  allow_growth: true
  visible_device_list: "1"
}
, '_keep_checkpoint_max': 5, '_keep_checkpoint_every_n_hours': 10000, '_log_step_count_steps': 100, '_train_distribute': None, '_service': None, '_cluster_spec': <tensorflow.python.training.server_lib.ClusterSpec object at 0x3fff65e566a0>, '_task_type': 'worker', '_task_id': 0, '_global_id_in_cluster': 0, '_master': '', '_evaluation_master': '', '_is_chief': True, '_num_ps_replicas': 0, '_num_worker_replicas': 1}
WARNING:tensorflow:Using temporary folder as model directory: /scratch/tmp/1077064/tmpfacsmfk8
WARNING:tensorflow:Using temporary folder as model directory: /scratch/tmp/1077064/tmppjkot5g0
INFO:tensorflow:Using config: {'_model_dir': '/scratch/tmp/1077064/tmpfacsmfk8', '_tf_random_seed': None, '_save_summary_steps': 100, '_save_checkpoints_steps': None, '_save_checkpoints_secs': None, '_session_config': gpu_options {
  allow_growth: true
  visible_device_list: "1"
}
, '_keep_checkpoint_max': 5, '_keep_checkpoint_every_n_hours': 10000, '_log_step_count_steps': 100, '_train_distribute': None, '_service': None, '_cluster_spec': <tensorflow.python.training.server_lib.ClusterSpec object at 0x3fff34fd6710>, '_task_type': 'worker', '_task_id': 0, '_global_id_in_cluster': 0, '_master': '', '_evaluation_master': '', '_is_chief': True, '_num_ps_replicas': 0, '_num_worker_replicas': 1}
INFO:tensorflow:Using config: {'_model_dir': '/scratch/tmp/1077064/tmppjkot5g0', '_tf_random_seed': None, '_save_summary_steps': 100, '_save_checkpoints_steps': None, '_save_checkpoints_secs': None, '_session_config': gpu_options {
  allow_growth: true
  visible_device_list: "1"
}
, '_keep_checkpoint_max': 5, '_keep_checkpoint_every_n_hours': 10000, '_log_step_count_steps': 100, '_train_distribute': None, '_service': None, '_cluster_spec': <tensorflow.python.training.server_lib.ClusterSpec object at 0x3fff335d6710>, '_task_type': 'worker', '_task_id': 0, '_global_id_in_cluster': 0, '_master': '', '_evaluation_master': '', '_is_chief': True, '_num_ps_replicas': 0, '_num_worker_replicas': 1}
WARNING:tensorflow:Using temporary folder as model directory: /scratch/tmp/1077064/tmpyjg86ra6
WARNING:tensorflow:Using temporary folder as model directory: /scratch/tmp/1077064/tmpiiiufayd
INFO:tensorflow:Using config: {'_model_dir': '/scratch/tmp/1077064/tmpyjg86ra6', '_tf_random_seed': None, '_save_summary_steps': 100, '_save_checkpoints_steps': None, '_save_checkpoints_secs': None, '_session_config': gpu_options {
  allow_growth: true
  visible_device_list: "2"
}
, '_keep_checkpoint_max': 5, '_keep_checkpoint_every_n_hours': 10000, '_log_step_count_steps': 100, '_train_distribute': None, '_service': None, '_cluster_spec': <tensorflow.python.training.server_lib.ClusterSpec object at 0x3fff2db96710>, '_task_type': 'worker', '_task_id': 0, '_global_id_in_cluster': 0, '_master': '', '_evaluation_master': '', '_is_chief': True, '_num_ps_replicas': 0, '_num_worker_replicas': 1}
WARNING:tensorflow:Using temporary folder as model directory: /scratch/tmp/1077064/tmp0p9gfyiq
INFO:tensorflow:Using config: {'_model_dir': '/scratch/tmp/1077064/tmpiiiufayd', '_tf_random_seed': None, '_save_summary_steps': 100, '_save_checkpoints_steps': None, '_save_checkpoints_secs': None, '_session_config': gpu_options {
  allow_growth: true
  visible_device_list: "2"
}
, '_keep_checkpoint_max': 5, '_keep_checkpoint_every_n_hours': 10000, '_log_step_count_steps': 100, '_train_distribute': None, '_service': None, '_cluster_spec': <tensorflow.python.training.server_lib.ClusterSpec object at 0x3fff4ce966a0>, '_task_type': 'worker', '_task_id': 0, '_global_id_in_cluster': 0, '_master': '', '_evaluation_master': '', '_is_chief': True, '_num_ps_replicas': 0, '_num_worker_replicas': 1}
WARNING:tensorflow:Using temporary folder as model directory: /scratch/tmp/1077064/tmp2ipehv0t
INFO:tensorflow:Using config: {'_model_dir': '/scratch/tmp/1077064/tmp0p9gfyiq', '_tf_random_seed': None, '_save_summary_steps': 100, '_save_checkpoints_steps': None, '_save_checkpoints_secs': None, '_session_config': gpu_options {
  allow_growth: true
  visible_device_list: "2"
}
, '_keep_checkpoint_max': 5, '_keep_checkpoint_every_n_hours': 10000, '_log_step_count_steps': 100, '_train_distribute': None, '_service': None, '_cluster_spec': <tensorflow.python.training.server_lib.ClusterSpec object at 0x3fff50a966a0>, '_task_type': 'worker', '_task_id': 0, '_global_id_in_cluster': 0, '_master': '', '_evaluation_master': '', '_is_chief': True, '_num_ps_replicas': 0, '_num_worker_replicas': 1}
INFO:tensorflow:Using config: {'_model_dir': '/scratch/tmp/1077064/tmp2ipehv0t', '_tf_random_seed': None, '_save_summary_steps': 100, '_save_checkpoints_steps': None, '_save_checkpoints_secs': None, '_session_config': gpu_options {
  allow_growth: true
  visible_device_list: "2"
}
, '_keep_checkpoint_max': 5, '_keep_checkpoint_every_n_hours': 10000, '_log_step_count_steps': 100, '_train_distribute': None, '_service': None, '_cluster_spec': <tensorflow.python.training.server_lib.ClusterSpec object at 0x3fff517566a0>, '_task_type': 'worker', '_task_id': 0, '_global_id_in_cluster': 0, '_master': '', '_evaluation_master': '', '_is_chief': True, '_num_ps_replicas': 0, '_num_worker_replicas': 1}
WARNING:tensorflow:Using temporary folder as model directory: /scratch/tmp/1077064/tmp0sm5qyo5
WARNING:tensorflow:Using temporary folder as model directory: /scratch/tmp/1077064/tmpg8ddu175
WARNING:tensorflow:Using temporary folder as model directory: /scratch/tmp/1077064/tmp810nhwqt
INFO:tensorflow:Using config: {'_model_dir': '/scratch/tmp/1077064/tmp0sm5qyo5', '_tf_random_seed': None, '_save_summary_steps': 100, '_save_checkpoints_steps': None, '_save_checkpoints_secs': None, '_session_config': gpu_options {
  allow_growth: true
  visible_device_list: "3"
}
, '_keep_checkpoint_max': 5, '_keep_checkpoint_every_n_hours': 10000, '_log_step_count_steps': 100, '_train_distribute': None, '_service': None, '_cluster_spec': <tensorflow.python.training.server_lib.ClusterSpec object at 0x3fff588966a0>, '_task_type': 'worker', '_task_id': 0, '_global_id_in_cluster': 0, '_master': '', '_evaluation_master': '', '_is_chief': True, '_num_ps_replicas': 0, '_num_worker_replicas': 1}
WARNING:tensorflow:Using temporary folder as model directory: /scratch/tmp/1077064/tmpbkftim9p
INFO:tensorflow:Using config: {'_model_dir': '/scratch/tmp/1077064/tmp810nhwqt', '_tf_random_seed': None, '_save_summary_steps': 100, '_save_checkpoints_steps': None, '_save_checkpoints_secs': None, '_session_config': gpu_options {
  allow_growth: true
  visible_device_list: "3"
}
, '_keep_checkpoint_max': 5, '_keep_checkpoint_every_n_hours': 10000, '_log_step_count_steps': 100, '_train_distribute': None, '_service': None, '_cluster_spec': <tensorflow.python.training.server_lib.ClusterSpec object at 0x3fff482166a0>, '_task_type': 'worker', '_task_id': 0, '_global_id_in_cluster': 0, '_master': '', '_evaluation_master': '', '_is_chief': True, '_num_ps_replicas': 0, '_num_worker_replicas': 1}
INFO:tensorflow:Using config: {'_model_dir': '/scratch/tmp/1077064/tmpg8ddu175', '_tf_random_seed': None, '_save_summary_steps': 100, '_save_checkpoints_steps': None, '_save_checkpoints_secs': None, '_session_config': gpu_options {
  allow_growth: true
  visible_device_list: "3"
}
, '_keep_checkpoint_max': 5, '_keep_checkpoint_every_n_hours': 10000, '_log_step_count_steps': 100, '_train_distribute': None, '_service': None, '_cluster_spec': <tensorflow.python.training.server_lib.ClusterSpec object at 0x3fff5ed166a0>, '_task_type': 'worker', '_task_id': 0, '_global_id_in_cluster': 0, '_master': '', '_evaluation_master': '', '_is_chief': True, '_num_ps_replicas': 0, '_num_worker_replicas': 1}
INFO:tensorflow:Using config: {'_model_dir': '/scratch/tmp/1077064/tmpbkftim9p', '_tf_random_seed': None, '_save_summary_steps': 100, '_save_checkpoints_steps': None, '_save_checkpoints_secs': None, '_session_config': gpu_options {
  allow_growth: true
  visible_device_list: "3"
}
, '_keep_checkpoint_max': 5, '_keep_checkpoint_every_n_hours': 10000, '_log_step_count_steps': 100, '_train_distribute': None, '_service': None, '_cluster_spec': <tensorflow.python.training.server_lib.ClusterSpec object at 0x3fff495166a0>, '_task_type': 'worker', '_task_id': 0, '_global_id_in_cluster': 0, '_master': '', '_evaluation_master': '', '_is_chief': True, '_num_ps_replicas': 0, '_num_worker_replicas': 1}
 ---------------------- Starting train for 8 ----------------------
INFO:tensorflow:Calling model_fn.
INFO:tensorflow:Scale of 0 disables regularizer.
 ---------------------- Starting train for 4 ----------------------
INFO:tensorflow:Calling model_fn.
INFO:tensorflow:Scale of 0 disables regularizer.
 Date is now: 2018-12-31 20:17:01.381167
 ---------------------- Starting train for 0 ----------------------
INFO:tensorflow:Calling model_fn.
INFO:tensorflow:Scale of 0 disables regularizer.
 ---------------------- Starting train for 12 ----------------------
INFO:tensorflow:Calling model_fn.
INFO:tensorflow:Scale of 0 disables regularizer.
 ---------------------- Starting train for 13 ----------------------
INFO:tensorflow:Calling model_fn.
 ---------------------- Starting train for 5 ----------------------
INFO:tensorflow:Calling model_fn.
 ---------------------- Starting train for 9 ----------------------
INFO:tensorflow:Calling model_fn.
INFO:tensorflow:Scale of 0 disables regularizer.
INFO:tensorflow:Scale of 0 disables regularizer.
INFO:tensorflow:Scale of 0 disables regularizer.
 ---------------------- Starting train for 14 ----------------------
INFO:tensorflow:Calling model_fn.
 ---------------------- Starting train for 6 ----------------------
INFO:tensorflow:Calling model_fn.
INFO:tensorflow:Scale of 0 disables regularizer.
 ---------------------- Starting train for 3 ----------------------
INFO:tensorflow:Calling model_fn.
INFO:tensorflow:Scale of 0 disables regularizer.
 ---------------------- Starting train for 1 ----------------------
INFO:tensorflow:Calling model_fn.
INFO:tensorflow:Scale of 0 disables regularizer.
INFO:tensorflow:Scale of 0 disables regularizer.
 ---------------------- Starting train for 10 ----------------------
INFO:tensorflow:Calling model_fn.
 ---------------------- Starting train for 15 ----------------------
INFO:tensorflow:Calling model_fn.
INFO:tensorflow:Scale of 0 disables regularizer.
 ---------------------- Starting train for 11 ----------------------
INFO:tensorflow:Calling model_fn.
INFO:tensorflow:Scale of 0 disables regularizer.
INFO:tensorflow:Scale of 0 disables regularizer.
 ---------------------- Starting train for 7 ----------------------
INFO:tensorflow:Calling model_fn.
INFO:tensorflow:Scale of 0 disables regularizer.
 ---------------------- Starting train for 2 ----------------------
INFO:tensorflow:Calling model_fn.
INFO:tensorflow:Scale of 0 disables regularizer.
INFO:tensorflow:Done calling model_fn.
INFO:tensorflow:Done calling model_fn.
INFO:tensorflow:Done calling model_fn.
INFO:tensorflow:Done calling model_fn.
INFO:tensorflow:Done calling model_fn.
INFO:tensorflow:Done calling model_fn.
INFO:tensorflow:Done calling model_fn.
INFO:tensorflow:Done calling model_fn.
INFO:tensorflow:Done calling model_fn.
INFO:tensorflow:Done calling model_fn.
INFO:tensorflow:Done calling model_fn.
INFO:tensorflow:Done calling model_fn.
INFO:tensorflow:Done calling model_fn.
INFO:tensorflow:Done calling model_fn.
INFO:tensorflow:Done calling model_fn.
INFO:tensorflow:Done calling model_fn.
INFO:tensorflow:Graph was finalized.
INFO:tensorflow:Graph was finalized.
INFO:tensorflow:Graph was finalized.
INFO:tensorflow:Graph was finalized.
INFO:tensorflow:Graph was finalized.
INFO:tensorflow:Graph was finalized.
INFO:tensorflow:Graph was finalized.
INFO:tensorflow:Graph was finalized.
INFO:tensorflow:Graph was finalized.
INFO:tensorflow:Graph was finalized.
INFO:tensorflow:Graph was finalized.
INFO:tensorflow:Graph was finalized.
INFO:tensorflow:Graph was finalized.
INFO:tensorflow:Graph was finalized.
INFO:tensorflow:Graph was finalized.
2018-12-31 20:17:09.256784: I tensorflow/core/common_runtime/gpu/gpu_device.cc:1356] Found device 0 with properties: 
name: Tesla V100-SXM2-16GB major: 7 minor: 0 memoryClockRate(GHz): 1.53
pciBusID: 0004:04:00.0
totalMemory: 15.75GiB freeMemory: 15.34GiB
2018-12-31 20:17:09.256820: I tensorflow/core/common_runtime/gpu/gpu_device.cc:1435] Adding visible gpu devices: 0
2018-12-31 20:17:09.276882: I tensorflow/core/common_runtime/gpu/gpu_device.cc:1356] Found device 0 with properties: 
name: Tesla V100-SXM2-16GB major: 7 minor: 0 memoryClockRate(GHz): 1.53
pciBusID: 0035:04:00.0
totalMemory: 15.75GiB freeMemory: 15.34GiB
2018-12-31 20:17:09.276914: I tensorflow/core/common_runtime/gpu/gpu_device.cc:1435] Adding visible gpu devices: 3
2018-12-31 20:17:09.321967: I tensorflow/core/common_runtime/gpu/gpu_device.cc:1356] Found device 0 with properties: 
name: Tesla V100-SXM2-16GB major: 7 minor: 0 memoryClockRate(GHz): 1.53
pciBusID: 0004:05:00.0
totalMemory: 15.75GiB freeMemory: 15.34GiB
2018-12-31 20:17:09.322019: I tensorflow/core/common_runtime/gpu/gpu_device.cc:1435] Adding visible gpu devices: 1
2018-12-31 20:17:09.386359: I tensorflow/core/common_runtime/gpu/gpu_device.cc:1356] Found device 0 with properties: 
name: Tesla V100-SXM2-16GB major: 7 minor: 0 memoryClockRate(GHz): 1.53
pciBusID: 0004:04:00.0
totalMemory: 15.75GiB freeMemory: 15.34GiB
2018-12-31 20:17:09.386404: I tensorflow/core/common_runtime/gpu/gpu_device.cc:1435] Adding visible gpu devices: 0
INFO:tensorflow:Graph was finalized.
2018-12-31 20:17:09.577787: I tensorflow/core/common_runtime/gpu/gpu_device.cc:923] Device interconnect StreamExecutor with strength 1 edge matrix:
2018-12-31 20:17:09.577829: I tensorflow/core/common_runtime/gpu/gpu_device.cc:929]      0 
2018-12-31 20:17:09.577840: I tensorflow/core/common_runtime/gpu/gpu_device.cc:942] 0:   N 
2018-12-31 20:17:09.578433: I tensorflow/core/common_runtime/gpu/gpu_device.cc:1053] Created TensorFlow device (/job:localhost/replica:0/task:0/device:GPU:0 with 14849 MB memory) -> physical GPU (device: 0, name: Tesla V100-SXM2-16GB, pci bus id: 0004:04:00.0, compute capability: 7.0)
2018-12-31 20:17:09.578529: I tensorflow/core/common_runtime/gpu/gpu_device.cc:923] Device interconnect StreamExecutor with strength 1 edge matrix:
2018-12-31 20:17:09.578549: I tensorflow/core/common_runtime/gpu/gpu_device.cc:929]      3 
2018-12-31 20:17:09.578557: I tensorflow/core/common_runtime/gpu/gpu_device.cc:942] 3:   N 
2018-12-31 20:17:09.578989: I tensorflow/core/common_runtime/gpu/gpu_device.cc:1053] Created TensorFlow device (/job:localhost/replica:0/task:0/device:GPU:0 with 14849 MB memory) -> physical GPU (device: 3, name: Tesla V100-SXM2-16GB, pci bus id: 0035:04:00.0, compute capability: 7.0)
2018-12-31 20:17:09.580299: I tensorflow/core/common_runtime/gpu/gpu_device.cc:1356] Found device 0 with properties: 
name: Tesla V100-SXM2-16GB major: 7 minor: 0 memoryClockRate(GHz): 1.53
pciBusID: 0004:05:00.0
totalMemory: 15.75GiB freeMemory: 15.34GiB
2018-12-31 20:17:09.580340: I tensorflow/core/common_runtime/gpu/gpu_device.cc:1435] Adding visible gpu devices: 1
2018-12-31 20:17:09.607861: I tensorflow/core/common_runtime/gpu/gpu_device.cc:1356] Found device 0 with properties: 
name: Tesla V100-SXM2-16GB major: 7 minor: 0 memoryClockRate(GHz): 1.53
pciBusID: 0035:03:00.0
totalMemory: 15.75GiB freeMemory: 15.35GiB
2018-12-31 20:17:09.607900: I tensorflow/core/common_runtime/gpu/gpu_device.cc:1435] Adding visible gpu devices: 2
2018-12-31 20:17:09.609347: I tensorflow/core/common_runtime/gpu/gpu_device.cc:1356] Found device 0 with properties: 
name: Tesla V100-SXM2-16GB major: 7 minor: 0 memoryClockRate(GHz): 1.53
pciBusID: 0035:03:00.0
totalMemory: 15.75GiB freeMemory: 15.34GiB
2018-12-31 20:17:09.609393: I tensorflow/core/common_runtime/gpu/gpu_device.cc:1435] Adding visible gpu devices: 2
2018-12-31 20:17:09.610971: I tensorflow/core/common_runtime/gpu/gpu_device.cc:1356] Found device 0 with properties: 
name: Tesla V100-SXM2-16GB major: 7 minor: 0 memoryClockRate(GHz): 1.53
pciBusID: 0035:03:00.0
totalMemory: 15.75GiB freeMemory: 15.34GiB
2018-12-31 20:17:09.611003: I tensorflow/core/common_runtime/gpu/gpu_device.cc:1435] Adding visible gpu devices: 2
2018-12-31 20:17:09.611539: I tensorflow/core/common_runtime/gpu/gpu_device.cc:1356] Found device 0 with properties: 
name: Tesla V100-SXM2-16GB major: 7 minor: 0 memoryClockRate(GHz): 1.53
pciBusID: 0035:04:00.0
totalMemory: 15.75GiB freeMemory: 15.35GiB
2018-12-31 20:17:09.611658: I tensorflow/core/common_runtime/gpu/gpu_device.cc:1435] Adding visible gpu devices: 3
2018-12-31 20:17:09.613544: I tensorflow/core/common_runtime/gpu/gpu_device.cc:1356] Found device 0 with properties: 
name: Tesla V100-SXM2-16GB major: 7 minor: 0 memoryClockRate(GHz): 1.53
pciBusID: 0004:05:00.0
totalMemory: 15.75GiB freeMemory: 15.34GiB
2018-12-31 20:17:09.613586: I tensorflow/core/common_runtime/gpu/gpu_device.cc:1435] Adding visible gpu devices: 1
2018-12-31 20:17:09.621529: I tensorflow/core/common_runtime/gpu/gpu_device.cc:1356] Found device 0 with properties: 
name: Tesla V100-SXM2-16GB major: 7 minor: 0 memoryClockRate(GHz): 1.53
pciBusID: 0004:04:00.0
totalMemory: 15.75GiB freeMemory: 15.34GiB
2018-12-31 20:17:09.621561: I tensorflow/core/common_runtime/gpu/gpu_device.cc:1435] Adding visible gpu devices: 0
2018-12-31 20:17:09.634713: I tensorflow/core/common_runtime/gpu/gpu_device.cc:1356] Found device 0 with properties: 
name: Tesla V100-SXM2-16GB major: 7 minor: 0 memoryClockRate(GHz): 1.53
pciBusID: 0004:05:00.0
totalMemory: 15.75GiB freeMemory: 15.34GiB
2018-12-31 20:17:09.634736: I tensorflow/core/common_runtime/gpu/gpu_device.cc:1435] Adding visible gpu devices: 1
2018-12-31 20:17:09.694929: I tensorflow/core/common_runtime/gpu/gpu_device.cc:1356] Found device 0 with properties: 
name: Tesla V100-SXM2-16GB major: 7 minor: 0 memoryClockRate(GHz): 1.53
pciBusID: 0035:04:00.0
totalMemory: 15.75GiB freeMemory: 15.34GiB
2018-12-31 20:17:09.694979: I tensorflow/core/common_runtime/gpu/gpu_device.cc:1435] Adding visible gpu devices: 3
2018-12-31 20:17:09.719652: I tensorflow/core/common_runtime/gpu/gpu_device.cc:923] Device interconnect StreamExecutor with strength 1 edge matrix:
2018-12-31 20:17:09.719699: I tensorflow/core/common_runtime/gpu/gpu_device.cc:929]      0 
2018-12-31 20:17:09.719709: I tensorflow/core/common_runtime/gpu/gpu_device.cc:942] 0:   N 
2018-12-31 20:17:09.720359: I tensorflow/core/common_runtime/gpu/gpu_device.cc:1053] Created TensorFlow device (/job:localhost/replica:0/task:0/device:GPU:0 with 14855 MB memory) -> physical GPU (device: 0, name: Tesla V100-SXM2-16GB, pci bus id: 0004:04:00.0, compute capability: 7.0)
2018-12-31 20:17:09.720772: I tensorflow/core/common_runtime/gpu/gpu_device.cc:1356] Found device 0 with properties: 
name: Tesla V100-SXM2-16GB major: 7 minor: 0 memoryClockRate(GHz): 1.53
pciBusID: 0035:04:00.0
totalMemory: 15.75GiB freeMemory: 15.34GiB
2018-12-31 20:17:09.720815: I tensorflow/core/common_runtime/gpu/gpu_device.cc:1435] Adding visible gpu devices: 3
2018-12-31 20:17:09.734892: I tensorflow/core/common_runtime/gpu/gpu_device.cc:1356] Found device 0 with properties: 
name: Tesla V100-SXM2-16GB major: 7 minor: 0 memoryClockRate(GHz): 1.53
pciBusID: 0004:04:00.0
totalMemory: 15.75GiB freeMemory: 15.34GiB
2018-12-31 20:17:09.734926: I tensorflow/core/common_runtime/gpu/gpu_device.cc:1435] Adding visible gpu devices: 0
2018-12-31 20:17:09.873974: I tensorflow/core/common_runtime/gpu/gpu_device.cc:923] Device interconnect StreamExecutor with strength 1 edge matrix:
2018-12-31 20:17:09.874020: I tensorflow/core/common_runtime/gpu/gpu_device.cc:929]      1 
2018-12-31 20:17:09.874032: I tensorflow/core/common_runtime/gpu/gpu_device.cc:942] 1:   N 
2018-12-31 20:17:09.874656: I tensorflow/core/common_runtime/gpu/gpu_device.cc:1053] Created TensorFlow device (/job:localhost/replica:0/task:0/device:GPU:0 with 14849 MB memory) -> physical GPU (device: 1, name: Tesla V100-SXM2-16GB, pci bus id: 0004:05:00.0, compute capability: 7.0)
2018-12-31 20:17:09.902269: I tensorflow/core/common_runtime/gpu/gpu_device.cc:923] Device interconnect StreamExecutor with strength 1 edge matrix:
2018-12-31 20:17:09.902316: I tensorflow/core/common_runtime/gpu/gpu_device.cc:929]      2 
2018-12-31 20:17:09.902328: I tensorflow/core/common_runtime/gpu/gpu_device.cc:942] 2:   N 
2018-12-31 20:17:09.902809: I tensorflow/core/common_runtime/gpu/gpu_device.cc:1053] Created TensorFlow device (/job:localhost/replica:0/task:0/device:GPU:0 with 14847 MB memory) -> physical GPU (device: 2, name: Tesla V100-SXM2-16GB, pci bus id: 0035:03:00.0, compute capability: 7.0)
2018-12-31 20:17:09.907163: I tensorflow/core/common_runtime/gpu/gpu_device.cc:923] Device interconnect StreamExecutor with strength 1 edge matrix:
2018-12-31 20:17:09.907204: I tensorflow/core/common_runtime/gpu/gpu_device.cc:929]      2 
2018-12-31 20:17:09.907214: I tensorflow/core/common_runtime/gpu/gpu_device.cc:942] 2:   N 
2018-12-31 20:17:09.907847: I tensorflow/core/common_runtime/gpu/gpu_device.cc:1053] Created TensorFlow device (/job:localhost/replica:0/task:0/device:GPU:0 with 14855 MB memory) -> physical GPU (device: 2, name: Tesla V100-SXM2-16GB, pci bus id: 0035:03:00.0, compute capability: 7.0)
2018-12-31 20:17:09.909324: I tensorflow/core/common_runtime/gpu/gpu_device.cc:923] Device interconnect StreamExecutor with strength 1 edge matrix:
2018-12-31 20:17:09.909355: I tensorflow/core/common_runtime/gpu/gpu_device.cc:929]      3 
2018-12-31 20:17:09.909365: I tensorflow/core/common_runtime/gpu/gpu_device.cc:942] 3:   N 
2018-12-31 20:17:09.909945: I tensorflow/core/common_runtime/gpu/gpu_device.cc:1053] Created TensorFlow device (/job:localhost/replica:0/task:0/device:GPU:0 with 14857 MB memory) -> physical GPU (device: 3, name: Tesla V100-SXM2-16GB, pci bus id: 0035:04:00.0, compute capability: 7.0)
2018-12-31 20:17:09.915659: I tensorflow/core/common_runtime/gpu/gpu_device.cc:923] Device interconnect StreamExecutor with strength 1 edge matrix:
2018-12-31 20:17:09.915693: I tensorflow/core/common_runtime/gpu/gpu_device.cc:929]      1 
2018-12-31 20:17:09.915703: I tensorflow/core/common_runtime/gpu/gpu_device.cc:942] 1:   N 
2018-12-31 20:17:09.916170: I tensorflow/core/common_runtime/gpu/gpu_device.cc:1053] Created TensorFlow device (/job:localhost/replica:0/task:0/device:GPU:0 with 14849 MB memory) -> physical GPU (device: 1, name: Tesla V100-SXM2-16GB, pci bus id: 0004:05:00.0, compute capability: 7.0)
2018-12-31 20:17:09.925513: I tensorflow/core/common_runtime/gpu/gpu_device.cc:923] Device interconnect StreamExecutor with strength 1 edge matrix:
2018-12-31 20:17:09.925559: I tensorflow/core/common_runtime/gpu/gpu_device.cc:929]      2 
2018-12-31 20:17:09.925568: I tensorflow/core/common_runtime/gpu/gpu_device.cc:942] 2:   N 
2018-12-31 20:17:09.926215: I tensorflow/core/common_runtime/gpu/gpu_device.cc:1053] Created TensorFlow device (/job:localhost/replica:0/task:0/device:GPU:0 with 14849 MB memory) -> physical GPU (device: 2, name: Tesla V100-SXM2-16GB, pci bus id: 0035:03:00.0, compute capability: 7.0)
2018-12-31 20:17:09.927207: I tensorflow/core/common_runtime/gpu/gpu_device.cc:923] Device interconnect StreamExecutor with strength 1 edge matrix:
2018-12-31 20:17:09.927244: I tensorflow/core/common_runtime/gpu/gpu_device.cc:929]      1 
2018-12-31 20:17:09.927257: I tensorflow/core/common_runtime/gpu/gpu_device.cc:942] 1:   N 
2018-12-31 20:17:09.927742: I tensorflow/core/common_runtime/gpu/gpu_device.cc:1053] Created TensorFlow device (/job:localhost/replica:0/task:0/device:GPU:0 with 14851 MB memory) -> physical GPU (device: 1, name: Tesla V100-SXM2-16GB, pci bus id: 0004:05:00.0, compute capability: 7.0)
2018-12-31 20:17:09.928922: I tensorflow/core/common_runtime/gpu/gpu_device.cc:923] Device interconnect StreamExecutor with strength 1 edge matrix:
2018-12-31 20:17:09.928955: I tensorflow/core/common_runtime/gpu/gpu_device.cc:929]      0 
2018-12-31 20:17:09.928964: I tensorflow/core/common_runtime/gpu/gpu_device.cc:942] 0:   N 
2018-12-31 20:17:09.929405: I tensorflow/core/common_runtime/gpu/gpu_device.cc:1053] Created TensorFlow device (/job:localhost/replica:0/task:0/device:GPU:0 with 14851 MB memory) -> physical GPU (device: 0, name: Tesla V100-SXM2-16GB, pci bus id: 0004:04:00.0, compute capability: 7.0)
INFO:tensorflow:Running local_init_op.
2018-12-31 20:17:09.952326: I tensorflow/core/common_runtime/gpu/gpu_device.cc:923] Device interconnect StreamExecutor with strength 1 edge matrix:
2018-12-31 20:17:09.952371: I tensorflow/core/common_runtime/gpu/gpu_device.cc:929]      1 
2018-12-31 20:17:09.952380: I tensorflow/core/common_runtime/gpu/gpu_device.cc:942] 1:   N 
2018-12-31 20:17:09.952829: I tensorflow/core/common_runtime/gpu/gpu_device.cc:1053] Created TensorFlow device (/job:localhost/replica:0/task:0/device:GPU:0 with 14849 MB memory) -> physical GPU (device: 1, name: Tesla V100-SXM2-16GB, pci bus id: 0004:05:00.0, compute capability: 7.0)
INFO:tensorflow:Done running local_init_op.
2018-12-31 20:17:09.982691: I tensorflow/core/common_runtime/gpu/gpu_device.cc:923] Device interconnect StreamExecutor with strength 1 edge matrix:
2018-12-31 20:17:09.982731: I tensorflow/core/common_runtime/gpu/gpu_device.cc:929]      3 
2018-12-31 20:17:09.982745: I tensorflow/core/common_runtime/gpu/gpu_device.cc:942] 3:   N 
2018-12-31 20:17:09.983202: I tensorflow/core/common_runtime/gpu/gpu_device.cc:1053] Created TensorFlow device (/job:localhost/replica:0/task:0/device:GPU:0 with 14849 MB memory) -> physical GPU (device: 3, name: Tesla V100-SXM2-16GB, pci bus id: 0035:04:00.0, compute capability: 7.0)
2018-12-31 20:17:09.996366: I tensorflow/core/common_runtime/gpu/gpu_device.cc:923] Device interconnect StreamExecutor with strength 1 edge matrix:
2018-12-31 20:17:09.996409: I tensorflow/core/common_runtime/gpu/gpu_device.cc:929]      3 
2018-12-31 20:17:09.996417: I tensorflow/core/common_runtime/gpu/gpu_device.cc:942] 3:   N 
2018-12-31 20:17:09.996853: I tensorflow/core/common_runtime/gpu/gpu_device.cc:1053] Created TensorFlow device (/job:localhost/replica:0/task:0/device:GPU:0 with 14847 MB memory) -> physical GPU (device: 3, name: Tesla V100-SXM2-16GB, pci bus id: 0035:04:00.0, compute capability: 7.0)
2018-12-31 20:17:10.011525: I tensorflow/core/common_runtime/gpu/gpu_device.cc:923] Device interconnect StreamExecutor with strength 1 edge matrix:
2018-12-31 20:17:10.011561: I tensorflow/core/common_runtime/gpu/gpu_device.cc:929]      0 
2018-12-31 20:17:10.011570: I tensorflow/core/common_runtime/gpu/gpu_device.cc:942] 0:   N 
2018-12-31 20:17:10.012012: I tensorflow/core/common_runtime/gpu/gpu_device.cc:1053] Created TensorFlow device (/job:localhost/replica:0/task:0/device:GPU:0 with 14845 MB memory) -> physical GPU (device: 0, name: Tesla V100-SXM2-16GB, pci bus id: 0004:04:00.0, compute capability: 7.0)
INFO:tensorflow:Running local_init_op.
INFO:tensorflow:Running local_init_op.
2018-12-31 20:17:10.070917: I tensorflow/core/common_runtime/gpu/gpu_device.cc:1356] Found device 0 with properties: 
name: Tesla V100-SXM2-16GB major: 7 minor: 0 memoryClockRate(GHz): 1.53
pciBusID: 0035:03:00.0
totalMemory: 15.75GiB freeMemory: 15.34GiB
2018-12-31 20:17:10.070965: I tensorflow/core/common_runtime/gpu/gpu_device.cc:1435] Adding visible gpu devices: 2
INFO:tensorflow:Done running local_init_op.
INFO:tensorflow:Done running local_init_op.
INFO:tensorflow:Running local_init_op.
INFO:tensorflow:Done running local_init_op.
INFO:tensorflow:Running local_init_op.
INFO:tensorflow:Running local_init_op.
INFO:tensorflow:Running local_init_op.
INFO:tensorflow:Running local_init_op.
INFO:tensorflow:Running local_init_op.
INFO:tensorflow:Done running local_init_op.
INFO:tensorflow:Running local_init_op.
INFO:tensorflow:Done running local_init_op.
INFO:tensorflow:Running local_init_op.
INFO:tensorflow:Running local_init_op.
INFO:tensorflow:Done running local_init_op.
INFO:tensorflow:Done running local_init_op.
INFO:tensorflow:Done running local_init_op.
INFO:tensorflow:Done running local_init_op.
INFO:tensorflow:Done running local_init_op.
INFO:tensorflow:Done running local_init_op.
INFO:tensorflow:Running local_init_op.
INFO:tensorflow:Running local_init_op.
INFO:tensorflow:Done running local_init_op.
INFO:tensorflow:Running local_init_op.
INFO:tensorflow:Done running local_init_op.
INFO:tensorflow:Done running local_init_op.
2018-12-31 20:17:10.493624: I tensorflow/core/common_runtime/gpu/gpu_device.cc:923] Device interconnect StreamExecutor with strength 1 edge matrix:
2018-12-31 20:17:10.493672: I tensorflow/core/common_runtime/gpu/gpu_device.cc:929]      2 
2018-12-31 20:17:10.493687: I tensorflow/core/common_runtime/gpu/gpu_device.cc:942] 2:   N 
2018-12-31 20:17:10.494390: I tensorflow/core/common_runtime/gpu/gpu_device.cc:1053] Created TensorFlow device (/job:localhost/replica:0/task:0/device:GPU:0 with 14847 MB memory) -> physical GPU (device: 2, name: Tesla V100-SXM2-16GB, pci bus id: 0035:03:00.0, compute capability: 7.0)
INFO:tensorflow:Running local_init_op.
INFO:tensorflow:Done running local_init_op.
2018-12-31 20:17:22.135060: I tensorflow/core/kernels/data/shuffle_dataset_op.cc:94] Filling up shuffle buffer (this may take a while): 7991 of 20000
2018-12-31 20:17:22.135230: I tensorflow/core/kernels/data/shuffle_dataset_op.cc:94] Filling up shuffle buffer (this may take a while): 7630 of 20000
2018-12-31 20:17:22.135330: I tensorflow/core/kernels/data/shuffle_dataset_op.cc:94] Filling up shuffle buffer (this may take a while): 7682 of 20000
2018-12-31 20:17:22.136329: I tensorflow/core/kernels/data/shuffle_dataset_op.cc:94] Filling up shuffle buffer (this may take a while): 7842 of 20000
2018-12-31 20:17:22.136726: I tensorflow/core/kernels/data/shuffle_dataset_op.cc:94] Filling up shuffle buffer (this may take a while): 8431 of 20000
2018-12-31 20:17:22.137444: I tensorflow/core/kernels/data/shuffle_dataset_op.cc:94] Filling up shuffle buffer (this may take a while): 6549 of 20000
2018-12-31 20:17:22.137375: I tensorflow/core/kernels/data/shuffle_dataset_op.cc:94] Filling up shuffle buffer (this may take a while): 8245 of 20000
2018-12-31 20:17:22.138067: I tensorflow/core/kernels/data/shuffle_dataset_op.cc:94] Filling up shuffle buffer (this may take a while): 6777 of 20000
2018-12-31 20:17:22.138557: I tensorflow/core/kernels/data/shuffle_dataset_op.cc:94] Filling up shuffle buffer (this may take a while): 6461 of 20000
2018-12-31 20:17:22.138644: I tensorflow/core/kernels/data/shuffle_dataset_op.cc:94] Filling up shuffle buffer (this may take a while): 6725 of 20000
2018-12-31 20:17:22.139640: I tensorflow/core/kernels/data/shuffle_dataset_op.cc:94] Filling up shuffle buffer (this may take a while): 6698 of 20000
2018-12-31 20:17:22.140355: I tensorflow/core/kernels/data/shuffle_dataset_op.cc:94] Filling up shuffle buffer (this may take a while): 6462 of 20000
2018-12-31 20:17:22.142465: I tensorflow/core/kernels/data/shuffle_dataset_op.cc:94] Filling up shuffle buffer (this may take a while): 6854 of 20000
2018-12-31 20:17:22.158915: I tensorflow/core/kernels/data/shuffle_dataset_op.cc:94] Filling up shuffle buffer (this may take a while): 7883 of 20000
2018-12-31 20:17:22.159941: I tensorflow/core/kernels/data/shuffle_dataset_op.cc:94] Filling up shuffle buffer (this may take a while): 7899 of 20000
2018-12-31 20:17:22.318793: I tensorflow/core/kernels/data/shuffle_dataset_op.cc:94] Filling up shuffle buffer (this may take a while): 5173 of 20000
2018-12-31 20:17:32.134688: I tensorflow/core/kernels/data/shuffle_dataset_op.cc:94] Filling up shuffle buffer (this may take a while): 16178 of 20000
2018-12-31 20:17:32.135214: I tensorflow/core/kernels/data/shuffle_dataset_op.cc:94] Filling up shuffle buffer (this may take a while): 12581 of 20000
2018-12-31 20:17:32.135964: I tensorflow/core/kernels/data/shuffle_dataset_op.cc:94] Filling up shuffle buffer (this may take a while): 13150 of 20000
2018-12-31 20:17:32.136105: I tensorflow/core/kernels/data/shuffle_dataset_op.cc:94] Filling up shuffle buffer (this may take a while): 15653 of 20000
2018-12-31 20:17:32.136171: I tensorflow/core/kernels/data/shuffle_dataset_op.cc:94] Filling up shuffle buffer (this may take a while): 16928 of 20000
2018-12-31 20:17:32.136768: I tensorflow/core/kernels/data/shuffle_dataset_op.cc:94] Filling up shuffle buffer (this may take a while): 12884 of 20000
2018-12-31 20:17:32.136704: I tensorflow/core/kernels/data/shuffle_dataset_op.cc:94] Filling up shuffle buffer (this may take a while): 15471 of 20000
2018-12-31 20:17:32.136912: I tensorflow/core/kernels/data/shuffle_dataset_op.cc:94] Filling up shuffle buffer (this may take a while): 16489 of 20000
2018-12-31 20:17:32.137824: I tensorflow/core/kernels/data/shuffle_dataset_op.cc:94] Filling up shuffle buffer (this may take a while): 13468 of 20000
2018-12-31 20:17:32.137964: I tensorflow/core/kernels/data/shuffle_dataset_op.cc:94] Filling up shuffle buffer (this may take a while): 13659 of 20000
2018-12-31 20:17:32.138589: I tensorflow/core/kernels/data/shuffle_dataset_op.cc:94] Filling up shuffle buffer (this may take a while): 14042 of 20000
2018-12-31 20:17:32.138454: I tensorflow/core/kernels/data/shuffle_dataset_op.cc:94] Filling up shuffle buffer (this may take a while): 15404 of 20000
2018-12-31 20:17:32.138938: I tensorflow/core/kernels/data/shuffle_dataset_op.cc:94] Filling up shuffle buffer (this may take a while): 13416 of 20000
2018-12-31 20:17:32.158655: I tensorflow/core/kernels/data/shuffle_dataset_op.cc:94] Filling up shuffle buffer (this may take a while): 15840 of 20000
2018-12-31 20:17:32.160844: I tensorflow/core/kernels/data/shuffle_dataset_op.cc:94] Filling up shuffle buffer (this may take a while): 15900 of 20000
2018-12-31 20:17:32.318211: I tensorflow/core/kernels/data/shuffle_dataset_op.cc:94] Filling up shuffle buffer (this may take a while): 10558 of 20000
2018-12-31 20:17:35.686270: I tensorflow/core/kernels/data/shuffle_dataset_op.cc:129] Shuffle buffer filled.
2018-12-31 20:17:36.411035: I tensorflow/core/kernels/data/shuffle_dataset_op.cc:129] Shuffle buffer filled.
2018-12-31 20:17:36.781636: I tensorflow/core/kernels/data/shuffle_dataset_op.cc:129] Shuffle buffer filled.
2018-12-31 20:17:37.332373: I tensorflow/core/kernels/data/shuffle_dataset_op.cc:129] Shuffle buffer filled.
2018-12-31 20:17:37.487089: I tensorflow/core/kernels/data/shuffle_dataset_op.cc:129] Shuffle buffer filled.
2018-12-31 20:17:37.648475: I tensorflow/core/kernels/data/shuffle_dataset_op.cc:129] Shuffle buffer filled.
2018-12-31 20:17:37.846741: I tensorflow/core/kernels/data/shuffle_dataset_op.cc:129] Shuffle buffer filled.
2018-12-31 20:17:37.966614: I tensorflow/core/kernels/data/shuffle_dataset_op.cc:129] Shuffle buffer filled.
2018-12-31 20:17:40.505254: I tensorflow/core/kernels/data/shuffle_dataset_op.cc:129] Shuffle buffer filled.
2018-12-31 20:17:41.726052: I tensorflow/core/kernels/data/shuffle_dataset_op.cc:129] Shuffle buffer filled.
2018-12-31 20:17:41.866451: I tensorflow/core/kernels/data/shuffle_dataset_op.cc:129] Shuffle buffer filled.
2018-12-31 20:17:41.883274: I tensorflow/core/kernels/data/shuffle_dataset_op.cc:129] Shuffle buffer filled.
2018-12-31 20:17:42.136164: I tensorflow/core/kernels/data/shuffle_dataset_op.cc:94] Filling up shuffle buffer (this may take a while): 19609 of 20000
2018-12-31 20:17:42.136188: I tensorflow/core/kernels/data/shuffle_dataset_op.cc:94] Filling up shuffle buffer (this may take a while): 18581 of 20000
2018-12-31 20:17:42.139194: I tensorflow/core/kernels/data/shuffle_dataset_op.cc:94] Filling up shuffle buffer (this may take a while): 19452 of 20000
2018-12-31 20:17:42.322539: I tensorflow/core/kernels/data/shuffle_dataset_op.cc:94] Filling up shuffle buffer (this may take a while): 15940 of 20000
2018-12-31 20:17:42.658544: I tensorflow/core/kernels/data/shuffle_dataset_op.cc:129] Shuffle buffer filled.
2018-12-31 20:17:42.964109: I tensorflow/core/kernels/data/shuffle_dataset_op.cc:129] Shuffle buffer filled.
2018-12-31 20:17:43.986859: I tensorflow/core/kernels/data/shuffle_dataset_op.cc:129] Shuffle buffer filled.
2018-12-31 20:17:48.235400: I tensorflow/core/kernels/data/shuffle_dataset_op.cc:129] Shuffle buffer filled.
INFO:tensorflow:loss = 2.302992, step = 0
INFO:tensorflow:loss = 2.2984667, step = 0
INFO:tensorflow:loss = 2.3071384, step = 0
INFO:tensorflow:accuracy = 0.109375, loss = 2.2984667, global_step = 0
INFO:tensorflow:accuracy = 0.03125, loss = 2.3071384, global_step = 0
INFO:tensorflow:loss = 2.3067303, step = 0
INFO:tensorflow:accuracy = 0.09375, loss = 2.3067303, global_step = 0
INFO:tensorflow:accuracy = 0.140625, loss = 2.302992, global_step = 0
INFO:tensorflow:loss = 2.3047943, step = 0
INFO:tensorflow:accuracy = 0.0625, loss = 2.3047943, global_step = 0
INFO:tensorflow:loss = 2.305561, step = 0
INFO:tensorflow:loss = 2.2994332, step = 0
INFO:tensorflow:loss = 2.3158014, step = 0
INFO:tensorflow:accuracy = 0.140625, loss = 2.2994332, global_step = 0
INFO:tensorflow:accuracy = 0.015625, loss = 2.3158014, global_step = 0
INFO:tensorflow:loss = 2.3116565, step = 0
INFO:tensorflow:accuracy = 0.078125, loss = 2.3116565, global_step = 0
INFO:tensorflow:accuracy = 0.046875, loss = 2.305561, global_step = 0
INFO:tensorflow:loss = 2.3002586, step = 0
INFO:tensorflow:loss = 2.303276, step = 0
INFO:tensorflow:accuracy = 0.078125, loss = 2.3002586, global_step = 0
INFO:tensorflow:loss = 2.299716, step = 0
INFO:tensorflow:accuracy = 0.046875, loss = 2.303276, global_step = 0
INFO:tensorflow:loss = 2.300518, step = 0
INFO:tensorflow:loss = 2.3090749, step = 0
INFO:tensorflow:accuracy = 0.09375, loss = 2.300518, global_step = 0
INFO:tensorflow:accuracy = 0.0625, loss = 2.3090749, global_step = 0
INFO:tensorflow:accuracy = 0.109375, loss = 2.299716, global_step = 0
INFO:tensorflow:loss = 2.3079183, step = 0
INFO:tensorflow:accuracy = 0.09375, loss = 2.3079183, global_step = 0
INFO:tensorflow:loss = 2.303412, step = 0
INFO:tensorflow:accuracy = 0.09375, loss = 2.303412, global_step = 0
INFO:tensorflow:accuracy = 0.1015625, loss = 2.2982035, global_step = 10 (4.892 sec)
INFO:tensorflow:accuracy = 0.09375, loss = 2.313106, global_step = 10 (4.904 sec)
INFO:tensorflow:accuracy = 0.0859375, loss = 2.3052554, global_step = 10 (4.904 sec)
INFO:tensorflow:accuracy = 0.1171875, loss = 2.301313, global_step = 10 (4.904 sec)
INFO:tensorflow:accuracy = 0.03125, loss = 2.3142922, global_step = 10 (4.893 sec)
INFO:tensorflow:accuracy = 0.0703125, loss = 2.3026326, global_step = 10 (4.902 sec)
INFO:tensorflow:accuracy = 0.109375, loss = 2.299615, global_step = 10 (4.893 sec)
INFO:tensorflow:accuracy = 0.0625, loss = 2.3081932, global_step = 10 (4.903 sec)
INFO:tensorflow:accuracy = 0.0625, loss = 2.3025577, global_step = 10 (4.892 sec)
INFO:tensorflow:accuracy = 0.0859375, loss = 2.3070555, global_step = 10 (4.891 sec)
INFO:tensorflow:accuracy = 0.125, loss = 2.301175, global_step = 10 (4.903 sec)
INFO:tensorflow:accuracy = 0.1015625, loss = 2.2968717, global_step = 10 (4.902 sec)
INFO:tensorflow:accuracy = 0.0703125, loss = 2.2938275, global_step = 10 (4.903 sec)
INFO:tensorflow:accuracy = 0.0625, loss = 2.3086126, global_step = 10 (4.904 sec)
INFO:tensorflow:accuracy = 0.0859375, loss = 2.298544, global_step = 10 (4.892 sec)
INFO:tensorflow:accuracy = 0.109375, loss = 2.2947407, global_step = 10 (4.888 sec)
INFO:tensorflow:accuracy = 0.104166664, loss = 2.2979832, global_step = 20 (3.867 sec)
INFO:tensorflow:accuracy = 0.114583336, loss = 2.2983518, global_step = 20 (3.867 sec)
INFO:tensorflow:accuracy = 0.109375, loss = 2.3079677, global_step = 20 (3.867 sec)
INFO:tensorflow:accuracy = 0.067708336, loss = 2.3015616, global_step = 20 (3.867 sec)
INFO:tensorflow:accuracy = 0.0625, loss = 2.3022172, global_step = 20 (3.867 sec)
INFO:tensorflow:accuracy = 0.072916664, loss = 2.3022547, global_step = 20 (3.867 sec)
INFO:tensorflow:accuracy = 0.088541664, loss = 2.3019235, global_step = 20 (3.867 sec)
INFO:tensorflow:accuracy = 0.104166664, loss = 2.3040223, global_step = 20 (3.867 sec)
INFO:tensorflow:accuracy = 0.083333336, loss = 2.3106966, global_step = 20 (3.867 sec)
INFO:tensorflow:accuracy = 0.119791664, loss = 2.3051398, global_step = 20 (3.867 sec)
INFO:tensorflow:accuracy = 0.078125, loss = 2.2963157, global_step = 20 (3.867 sec)
INFO:tensorflow:accuracy = 0.088541664, loss = 2.2912128, global_step = 20 (3.867 sec)
INFO:tensorflow:accuracy = 0.072916664, loss = 2.3010168, global_step = 20 (3.867 sec)
INFO:tensorflow:accuracy = 0.104166664, loss = 2.3033702, global_step = 20 (3.867 sec)
INFO:tensorflow:accuracy = 0.088541664, loss = 2.3061457, global_step = 20 (3.867 sec)
INFO:tensorflow:accuracy = 0.104166664, loss = 2.2913365, global_step = 20 (3.869 sec)
INFO:tensorflow:Benchmark metric: {'name': 'average_examples_per_sec', 'value': 165.3507430499339, 'unit': None, 'global_step': 21, 'timestamp': '2018-12-31T19:18:02.550844Z', 'extras': []}
INFO:tensorflow:Benchmark metric: {'name': 'average_examples_per_sec', 'value': 165.35373757269613, 'unit': None, 'global_step': 21, 'timestamp': '2018-12-31T19:18:02.550844Z', 'extras': []}
INFO:tensorflow:Benchmark metric: {'name': 'average_examples_per_sec', 'value': 165.351578246056, 'unit': None, 'global_step': 21, 'timestamp': '2018-12-31T19:18:02.550844Z', 'extras': []}
INFO:tensorflow:Benchmark metric: {'name': 'average_examples_per_sec', 'value': 165.3513949095991, 'unit': None, 'global_step': 21, 'timestamp': '2018-12-31T19:18:02.551040Z', 'extras': []}
INFO:tensorflow:Benchmark metric: {'name': 'average_examples_per_sec', 'value': 165.35384961476842, 'unit': None, 'global_step': 21, 'timestamp': '2018-12-31T19:18:02.550696Z', 'extras': []}
INFO:tensorflow:Benchmark metric: {'name': 'average_examples_per_sec', 'value': 165.3488689820253, 'unit': None, 'global_step': 21, 'timestamp': '2018-12-31T19:18:02.550645Z', 'extras': []}
INFO:tensorflow:Benchmark metric: {'name': 'average_examples_per_sec', 'value': 165.35070230887547, 'unit': None, 'global_step': 21, 'timestamp': '2018-12-31T19:18:02.550696Z', 'extras': []}
INFO:tensorflow:Benchmark metric: {'name': 'current_examples_per_sec', 'value': 165.3513949095991, 'unit': None, 'global_step': 21, 'timestamp': '2018-12-31T19:18:02.551252Z', 'extras': []}
INFO:tensorflow:Benchmark metric: {'name': 'current_examples_per_sec', 'value': 165.3507430499339, 'unit': None, 'global_step': 21, 'timestamp': '2018-12-31T19:18:02.551082Z', 'extras': []}
INFO:tensorflow:Benchmark metric: {'name': 'current_examples_per_sec', 'value': 165.35373757269613, 'unit': None, 'global_step': 21, 'timestamp': '2018-12-31T19:18:02.551082Z', 'extras': []}
INFO:tensorflow:Benchmark metric: {'name': 'current_examples_per_sec', 'value': 165.351578246056, 'unit': None, 'global_step': 21, 'timestamp': '2018-12-31T19:18:02.551088Z', 'extras': []}
INFO:tensorflow:Benchmark metric: {'name': 'average_examples_per_sec', 'value': 165.36076596028835, 'unit': None, 'global_step': 21, 'timestamp': '2018-12-31T19:18:02.550988Z', 'extras': []}
INFO:tensorflow:Benchmark metric: {'name': 'average_examples_per_sec', 'value': 165.3507328646674, 'unit': None, 'global_step': 21, 'timestamp': '2018-12-31T19:18:02.550696Z', 'extras': []}
INFO:tensorflow:Benchmark metric: {'name': 'average_examples_per_sec', 'value': 165.35005045467105, 'unit': None, 'global_step': 21, 'timestamp': '2018-12-31T19:18:02.551129Z', 'extras': []}
INFO:tensorflow:Benchmark metric: {'name': 'current_examples_per_sec', 'value': 165.3507328646674, 'unit': None, 'global_step': 21, 'timestamp': '2018-12-31T19:18:02.550936Z', 'extras': []}
INFO:tensorflow:Benchmark metric: {'name': 'current_examples_per_sec', 'value': 165.35005045467105, 'unit': None, 'global_step': 21, 'timestamp': '2018-12-31T19:18:02.551378Z', 'extras': []}
INFO:tensorflow:Benchmark metric: {'name': 'average_examples_per_sec', 'value': 165.3488893521003, 'unit': None, 'global_step': 21, 'timestamp': '2018-12-31T19:18:02.550645Z', 'extras': []}
INFO:tensorflow:Benchmark metric: {'name': 'current_examples_per_sec', 'value': 165.35384961476842, 'unit': None, 'global_step': 21, 'timestamp': '2018-12-31T19:18:02.550936Z', 'extras': []}
INFO:tensorflow:Benchmark metric: {'name': 'average_examples_per_sec', 'value': 165.34233044732866, 'unit': None, 'global_step': 21, 'timestamp': '2018-12-31T19:18:02.551320Z', 'extras': []}
INFO:tensorflow:Benchmark metric: {'name': 'current_examples_per_sec', 'value': 165.36076596028835, 'unit': None, 'global_step': 21, 'timestamp': '2018-12-31T19:18:02.551303Z', 'extras': []}
INFO:tensorflow:Benchmark metric: {'name': 'average_examples_per_sec', 'value': 165.350142121358, 'unit': None, 'global_step': 21, 'timestamp': '2018-12-31T19:18:02.550661Z', 'extras': []}
INFO:tensorflow:Benchmark metric: {'name': 'current_examples_per_sec', 'value': 165.35070230887547, 'unit': None, 'global_step': 21, 'timestamp': '2018-12-31T19:18:02.550935Z', 'extras': []}
INFO:tensorflow:Benchmark metric: {'name': 'current_examples_per_sec', 'value': 165.3488893521003, 'unit': None, 'global_step': 21, 'timestamp': '2018-12-31T19:18:02.550888Z', 'extras': []}
INFO:tensorflow:Benchmark metric: {'name': 'current_examples_per_sec', 'value': 165.3488689820253, 'unit': None, 'global_step': 21, 'timestamp': '2018-12-31T19:18:02.550888Z', 'extras': []}
INFO:tensorflow:Benchmark metric: {'name': 'current_examples_per_sec', 'value': 165.34233044732866, 'unit': None, 'global_step': 21, 'timestamp': '2018-12-31T19:18:02.551582Z', 'extras': []}
INFO:tensorflow:Benchmark metric: {'name': 'current_examples_per_sec', 'value': 165.350142121358, 'unit': None, 'global_step': 21, 'timestamp': '2018-12-31T19:18:02.550915Z', 'extras': []}
INFO:tensorflow:Benchmark metric: {'name': 'average_examples_per_sec', 'value': 165.33539527709516, 'unit': None, 'global_step': 21, 'timestamp': '2018-12-31T19:18:02.551092Z', 'extras': []}
INFO:tensorflow:Benchmark metric: {'name': 'current_examples_per_sec', 'value': 165.33539527709516, 'unit': None, 'global_step': 21, 'timestamp': '2018-12-31T19:18:02.551284Z', 'extras': []}
INFO:tensorflow:Benchmark metric: {'name': 'average_examples_per_sec', 'value': 165.3084137334919, 'unit': None, 'global_step': 21, 'timestamp': '2018-12-31T19:18:02.551701Z', 'extras': []}
INFO:tensorflow:Benchmark metric: {'name': 'current_examples_per_sec', 'value': 165.3084137334919, 'unit': None, 'global_step': 21, 'timestamp': '2018-12-31T19:18:02.551976Z', 'extras': []}
INFO:tensorflow:Benchmark metric: {'name': 'average_examples_per_sec', 'value': 164.77159712871241, 'unit': None, 'global_step': 21, 'timestamp': '2018-12-31T19:18:02.564774Z', 'extras': []}
INFO:tensorflow:Benchmark metric: {'name': 'current_examples_per_sec', 'value': 164.77159712871241, 'unit': None, 'global_step': 21, 'timestamp': '2018-12-31T19:18:02.565049Z', 'extras': []}
INFO:tensorflow:accuracy = 0.1171875, loss = 2.302619, global_step = 30 (3.877 sec)
INFO:tensorflow:accuracy = 0.09765625, loss = 2.3034284, global_step = 30 (3.877 sec)
INFO:tensorflow:accuracy = 0.0859375, loss = 2.3082113, global_step = 30 (3.877 sec)
INFO:tensorflow:accuracy = 0.08203125, loss = 2.3038416, global_step = 30 (3.877 sec)
INFO:tensorflow:accuracy = 0.08203125, loss = 2.3081303, global_step = 30 (3.877 sec)
INFO:tensorflow:accuracy = 0.08203125, loss = 2.3034382, global_step = 30 (3.877 sec)
INFO:tensorflow:accuracy = 0.1015625, loss = 2.3070962, global_step = 30 (3.877 sec)
INFO:tensorflow:accuracy = 0.0703125, loss = 2.3079689, global_step = 30 (3.877 sec)
INFO:tensorflow:accuracy = 0.0703125, loss = 2.3023877, global_step = 30 (3.877 sec)
INFO:tensorflow:accuracy = 0.0859375, loss = 2.3078923, global_step = 30 (3.877 sec)
INFO:tensorflow:accuracy = 0.1015625, loss = 2.296475, global_step = 30 (3.877 sec)
INFO:tensorflow:accuracy = 0.10546875, loss = 2.2975056, global_step = 30 (3.877 sec)
INFO:tensorflow:accuracy = 0.078125, loss = 2.3087354, global_step = 30 (3.877 sec)
INFO:tensorflow:accuracy = 0.08984375, loss = 2.3031297, global_step = 30 (3.877 sec)
INFO:tensorflow:accuracy = 0.109375, loss = 2.2974484, global_step = 30 (3.877 sec)
2018-12-31 20:18:06.052946: E tensorflow/core/kernels/data/cache_dataset_ops.cc:314] The calling iterator did not fully read the dataset we were attempting to cache. In order to avoid unexpected truncation of the sequence, the current [partially cached] sequence will be dropped. This can occur if you have a sequence similar to `dataset.cache().take(k).repeat()`. Instead, swap the order (i.e. `dataset.take(k).cache().repeat()`)
2018-12-31 20:18:06.053198: E tensorflow/core/kernels/data/cache_dataset_ops.cc:314] The calling iterator did not fully read the dataset we were attempting to cache. In order to avoid unexpected truncation of the sequence, the current [partially cached] sequence will be dropped. This can occur if you have a sequence similar to `dataset.cache().take(k).repeat()`. Instead, swap the order (i.e. `dataset.take(k).cache().repeat()`)
2018-12-31 20:18:06.053439: E tensorflow/core/kernels/data/cache_dataset_ops.cc:314] The calling iterator did not fully read the dataset we were attempting to cache. In order to avoid unexpected truncation of the sequence, the current [partially cached] sequence will be dropped. This can occur if you have a sequence similar to `dataset.cache().take(k).repeat()`. Instead, swap the order (i.e. `dataset.take(k).cache().repeat()`)
2018-12-31 20:18:06.053618: E tensorflow/core/kernels/data/cache_dataset_ops.cc:314] The calling iterator did not fully read the dataset we were attempting to cache. In order to avoid unexpected truncation of the sequence, the current [partially cached] sequence will be dropped. This can occur if you have a sequence similar to `dataset.cache().take(k).repeat()`. Instead, swap the order (i.e. `dataset.take(k).cache().repeat()`)
2018-12-31 20:18:06.053964: E tensorflow/core/kernels/data/cache_dataset_ops.cc:314] The calling iterator did not fully read the dataset we were attempting to cache. In order to avoid unexpected truncation of the sequence, the current [partially cached] sequence will be dropped. This can occur if you have a sequence similar to `dataset.cache().take(k).repeat()`. Instead, swap the order (i.e. `dataset.take(k).cache().repeat()`)
2018-12-31 20:18:06.054353: E tensorflow/core/kernels/data/cache_dataset_ops.cc:314] The calling iterator did not fully read the dataset we were attempting to cache. In order to avoid unexpected truncation of the sequence, the current [partially cached] sequence will be dropped. This can occur if you have a sequence similar to `dataset.cache().take(k).repeat()`. Instead, swap the order (i.e. `dataset.take(k).cache().repeat()`)
2018-12-31 20:18:06.054624: E tensorflow/core/kernels/data/cache_dataset_ops.cc:314] The calling iterator did not fully read the dataset we were attempting to cache. In order to avoid unexpected truncation of the sequence, the current [partially cached] sequence will be dropped. This can occur if you have a sequence similar to `dataset.cache().take(k).repeat()`. Instead, swap the order (i.e. `dataset.take(k).cache().repeat()`)
2018-12-31 20:18:06.054511: E tensorflow/core/kernels/data/cache_dataset_ops.cc:314] The calling iterator did not fully read the dataset we were attempting to cache. In order to avoid unexpected truncation of the sequence, the current [partially cached] sequence will be dropped. This can occur if you have a sequence similar to `dataset.cache().take(k).repeat()`. Instead, swap the order (i.e. `dataset.take(k).cache().repeat()`)
2018-12-31 20:18:06.054570: E tensorflow/core/kernels/data/cache_dataset_ops.cc:314] The calling iterator did not fully read the dataset we were attempting to cache. In order to avoid unexpected truncation of the sequence, the current [partially cached] sequence will be dropped. This can occur if you have a sequence similar to `dataset.cache().take(k).repeat()`. Instead, swap the order (i.e. `dataset.take(k).cache().repeat()`)
2018-12-31 20:18:06.054796: E tensorflow/core/kernels/data/cache_dataset_ops.cc:314] The calling iterator did not fully read the dataset we were attempting to cache. In order to avoid unexpected truncation of the sequence, the current [partially cached] sequence will be dropped. This can occur if you have a sequence similar to `dataset.cache().take(k).repeat()`. Instead, swap the order (i.e. `dataset.take(k).cache().repeat()`)
2018-12-31 20:18:06.054936: E tensorflow/core/kernels/data/cache_dataset_ops.cc:314] The calling iterator did not fully read the dataset we were attempting to cache. In order to avoid unexpected truncation of the sequence, the current [partially cached] sequence will be dropped. This can occur if you have a sequence similar to `dataset.cache().take(k).repeat()`. Instead, swap the order (i.e. `dataset.take(k).cache().repeat()`)
2018-12-31 20:18:06.055960: E tensorflow/core/kernels/data/cache_dataset_ops.cc:314] The calling iterator did not fully read the dataset we were attempting to cache. In order to avoid unexpected truncation of the sequence, the current [partially cached] sequence will be dropped. This can occur if you have a sequence similar to `dataset.cache().take(k).repeat()`. Instead, swap the order (i.e. `dataset.take(k).cache().repeat()`)
2018-12-31 20:18:06.057547: E tensorflow/core/kernels/data/cache_dataset_ops.cc:314] The calling iterator did not fully read the dataset we were attempting to cache. In order to avoid unexpected truncation of the sequence, the current [partially cached] sequence will be dropped. This can occur if you have a sequence similar to `dataset.cache().take(k).repeat()`. Instead, swap the order (i.e. `dataset.take(k).cache().repeat()`)
2018-12-31 20:18:06.058841: E tensorflow/core/kernels/data/cache_dataset_ops.cc:314] The calling iterator did not fully read the dataset we were attempting to cache. In order to avoid unexpected truncation of the sequence, the current [partially cached] sequence will be dropped. This can occur if you have a sequence similar to `dataset.cache().take(k).repeat()`. Instead, swap the order (i.e. `dataset.take(k).cache().repeat()`)
2018-12-31 20:18:06.059043: E tensorflow/core/kernels/data/cache_dataset_ops.cc:314] The calling iterator did not fully read the dataset we were attempting to cache. In order to avoid unexpected truncation of the sequence, the current [partially cached] sequence will be dropped. This can occur if you have a sequence similar to `dataset.cache().take(k).repeat()`. Instead, swap the order (i.e. `dataset.take(k).cache().repeat()`)
INFO:tensorflow:accuracy = 0.0703125, loss = 2.3053632, global_step = 30 (3.891 sec)
2018-12-31 20:18:06.068375: E tensorflow/core/kernels/data/cache_dataset_ops.cc:314] The calling iterator did not fully read the dataset we were attempting to cache. In order to avoid unexpected truncation of the sequence, the current [partially cached] sequence will be dropped. This can occur if you have a sequence similar to `dataset.cache().take(k).repeat()`. Instead, swap the order (i.e. `dataset.take(k).cache().repeat()`)
INFO:tensorflow:Loss for final step: 2.3079689.
 ---------------------- Stopping train for 9 ----------------------
INFO:tensorflow:Loss for final step: 2.3034382.
 ---------------------- Stopping train for 5 ----------------------
INFO:tensorflow:Loss for final step: 2.3087354.
 ---------------------- Stopping train for 11 ----------------------
INFO:tensorflow:Loss for final step: 2.296475.
 ---------------------- Stopping train for 8 ----------------------
INFO:tensorflow:Loss for final step: 2.2974484.
 ---------------------- Stopping train for 6 ----------------------
INFO:tensorflow:Loss for final step: 2.3081303.
 ---------------------- Stopping train for 14 ----------------------
INFO:tensorflow:Loss for final step: 2.2975056.
 ---------------------- Stopping train for 10 ----------------------
INFO:tensorflow:Loss for final step: 2.3053632.
 ---------------------- Stopping train for 7 ----------------------
INFO:tensorflow:Loss for final step: 2.3070962.
 ---------------------- Stopping train for 12 ----------------------
INFO:tensorflow:Loss for final step: 2.3034284.
INFO:tensorflow:Loss for final step: 2.3078923.
 ---------------------- Stopping train for 4 ----------------------
 ---------------------- Stopping train for 0 ----------------------
 ---------------------- Training took 65.32259011268616 s ----------------------
INFO:tensorflow:Loss for final step: 2.302619.
 ---------------------- Stopping train for 3 ----------------------
INFO:tensorflow:Loss for final step: 2.3023877.
 ---------------------- Stopping train for 13 ----------------------
INFO:tensorflow:Loss for final step: 2.3038416.
 ---------------------- Stopping train for 15 ----------------------
INFO:tensorflow:Loss for final step: 2.3082113.
 ---------------------- Stopping train for 1 ----------------------
INFO:tensorflow:Loss for final step: 2.3031297.
 ---------------------- Stopping train for 2 ----------------------
