p9r3n10:73792:73820 [0] INFO NET : Using interface ib0:10.1.1.46<0>
p9r3n10:73792:73820 [0] INFO NET/IB : Using interface ib0 for sideband communication
p9r3n10:73792:73820 [0] INFO NET/IB: [1] mlx5_0:1/IB 
p9r3n10:73792:73820 [0] INFO Using internal Network IB
p9r3n10:73792:73820 [0] INFO Using NCCL Low-latency algorithm for sizes below 16384
p9r3n10:73792:73820 [0] INFO NET : Using interface ib0:10.1.1.46<0>
p9r3n10:73792:73820 [0] INFO NET/Socket : 1 interfaces found
NCCL version 2.2.12+cuda9.2
p9r3n10:73793:73819 [1] INFO NET : Using interface ib0:10.1.1.46<0>
p9r3n10:73793:73819 [1] INFO NET/IB : Using interface ib0 for sideband communication
p9r3n10:73793:73819 [1] INFO NET/IB: [1] mlx5_0:1/IB 
p9r3n10:73793:73819 [1] INFO Using internal Network IB
p9r3n10:73793:73819 [1] INFO Using NCCL Low-latency algorithm for sizes below 16384
p9r3n10:73792:73820 [0] INFO comm 0x3fff550d0480 rank 0 nranks 2
p9r3n10:73792:73820 [0] INFO CUDA Dev 0, IB Ports : mlx5_0/1(SOC) 
p9r3n10:73793:73819 [1] INFO comm 0x3fff4513dae0 rank 1 nranks 2
p9r3n10:73793:73819 [1] INFO NET : Using interface ib0:10.1.1.46<0>
p9r3n10:73793:73819 [1] INFO NET/Socket : 1 interfaces found
p9r3n10:73793:73819 [1] INFO CUDA Dev 1, IB Ports : mlx5_0/1(SOC) 
p9r3n10:73792:73820 [0] INFO Using 256 threads
p9r3n10:73792:73820 [0] INFO Min Comp Cap 7
p9r3n10:73792:73820 [0] INFO NCCL_SINGLE_RING_THRESHOLD=262144
p9r3n10:73792:73820 [0] INFO Ring 00 :    0   1
p9r3n10:73792:73820 [0] INFO 0[73792] -> 1[73793] via direct shared memory
p9r3n10:73793:73819 [1] INFO 1[73793] -> 0[73792] via direct shared memory
p9r3n10:73792:73820 [0] INFO Launch mode Parallel
