unload bsc/commands (PATH, MANPATH) 
unload CUDA/9.1 (PATH, MANPATH, LD_LIBRARY_PATH, LIBRARY_PATH, C_INCLUDE_PATH,
CPLUS_INCLUDE_PATH, CUDA_HOME, CUDA_VERSION, CUDA_INC, CUDA_INSTALL_PATH) 
unload OPENMPI/3.0.0 (PATH, MANPATH, LD_LIBRARY_PATH, LIBRARY_PATH,
PKG_CONFIG_PATH, C_INCLUDE_PATH, CPLUS_INCLUDE_PATH, MPI, MPI_V) 
unload GCC/6.4.0 (PATH, MANPATH, INFOPATH, LD_LIBRARY_PATH, LIBRARY_PATH,
C_INCLUDE_PATH, CPLUS_INCLUDE_PATH, STD COMP VARS) 
load GCC/6.4.0 (PATH, MANPATH, INFOPATH, LD_LIBRARY_PATH, LIBRARY_PATH,
C_INCLUDE_PATH, CPLUS_INCLUDE_PATH, STD COMP VARS) 
load JAVA/ibm_8.0.5.15 (PATH, C_INCLUDE_PATH, CPLUS_INCLUDE_PATH, JAVA_HOME,
JAVA_ROOT, JAVA_BINDIR, SDK_HOME, JRE_HOME) 
load OPENMPI/3.0.0 (PATH, MANPATH, LD_LIBRARY_PATH, LIBRARY_PATH,
PKG_CONFIG_PATH, C_INCLUDE_PATH, CPLUS_INCLUDE_PATH, MPI, MPI_V) 
load CUDA/9.2 (PATH, MANPATH, LD_LIBRARY_PATH, LIBRARY_PATH, C_INCLUDE_PATH,
CPLUS_INCLUDE_PATH, CUDA_HOME, CUDA_VERSION, CUDA_INC, CUDA_INSTALL_PATH) 
load ATLAS/3.10.3 (LD_LIBRARY_PATH, LIBRARY_PATH, C_INCLUDE_PATH,
CPLUS_INCLUDE_PATH) 
INFO:tensorflow:Using config: {'_model_dir': '/gpfs/home/sam14/sam14015/task/proj/models/cifar10_inception_v4.8', '_tf_random_seed': None, '_save_summary_steps': 100, '_save_checkpoints_steps': None, '_save_checkpoints_secs': None, '_session_config': gpu_options {
  allow_growth: true
  visible_device_list: "0"
}
, '_keep_checkpoint_max': 5, '_keep_checkpoint_every_n_hours': 10000, '_log_step_count_steps': 100, '_train_distribute': None, '_service': None, '_cluster_spec': <tensorflow.python.training.server_lib.ClusterSpec object at 0x3fff373d46d8>, '_task_type': 'worker', '_task_id': 0, '_global_id_in_cluster': 0, '_master': '', '_evaluation_master': '', '_is_chief': True, '_num_ps_replicas': 0, '_num_worker_replicas': 1}
WARNING:tensorflow:Using temporary folder as model directory: /scratch/tmp/1112728/tmpqud2rrp6
INFO:tensorflow:Using config: {'_model_dir': '/scratch/tmp/1112728/tmpqud2rrp6', '_tf_random_seed': None, '_save_summary_steps': 100, '_save_checkpoints_steps': None, '_save_checkpoints_secs': None, '_session_config': gpu_options {
  allow_growth: true
  visible_device_list: "0"
}
, '_keep_checkpoint_max': 5, '_keep_checkpoint_every_n_hours': 10000, '_log_step_count_steps': 100, '_train_distribute': None, '_service': None, '_cluster_spec': <tensorflow.python.training.server_lib.ClusterSpec object at 0x3fff321d4710>, '_task_type': 'worker', '_task_id': 0, '_global_id_in_cluster': 0, '_master': '', '_evaluation_master': '', '_is_chief': True, '_num_ps_replicas': 0, '_num_worker_replicas': 1}
WARNING:tensorflow:Using temporary folder as model directory: /scratch/tmp/1112728/tmps62w8w56
WARNING:tensorflow:Using temporary folder as model directory: /scratch/tmp/1112728/tmpv2enl51b
INFO:tensorflow:Using config: {'_model_dir': '/scratch/tmp/1112728/tmps62w8w56', '_tf_random_seed': None, '_save_summary_steps': 100, '_save_checkpoints_steps': None, '_save_checkpoints_secs': None, '_session_config': gpu_options {
  allow_growth: true
  visible_device_list: "2"
}
, '_keep_checkpoint_max': 5, '_keep_checkpoint_every_n_hours': 10000, '_log_step_count_steps': 100, '_train_distribute': None, '_service': None, '_cluster_spec': <tensorflow.python.training.server_lib.ClusterSpec object at 0x3fff5bc54710>, '_task_type': 'worker', '_task_id': 0, '_global_id_in_cluster': 0, '_master': '', '_evaluation_master': '', '_is_chief': True, '_num_ps_replicas': 0, '_num_worker_replicas': 1}
INFO:tensorflow:Using config: {'_model_dir': '/scratch/tmp/1112728/tmpv2enl51b', '_tf_random_seed': None, '_save_summary_steps': 100, '_save_checkpoints_steps': None, '_save_checkpoints_secs': None, '_session_config': gpu_options {
  allow_growth: true
  visible_device_list: "2"
}
, '_keep_checkpoint_max': 5, '_keep_checkpoint_every_n_hours': 10000, '_log_step_count_steps': 100, '_train_distribute': None, '_service': None, '_cluster_spec': <tensorflow.python.training.server_lib.ClusterSpec object at 0x3fff4e954748>, '_task_type': 'worker', '_task_id': 0, '_global_id_in_cluster': 0, '_master': '', '_evaluation_master': '', '_is_chief': True, '_num_ps_replicas': 0, '_num_worker_replicas': 1}
WARNING:tensorflow:Using temporary folder as model directory: /scratch/tmp/1112728/tmpdv0gyli3
INFO:tensorflow:Using config: {'_model_dir': '/scratch/tmp/1112728/tmpdv0gyli3', '_tf_random_seed': None, '_save_summary_steps': 100, '_save_checkpoints_steps': None, '_save_checkpoints_secs': None, '_session_config': gpu_options {
  allow_growth: true
  visible_device_list: "3"
}
, '_keep_checkpoint_max': 5, '_keep_checkpoint_every_n_hours': 10000, '_log_step_count_steps': 100, '_train_distribute': None, '_service': None, '_cluster_spec': <tensorflow.python.training.server_lib.ClusterSpec object at 0x3fff3d854710>, '_task_type': 'worker', '_task_id': 0, '_global_id_in_cluster': 0, '_master': '', '_evaluation_master': '', '_is_chief': True, '_num_ps_replicas': 0, '_num_worker_replicas': 1}
WARNING:tensorflow:Using temporary folder as model directory: /scratch/tmp/1112728/tmp0c6ql6c7
INFO:tensorflow:Using config: {'_model_dir': '/scratch/tmp/1112728/tmp0c6ql6c7', '_tf_random_seed': None, '_save_summary_steps': 100, '_save_checkpoints_steps': None, '_save_checkpoints_secs': None, '_session_config': gpu_options {
  allow_growth: true
  visible_device_list: "1"
}
, '_keep_checkpoint_max': 5, '_keep_checkpoint_every_n_hours': 10000, '_log_step_count_steps': 100, '_train_distribute': None, '_service': None, '_cluster_spec': <tensorflow.python.training.server_lib.ClusterSpec object at 0x3fff46194710>, '_task_type': 'worker', '_task_id': 0, '_global_id_in_cluster': 0, '_master': '', '_evaluation_master': '', '_is_chief': True, '_num_ps_replicas': 0, '_num_worker_replicas': 1}
WARNING:tensorflow:Using temporary folder as model directory: /scratch/tmp/1112728/tmpffn0ibr7
WARNING:tensorflow:Using temporary folder as model directory: /scratch/tmp/1112728/tmpypshuewb
INFO:tensorflow:Using config: {'_model_dir': '/scratch/tmp/1112728/tmpffn0ibr7', '_tf_random_seed': None, '_save_summary_steps': 100, '_save_checkpoints_steps': None, '_save_checkpoints_secs': None, '_session_config': gpu_options {
  allow_growth: true
  visible_device_list: "1"
}
, '_keep_checkpoint_max': 5, '_keep_checkpoint_every_n_hours': 10000, '_log_step_count_steps': 100, '_train_distribute': None, '_service': None, '_cluster_spec': <tensorflow.python.training.server_lib.ClusterSpec object at 0x3fff52214710>, '_task_type': 'worker', '_task_id': 0, '_global_id_in_cluster': 0, '_master': '', '_evaluation_master': '', '_is_chief': True, '_num_ps_replicas': 0, '_num_worker_replicas': 1}
INFO:tensorflow:Using config: {'_model_dir': '/scratch/tmp/1112728/tmpypshuewb', '_tf_random_seed': None, '_save_summary_steps': 100, '_save_checkpoints_steps': None, '_save_checkpoints_secs': None, '_session_config': gpu_options {
  allow_growth: true
  visible_device_list: "3"
}
, '_keep_checkpoint_max': 5, '_keep_checkpoint_every_n_hours': 10000, '_log_step_count_steps': 100, '_train_distribute': None, '_service': None, '_cluster_spec': <tensorflow.python.training.server_lib.ClusterSpec object at 0x3fff5e914710>, '_task_type': 'worker', '_task_id': 0, '_global_id_in_cluster': 0, '_master': '', '_evaluation_master': '', '_is_chief': True, '_num_ps_replicas': 0, '_num_worker_replicas': 1}
 ---------------------- Starting train for 4 ----------------------
INFO:tensorflow:Calling model_fn.
INFO:tensorflow:Scale of 0 disables regularizer.
 Date is now: 2019-01-14 17:50:52.078846
 ---------------------- Starting train for 0 ----------------------
INFO:tensorflow:Calling model_fn.
INFO:tensorflow:Scale of 0 disables regularizer.
 ---------------------- Starting train for 2 ----------------------
INFO:tensorflow:Calling model_fn.
 ---------------------- Starting train for 6 ----------------------
INFO:tensorflow:Calling model_fn.
INFO:tensorflow:Scale of 0 disables regularizer.
INFO:tensorflow:Scale of 0 disables regularizer.
 ---------------------- Starting train for 7 ----------------------
INFO:tensorflow:Calling model_fn.
 ---------------------- Starting train for 5 ----------------------
INFO:tensorflow:Calling model_fn.
INFO:tensorflow:Scale of 0 disables regularizer.
INFO:tensorflow:Scale of 0 disables regularizer.
 ---------------------- Starting train for 1 ----------------------
INFO:tensorflow:Calling model_fn.
INFO:tensorflow:Scale of 0 disables regularizer.
 ---------------------- Starting train for 3 ----------------------
INFO:tensorflow:Calling model_fn.
INFO:tensorflow:Scale of 0 disables regularizer.
INFO:tensorflow:Done calling model_fn.
INFO:tensorflow:Done calling model_fn.
INFO:tensorflow:Done calling model_fn.
INFO:tensorflow:Done calling model_fn.
INFO:tensorflow:Done calling model_fn.
INFO:tensorflow:Done calling model_fn.
INFO:tensorflow:Done calling model_fn.
INFO:tensorflow:Done calling model_fn.
INFO:tensorflow:Graph was finalized.
INFO:tensorflow:Graph was finalized.
INFO:tensorflow:Graph was finalized.
INFO:tensorflow:Graph was finalized.
INFO:tensorflow:Graph was finalized.
INFO:tensorflow:Graph was finalized.
2019-01-14 17:51:41.897178: I tensorflow/core/common_runtime/gpu/gpu_device.cc:1356] Found device 0 with properties: 
name: Tesla V100-SXM2-16GB major: 7 minor: 0 memoryClockRate(GHz): 1.53
pciBusID: 0004:04:00.0
totalMemory: 15.75GiB freeMemory: 15.34GiB
2019-01-14 17:51:41.897215: I tensorflow/core/common_runtime/gpu/gpu_device.cc:1435] Adding visible gpu devices: 0
2019-01-14 17:51:41.949673: I tensorflow/core/common_runtime/gpu/gpu_device.cc:1356] Found device 0 with properties: 
name: Tesla V100-SXM2-16GB major: 7 minor: 0 memoryClockRate(GHz): 1.53
pciBusID: 0035:03:00.0
totalMemory: 15.75GiB freeMemory: 15.34GiB
2019-01-14 17:51:41.949698: I tensorflow/core/common_runtime/gpu/gpu_device.cc:1435] Adding visible gpu devices: 2
2019-01-14 17:51:42.231838: I tensorflow/core/common_runtime/gpu/gpu_device.cc:923] Device interconnect StreamExecutor with strength 1 edge matrix:
2019-01-14 17:51:42.231882: I tensorflow/core/common_runtime/gpu/gpu_device.cc:929]      2 
2019-01-14 17:51:42.231892: I tensorflow/core/common_runtime/gpu/gpu_device.cc:942] 2:   N 
2019-01-14 17:51:42.232516: I tensorflow/core/common_runtime/gpu/gpu_device.cc:1053] Created TensorFlow device (/job:localhost/replica:0/task:0/device:GPU:0 with 14850 MB memory) -> physical GPU (device: 2, name: Tesla V100-SXM2-16GB, pci bus id: 0035:03:00.0, compute capability: 7.0)
2019-01-14 17:51:42.238311: I tensorflow/core/common_runtime/gpu/gpu_device.cc:923] Device interconnect StreamExecutor with strength 1 edge matrix:
2019-01-14 17:51:42.238344: I tensorflow/core/common_runtime/gpu/gpu_device.cc:929]      0 
2019-01-14 17:51:42.238354: I tensorflow/core/common_runtime/gpu/gpu_device.cc:942] 0:   N 
2019-01-14 17:51:42.238837: I tensorflow/core/common_runtime/gpu/gpu_device.cc:1053] Created TensorFlow device (/job:localhost/replica:0/task:0/device:GPU:0 with 14847 MB memory) -> physical GPU (device: 0, name: Tesla V100-SXM2-16GB, pci bus id: 0004:04:00.0, compute capability: 7.0)
2019-01-14 17:51:42.529907: I tensorflow/core/common_runtime/gpu/gpu_device.cc:1356] Found device 0 with properties: 
name: Tesla V100-SXM2-16GB major: 7 minor: 0 memoryClockRate(GHz): 1.53
pciBusID: 0035:04:00.0
totalMemory: 15.75GiB freeMemory: 15.34GiB
2019-01-14 17:51:42.529941: I tensorflow/core/common_runtime/gpu/gpu_device.cc:1435] Adding visible gpu devices: 3
2019-01-14 17:51:42.590867: I tensorflow/core/common_runtime/gpu/gpu_device.cc:1356] Found device 0 with properties: 
name: Tesla V100-SXM2-16GB major: 7 minor: 0 memoryClockRate(GHz): 1.53
pciBusID: 0004:04:00.0
totalMemory: 15.75GiB freeMemory: 15.34GiB
2019-01-14 17:51:42.590904: I tensorflow/core/common_runtime/gpu/gpu_device.cc:1435] Adding visible gpu devices: 0
2019-01-14 17:51:42.620852: I tensorflow/core/common_runtime/gpu/gpu_device.cc:1356] Found device 0 with properties: 
name: Tesla V100-SXM2-16GB major: 7 minor: 0 memoryClockRate(GHz): 1.53
pciBusID: 0035:03:00.0
totalMemory: 15.75GiB freeMemory: 15.34GiB
2019-01-14 17:51:42.620887: I tensorflow/core/common_runtime/gpu/gpu_device.cc:1435] Adding visible gpu devices: 2
2019-01-14 17:51:42.696033: I tensorflow/core/common_runtime/gpu/gpu_device.cc:1356] Found device 0 with properties: 
name: Tesla V100-SXM2-16GB major: 7 minor: 0 memoryClockRate(GHz): 1.53
pciBusID: 0004:05:00.0
totalMemory: 15.75GiB freeMemory: 15.34GiB
2019-01-14 17:51:42.696074: I tensorflow/core/common_runtime/gpu/gpu_device.cc:1435] Adding visible gpu devices: 1
2019-01-14 17:51:42.857401: I tensorflow/core/common_runtime/gpu/gpu_device.cc:923] Device interconnect StreamExecutor with strength 1 edge matrix:
2019-01-14 17:51:42.857447: I tensorflow/core/common_runtime/gpu/gpu_device.cc:929]      3 
2019-01-14 17:51:42.857458: I tensorflow/core/common_runtime/gpu/gpu_device.cc:942] 3:   N 
2019-01-14 17:51:42.858082: I tensorflow/core/common_runtime/gpu/gpu_device.cc:1053] Created TensorFlow device (/job:localhost/replica:0/task:0/device:GPU:0 with 14845 MB memory) -> physical GPU (device: 3, name: Tesla V100-SXM2-16GB, pci bus id: 0035:04:00.0, compute capability: 7.0)
2019-01-14 17:51:42.895482: I tensorflow/core/common_runtime/gpu/gpu_device.cc:923] Device interconnect StreamExecutor with strength 1 edge matrix:
2019-01-14 17:51:42.895521: I tensorflow/core/common_runtime/gpu/gpu_device.cc:929]      0 
2019-01-14 17:51:42.895534: I tensorflow/core/common_runtime/gpu/gpu_device.cc:942] 0:   N 
2019-01-14 17:51:42.895993: I tensorflow/core/common_runtime/gpu/gpu_device.cc:1053] Created TensorFlow device (/job:localhost/replica:0/task:0/device:GPU:0 with 14849 MB memory) -> physical GPU (device: 0, name: Tesla V100-SXM2-16GB, pci bus id: 0004:04:00.0, compute capability: 7.0)
2019-01-14 17:51:42.912030: I tensorflow/core/common_runtime/gpu/gpu_device.cc:923] Device interconnect StreamExecutor with strength 1 edge matrix:
2019-01-14 17:51:42.912069: I tensorflow/core/common_runtime/gpu/gpu_device.cc:929]      2 
2019-01-14 17:51:42.912080: I tensorflow/core/common_runtime/gpu/gpu_device.cc:942] 2:   N 
2019-01-14 17:51:42.912549: I tensorflow/core/common_runtime/gpu/gpu_device.cc:1053] Created TensorFlow device (/job:localhost/replica:0/task:0/device:GPU:0 with 14849 MB memory) -> physical GPU (device: 2, name: Tesla V100-SXM2-16GB, pci bus id: 0035:03:00.0, compute capability: 7.0)
2019-01-14 17:51:42.985345: I tensorflow/core/common_runtime/gpu/gpu_device.cc:923] Device interconnect StreamExecutor with strength 1 edge matrix:
2019-01-14 17:51:42.985390: I tensorflow/core/common_runtime/gpu/gpu_device.cc:929]      1 
2019-01-14 17:51:42.985401: I tensorflow/core/common_runtime/gpu/gpu_device.cc:942] 1:   N 
2019-01-14 17:51:42.985884: I tensorflow/core/common_runtime/gpu/gpu_device.cc:1053] Created TensorFlow device (/job:localhost/replica:0/task:0/device:GPU:0 with 14849 MB memory) -> physical GPU (device: 1, name: Tesla V100-SXM2-16GB, pci bus id: 0004:05:00.0, compute capability: 7.0)
INFO:tensorflow:Running local_init_op.
INFO:tensorflow:Done running local_init_op.
INFO:tensorflow:Running local_init_op.
INFO:tensorflow:Done running local_init_op.
INFO:tensorflow:Running local_init_op.
INFO:tensorflow:Running local_init_op.
INFO:tensorflow:Running local_init_op.
INFO:tensorflow:Done running local_init_op.
INFO:tensorflow:Done running local_init_op.
INFO:tensorflow:Done running local_init_op.
INFO:tensorflow:Running local_init_op.
INFO:tensorflow:Done running local_init_op.
INFO:tensorflow:Graph was finalized.
2019-01-14 17:52:06.513223: I tensorflow/core/common_runtime/gpu/gpu_device.cc:1356] Found device 0 with properties: 
name: Tesla V100-SXM2-16GB major: 7 minor: 0 memoryClockRate(GHz): 1.53
pciBusID: 0004:05:00.0
totalMemory: 15.75GiB freeMemory: 15.34GiB
2019-01-14 17:52:06.513270: I tensorflow/core/common_runtime/gpu/gpu_device.cc:1435] Adding visible gpu devices: 1
2019-01-14 17:52:06.902033: I tensorflow/core/common_runtime/gpu/gpu_device.cc:923] Device interconnect StreamExecutor with strength 1 edge matrix:
2019-01-14 17:52:06.902087: I tensorflow/core/common_runtime/gpu/gpu_device.cc:929]      1 
2019-01-14 17:52:06.902102: I tensorflow/core/common_runtime/gpu/gpu_device.cc:942] 1:   N 
2019-01-14 17:52:06.902779: I tensorflow/core/common_runtime/gpu/gpu_device.cc:1053] Created TensorFlow device (/job:localhost/replica:0/task:0/device:GPU:0 with 14847 MB memory) -> physical GPU (device: 1, name: Tesla V100-SXM2-16GB, pci bus id: 0004:05:00.0, compute capability: 7.0)
INFO:tensorflow:Graph was finalized.
2019-01-14 17:52:07.643500: I tensorflow/core/common_runtime/gpu/gpu_device.cc:1356] Found device 0 with properties: 
name: Tesla V100-SXM2-16GB major: 7 minor: 0 memoryClockRate(GHz): 1.53
pciBusID: 0035:04:00.0
totalMemory: 15.75GiB freeMemory: 15.34GiB
2019-01-14 17:52:07.643549: I tensorflow/core/common_runtime/gpu/gpu_device.cc:1435] Adding visible gpu devices: 3
2019-01-14 17:52:08.046490: I tensorflow/core/common_runtime/gpu/gpu_device.cc:923] Device interconnect StreamExecutor with strength 1 edge matrix:
2019-01-14 17:52:08.046539: I tensorflow/core/common_runtime/gpu/gpu_device.cc:929]      3 
2019-01-14 17:52:08.046553: I tensorflow/core/common_runtime/gpu/gpu_device.cc:942] 3:   N 
2019-01-14 17:52:08.047243: I tensorflow/core/common_runtime/gpu/gpu_device.cc:1053] Created TensorFlow device (/job:localhost/replica:0/task:0/device:GPU:0 with 14847 MB memory) -> physical GPU (device: 3, name: Tesla V100-SXM2-16GB, pci bus id: 0035:04:00.0, compute capability: 7.0)
INFO:tensorflow:Running local_init_op.
INFO:tensorflow:Done running local_init_op.
INFO:tensorflow:Running local_init_op.
INFO:tensorflow:Done running local_init_op.
2019-01-14 17:52:28.105350: I tensorflow/core/kernels/data/shuffle_dataset_op.cc:94] Filling up shuffle buffer (this may take a while): 12360 of 20000
2019-01-14 17:52:28.119652: I tensorflow/core/kernels/data/shuffle_dataset_op.cc:94] Filling up shuffle buffer (this may take a while): 12262 of 20000
2019-01-14 17:52:28.122943: I tensorflow/core/kernels/data/shuffle_dataset_op.cc:94] Filling up shuffle buffer (this may take a while): 12460 of 20000
2019-01-14 17:52:28.125477: I tensorflow/core/kernels/data/shuffle_dataset_op.cc:94] Filling up shuffle buffer (this may take a while): 12424 of 20000
2019-01-14 17:52:28.154509: I tensorflow/core/kernels/data/shuffle_dataset_op.cc:94] Filling up shuffle buffer (this may take a while): 12050 of 20000
2019-01-14 17:52:28.164496: I tensorflow/core/kernels/data/shuffle_dataset_op.cc:94] Filling up shuffle buffer (this may take a while): 12466 of 20000
2019-01-14 17:52:29.679275: I tensorflow/core/kernels/data/shuffle_dataset_op.cc:94] Filling up shuffle buffer (this may take a while): 8919 of 20000
2019-01-14 17:52:29.719654: I tensorflow/core/kernels/data/shuffle_dataset_op.cc:94] Filling up shuffle buffer (this may take a while): 8808 of 20000
2019-01-14 17:52:34.023675: I tensorflow/core/kernels/data/shuffle_dataset_op.cc:129] Shuffle buffer filled.
2019-01-14 17:52:34.094758: I tensorflow/core/kernels/data/shuffle_dataset_op.cc:129] Shuffle buffer filled.
2019-01-14 17:52:34.185561: I tensorflow/core/kernels/data/shuffle_dataset_op.cc:129] Shuffle buffer filled.
2019-01-14 17:52:34.266832: I tensorflow/core/kernels/data/shuffle_dataset_op.cc:129] Shuffle buffer filled.
2019-01-14 17:52:34.304056: I tensorflow/core/kernels/data/shuffle_dataset_op.cc:129] Shuffle buffer filled.
2019-01-14 17:52:34.544229: I tensorflow/core/kernels/data/shuffle_dataset_op.cc:129] Shuffle buffer filled.
2019-01-14 17:52:39.680622: I tensorflow/core/kernels/data/shuffle_dataset_op.cc:94] Filling up shuffle buffer (this may take a while): 18973 of 20000
2019-01-14 17:52:39.718918: I tensorflow/core/kernels/data/shuffle_dataset_op.cc:94] Filling up shuffle buffer (this may take a while): 18990 of 20000
2019-01-14 17:52:40.554584: I tensorflow/core/kernels/data/shuffle_dataset_op.cc:129] Shuffle buffer filled.
2019-01-14 17:52:40.571143: I tensorflow/core/kernels/data/shuffle_dataset_op.cc:129] Shuffle buffer filled.
INFO:tensorflow:loss = 2.392519, step = 0
INFO:tensorflow:loss = 2.4611683, step = 0
INFO:tensorflow:loss = 2.4142897, step = 0
INFO:tensorflow:accuracy = 0.15625, loss = 2.4611683, global_step = 0
INFO:tensorflow:accuracy = 0.09375, loss = 2.392519, global_step = 0
INFO:tensorflow:accuracy = 0.15625, loss = 2.4142897, global_step = 0
INFO:tensorflow:loss = 2.4807384, step = 0
INFO:tensorflow:accuracy = 0.109375, loss = 2.4807384, global_step = 0
INFO:tensorflow:loss = 2.5398211, step = 0
INFO:tensorflow:accuracy = 0.09375, loss = 2.5398211, global_step = 0
INFO:tensorflow:loss = 2.3690205, step = 0
INFO:tensorflow:accuracy = 0.109375, loss = 2.3690205, global_step = 0
INFO:tensorflow:loss = 2.5139253, step = 0
INFO:tensorflow:loss = 2.3765967, step = 0
INFO:tensorflow:accuracy = 0.078125, loss = 2.5139253, global_step = 0
INFO:tensorflow:accuracy = 0.171875, loss = 2.3765967, global_step = 0
INFO:tensorflow:accuracy = 0.1328125, loss = 2.2879164, global_step = 10 (15.201 sec)
INFO:tensorflow:accuracy = 0.140625, loss = 2.4664629, global_step = 10 (15.201 sec)
INFO:tensorflow:accuracy = 0.0859375, loss = 2.3653178, global_step = 10 (15.166 sec)
INFO:tensorflow:accuracy = 0.109375, loss = 2.4253197, global_step = 10 (15.201 sec)
INFO:tensorflow:accuracy = 0.09375, loss = 2.6258407, global_step = 10 (15.199 sec)
INFO:tensorflow:accuracy = 0.09375, loss = 2.3722863, global_step = 10 (15.197 sec)
INFO:tensorflow:accuracy = 0.0859375, loss = 2.6032448, global_step = 10 (15.155 sec)
INFO:tensorflow:accuracy = 0.1328125, loss = 2.5531392, global_step = 10 (15.155 sec)
INFO:tensorflow:accuracy = 0.119791664, loss = 2.3520396, global_step = 20 (6.485 sec)
INFO:tensorflow:accuracy = 0.114583336, loss = 2.4347067, global_step = 20 (6.485 sec)
INFO:tensorflow:accuracy = 0.088541664, loss = 2.3780992, global_step = 20 (6.485 sec)
INFO:tensorflow:accuracy = 0.09375, loss = 2.3028262, global_step = 20 (6.485 sec)
INFO:tensorflow:accuracy = 0.125, loss = 2.5323987, global_step = 20 (6.485 sec)
INFO:tensorflow:accuracy = 0.083333336, loss = 2.639948, global_step = 20 (6.485 sec)
INFO:tensorflow:accuracy = 0.125, loss = 2.3612094, global_step = 20 (6.485 sec)
INFO:tensorflow:accuracy = 0.098958336, loss = 2.5501695, global_step = 20 (6.485 sec)
INFO:tensorflow:Benchmark metric: {'name': 'average_examples_per_sec', 'value': 98.70161497386647, 'unit': None, 'global_step': 21, 'timestamp': '2019-01-14T16:53:06.825416Z', 'extras': []}
INFO:tensorflow:Benchmark metric: {'name': 'average_examples_per_sec', 'value': 98.70243880484928, 'unit': None, 'global_step': 21, 'timestamp': '2019-01-14T16:53:06.820399Z', 'extras': []}
INFO:tensorflow:Benchmark metric: {'name': 'average_examples_per_sec', 'value': 98.70243880484928, 'unit': None, 'global_step': 21, 'timestamp': '2019-01-14T16:53:06.820364Z', 'extras': []}
INFO:tensorflow:Benchmark metric: {'name': 'current_examples_per_sec', 'value': 98.70243880484928, 'unit': None, 'global_step': 21, 'timestamp': '2019-01-14T16:53:06.820674Z', 'extras': []}
INFO:tensorflow:Benchmark metric: {'name': 'average_examples_per_sec', 'value': 98.69891493700116, 'unit': None, 'global_step': 21, 'timestamp': '2019-01-14T16:53:06.820463Z', 'extras': []}
INFO:tensorflow:Benchmark metric: {'name': 'average_examples_per_sec', 'value': 98.69885324433668, 'unit': None, 'global_step': 21, 'timestamp': '2019-01-14T16:53:06.820465Z', 'extras': []}
INFO:tensorflow:Benchmark metric: {'name': 'current_examples_per_sec', 'value': 98.70243880484928, 'unit': None, 'global_step': 21, 'timestamp': '2019-01-14T16:53:06.820673Z', 'extras': []}
INFO:tensorflow:Benchmark metric: {'name': 'current_examples_per_sec', 'value': 98.69885324433668, 'unit': None, 'global_step': 21, 'timestamp': '2019-01-14T16:53:06.820747Z', 'extras': []}
INFO:tensorflow:Benchmark metric: {'name': 'current_examples_per_sec', 'value': 98.69891493700116, 'unit': None, 'global_step': 21, 'timestamp': '2019-01-14T16:53:06.820751Z', 'extras': []}
INFO:tensorflow:Benchmark metric: {'name': 'current_examples_per_sec', 'value': 98.70161497386647, 'unit': None, 'global_step': 21, 'timestamp': '2019-01-14T16:53:06.825671Z', 'extras': []}
INFO:tensorflow:Benchmark metric: {'name': 'average_examples_per_sec', 'value': 98.6932867060569, 'unit': None, 'global_step': 21, 'timestamp': '2019-01-14T16:53:06.825901Z', 'extras': []}
INFO:tensorflow:Benchmark metric: {'name': 'current_examples_per_sec', 'value': 98.6932867060569, 'unit': None, 'global_step': 21, 'timestamp': '2019-01-14T16:53:06.826110Z', 'extras': []}
INFO:tensorflow:Benchmark metric: {'name': 'average_examples_per_sec', 'value': 98.70430427032406, 'unit': None, 'global_step': 21, 'timestamp': '2019-01-14T16:53:06.826537Z', 'extras': []}
INFO:tensorflow:Benchmark metric: {'name': 'current_examples_per_sec', 'value': 98.70430427032406, 'unit': None, 'global_step': 21, 'timestamp': '2019-01-14T16:53:06.826839Z', 'extras': []}
INFO:tensorflow:Benchmark metric: {'name': 'average_examples_per_sec', 'value': 98.70376349583732, 'unit': None, 'global_step': 21, 'timestamp': '2019-01-14T16:53:06.826554Z', 'extras': []}
INFO:tensorflow:Benchmark metric: {'name': 'current_examples_per_sec', 'value': 98.70376349583732, 'unit': None, 'global_step': 21, 'timestamp': '2019-01-14T16:53:06.826845Z', 'extras': []}
2019-01-14 17:53:08.864396: E tensorflow/core/kernels/data/cache_dataset_ops.cc:314] The calling iterator did not fully read the dataset we were attempting to cache. In order to avoid unexpected truncation of the sequence, the current [partially cached] sequence will be dropped. This can occur if you have a sequence similar to `dataset.cache().take(k).repeat()`. Instead, swap the order (i.e. `dataset.take(k).cache().repeat()`)
2019-01-14 17:53:08.866442: E tensorflow/core/kernels/data/cache_dataset_ops.cc:314] The calling iterator did not fully read the dataset we were attempting to cache. In order to avoid unexpected truncation of the sequence, the current [partially cached] sequence will be dropped. This can occur if you have a sequence similar to `dataset.cache().take(k).repeat()`. Instead, swap the order (i.e. `dataset.take(k).cache().repeat()`)
2019-01-14 17:53:08.862403: E tensorflow/core/kernels/data/cache_dataset_ops.cc:314] The calling iterator did not fully read the dataset we were attempting to cache. In order to avoid unexpected truncation of the sequence, the current [partially cached] sequence will be dropped. This can occur if you have a sequence similar to `dataset.cache().take(k).repeat()`. Instead, swap the order (i.e. `dataset.take(k).cache().repeat()`)
2019-01-14 17:53:08.863106: E tensorflow/core/kernels/data/cache_dataset_ops.cc:314] The calling iterator did not fully read the dataset we were attempting to cache. In order to avoid unexpected truncation of the sequence, the current [partially cached] sequence will be dropped. This can occur if you have a sequence similar to `dataset.cache().take(k).repeat()`. Instead, swap the order (i.e. `dataset.take(k).cache().repeat()`)
2019-01-14 17:53:08.865176: E tensorflow/core/kernels/data/cache_dataset_ops.cc:314] The calling iterator did not fully read the dataset we were attempting to cache. In order to avoid unexpected truncation of the sequence, the current [partially cached] sequence will be dropped. This can occur if you have a sequence similar to `dataset.cache().take(k).repeat()`. Instead, swap the order (i.e. `dataset.take(k).cache().repeat()`)
2019-01-14 17:53:08.885192: E tensorflow/core/kernels/data/cache_dataset_ops.cc:314] The calling iterator did not fully read the dataset we were attempting to cache. In order to avoid unexpected truncation of the sequence, the current [partially cached] sequence will be dropped. This can occur if you have a sequence similar to `dataset.cache().take(k).repeat()`. Instead, swap the order (i.e. `dataset.take(k).cache().repeat()`)
2019-01-14 17:53:08.911403: E tensorflow/core/kernels/data/cache_dataset_ops.cc:314] The calling iterator did not fully read the dataset we were attempting to cache. In order to avoid unexpected truncation of the sequence, the current [partially cached] sequence will be dropped. This can occur if you have a sequence similar to `dataset.cache().take(k).repeat()`. Instead, swap the order (i.e. `dataset.take(k).cache().repeat()`)
2019-01-14 17:53:08.913569: E tensorflow/core/kernels/data/cache_dataset_ops.cc:314] The calling iterator did not fully read the dataset we were attempting to cache. In order to avoid unexpected truncation of the sequence, the current [partially cached] sequence will be dropped. This can occur if you have a sequence similar to `dataset.cache().take(k).repeat()`. Instead, swap the order (i.e. `dataset.take(k).cache().repeat()`)
INFO:tensorflow:Loss for final step: 2.4633026.
 ---------------------- Stopping train for 6 ----------------------
INFO:tensorflow:Loss for final step: 2.4350288.
 ---------------------- Stopping train for 0 ----------------------
 ---------------------- Training took 137.67269611358643 s ----------------------
INFO:tensorflow:Loss for final step: 2.3626432.
 ---------------------- Stopping train for 5 ----------------------
INFO:tensorflow:Loss for final step: 2.591442.
 ---------------------- Stopping train for 2 ----------------------
INFO:tensorflow:Loss for final step: 2.5431662.
 ---------------------- Stopping train for 4 ----------------------
INFO:tensorflow:Loss for final step: 2.273262.
 ---------------------- Stopping train for 7 ----------------------
INFO:tensorflow:Loss for final step: 2.441002.
 ---------------------- Stopping train for 3 ----------------------
INFO:tensorflow:Loss for final step: 2.4378886.
 ---------------------- Stopping train for 1 ----------------------
