p9r3n05:34452:34480 [0] INFO NET : Using interface ib0:10.1.1.41<0>
p9r3n05:34452:34480 [0] INFO NET/IB : Using interface ib0 for sideband communication
p9r3n05:34452:34480 [0] INFO NET/IB: [1] mlx5_0:1/IB 
p9r3n05:34452:34480 [0] INFO Using internal Network IB
p9r3n05:34452:34480 [0] INFO Using NCCL Low-latency algorithm for sizes below 16384
p9r3n05:34452:34480 [0] INFO NET : Using interface ib0:10.1.1.41<0>
p9r3n05:34452:34480 [0] INFO NET/Socket : 1 interfaces found
NCCL version 2.2.12+cuda9.2
p9r3n05:34455:34469 [3] INFO NET : Using interface ib0:10.1.1.41<0>
p9r3n05:34455:34469 [3] INFO NET/IB : Using interface ib0 for sideband communication
p9r3n05:34454:34470 [2] INFO NET : Using interface ib0:10.1.1.41<0>
p9r3n05:34454:34470 [2] INFO NET/IB : Using interface ib0 for sideband communication
p9r3n05:34455:34469 [3] INFO NET/IB: [1] mlx5_0:1/IB 
p9r3n05:34455:34469 [3] INFO Using internal Network IB
p9r3n05:34455:34469 [3] INFO Using NCCL Low-latency algorithm for sizes below 16384
p9r3n08:115288:115299 [3] INFO NET : Using interface ib0:10.1.1.44<0>
p9r3n08:115288:115299 [3] INFO NET/IB : Using interface ib0 for sideband communication
p9r3n08:115287:115300 [2] INFO NET : Using interface ib0:10.1.1.44<0>
p9r3n08:115287:115300 [2] INFO NET/IB : Using interface ib0 for sideband communication
p9r3n08:115286:115301 [1] INFO NET : Using interface ib0:10.1.1.44<0>
p9r3n08:115286:115301 [1] INFO NET/IB : Using interface ib0 for sideband communication
p9r3n08:115285:115310 [0] INFO NET : Using interface ib0:10.1.1.44<0>
p9r3n08:115285:115310 [0] INFO NET/IB : Using interface ib0 for sideband communication
p9r3n05:34454:34470 [2] INFO NET/IB: [1] mlx5_0:1/IB 
p9r3n05:34454:34470 [2] INFO Using internal Network IB
p9r3n05:34454:34470 [2] INFO Using NCCL Low-latency algorithm for sizes below 16384
p9r3n08:115288:115299 [3] INFO NET/IB: [1] mlx5_0:1/IB 
p9r3n08:115288:115299 [3] INFO Using internal Network IB
p9r3n08:115288:115299 [3] INFO Using NCCL Low-latency algorithm for sizes below 16384
p9r3n08:115287:115300 [2] INFO NET/IB: [1] mlx5_0:1/IB 
p9r3n08:115287:115300 [2] INFO Using internal Network IB
p9r3n08:115287:115300 [2] INFO Using NCCL Low-latency algorithm for sizes below 16384
p9r3n08:115286:115301 [1] INFO NET/IB: [1] mlx5_0:1/IB 
p9r3n08:115285:115310 [0] INFO NET/IB: [1] mlx5_0:1/IB 
p9r3n08:115285:115310 [0] INFO Using internal Network IB
p9r3n08:115286:115301 [1] INFO Using internal Network IB
p9r3n08:115286:115301 [1] INFO Using NCCL Low-latency algorithm for sizes below 16384
p9r3n08:115285:115310 [0] INFO Using NCCL Low-latency algorithm for sizes below 16384
p9r3n05:34453:34475 [1] INFO NET : Using interface ib0:10.1.1.41<0>
p9r3n05:34453:34475 [1] INFO NET/IB : Using interface ib0 for sideband communication
p9r3n05:34453:34475 [1] INFO NET/IB: [1] mlx5_0:1/IB 
p9r3n05:34453:34475 [1] INFO Using internal Network IB
p9r3n05:34453:34475 [1] INFO Using NCCL Low-latency algorithm for sizes below 16384
p9r3n05:34455:34469 [3] INFO comm 0x3fff29833d10 rank 3 nranks 8
p9r3n05:34452:34480 [0] INFO comm 0x3fff5999d8e0 rank 0 nranks 8
p9r3n05:34455:34469 [3] INFO NET : Using interface ib0:10.1.1.41<0>
p9r3n05:34455:34469 [3] INFO NET/Socket : 1 interfaces found
p9r3n05:34452:34480 [0] INFO CUDA Dev 0, IB Ports : mlx5_0/1(SOC) 
p9r3n05:34455:34469 [3] INFO CUDA Dev 3, IB Ports : mlx5_0/1(SOC) 
p9r3n05:34453:34475 [1] INFO comm 0x3fff2d862570 rank 1 nranks 8
p9r3n05:34453:34475 [1] INFO NET : Using interface ib0:10.1.1.41<0>
p9r3n05:34453:34475 [1] INFO NET/Socket : 1 interfaces found
p9r3n05:34453:34475 [1] INFO CUDA Dev 1, IB Ports : mlx5_0/1(SOC) 
p9r3n08:115285:115310 [0] INFO comm 0x3fff2d87c9d0 rank 4 nranks 8
p9r3n08:115285:115310 [0] INFO NET : Using interface ib0:10.1.1.44<0>
p9r3n08:115285:115310 [0] INFO NET/Socket : 1 interfaces found
p9r3n08:115285:115310 [0] INFO CUDA Dev 0, IB Ports : mlx5_0/1(SOC) 
p9r3n05:34454:34470 [2] INFO comm 0x3fff3d8445b0 rank 2 nranks 8
p9r3n05:34454:34470 [2] INFO NET : Using interface ib0:10.1.1.41<0>
p9r3n05:34454:34470 [2] INFO NET/Socket : 1 interfaces found
p9r3n05:34454:34470 [2] INFO CUDA Dev 2, IB Ports : mlx5_0/1(SOC) 
p9r3n08:115286:115301 [1] INFO comm 0x3fff49856500 rank 5 nranks 8
p9r3n08:115286:115301 [1] INFO NET : Using interface ib0:10.1.1.44<0>
p9r3n08:115286:115301 [1] INFO NET/Socket : 1 interfaces found
p9r3n08:115286:115301 [1] INFO CUDA Dev 1, IB Ports : mlx5_0/1(SOC) 
p9r3n08:115287:115300 [2] INFO comm 0x3fff3d846c90 rank 6 nranks 8
p9r3n08:115288:115299 [3] INFO comm 0x3fff59845ec0 rank 7 nranks 8
p9r3n08:115287:115300 [2] INFO NET : Using interface ib0:10.1.1.44<0>
p9r3n08:115287:115300 [2] INFO NET/Socket : 1 interfaces found
p9r3n08:115288:115299 [3] INFO NET : Using interface ib0:10.1.1.44<0>
p9r3n08:115288:115299 [3] INFO NET/Socket : 1 interfaces found
p9r3n08:115288:115299 [3] INFO CUDA Dev 3, IB Ports : mlx5_0/1(SOC) 
p9r3n08:115287:115300 [2] INFO CUDA Dev 2, IB Ports : mlx5_0/1(SOC) 
p9r3n05:34452:34480 [0] INFO Using 256 threads
p9r3n05:34452:34480 [0] INFO Min Comp Cap 7
p9r3n05:34452:34480 [0] INFO NCCL_SINGLE_RING_THRESHOLD=262144
p9r3n05:34452:34480 [0] INFO Ring 00 :    0   1   2   3   4   5   6   7
p9r3n08:115286:115301 [1] INFO 5[115286] -> 6[115287] via direct shared memory
p9r3n08:115285:115310 [0] INFO 3 -> 4 via NET/IB/0
p9r3n08:115285:115310 [0] INFO Ring 00 : 4[0] -> 5[1] via P2P/IPC
p9r3n08:115287:115300 [2] INFO Ring 00 : 6[2] -> 7[3] via P2P/IPC
p9r3n05:34453:34475 [1] INFO 1[34453] -> 2[34454] via direct shared memory
p9r3n05:34452:34480 [0] INFO 7 -> 0 via NET/IB/0
p9r3n05:34452:34480 [0] INFO Ring 00 : 0[0] -> 1[1] via P2P/IPC
p9r3n05:34454:34470 [2] INFO Ring 00 : 2[2] -> 3[3] via P2P/IPC
p9r3n05:34455:34469 [3] INFO NET/IB: Dev 0 Port 1 qpn 29233 mtu 5 LID 50
p9r3n08:115288:115299 [3] INFO NET/IB: Dev 0 Port 1 qpn 130711 mtu 5 LID 25
p9r3n05:34452:34480 [0] INFO Launch mode Parallel
