unload bsc/commands (PATH, MANPATH) 
unload CUDA/9.1 (PATH, MANPATH, LD_LIBRARY_PATH, LIBRARY_PATH, C_INCLUDE_PATH,
CPLUS_INCLUDE_PATH, CUDA_HOME, CUDA_VERSION, CUDA_INC, CUDA_INSTALL_PATH) 
unload OPENMPI/3.0.0 (PATH, MANPATH, LD_LIBRARY_PATH, LIBRARY_PATH,
PKG_CONFIG_PATH, C_INCLUDE_PATH, CPLUS_INCLUDE_PATH, MPI, MPI_V) 
unload GCC/6.4.0 (PATH, MANPATH, INFOPATH, LD_LIBRARY_PATH, LIBRARY_PATH,
C_INCLUDE_PATH, CPLUS_INCLUDE_PATH, STD COMP VARS) 
load GCC/6.4.0 (PATH, MANPATH, INFOPATH, LD_LIBRARY_PATH, LIBRARY_PATH,
C_INCLUDE_PATH, CPLUS_INCLUDE_PATH, STD COMP VARS) 
load JAVA/ibm_8.0.5.15 (PATH, C_INCLUDE_PATH, CPLUS_INCLUDE_PATH, JAVA_HOME,
JAVA_ROOT, JAVA_BINDIR, SDK_HOME, JRE_HOME) 
load OPENMPI/3.0.0 (PATH, MANPATH, LD_LIBRARY_PATH, LIBRARY_PATH,
PKG_CONFIG_PATH, C_INCLUDE_PATH, CPLUS_INCLUDE_PATH, MPI, MPI_V) 
load CUDA/9.2 (PATH, MANPATH, LD_LIBRARY_PATH, LIBRARY_PATH, C_INCLUDE_PATH,
CPLUS_INCLUDE_PATH, CUDA_HOME, CUDA_VERSION, CUDA_INC, CUDA_INSTALL_PATH) 
load ATLAS/3.10.3 (LD_LIBRARY_PATH, LIBRARY_PATH, C_INCLUDE_PATH,
CPLUS_INCLUDE_PATH) 
INFO:tensorflow:Using config: {'_model_dir': '/gpfs/home/sam14/sam14015/task/11/estimator_horovod/models/cifar10_resnet_v2_101.2', '_tf_random_seed': None, '_save_summary_steps': 100, '_save_checkpoints_steps': None, '_save_checkpoints_secs': 600, '_session_config': gpu_options {
  allow_growth: true
  visible_device_list: "0"
}
, '_keep_checkpoint_max': 5, '_keep_checkpoint_every_n_hours': 10000, '_log_step_count_steps': 100, '_train_distribute': None, '_service': None, '_cluster_spec': <tensorflow.python.training.server_lib.ClusterSpec object at 0x3fff5d540710>, '_task_type': 'worker', '_task_id': 0, '_global_id_in_cluster': 0, '_master': '', '_evaluation_master': '', '_is_chief': True, '_num_ps_replicas': 0, '_num_worker_replicas': 1}
WARNING:tensorflow:Using temporary folder as model directory: /scratch/tmp/1029793/tmpkl4_2pvy
INFO:tensorflow:Using config: {'_model_dir': '/scratch/tmp/1029793/tmpkl4_2pvy', '_tf_random_seed': None, '_save_summary_steps': 100, '_save_checkpoints_steps': None, '_save_checkpoints_secs': 600, '_session_config': gpu_options {
  allow_growth: true
  visible_device_list: "1"
}
, '_keep_checkpoint_max': 5, '_keep_checkpoint_every_n_hours': 10000, '_log_step_count_steps': 100, '_train_distribute': None, '_service': None, '_cluster_spec': <tensorflow.python.training.server_lib.ClusterSpec object at 0x3fff41cc0748>, '_task_type': 'worker', '_task_id': 0, '_global_id_in_cluster': 0, '_master': '', '_evaluation_master': '', '_is_chief': True, '_num_ps_replicas': 0, '_num_worker_replicas': 1}
INFO:tensorflow:Calling model_fn.
INFO:tensorflow:Calling model_fn.
INFO:tensorflow:Scale of 0 disables regularizer.
INFO:tensorflow:Scale of 0 disables regularizer.
WARNING:tensorflow:From /gpfs/home/sam14/sam14015/task/11/estimator_horovod/nets/resnet_v2.py:213: calling reduce_mean (from tensorflow.python.ops.math_ops) with keep_dims is deprecated and will be removed in a future version.
Instructions for updating:
keep_dims is deprecated, use keepdims instead
WARNING:tensorflow:From /gpfs/home/sam14/sam14015/task/11/estimator_horovod/nets/resnet_v2.py:213: calling reduce_mean (from tensorflow.python.ops.math_ops) with keep_dims is deprecated and will be removed in a future version.
Instructions for updating:
keep_dims is deprecated, use keepdims instead
INFO:tensorflow:Done calling model_fn.
INFO:tensorflow:Create CheckpointSaverHook.
INFO:tensorflow:Done calling model_fn.
INFO:tensorflow:Create CheckpointSaverHook.
INFO:tensorflow:Graph was finalized.
INFO:tensorflow:Graph was finalized.
2018-12-13 12:33:38.633774: I tensorflow/core/common_runtime/gpu/gpu_device.cc:1356] Found device 0 with properties: 
name: Tesla V100-SXM2-16GB major: 7 minor: 0 memoryClockRate(GHz): 1.53
pciBusID: 0004:04:00.0
totalMemory: 15.75GiB freeMemory: 15.34GiB
2018-12-13 12:33:38.633821: I tensorflow/core/common_runtime/gpu/gpu_device.cc:1435] Adding visible gpu devices: 0
2018-12-13 12:33:38.712499: I tensorflow/core/common_runtime/gpu/gpu_device.cc:1356] Found device 0 with properties: 
name: Tesla V100-SXM2-16GB major: 7 minor: 0 memoryClockRate(GHz): 1.53
pciBusID: 0004:05:00.0
totalMemory: 15.75GiB freeMemory: 15.35GiB
2018-12-13 12:33:38.712541: I tensorflow/core/common_runtime/gpu/gpu_device.cc:1435] Adding visible gpu devices: 1
2018-12-13 12:33:39.030872: I tensorflow/core/common_runtime/gpu/gpu_device.cc:923] Device interconnect StreamExecutor with strength 1 edge matrix:
2018-12-13 12:33:39.030916: I tensorflow/core/common_runtime/gpu/gpu_device.cc:929]      0 
2018-12-13 12:33:39.030930: I tensorflow/core/common_runtime/gpu/gpu_device.cc:942] 0:   N 
2018-12-13 12:33:39.031601: I tensorflow/core/common_runtime/gpu/gpu_device.cc:1053] Created TensorFlow device (/job:localhost/replica:0/task:0/device:GPU:0 with 14849 MB memory) -> physical GPU (device: 0, name: Tesla V100-SXM2-16GB, pci bus id: 0004:04:00.0, compute capability: 7.0)
2018-12-13 12:33:39.097729: I tensorflow/core/common_runtime/gpu/gpu_device.cc:923] Device interconnect StreamExecutor with strength 1 edge matrix:
2018-12-13 12:33:39.097770: I tensorflow/core/common_runtime/gpu/gpu_device.cc:929]      1 
2018-12-13 12:33:39.097784: I tensorflow/core/common_runtime/gpu/gpu_device.cc:942] 1:   N 
2018-12-13 12:33:39.098459: I tensorflow/core/common_runtime/gpu/gpu_device.cc:1053] Created TensorFlow device (/job:localhost/replica:0/task:0/device:GPU:0 with 14854 MB memory) -> physical GPU (device: 1, name: Tesla V100-SXM2-16GB, pci bus id: 0004:05:00.0, compute capability: 7.0)
INFO:tensorflow:Running local_init_op.
INFO:tensorflow:Done running local_init_op.
INFO:tensorflow:Running local_init_op.
INFO:tensorflow:Done running local_init_op.
2018-12-13 12:34:53.842756: I tensorflow/core/kernels/data/shuffle_dataset_op.cc:94] Filling up shuffle buffer (this may take a while): 5220 of 20000
2018-12-13 12:34:54.064270: I tensorflow/core/kernels/data/shuffle_dataset_op.cc:94] Filling up shuffle buffer (this may take a while): 5279 of 20000
2018-12-13 12:35:03.843797: I tensorflow/core/kernels/data/shuffle_dataset_op.cc:94] Filling up shuffle buffer (this may take a while): 10467 of 20000
2018-12-13 12:35:04.067371: I tensorflow/core/kernels/data/shuffle_dataset_op.cc:94] Filling up shuffle buffer (this may take a while): 10491 of 20000
2018-12-13 12:35:13.842610: I tensorflow/core/kernels/data/shuffle_dataset_op.cc:94] Filling up shuffle buffer (this may take a while): 15786 of 20000
2018-12-13 12:35:14.065418: I tensorflow/core/kernels/data/shuffle_dataset_op.cc:94] Filling up shuffle buffer (this may take a while): 15763 of 20000
2018-12-13 12:35:21.771262: I tensorflow/core/kernels/data/shuffle_dataset_op.cc:129] Shuffle buffer filled.
2018-12-13 12:35:22.138413: I tensorflow/core/kernels/data/shuffle_dataset_op.cc:129] Shuffle buffer filled.
INFO:tensorflow:Saving checkpoints for 1 into /scratch/tmp/1029793/tmpkl4_2pvy/model.ckpt.
INFO:tensorflow:Saving checkpoints for 1 into /gpfs/home/sam14/sam14015/task/11/estimator_horovod/models/cifar10_resnet_v2_101.2/model.ckpt.
INFO:tensorflow:loss = 2.4402246, step = 0
INFO:tensorflow:accuracy = 0.125, loss = 2.4402246, global_step = 0
INFO:tensorflow:loss = 2.407453, step = 0
INFO:tensorflow:accuracy = 0.140625, loss = 2.407453, global_step = 0
INFO:tensorflow:global_step/sec: 2.79329
INFO:tensorflow:global_step/sec: 2.79847
INFO:tensorflow:loss = 2.4218588, step = 100 (35.801 sec)
INFO:tensorflow:loss = 2.339866, step = 100 (35.734 sec)
INFO:tensorflow:accuracy = 0.09375, loss = 2.4218588, global_step = 100 (35.801 sec)
INFO:tensorflow:accuracy = 0.1328125, loss = 2.339866, global_step = 100 (35.734 sec)
INFO:tensorflow:Benchmark metric: {'name': 'average_examples_per_sec', 'value': 195.64794892298042, 'unit': None, 'global_step': 111, 'timestamp': '2018-12-13T11:36:25.037448Z', 'extras': []}
INFO:tensorflow:Benchmark metric: {'name': 'current_examples_per_sec', 'value': 195.64794892298042, 'unit': None, 'global_step': 111, 'timestamp': '2018-12-13T11:36:25.037792Z', 'extras': []}
INFO:tensorflow:Benchmark metric: {'name': 'average_examples_per_sec', 'value': 195.64672259553166, 'unit': None, 'global_step': 111, 'timestamp': '2018-12-13T11:36:25.037878Z', 'extras': []}
INFO:tensorflow:Benchmark metric: {'name': 'current_examples_per_sec', 'value': 195.64672259553166, 'unit': None, 'global_step': 111, 'timestamp': '2018-12-13T11:36:25.038153Z', 'extras': []}
INFO:tensorflow:global_step/sec: 3.05224
INFO:tensorflow:global_step/sec: 3.05224
INFO:tensorflow:loss = 2.358792, step = 200 (32.763 sec)
INFO:tensorflow:accuracy = 0.083333336, loss = 2.358792, global_step = 200 (32.763 sec)
INFO:tensorflow:loss = 2.3081937, step = 200 (32.763 sec)
INFO:tensorflow:accuracy = 0.114583336, loss = 2.3081937, global_step = 200 (32.763 sec)
INFO:tensorflow:Benchmark metric: {'name': 'average_examples_per_sec', 'value': 195.41587822091316, 'unit': None, 'global_step': 211, 'timestamp': '2018-12-13T11:36:57.826908Z', 'extras': []}
INFO:tensorflow:Benchmark metric: {'name': 'current_examples_per_sec', 'value': 195.18435741475528, 'unit': None, 'global_step': 211, 'timestamp': '2018-12-13T11:36:57.827180Z', 'extras': []}
INFO:tensorflow:Benchmark metric: {'name': 'average_examples_per_sec', 'value': 195.41554889183206, 'unit': None, 'global_step': 211, 'timestamp': '2018-12-13T11:36:57.827251Z', 'extras': []}
INFO:tensorflow:Benchmark metric: {'name': 'current_examples_per_sec', 'value': 195.1849208472629, 'unit': None, 'global_step': 211, 'timestamp': '2018-12-13T11:36:57.827454Z', 'extras': []}
INFO:tensorflow:global_step/sec: 3.04565
INFO:tensorflow:global_step/sec: 3.04562
INFO:tensorflow:loss = 2.3514752, step = 300 (32.834 sec)
INFO:tensorflow:loss = 2.318766, step = 300 (32.834 sec)
INFO:tensorflow:accuracy = 0.07421875, loss = 2.3514752, global_step = 300 (32.834 sec)
INFO:tensorflow:accuracy = 0.1015625, loss = 2.318766, global_step = 300 (32.834 sec)
INFO:tensorflow:Benchmark metric: {'name': 'average_examples_per_sec', 'value': 195.2685701172538, 'unit': None, 'global_step': 311, 'timestamp': '2018-12-13T11:37:30.651942Z', 'extras': []}
INFO:tensorflow:Benchmark metric: {'name': 'average_examples_per_sec', 'value': 195.2679806338274, 'unit': None, 'global_step': 311, 'timestamp': '2018-12-13T11:37:30.651990Z', 'extras': []}
INFO:tensorflow:Benchmark metric: {'name': 'current_examples_per_sec', 'value': 194.97527485866976, 'unit': None, 'global_step': 311, 'timestamp': '2018-12-13T11:37:30.652218Z', 'extras': []}
INFO:tensorflow:Benchmark metric: {'name': 'current_examples_per_sec', 'value': 194.97285604907606, 'unit': None, 'global_step': 311, 'timestamp': '2018-12-13T11:37:30.652267Z', 'extras': []}
INFO:tensorflow:Saving checkpoints for 375 into /gpfs/home/sam14/sam14015/task/11/estimator_horovod/models/cifar10_resnet_v2_101.2/model.ckpt.
INFO:tensorflow:Saving checkpoints for 375 into /scratch/tmp/1029793/tmpkl4_2pvy/model.ckpt.
2018-12-13 12:38:12.886851: E tensorflow/core/kernels/data/cache_dataset_ops.cc:314] The calling iterator did not fully read the dataset we were attempting to cache. In order to avoid unexpected truncation of the sequence, the current [partially cached] sequence will be dropped. This can occur if you have a sequence similar to `dataset.cache().take(k).repeat()`. Instead, swap the order (i.e. `dataset.take(k).cache().repeat()`)
2018-12-13 12:38:12.983168: E tensorflow/core/kernels/data/cache_dataset_ops.cc:314] The calling iterator did not fully read the dataset we were attempting to cache. In order to avoid unexpected truncation of the sequence, the current [partially cached] sequence will be dropped. This can occur if you have a sequence similar to `dataset.cache().take(k).repeat()`. Instead, swap the order (i.e. `dataset.take(k).cache().repeat()`)
INFO:tensorflow:Loss for final step: 2.348802.
INFO:tensorflow:Loss for final step: 2.3258777.
INFO:tensorflow:Calling model_fn.
INFO:tensorflow:Scale of 0 disables regularizer.
INFO:tensorflow:Done calling model_fn.
INFO:tensorflow:Starting evaluation at 2018-12-13-11:38:25
INFO:tensorflow:Graph was finalized.
2018-12-13 12:38:29.708494: I tensorflow/core/common_runtime/gpu/gpu_device.cc:1435] Adding visible gpu devices: 0
2018-12-13 12:38:29.708573: I tensorflow/core/common_runtime/gpu/gpu_device.cc:923] Device interconnect StreamExecutor with strength 1 edge matrix:
2018-12-13 12:38:29.708586: I tensorflow/core/common_runtime/gpu/gpu_device.cc:929]      0 
2018-12-13 12:38:29.708598: I tensorflow/core/common_runtime/gpu/gpu_device.cc:942] 0:   N 
2018-12-13 12:38:29.709122: I tensorflow/core/common_runtime/gpu/gpu_device.cc:1053] Created TensorFlow device (/job:localhost/replica:0/task:0/device:GPU:0 with 14849 MB memory) -> physical GPU (device: 0, name: Tesla V100-SXM2-16GB, pci bus id: 0004:04:00.0, compute capability: 7.0)
INFO:tensorflow:Restoring parameters from /gpfs/home/sam14/sam14015/task/11/estimator_horovod/models/cifar10_resnet_v2_101.2/model.ckpt-375
INFO:tensorflow:Running local_init_op.
INFO:tensorflow:Done running local_init_op.
INFO:tensorflow:Finished evaluation at 2018-12-13-11:38:51
INFO:tensorflow:Saving dict for global step 375: accuracy/accuracy = 0.1, global_step = 375, loss = 4646345.5
