unload bsc/commands (PATH, MANPATH) 
unload CUDA/9.1 (PATH, MANPATH, LD_LIBRARY_PATH, LIBRARY_PATH, C_INCLUDE_PATH,
CPLUS_INCLUDE_PATH, CUDA_HOME, CUDA_VERSION, CUDA_INC, CUDA_INSTALL_PATH) 
unload OPENMPI/3.0.0 (PATH, MANPATH, LD_LIBRARY_PATH, LIBRARY_PATH,
PKG_CONFIG_PATH, C_INCLUDE_PATH, CPLUS_INCLUDE_PATH, MPI, MPI_V) 
unload GCC/6.4.0 (PATH, MANPATH, INFOPATH, LD_LIBRARY_PATH, LIBRARY_PATH,
C_INCLUDE_PATH, CPLUS_INCLUDE_PATH, STD COMP VARS) 
load GCC/6.4.0 (PATH, MANPATH, INFOPATH, LD_LIBRARY_PATH, LIBRARY_PATH,
C_INCLUDE_PATH, CPLUS_INCLUDE_PATH, STD COMP VARS) 
load JAVA/ibm_8.0.5.15 (PATH, C_INCLUDE_PATH, CPLUS_INCLUDE_PATH, JAVA_HOME,
JAVA_ROOT, JAVA_BINDIR, SDK_HOME, JRE_HOME) 
load OPENMPI/3.0.0 (PATH, MANPATH, LD_LIBRARY_PATH, LIBRARY_PATH,
PKG_CONFIG_PATH, C_INCLUDE_PATH, CPLUS_INCLUDE_PATH, MPI, MPI_V) 
load CUDA/9.2 (PATH, MANPATH, LD_LIBRARY_PATH, LIBRARY_PATH, C_INCLUDE_PATH,
CPLUS_INCLUDE_PATH, CUDA_HOME, CUDA_VERSION, CUDA_INC, CUDA_INSTALL_PATH) 
load ATLAS/3.10.3 (LD_LIBRARY_PATH, LIBRARY_PATH, C_INCLUDE_PATH,
CPLUS_INCLUDE_PATH) 
INFO:tensorflow:Using config: {'_model_dir': '/gpfs/home/sam14/sam14015/task/11/estimator_horovod/models/cifar10_resnet_v2_101.2', '_tf_random_seed': None, '_save_summary_steps': 100, '_save_checkpoints_steps': None, '_save_checkpoints_secs': 600, '_session_config': gpu_options {
  allow_growth: true
  visible_device_list: "0"
}
, '_keep_checkpoint_max': 5, '_keep_checkpoint_every_n_hours': 10000, '_log_step_count_steps': 100, '_train_distribute': None, '_service': None, '_cluster_spec': <tensorflow.python.training.server_lib.ClusterSpec object at 0x3fff52944710>, '_task_type': 'worker', '_task_id': 0, '_global_id_in_cluster': 0, '_master': '', '_evaluation_master': '', '_is_chief': True, '_num_ps_replicas': 0, '_num_worker_replicas': 1}
WARNING:tensorflow:Using temporary folder as model directory: /scratch/tmp/1029722/tmp7_pw1t0n
INFO:tensorflow:Using config: {'_model_dir': '/scratch/tmp/1029722/tmp7_pw1t0n', '_tf_random_seed': None, '_save_summary_steps': 100, '_save_checkpoints_steps': None, '_save_checkpoints_secs': 600, '_session_config': gpu_options {
  allow_growth: true
  visible_device_list: "1"
}
, '_keep_checkpoint_max': 5, '_keep_checkpoint_every_n_hours': 10000, '_log_step_count_steps': 100, '_train_distribute': None, '_service': None, '_cluster_spec': <tensorflow.python.training.server_lib.ClusterSpec object at 0x3fff5e5f4748>, '_task_type': 'worker', '_task_id': 0, '_global_id_in_cluster': 0, '_master': '', '_evaluation_master': '', '_is_chief': True, '_num_ps_replicas': 0, '_num_worker_replicas': 1}
INFO:tensorflow:Calling model_fn.
INFO:tensorflow:Calling model_fn.
INFO:tensorflow:Scale of 0 disables regularizer.
INFO:tensorflow:Scale of 0 disables regularizer.
WARNING:tensorflow:From /gpfs/home/sam14/sam14015/task/11/estimator_horovod/nets/resnet_v2.py:213: calling reduce_mean (from tensorflow.python.ops.math_ops) with keep_dims is deprecated and will be removed in a future version.
Instructions for updating:
keep_dims is deprecated, use keepdims instead
WARNING:tensorflow:From /gpfs/home/sam14/sam14015/task/11/estimator_horovod/nets/resnet_v2.py:213: calling reduce_mean (from tensorflow.python.ops.math_ops) with keep_dims is deprecated and will be removed in a future version.
Instructions for updating:
keep_dims is deprecated, use keepdims instead
INFO:tensorflow:Done calling model_fn.
INFO:tensorflow:Create CheckpointSaverHook.
INFO:tensorflow:Done calling model_fn.
INFO:tensorflow:Create CheckpointSaverHook.
INFO:tensorflow:Graph was finalized.
INFO:tensorflow:Graph was finalized.
2018-12-13 11:45:29.481261: I tensorflow/core/common_runtime/gpu/gpu_device.cc:1356] Found device 0 with properties: 
name: Tesla V100-SXM2-16GB major: 7 minor: 0 memoryClockRate(GHz): 1.53
pciBusID: 0004:04:00.0
totalMemory: 15.75GiB freeMemory: 15.34GiB
2018-12-13 11:45:29.481306: I tensorflow/core/common_runtime/gpu/gpu_device.cc:1435] Adding visible gpu devices: 0
2018-12-13 11:45:29.547271: I tensorflow/core/common_runtime/gpu/gpu_device.cc:1356] Found device 0 with properties: 
name: Tesla V100-SXM2-16GB major: 7 minor: 0 memoryClockRate(GHz): 1.53
pciBusID: 0004:05:00.0
totalMemory: 15.75GiB freeMemory: 15.34GiB
2018-12-13 11:45:29.547311: I tensorflow/core/common_runtime/gpu/gpu_device.cc:1435] Adding visible gpu devices: 1
2018-12-13 11:45:29.875521: I tensorflow/core/common_runtime/gpu/gpu_device.cc:923] Device interconnect StreamExecutor with strength 1 edge matrix:
2018-12-13 11:45:29.875561: I tensorflow/core/common_runtime/gpu/gpu_device.cc:929]      0 
2018-12-13 11:45:29.875575: I tensorflow/core/common_runtime/gpu/gpu_device.cc:942] 0:   N 
2018-12-13 11:45:29.876249: I tensorflow/core/common_runtime/gpu/gpu_device.cc:1053] Created TensorFlow device (/job:localhost/replica:0/task:0/device:GPU:0 with 14847 MB memory) -> physical GPU (device: 0, name: Tesla V100-SXM2-16GB, pci bus id: 0004:04:00.0, compute capability: 7.0)
2018-12-13 11:45:29.932628: I tensorflow/core/common_runtime/gpu/gpu_device.cc:923] Device interconnect StreamExecutor with strength 1 edge matrix:
2018-12-13 11:45:29.932667: I tensorflow/core/common_runtime/gpu/gpu_device.cc:929]      1 
2018-12-13 11:45:29.932681: I tensorflow/core/common_runtime/gpu/gpu_device.cc:942] 1:   N 
2018-12-13 11:45:29.933356: I tensorflow/core/common_runtime/gpu/gpu_device.cc:1053] Created TensorFlow device (/job:localhost/replica:0/task:0/device:GPU:0 with 14851 MB memory) -> physical GPU (device: 1, name: Tesla V100-SXM2-16GB, pci bus id: 0004:05:00.0, compute capability: 7.0)
INFO:tensorflow:Running local_init_op.
INFO:tensorflow:Done running local_init_op.
INFO:tensorflow:Running local_init_op.
INFO:tensorflow:Done running local_init_op.
2018-12-13 11:46:44.756744: I tensorflow/core/kernels/data/shuffle_dataset_op.cc:94] Filling up shuffle buffer (this may take a while): 5189 of 20000
2018-12-13 11:46:44.926576: I tensorflow/core/kernels/data/shuffle_dataset_op.cc:94] Filling up shuffle buffer (this may take a while): 5186 of 20000
2018-12-13 11:46:54.756229: I tensorflow/core/kernels/data/shuffle_dataset_op.cc:94] Filling up shuffle buffer (this may take a while): 10442 of 20000
2018-12-13 11:46:54.929838: I tensorflow/core/kernels/data/shuffle_dataset_op.cc:94] Filling up shuffle buffer (this may take a while): 10315 of 20000
2018-12-13 11:47:04.756754: I tensorflow/core/kernels/data/shuffle_dataset_op.cc:94] Filling up shuffle buffer (this may take a while): 15777 of 20000
2018-12-13 11:47:04.931055: I tensorflow/core/kernels/data/shuffle_dataset_op.cc:94] Filling up shuffle buffer (this may take a while): 15547 of 20000
2018-12-13 11:47:12.839496: I tensorflow/core/kernels/data/shuffle_dataset_op.cc:129] Shuffle buffer filled.
2018-12-13 11:47:13.278662: I tensorflow/core/kernels/data/shuffle_dataset_op.cc:129] Shuffle buffer filled.
INFO:tensorflow:Saving checkpoints for 1 into /scratch/tmp/1029722/tmp7_pw1t0n/model.ckpt.
INFO:tensorflow:Saving checkpoints for 1 into /gpfs/home/sam14/sam14015/task/11/estimator_horovod/models/cifar10_resnet_v2_101.2/model.ckpt.
INFO:tensorflow:loss = 2.4463315, step = 0
INFO:tensorflow:accuracy = 0.0625, loss = 2.4463315, global_step = 0
INFO:tensorflow:loss = 2.405686, step = 0
INFO:tensorflow:accuracy = 0.140625, loss = 2.405686, global_step = 0
INFO:tensorflow:global_step/sec: 2.78376
INFO:tensorflow:global_step/sec: 2.76994
INFO:tensorflow:loss = 2.3322513, step = 100 (35.923 sec)
INFO:tensorflow:loss = 2.2589748, step = 100 (36.102 sec)
INFO:tensorflow:accuracy = 0.1328125, loss = 2.3322513, global_step = 100 (35.923 sec)
INFO:tensorflow:accuracy = 0.1171875, loss = 2.2589748, global_step = 100 (36.102 sec)
INFO:tensorflow:Benchmark metric: {'name': 'average_examples_per_sec', 'value': 194.61104738996968, 'unit': None, 'global_step': 111, 'timestamp': '2018-12-13T10:48:16.739194Z', 'extras': []}
INFO:tensorflow:Benchmark metric: {'name': 'current_examples_per_sec', 'value': 194.61104738996968, 'unit': None, 'global_step': 111, 'timestamp': '2018-12-13T10:48:16.739541Z', 'extras': []}
INFO:tensorflow:Benchmark metric: {'name': 'average_examples_per_sec', 'value': 194.6084330342054, 'unit': None, 'global_step': 111, 'timestamp': '2018-12-13T10:48:16.740071Z', 'extras': []}
INFO:tensorflow:Benchmark metric: {'name': 'current_examples_per_sec', 'value': 194.6084330342054, 'unit': None, 'global_step': 111, 'timestamp': '2018-12-13T10:48:16.740390Z', 'extras': []}
INFO:tensorflow:global_step/sec: 3.01521
INFO:tensorflow:global_step/sec: 3.01519
INFO:tensorflow:loss = 2.2968605, step = 200 (33.165 sec)
INFO:tensorflow:accuracy = 0.119791664, loss = 2.2968605, global_step = 200 (33.165 sec)
INFO:tensorflow:loss = 2.4390478, step = 200 (33.165 sec)
INFO:tensorflow:accuracy = 0.119791664, loss = 2.4390478, global_step = 200 (33.165 sec)
INFO:tensorflow:Benchmark metric: {'name': 'average_examples_per_sec', 'value': 193.64904775090216, 'unit': None, 'global_step': 211, 'timestamp': '2018-12-13T10:48:49.952012Z', 'extras': []}
INFO:tensorflow:Benchmark metric: {'name': 'current_examples_per_sec', 'value': 192.69651202641413, 'unit': None, 'global_step': 211, 'timestamp': '2018-12-13T10:48:49.952361Z', 'extras': []}
INFO:tensorflow:Benchmark metric: {'name': 'average_examples_per_sec', 'value': 193.64933133869127, 'unit': None, 'global_step': 211, 'timestamp': '2018-12-13T10:48:49.952370Z', 'extras': []}
INFO:tensorflow:Benchmark metric: {'name': 'current_examples_per_sec', 'value': 192.69963689028089, 'unit': None, 'global_step': 211, 'timestamp': '2018-12-13T10:48:49.952741Z', 'extras': []}
INFO:tensorflow:global_step/sec: 2.99315
INFO:tensorflow:global_step/sec: 2.99312
INFO:tensorflow:loss = 2.3002634, step = 300 (33.410 sec)
INFO:tensorflow:accuracy = 0.12109375, loss = 2.3002634, global_step = 300 (33.410 sec)
INFO:tensorflow:loss = 2.403772, step = 300 (33.410 sec)
INFO:tensorflow:accuracy = 0.1015625, loss = 2.403772, global_step = 300 (33.410 sec)
INFO:tensorflow:Benchmark metric: {'name': 'average_examples_per_sec', 'value': 192.96019215031495, 'unit': None, 'global_step': 311, 'timestamp': '2018-12-13T10:49:23.355417Z', 'extras': []}
INFO:tensorflow:Benchmark metric: {'name': 'average_examples_per_sec', 'value': 192.9608736620367, 'unit': None, 'global_step': 311, 'timestamp': '2018-12-13T10:49:23.355495Z', 'extras': []}
INFO:tensorflow:Benchmark metric: {'name': 'current_examples_per_sec', 'value': 191.59707962393804, 'unit': None, 'global_step': 311, 'timestamp': '2018-12-13T10:49:23.355689Z', 'extras': []}
INFO:tensorflow:Benchmark metric: {'name': 'current_examples_per_sec', 'value': 191.5985401605732, 'unit': None, 'global_step': 311, 'timestamp': '2018-12-13T10:49:23.355692Z', 'extras': []}
INFO:tensorflow:Saving checkpoints for 375 into /gpfs/home/sam14/sam14015/task/11/estimator_horovod/models/cifar10_resnet_v2_101.2/model.ckpt.
INFO:tensorflow:Saving checkpoints for 375 into /scratch/tmp/1029722/tmp7_pw1t0n/model.ckpt.
2018-12-13 11:50:06.350149: E tensorflow/core/kernels/data/cache_dataset_ops.cc:314] The calling iterator did not fully read the dataset we were attempting to cache. In order to avoid unexpected truncation of the sequence, the current [partially cached] sequence will be dropped. This can occur if you have a sequence similar to `dataset.cache().take(k).repeat()`. Instead, swap the order (i.e. `dataset.take(k).cache().repeat()`)
2018-12-13 11:50:06.893406: E tensorflow/core/kernels/data/cache_dataset_ops.cc:314] The calling iterator did not fully read the dataset we were attempting to cache. In order to avoid unexpected truncation of the sequence, the current [partially cached] sequence will be dropped. This can occur if you have a sequence similar to `dataset.cache().take(k).repeat()`. Instead, swap the order (i.e. `dataset.take(k).cache().repeat()`)
INFO:tensorflow:Loss for final step: 2.3087306.
INFO:tensorflow:Loss for final step: 2.3056145.
INFO:tensorflow:Calling model_fn.
INFO:tensorflow:Scale of 0 disables regularizer.
INFO:tensorflow:Done calling model_fn.
INFO:tensorflow:Starting evaluation at 2018-12-13-10:50:19
INFO:tensorflow:Graph was finalized.
2018-12-13 11:50:23.767192: I tensorflow/core/common_runtime/gpu/gpu_device.cc:1435] Adding visible gpu devices: 0
2018-12-13 11:50:23.767276: I tensorflow/core/common_runtime/gpu/gpu_device.cc:923] Device interconnect StreamExecutor with strength 1 edge matrix:
2018-12-13 11:50:23.767289: I tensorflow/core/common_runtime/gpu/gpu_device.cc:929]      0 
2018-12-13 11:50:23.767301: I tensorflow/core/common_runtime/gpu/gpu_device.cc:942] 0:   N 
2018-12-13 11:50:23.767843: I tensorflow/core/common_runtime/gpu/gpu_device.cc:1053] Created TensorFlow device (/job:localhost/replica:0/task:0/device:GPU:0 with 14847 MB memory) -> physical GPU (device: 0, name: Tesla V100-SXM2-16GB, pci bus id: 0004:04:00.0, compute capability: 7.0)
INFO:tensorflow:Restoring parameters from /gpfs/home/sam14/sam14015/task/11/estimator_horovod/models/cifar10_resnet_v2_101.2/model.ckpt-375
INFO:tensorflow:Running local_init_op.
INFO:tensorflow:Done running local_init_op.
INFO:tensorflow:Finished evaluation at 2018-12-13-10:50:46
INFO:tensorflow:Saving dict for global step 375: accuracy/accuracy = 0.1, global_step = 375, loss = 6458921.0
