Starting train at rank 0
Starting train at rank 28
Starting train at rank 4
Starting train at rank 8
Starting train at rank 16
Starting train at rank 24
Starting train at rank 20
Starting train at rank 12
Starting train at rank 9
Starting train at rank 29
Starting train at rank 1
Starting train at rank 5
Starting train at rank 21
Starting train at rank 17
Starting train at rank 13
Starting train at rank 25
Starting train at rank 7
Starting train at rank 11
Starting train at rank 19
Starting train at rank 14
Starting train at rank 22
Starting train at rank 10
Starting train at rank 23
Starting train at rank 30
Starting train at rank 6
Starting train at rank 18
Starting train at rank 31
Starting train at rank 3
Starting train at rank 27
Starting train at rank 15
Starting train at rank 2
Starting train at rank 26
p9r3n06:48293:48311 [0] INFO NET : Using interface ib0:10.1.1.42<0>
p9r3n06:48293:48311 [0] INFO NET/IB : Using interface ib0 for sideband communication
p9r3n06:48293:48311 [0] INFO NET/IB: [1] mlx5_0:1/IB 
p9r3n06:48293:48311 [0] INFO Using internal Network IB
p9r3n06:48293:48311 [0] INFO Using NCCL Low-latency algorithm for sizes below 16384
p9r3n06:48293:48311 [0] INFO NET : Using interface ib0:10.1.1.42<0>
p9r3n06:48293:48311 [0] INFO NET/Socket : 1 interfaces found
NCCL version 2.2.12+cuda9.2
p9r3n06:48295:48310 [2] INFO NET : Using interface ib0:10.1.1.42<0>
p9r3n06:48295:48310 [2] INFO NET/IB : Using interface ib0 for sideband communication
p9r3n06:48296:48312 [3] INFO NET : Using interface ib0:10.1.1.42<0>
p9r3n06:48296:48312 [3] INFO p9r3n06:48294:48309 [1] INFO NET : Using interface ib0:10.1.1.42<0>
p9r3n06:48294:48309 [1] INFO NET/IB : Using interface ib0 for sideband communication
NET/IB : Using interface ib0 for sideband communication
p9r3n16:86231:86248 [2] INFO NET : Using interface ib0:10.1.1.52<0>
p9r3n16:86231:86248 [2] INFO NET/IB : Using interface ib0 for sideband communication
p9r3n11:130352:130369 [1] INFO NET : Using interface ib0:10.1.1.47<0>
p9r3n11:130352:130369 [1] INFO NET/IB : Using interface ib0 for sideband communication
p9r3n14:136719:136737 [2] INFO NET : Using interface ib0:10.1.1.50<0>
p9r3n14:136719:136737 [2] INFO NET/IB : Using interface ib0 for sideband communication
p9r3n16:86230:86249 [1] INFO NET : Using interface ib0:10.1.1.52<0>
p9r3n16:86230:86249 [1] INFO NET/IB : Using interface ib0 for sideband communication
p9r3n16:86232:86250 [3] INFO NET : Using interface ib0:10.1.1.52<0>
p9r3n16:86232:86250 [3] INFO NET/IB : Using interface ib0 for sideband communication
p9r3n16:86229:86247 [0] INFO NET : Using interface ib0:10.1.1.52<0>
p9r3n16:86229:86247 [0] INFO NET/IB : Using interface ib0 for sideband communication
p9r3n14:136718:136734 [1] INFO NET : Using interface ib0:10.1.1.50<0>
p9r3n14:136718:136734 [1] INFO NET/IB : Using interface ib0 for sideband communication
p9r3n11:130354:130367 [3] INFO NET : Using interface ib0:10.1.1.47<0>
p9r3n11:130354:130367 [3] INFO NET/IB : Using interface ib0 for sideband communication
p9r3n14:136720:136735 [3] INFO NET : Using interface ib0:10.1.1.50<0>
p9r3n14:136720:136735 [3] INFO NET/IB : Using interface ib0 for sideband communication
p9r3n11:130353:130370 [2] INFO NET : Using interface ib0:10.1.1.47<0>
p9r3n11:130353:130370 [2] INFO NET/IB : Using interface ib0 for sideband communication
p9r3n14:136717:136736 [0] INFO NET : Using interface ib0:10.1.1.50<0>
p9r3n14:136717:136736 [0] INFO NET/IB : Using interface ib0 for sideband communication
p9r3n11:130351:130368 [0] INFO NET : Using interface ib0:10.1.1.47<0>
p9r3n11:130351:130368 [0] INFO NET/IB : Using interface ib0 for sideband communication
p9r3n10:126021:126048 [1] INFO NET : Using interface ib0:10.1.1.46<0>
p9r3n10:126021:126048 [1] INFO NET/IB : Using interface ib0 for sideband communication
p9r3n10:126022:126050 [2] INFO NET : Using interface ib0:10.1.1.46<0>
p9r3n10:126022:126050 [2] INFO NET/IB : Using interface ib0 for sideband communication
p9r3n10:126023:126049 [3] INFO NET : Using interface ib0:10.1.1.46<0>
p9r3n10:126023:126049 [3] INFO NET/IB : Using interface ib0 for sideband communication
p9r3n10:126020:126051 [0] INFO NET : Using interface ib0:10.1.1.46<0>
p9r3n10:126020:126051 [0] INFO NET/IB : Using interface ib0 for sideband communication
p9r3n12:151937:151953 [3] INFO NET : Using interface ib0:10.1.1.48<0>
p9r3n12:151937:151953 [3] INFO NET/IB : Using interface ib0 for sideband communication
p9r3n12:151935:151951 [1] INFO NET : Using interface ib0:10.1.1.48<0>
p9r3n12:151935:151951 [1] INFO NET/IB : Using interface ib0 for sideband communication
p9r3n12:151934:151952 [0] INFO NET : Using interface ib0:10.1.1.48<0>
p9r3n12:151934:151952 [0] INFO NET/IB : Using interface ib0 for sideband communication
p9r3n12:151936:151950 [2] INFO NET : Using interface ib0:10.1.1.48<0>
p9r3n12:151936:151950 [2] INFO NET/IB : Using interface ib0 for sideband communication
p9r3n06:48295:48310 [2] INFO NET/IB: [1] mlx5_0:1/IB 
p9r3n06:48295:48310 [2] INFO Using internal Network IB
p9r3n06:48295:48310 [2] INFO Using NCCL Low-latency algorithm for sizes below 16384
p9r3n13:75356:75372 [0] INFO NET : Using interface ib0:10.1.1.49<0>
p9r3n13:75356:75372 [0] INFO NET/IB : Using interface ib0 for sideband communication
p9r3n13:75358:75373 [2] INFO NET : Using interface ib0:10.1.1.49<0>
p9r3n13:75358:75373 [2] INFO NET/IB : Using interface ib0 for sideband communication
p9r3n13:75357:75375 [1] INFO NET : Using interface ib0:10.1.1.49<0>
p9r3n13:75357:75375 [1] INFO NET/IB : Using interface ib0 for sideband communication
p9r3n13:75359:75374 [3] INFO NET : Using interface ib0:10.1.1.49<0>
p9r3n13:75359:75374 [3] INFO NET/IB : Using interface ib0 for sideband communication
p9r3n15:108291:108308 [1] INFO NET : Using interface ib0:10.1.1.51<0>
p9r3n15:108291:108308 [1] INFO NET/IB : Using interface ib0 for sideband communication
p9r3n06:48296:48312 [3] INFO NET/IB: [1] mlx5_0:1/IB 
p9r3n15:108292:108317 [2] INFO NET : Using interface ib0:10.1.1.51<0>
p9r3n15:108292:108317 [2] INFO NET/IB : Using interface ib0 for sideband communication
p9r3n15:108293:108311 [3] INFO NET : Using interface ib0:10.1.1.51<0>
p9r3n15:108293:108311 [3] INFO NET/IB : Using interface ib0 for sideband communication
p9r3n06:48294:48309 [1] INFO NET/IB: [1] mlx5_0:1/IB 
p9r3n15:108290:108314 [0] INFO NET : Using interface ib0:10.1.1.51<0>
p9r3n15:108290:108314 [0] INFO NET/IB : Using interface ib0 for sideband communication
p9r3n06:48296:48312 [3] INFO Using internal Network IB
p9r3n06:48296:48312 [3] INFO Using NCCL Low-latency algorithm for sizes below 16384
p9r3n06:48294:48309 [1] INFO Using internal Network IB
p9r3n06:48294:48309 [1] INFO Using NCCL Low-latency algorithm for sizes below 16384
p9r3n14:136717:136736 [0] INFO NET/IB: [1] mlx5_0:1/IB 
p9r3n14:136717:136736 [0] INFO Using internal Network IB
p9r3n14:136717:136736 [0] INFO Using NCCL Low-latency algorithm for sizes below 16384
p9r3n16:86230:86249 [1] INFO NET/IB: [1] mlx5_0:1/IB 
p9r3n16:86230:86249 [1] INFO Using internal Network IB
p9r3n16:86230:86249 [1] INFO Using NCCL Low-latency algorithm for sizes below 16384
p9r3n11:130351:130368 [0] INFO NET/IB: [1] mlx5_0:1/IB 
p9r3n11:130351:130368 [0] INFO Using internal Network IB
p9r3n11:130351:130368 [0] INFO Using NCCL Low-latency algorithm for sizes below 16384
p9r3n10:126023:126049 [3] INFO NET/IB: [1] mlx5_0:1/IB 
p9r3n10:126023:126049 [3] INFO Using internal Network IB
p9r3n10:126023:126049 [3] INFO Using NCCL Low-latency algorithm for sizes below 16384
p9r3n14:136720:136735 [3] INFO NET/IB: [1] mlx5_0:1/IB 
p9r3n16:86232:86250 [3] INFO NET/IB: [1] mlx5_0:1/IB 
p9r3n14:136720:136735 [3] INFO Using internal Network IB
p9r3n14:136720:136735 [3] INFO Using NCCL Low-latency algorithm for sizes below 16384
p9r3n16:86232:86250 [3] INFO Using internal Network IB
p9r3n16:86232:86250 [3] INFO Using NCCL Low-latency algorithm for sizes below 16384
p9r3n11:130353:130370 [2] INFO NET/IB: [1] mlx5_0:1/IB 
p9r3n11:130353:130370 [2] INFO Using internal Network IB
p9r3n11:130353:130370 [2] INFO Using NCCL Low-latency algorithm for sizes below 16384
p9r3n10:126020:126051 [0] INFO NET/IB: [1] mlx5_0:1/IB 
p9r3n14:136719:136737 [2] INFO NET/IB: [1] mlx5_0:1/IB 
p9r3n10:126020:126051 [0] INFO Using internal Network IB
p9r3n10:126020:126051 [0] INFO Using NCCL Low-latency algorithm for sizes below 16384
p9r3n14:136718:136734 [1] INFO NET/IB: [1] mlx5_0:1/IB 
p9r3n14:136718:136734 [1] INFO Using internal Network IB
p9r3n14:136718:136734 [1] INFO Using NCCL Low-latency algorithm for sizes below 16384
p9r3n16:86229:86247 [0] INFO NET/IB: [1] mlx5_0:1/IB 
p9r3n14:136719:136737 [2] INFO Using internal Network IB
p9r3n14:136719:136737 [2] INFO Using NCCL Low-latency algorithm for sizes below 16384
p9r3n11:130354:130367 [3] INFO NET/IB: [1] mlx5_0:1/IB 
p9r3n16:86231:86248 [2] INFO NET/IB: [1] mlx5_0:1/IB 
p9r3n16:86231:86248 [2] INFO Using internal Network IB
p9r3n16:86231:86248 [2] INFO p9r3n16:86229:86247 [0] INFO Using internal Network IB
p9r3n16:86229:86247 [0] INFO Using NCCL Low-latency algorithm for sizes below 16384
Using NCCL Low-latency algorithm for sizes below 16384
p9r3n11:130352:130369 [1] INFO NET/IB: [1] mlx5_0:1/IB 
p9r3n15:108291:108308 [1] INFO NET/IB: [1] mlx5_0:1/IB 
p9r3n12:151936:151950 [2] INFO NET/IB: [1] mlx5_0:1/IB 
p9r3n11:130352:130369 [1] INFO Using internal Network IB
p9r3n11:130352:130369 [1] INFO Using NCCL Low-latency algorithm for sizes below 16384
p9r3n10:126021:126048 [1] INFO NET/IB: [1] mlx5_0:1/IB 
p9r3n11:130354:130367 [3] INFO Using internal Network IB
p9r3n11:130354:130367 [3] INFO Using NCCL Low-latency algorithm for sizes below 16384
p9r3n15:108291:108308 [1] INFO Using internal Network IB
p9r3n15:108291:108308 [1] INFO Using NCCL Low-latency algorithm for sizes below 16384
p9r3n12:151936:151950 [2] INFO Using internal Network IB
p9r3n12:151936:151950 [2] INFO Using NCCL Low-latency algorithm for sizes below 16384
p9r3n10:126022:126050 [2] INFO NET/IB: [1] mlx5_0:1/IB 
p9r3n10:126022:126050 [2] INFO Using internal Network IB
p9r3n10:126022:126050 [2] INFO p9r3n10:126021:126048 [1] INFO Using internal Network IB
p9r3n10:126021:126048 [1] INFO Using NCCL Low-latency algorithm for sizes below 16384
Using NCCL Low-latency algorithm for sizes below 16384
p9r3n13:75359:75374 [3] INFO NET/IB: [1] mlx5_0:1/IB 
p9r3n13:75358:75373 [2] INFO NET/IB: [1] mlx5_0:1/IB 
p9r3n15:108292:108317 [2] INFO NET/IB: [1] mlx5_0:1/IB 
p9r3n13:75356:75372 [0] INFO NET/IB: [1] mlx5_0:1/IB 
p9r3n13:75356:75372 [0] INFO Using internal Network IB
p9r3n13:75356:75372 [0] INFO Using NCCL Low-latency algorithm for sizes below 16384
p9r3n13:75358:75373 [2] INFO Using internal Network IB
p9r3n13:75358:75373 [2] INFO Using NCCL Low-latency algorithm for sizes below 16384
p9r3n13:75359:75374 [3] INFO Using internal Network IB
p9r3n13:75359:75374 [3] INFO Using NCCL Low-latency algorithm for sizes below 16384
p9r3n15:108292:108317 [2] INFO Using internal Network IB
p9r3n15:108292:108317 [2] INFO Using NCCL Low-latency algorithm for sizes below 16384
p9r3n12:151935:151951 [1] INFO NET/IB: [1] mlx5_0:1/IB 
p9r3n12:151934:151952 [0] INFO NET/IB: [1] mlx5_0:1/IB 
p9r3n12:151937:151953 [3] INFO NET/IB: [1] mlx5_0:1/IB 
p9r3n12:151935:151951 [1] INFO Using internal Network IB
p9r3n12:151935:151951 [1] INFO Using NCCL Low-latency algorithm for sizes below 16384
p9r3n12:151934:151952 [0] INFO Using internal Network IB
p9r3n12:151934:151952 [0] INFO Using NCCL Low-latency algorithm for sizes below 16384
p9r3n12:151937:151953 [3] INFO Using internal Network IB
p9r3n12:151937:151953 [3] INFO Using NCCL Low-latency algorithm for sizes below 16384
p9r3n13:75357:75375 [1] INFO NET/IB: [1] mlx5_0:1/IB 
p9r3n13:75357:75375 [1] INFO Using internal Network IB
p9r3n13:75357:75375 [1] INFO Using NCCL Low-latency algorithm for sizes below 16384
p9r3n15:108293:108311 [3] INFO NET/IB: [1] mlx5_0:1/IB 
p9r3n15:108290:108314 [0] INFO NET/IB: [1] mlx5_0:1/IB 
p9r3n15:108293:108311 [3] INFO Using internal Network IB
p9r3n15:108293:108311 [3] INFO Using NCCL Low-latency algorithm for sizes below 16384
p9r3n15:108290:108314 [0] INFO Using internal Network IB
p9r3n15:108290:108314 [0] INFO Using NCCL Low-latency algorithm for sizes below 16384
p9r3n06:48295:48310 [2] INFO comm 0x3fff419c6540 rank 2 nranks 32
p9r3n06:48295:48310 [2] INFO NET : Using interface ib0:10.1.1.42<0>
p9r3n06:48295:48310 [2] INFO NET/Socket : 1 interfaces found
p9r3n06:48295:48310 [2] INFO CUDA Dev 2, IB Ports : mlx5_0/1(SOC) 
p9r3n06:48294:48309 [1] INFO comm 0x3fff419c6470 rank 1 nranks 32
p9r3n06:48296:48312 [3] INFO comm 0x3fff619c6100 rank 3 nranks 32
p9r3n06:48296:48312 [3] INFO NET : Using interface ib0:10.1.1.42<0>
p9r3n06:48296:48312 [3] INFO NET/Socket : 1 interfaces found
p9r3n06:48294:48309 [1] INFO NET : Using interface ib0:10.1.1.42<0>
p9r3n06:48294:48309 [1] INFO NET/Socket : 1 interfaces found
p9r3n06:48296:48312 [3] INFO CUDA Dev 3, IB Ports : mlx5_0/1(SOC) 
p9r3n06:48294:48309 [1] INFO CUDA Dev 1, IB Ports : mlx5_0/1(SOC) 
p9r3n14:136717:136736 [0] INFO comm 0x3fff51968f60 rank 20 nranks 32
p9r3n14:136717:136736 [0] INFO NET : Using interface ib0:10.1.1.50<0>
p9r3n14:136717:136736 [0] INFO NET/Socket : 1 interfaces found
p9r3n14:136717:136736 [0] INFO CUDA Dev 0, IB Ports : mlx5_0/1(SOC) 
p9r3n10:126023:126049 [3] INFO comm 0x3fff4d8f6bc0 rank 7 nranks 32
p9r3n10:126023:126049 [3] INFO NET : Using interface ib0:10.1.1.46<0>
p9r3n10:126023:126049 [3] INFO NET/Socket : 1 interfaces found
p9r3n10:126023:126049 [3] INFO CUDA Dev 3, IB Ports : mlx5_0/1(SOC) 
p9r3n12:151935:151951 [1] INFO comm 0x3fff518f9100 rank 13 nranks 32
p9r3n14:136720:136735 [3] INFO comm 0x3fff598d8020 rank 23 nranks 32
p9r3n12:151935:151951 [1] INFO NET : Using interface ib0:10.1.1.48<0>
p9r3n12:151935:151951 [1] INFO NET/Socket : 1 interfaces found
p9r3n14:136720:136735 [3] INFO NET : Using interface ib0:10.1.1.50<0>
p9r3n14:136720:136735 [3] INFO NET/Socket : 1 interfaces found
p9r3n10:126020:126051 [0] INFO comm 0x3fff3d9882e0 rank 4 nranks 32
p9r3n06:48293:48311 [0] INFO comm 0x3fff520535a0 rank 0 nranks 32
p9r3n14:136720:136735 [3] INFO CUDA Dev 3, IB Ports : mlx5_0/1(SOC) 
p9r3n10:126020:126051 [0] INFO NET : Using interface ib0:10.1.1.46<0>
p9r3n10:126020:126051 [0] INFO NET/Socket : 1 interfaces found
p9r3n06:48293:48311 [0] INFO CUDA Dev 0, IB Ports : mlx5_0/1(SOC) 
p9r3n12:151935:151951 [1] INFO CUDA Dev 1, IB Ports : mlx5_0/1(SOC) 
p9r3n10:126020:126051 [0] INFO CUDA Dev 0, IB Ports : mlx5_0/1(SOC) 
p9r3n14:136719:136737 [2] INFO comm 0x3fff318d8db0 rank 22 nranks 32
p9r3n14:136718:136734 [1] INFO comm 0x3fff5d8e8f80 rank 21 nranks 32
p9r3n14:136718:136734 [1] INFO NET : Using interface ib0:10.1.1.50<0>
p9r3n14:136718:136734 [1] INFO NET/Socket : 1 interfaces found
p9r3n14:136719:136737 [2] INFO NET : Using interface ib0:10.1.1.50<0>
p9r3n14:136719:136737 [2] INFO NET/Socket : 1 interfaces found
p9r3n14:136718:136734 [1] INFO CUDA Dev 1, IB Ports : mlx5_0/1(SOC) 
p9r3n14:136719:136737 [2] INFO CUDA Dev 2, IB Ports : mlx5_0/1(SOC) 
p9r3n11:130352:130369 [1] INFO comm 0x3fff59909320 rank 9 nranks 32
p9r3n12:151936:151950 [2] INFO comm 0x3fff4d8d8c60 rank 14 nranks 32
p9r3n11:130354:130367 [3] INFO comm 0x3fff518f9450 rank 11 nranks 32
p9r3n16:86229:86247 [0] INFO comm 0x3fff35958dd0 rank 28 nranks 32
p9r3n12:151936:151950 [2] INFO NET : Using interface ib0:10.1.1.48<0>
p9r3n12:151936:151950 [2] INFO NET/Socket : 1 interfaces found
p9r3n16:86231:86248 [2] INFO comm 0x3fff358c7ab0 rank 30 nranks 32
p9r3n11:130352:130369 [1] INFO NET : Using interface ib0:10.1.1.47<0>
p9r3n11:130352:130369 [1] INFO NET/Socket : 1 interfaces found
p9r3n13:75358:75373 [2] INFO comm 0x3fff598e8800 rank 18 nranks 32
p9r3n11:130354:130367 [3] INFO NET : Using interface ib0:10.1.1.47<0>
p9r3n11:130354:130367 [3] INFO NET/Socket : 1 interfaces found
p9r3n13:75356:75372 [0] INFO comm 0x3fff25959490 rank 16 nranks 32
p9r3n12:151936:151950 [2] INFO CUDA Dev 2, IB Ports : mlx5_0/1(SOC) 
p9r3n16:86229:86247 [0] INFO NET : Using interface ib0:10.1.1.52<0>
p9r3n16:86229:86247 [0] INFO NET/Socket : 1 interfaces found
p9r3n16:86231:86248 [2] INFO NET : Using interface ib0:10.1.1.52<0>
p9r3n16:86231:86248 [2] INFO NET/Socket : 1 interfaces found
p9r3n11:130354:130367 [3] INFO CUDA Dev 3, IB Ports : mlx5_0/1(SOC) 
p9r3n11:130352:130369 [1] INFO CUDA Dev 1, IB Ports : mlx5_0/1(SOC) 
p9r3n13:75358:75373 [2] INFO NET : Using interface ib0:10.1.1.49<0>
p9r3n13:75358:75373 [2] INFO NET/Socket : 1 interfaces found
p9r3n13:75356:75372 [0] INFO NET : Using interface ib0:10.1.1.49<0>
p9r3n13:75356:75372 [0] INFO NET/Socket : 1 interfaces found
p9r3n16:86229:86247 [0] INFO CUDA Dev 0, IB Ports : mlx5_0/1(SOC) 
p9r3n16:86231:86248 [2] INFO CUDA Dev 2, IB Ports : mlx5_0/1(SOC) 
p9r3n13:75358:75373 [2] INFO CUDA Dev 2, IB Ports : mlx5_0/1(SOC) 
p9r3n13:75356:75372 [0] INFO CUDA Dev 0, IB Ports : mlx5_0/1(SOC) 
p9r3n10:126021:126048 [1] INFO comm 0x3fff31908de0 rank 5 nranks 32
p9r3n10:126022:126050 [2] INFO comm 0x3fff458e8ca0 rank 6 nranks 32
p9r3n10:126021:126048 [1] INFO NET : Using interface ib0:10.1.1.46<0>
p9r3n10:126021:126048 [1] INFO NET/Socket : 1 interfaces found
p9r3n12:151934:151952 [0] INFO comm 0x3fff3d988200 rank 12 nranks 32
p9r3n10:126022:126050 [2] INFO NET : Using interface ib0:10.1.1.46<0>
p9r3n10:126022:126050 [2] INFO NET/Socket : 1 interfaces found
p9r3n12:151937:151953 [3] INFO comm 0x3fff4d8c83f0 rank 15 nranks 32
p9r3n10:126021:126048 [1] INFO CUDA Dev 1, IB Ports : mlx5_0/1(SOC) 
p9r3n10:126022:126050 [2] INFO CUDA Dev 2, IB Ports : mlx5_0/1(SOC) 
p9r3n12:151937:151953 [3] INFO NET : Using interface ib0:10.1.1.48<0>
p9r3n12:151937:151953 [3] INFO NET/Socket : 1 interfaces found
p9r3n12:151934:151952 [0] INFO NET : Using interface ib0:10.1.1.48<0>
p9r3n12:151934:151952 [0] INFO NET/Socket : 1 interfaces found
p9r3n12:151937:151953 [3] INFO CUDA Dev 3, IB Ports : mlx5_0/1(SOC) 
p9r3n12:151934:151952 [0] INFO CUDA Dev 0, IB Ports : mlx5_0/1(SOC) 
p9r3n11:130351:130368 [0] INFO comm 0x3fff2d97a6c0 rank 8 nranks 32
p9r3n11:130353:130370 [2] INFO comm 0x3fff5d8f80a0 rank 10 nranks 32
p9r3n16:86232:86250 [3] INFO comm 0x3fff3d8c6a70 rank 31 nranks 32
p9r3n16:86230:86249 [1] INFO comm 0x3fff458d88d0 rank 29 nranks 32
p9r3n11:130351:130368 [0] INFO NET : Using interface ib0:10.1.1.47<0>
p9r3n11:130351:130368 [0] INFO NET/Socket : 1 interfaces found
p9r3n16:86232:86250 [3] INFO NET : Using interface ib0:10.1.1.52<0>
p9r3n16:86232:86250 [3] INFO NET/Socket : 1 interfaces found
p9r3n11:130353:130370 [2] INFO NET : Using interface ib0:10.1.1.47<0>
p9r3n11:130353:130370 [2] INFO NET/Socket : 1 interfaces found
p9r3n16:86230:86249 [1] INFO NET : Using interface ib0:10.1.1.52<0>
p9r3n16:86230:86249 [1] INFO NET/Socket : 1 interfaces found
p9r3n11:130353:130370 [2] INFO CUDA Dev 2, IB Ports : mlx5_0/1(SOC) 
p9r3n11:130351:130368 [0] INFO CUDA Dev 0, IB Ports : mlx5_0/1(SOC) 
p9r3n16:86230:86249 [1] INFO CUDA Dev 1, IB Ports : mlx5_0/1(SOC) 
p9r3n16:86232:86250 [3] INFO CUDA Dev 3, IB Ports : mlx5_0/1(SOC) 
p9r3n15:108292:108317 [2] INFO comm 0x3fff5d8d85b0 rank 26 nranks 32
p9r3n15:108291:108308 [1] INFO comm 0x3fff598d9310 rank 25 nranks 32
p9r3n15:108292:108317 [2] INFO NET : Using interface ib0:10.1.1.51<0>
p9r3n15:108292:108317 [2] INFO NET/Socket : 1 interfaces found
p9r3n15:108291:108308 [1] INFO NET : Using interface ib0:10.1.1.51<0>
p9r3n15:108291:108308 [1] INFO NET/Socket : 1 interfaces found
p9r3n15:108292:108317 [2] INFO CUDA Dev 2, IB Ports : mlx5_0/1(SOC) 
p9r3n15:108291:108308 [1] INFO CUDA Dev 1, IB Ports : mlx5_0/1(SOC) 
p9r3n13:75357:75375 [1] INFO comm 0x3fff3d8e8b50 rank 17 nranks 32
p9r3n13:75359:75374 [3] INFO comm 0x3fff618e78f0 rank 19 nranks 32
p9r3n13:75359:75374 [3] INFO NET : Using interface ib0:10.1.1.49<0>
p9r3n13:75359:75374 [3] INFO NET/Socket : 1 interfaces found
p9r3n13:75357:75375 [1] INFO NET : Using interface ib0:10.1.1.49<0>
p9r3n13:75357:75375 [1] INFO NET/Socket : 1 interfaces found
p9r3n13:75359:75374 [3] INFO CUDA Dev 3, IB Ports : mlx5_0/1(SOC) 
p9r3n13:75357:75375 [1] INFO CUDA Dev 1, IB Ports : mlx5_0/1(SOC) 
p9r3n15:108290:108314 [0] INFO comm 0x3fff6595a680 rank 24 nranks 32
p9r3n15:108293:108311 [3] INFO comm 0x3fff4d8e7470 rank 27 nranks 32
p9r3n15:108293:108311 [3] INFO NET : Using interface ib0:10.1.1.51<0>
p9r3n15:108293:108311 [3] INFO NET/Socket : 1 interfaces found
p9r3n15:108290:108314 [0] INFO NET : Using interface ib0:10.1.1.51<0>
p9r3n15:108290:108314 [0] INFO NET/Socket : 1 interfaces found
p9r3n15:108293:108311 [3] INFO CUDA Dev 3, IB Ports : mlx5_0/1(SOC) 
p9r3n15:108290:108314 [0] INFO CUDA Dev 0, IB Ports : mlx5_0/1(SOC) 
p9r3n06:48293:48311 [0] INFO Using 256 threads
p9r3n06:48293:48311 [0] INFO Min Comp Cap 7
p9r3n06:48293:48311 [0] INFO NCCL_SINGLE_RING_THRESHOLD=262144
p9r3n06:48293:48311 [0] INFO Ring 00 :    0   1   2   3   4   5   6   7   8   9  10  11  12  13  14  15  16  17  18  19
p9r3n10:126021:126048 [1] INFO 5[126021] -> 6[126022] via direct shared memory
p9r3n06:48294:48309 [1] INFO 1[48294] -> 2[48295] via direct shared memory
p9r3n11:130352:130369 [1] INFO 9[130352] -> 10[130353] via direct shared memory
p9r3n10:126020:126051 [0] INFO 3 -> 4 via NET/IB/0
p9r3n14:136718:136734 [1] INFO 21[136718] -> 22[136719] via direct shared memory
p9r3n11:130351:130368 [0] INFO 7 -> 8 via NET/IB/0
p9r3n10:126020:126051 [0] INFO Ring 00 : 4[0] -> 5[1] via P2P/IPC
p9r3n16:86230:86249 [1] INFO 29[86230] -> 30[86231] via direct shared memory
p9r3n11:130351:130368 [0] INFO Ring 00 : 8[0] -> 9[1] via P2P/IPC
p9r3n10:126022:126050 [2] INFO Ring 00 : 6[2] -> 7[3] via P2P/IPC
p9r3n16:86229:86247 [0] INFO 27 -> 28 via NET/IB/0
p9r3n16:86229:86247 [0] INFO Ring 00 : 28[0] -> 29[1] via P2P/IPC
p9r3n12:151935:151951 [1] INFO 13[151935] -> 14[151936] via direct shared memory
p9r3n16:86231:86248 [2] INFO Ring 00 : 30[2] -> 31[3] via P2P/IPC
p9r3n06:48293:48311 [0] INFO 31 -> 0 via NET/IB/0
p9r3n14:136717:136736 [0] INFO 19 -> 20 via NET/IB/0
p9r3n13:75357:75375 [1] INFO 17[75357] -> 18[75358] via direct shared memory
p9r3n15:108290:108314 [0] INFO 23 -> 24 via NET/IB/0
p9r3n06:48293:48311 [0] INFO Ring 00 : 0[0] -> 1[1] via P2P/IPC
p9r3n14:136717:136736 [0] INFO Ring 00 : 20[0] -> 21[1] via P2P/IPC
p9r3n15:108291:108308 [1] INFO 25[108291] -> 26[108292] via direct shared memory
p9r3n12:151934:151952 [0] INFO 11 -> 12 via NET/IB/0
p9r3n11:130353:130370 [2] INFO Ring 00 : 10[2] -> 11[3] via P2P/IPC
p9r3n12:151936:151950 [2] INFO Ring 00 : 14[2] -> 15[3] via P2P/IPC
p9r3n15:108290:108314 [0] INFO Ring 00 : 24[0] -> 25[1] via P2P/IPC
p9r3n14:136719:136737 [2] INFO Ring 00 : 22[2] -> 23[3] via P2P/IPC
p9r3n12:151934:151952 [0] INFO Ring 00 : 12[0] -> 13[1] via P2P/IPC
p9r3n06:48295:48310 [2] INFO Ring 00 : 2[2] -> 3[3] via P2P/IPC
p9r3n15:108292:108317 [2] INFO Ring 00 : 26[2] -> 27[3] via P2P/IPC
p9r3n13:75358:75373 [2] INFO Ring 00 : 18[2] -> 19[3] via P2P/IPC
p9r3n13:75356:75372 [0] INFO 15 -> 16 via NET/IB/0
p9r3n13:75356:75372 [0] INFO Ring 00 : 16[0] -> 17[1] via P2P/IPC
p9r3n06:48296:48312 [3] INFO NET/IB: Dev 0 Port 1 qpn 240181 mtu 5 LID 19
p9r3n11:130354:130367 [3] INFO NET/IB: Dev 0 Port 1 qpn 193861 mtu 5 LID 56
p9r3n10:126023:126049 [3] INFO NET/IB: Dev 0 Port 1 qpn 231292 mtu 5 LID 15
p9r3n13:75359:75374 [3] INFO NET/IB: Dev 0 Port 1 qpn 42944 mtu 5 LID 30
p9r3n12:151937:151953 [3] INFO NET/IB: Dev 0 Port 1 qpn 229545 mtu 5 LID 51
p9r3n14:136720:136735 [3] INFO NET/IB: Dev 0 Port 1 qpn 171566 mtu 5 LID 6
p9r3n16:86232:86250 [3] INFO NET/IB: Dev 0 Port 1 qpn 158185 mtu 5 LID 10
p9r3n15:108293:108311 [3] INFO NET/IB: Dev 0 Port 1 qpn 77523 mtu 5 LID 26
p9r3n06:48293:48311 [0] INFO Launch mode Parallel
