Starting train at rank 0
Starting train at rank 16
Starting train at rank 4
Starting train at rank 24
Starting train at rank 28
Starting train at rank 12
Starting train at rank 20
Starting train at rank 8
Starting train at rank 15
Starting train at rank 31
Starting train at rank 29
Starting train at rank 5
Starting train at rank 7
Starting train at rank 23
Starting train at rank 27
Starting train at rank 6
Starting train at rank 21
Starting train at rank 1
Starting train at rank 14
Starting train at rank 17
Starting train at rank 13
Starting train at rank 3
Starting train at rank 19
Starting train at rank 2
Starting train at rank 18
Starting train at rank 11
Starting train at rank 25
Starting train at rank 22
Starting train at rank 9
Starting train at rank 10
Starting train at rank 30
Starting train at rank 26
p9r3n06:97318:97337 [0] INFO NET : Using interface ib0:10.1.1.42<0>
p9r3n06:97318:97337 [0] INFO NET/IB : Using interface ib0 for sideband communication
p9r3n06:97318:97337 [0] INFO NET/IB: [1] mlx5_0:1/IB 
p9r3n06:97318:97337 [0] INFO Using internal Network IB
p9r3n06:97318:97337 [0] INFO Using NCCL Low-latency algorithm for sizes below 16384
p9r3n06:97318:97337 [0] INFO NET : Using interface ib0:10.1.1.42<0>
p9r3n06:97318:97337 [0] INFO NET/Socket : 1 interfaces found
NCCL version 2.2.12+cuda9.2
p9r3n06:97320:97334 [2] INFO NET : Using interface ib0:10.1.1.42<0>
p9r3n06:97320:97334 [2] INFO NET/IB : Using interface ib0 for sideband communication
p9r3n06:97321:97336 [3] INFO NET : Using interface ib0:10.1.1.42<0>
p9r3n06:97321:97336 [3] INFO NET/IB : Using interface ib0 for sideband communication
p9r3n06:97319:97335 [1] INFO NET : Using interface ib0:10.1.1.42<0>
p9r3n06:97319:97335 [1] INFO NET/IB : Using interface ib0 for sideband communication
p9r3n09:15557:15574 [1] INFO NET : Using interface ib0:10.1.1.45<0>
p9r3n09:15557:15574 [1] INFO NET/IB : Using interface ib0 for sideband communication
p9r3n09:15558:15575 [2] INFO NET : Using interface ib0:10.1.1.45<0>
p9r3n09:15558:15575 [2] INFO NET/IB : Using interface ib0 for sideband communication
p9r3n09:15556:15583 [0] INFO NET : Using interface ib0:10.1.1.45<0>
p9r3n09:15556:15583 [0] INFO NET/IB : Using interface ib0 for sideband communication
p9r3n09:15559:15576 [3] INFO NET : Using interface ib0:10.1.1.45<0>
p9r3n09:15559:15576 [3] INFO NET/IB : Using interface ib0 for sideband communication
p9r3n14:3480:3500 [1] INFO NET : Using interface ib0:10.1.1.50<0>
p9r3n14:3480:3500 [1] INFO NET/IB : Using interface ib0 for sideband communication
p9r3n07:69769:69785 [1] INFO NET : Using interface ib0:10.1.1.43<0>
p9r3n07:69769:69785 [1] INFO NET/IB : Using interface ib0 for sideband communication
p9r3n14:3481:3498 [2] INFO NET : Using interface ib0:10.1.1.50<0>
p9r3n14:3481:3498 [2] INFO NET/IB : Using interface ib0 for sideband communication
p9r3n10:12050:12067 [2] INFO NET : Using interface ib0:10.1.1.46<0>
p9r3n10:12050:12067 [2] INFO NET/IB : Using interface ib0 for sideband communication
p9r3n07:69771:69788 [3] INFO NET : Using interface ib0:10.1.1.43<0>
p9r3n07:69771:69788 [3] INFO NET/IB : Using interface ib0 for sideband communication
p9r3n14:3482:3497 [3] INFO NET : Using interface ib0:10.1.1.50<0>
p9r3n14:3482:3497 [3] INFO NET/IB : Using interface ib0 for sideband communication
p9r3n07:69768:69786 [0] INFO NET : Using interface ib0:10.1.1.43<0>
p9r3n07:69768:69786 [0] INFO NET/IB : Using interface ib0 for sideband communication
p9r3n14:3479:3499 [0] INFO NET : Using interface ib0:10.1.1.50<0>
p9r3n14:3479:3499 [0] INFO NET/IB : Using interface ib0 for sideband communication
p9r3n07:69770:69787 [2] INFO NET : Using interface ib0:10.1.1.43<0>
p9r3n07:69770:69787 [2] INFO NET/IB : Using interface ib0 for sideband communication
p9r3n10:12049:12068 [1] INFO NET : Using interface ib0:10.1.1.46<0>
p9r3n10:12049:12068 [1] INFO NET/IB : Using interface ib0 for sideband communication
p9r3n10:12051:12069 [3] INFO NET : Using interface ib0:10.1.1.46<0>
p9r3n10:12051:12069 [3] INFO NET/IB : Using interface ib0 for sideband communication
p9r3n10:12048:12066 [0] INFO NET : Using interface ib0:10.1.1.46<0>
p9r3n10:12048:12066 [0] INFO NET/IB : Using interface ib0 for sideband communication
p9r3n13:104959:104986 [0] INFO NET : Using interface ib0:10.1.1.49<0>
p9r3n13:104959:104986 [0] INFO NET/IB : Using interface ib0 for sideband communication
p9r3n11:160022:160039 [0] INFO NET : Using interface ib0:10.1.1.47<0>
p9r3n11:160022:160039 [0] INFO NET/IB : Using interface ib0 for sideband communication
p9r3n13:104961:104988 [2] INFO NET : Using interface ib0:10.1.1.49<0>
p9r3n13:104961:104988 [2] INFO NET/IB : Using interface ib0 for sideband communication
p9r3n12:19097:19114 [1] INFO NET : Using interface ib0:10.1.1.48<0>
p9r3n12:19097:19114 [1] INFO NET/IB : Using interface ib0 for sideband communication
p9r3n13:104962:104987 [3] INFO NET : Using interface ib0:10.1.1.49<0>
p9r3n13:104962:104987 [3] INFO NET/IB : Using interface ib0 for sideband communication
p9r3n13:104960:104985 [1] INFO NET : Using interface ib0:10.1.1.49<0>
p9r3n13:104960:104985 [1] INFO NET/IB : Using interface ib0 for sideband communication
p9r3n11:160025:160040 [3] INFO NET : Using interface ib0:10.1.1.47<0>
p9r3n11:160025:160040 [3] INFO NET/IB : Using interface ib0 for sideband communication
p9r3n11:160023:160041 [1] INFO NET : Using interface ib0:10.1.1.47<0>
p9r3n11:160023:160041 [1] INFO NET/IB : Using interface ib0 for sideband communication
p9r3n12:19099:19115 [3] INFO NET : Using interface ib0:10.1.1.48<0>
p9r3n12:19099:19115 [3] INFO NET/IB : Using interface ib0 for sideband communication
p9r3n11:160024:160038 [2] INFO NET : Using interface ib0:10.1.1.47<0>
p9r3n11:160024:160038 [2] INFO NET/IB : Using interface ib0 for sideband communication
p9r3n12:19096:19117 [0] INFO NET : Using interface ib0:10.1.1.48<0>
p9r3n12:19096:19117 [0] INFO NET/IB : Using interface ib0 for sideband communication
p9r3n12:19098:19116 [2] INFO NET : Using interface ib0:10.1.1.48<0>
p9r3n12:19098:19116 [2] INFO NET/IB : Using interface ib0 for sideband communication
p9r3n06:97319:97335 [1] INFO NET/IB: [1] mlx5_0:1/IB 
p9r3n06:97319:97335 [1] INFO Using internal Network IB
p9r3n06:97319:97335 [1] INFO Using NCCL Low-latency algorithm for sizes below 16384
p9r3n06:97321:97336 [3] INFO NET/IB: [1] mlx5_0:1/IB 
p9r3n06:97320:97334 [2] INFO NET/IB: [1] mlx5_0:1/IB 
p9r3n06:97320:97334 [2] INFO Using internal Network IB
p9r3n06:97320:97334 [2] INFO Using NCCL Low-latency algorithm for sizes below 16384
p9r3n06:97321:97336 [3] INFO Using internal Network IB
p9r3n06:97321:97336 [3] INFO Using NCCL Low-latency algorithm for sizes below 16384
p9r3n14:3482:3497 [3] INFO NET/IB: [1] mlx5_0:1/IB 
p9r3n07:69768:69786 [0] INFO NET/IB: [1] mlx5_0:1/IB 
p9r3n14:3482:3497 [3] INFO Using internal Network IB
p9r3n14:3482:3497 [3] INFO Using NCCL Low-latency algorithm for sizes below 16384
p9r3n07:69768:69786 [0] INFO Using internal Network IB
p9r3n07:69768:69786 [0] INFO Using NCCL Low-latency algorithm for sizes below 16384
p9r3n11:160023:160041 [1] INFO NET/IB: [1] mlx5_0:1/IB 
p9r3n11:160023:160041 [1] INFO Using internal Network IB
p9r3n11:160023:160041 [1] INFO Using NCCL Low-latency algorithm for sizes below 16384
p9r3n10:12051:12069 [3] INFO NET/IB: [1] mlx5_0:1/IB 
p9r3n10:12051:12069 [3] INFO Using internal Network IB
p9r3n10:12051:12069 [3] INFO Using NCCL Low-latency algorithm for sizes below 16384
p9r3n09:15559:15576 [3] INFO NET/IB: [1] mlx5_0:1/IB 
p9r3n14:3479:3499 [0] INFO NET/IB: [1] mlx5_0:1/IB 
p9r3n07:69770:69787 [2] INFO NET/IB: [1] mlx5_0:1/IB 
p9r3n12:19099:19115 [3] INFO NET/IB: [1] mlx5_0:1/IB 
p9r3n14:3479:3499 [0] INFO Using internal Network IB
p9r3n14:3479:3499 [0] INFO Using NCCL Low-latency algorithm for sizes below 16384
p9r3n09:15559:15576 [3] INFO Using internal Network IB
p9r3n09:15559:15576 [3] INFO Using NCCL Low-latency algorithm for sizes below 16384
p9r3n07:69770:69787 [2] INFO Using internal Network IB
p9r3n07:69770:69787 [2] INFO Using NCCL Low-latency algorithm for sizes below 16384
p9r3n12:19099:19115 [3] INFO Using internal Network IB
p9r3n12:19099:19115 [3] INFO Using NCCL Low-latency algorithm for sizes below 16384
p9r3n10:12049:12068 [1] INFO NET/IB: [1] mlx5_0:1/IB 
p9r3n10:12048:12066 [0] INFO NET/IB: [1] mlx5_0:1/IB 
p9r3n10:12050:12067 [2] INFO NET/IB: [1] mlx5_0:1/IB 
p9r3n10:12049:12068 [1] INFO Using internal Network IB
p9r3n10:12049:12068 [1] INFO Using NCCL Low-latency algorithm for sizes below 16384
p9r3n10:12050:12067 [2] INFO Using internal Network IB
p9r3n10:12050:12067 [2] INFO Using NCCL Low-latency algorithm for sizes below 16384
p9r3n11:160024:160038 [2] INFO NET/IB: [1] mlx5_0:1/IB 
p9r3n10:12048:12066 [0] INFO Using internal Network IB
p9r3n10:12048:12066 [0] INFO Using NCCL Low-latency algorithm for sizes below 16384
p9r3n13:104960:104985 [1] INFO NET/IB: [1] mlx5_0:1/IB 
p9r3n07:69771:69788 [3] INFO NET/IB: [1] mlx5_0:1/IB 
p9r3n14:3480:3500 [1] INFO NET/IB: [1] mlx5_0:1/IB 
p9r3n11:160024:160038 [2] INFO Using internal Network IB
p9r3n11:160024:160038 [2] INFO Using NCCL Low-latency algorithm for sizes below 16384
p9r3n07:69769:69785 [1] INFO NET/IB: [1] mlx5_0:1/IB 
p9r3n13:104960:104985 [1] INFO Using internal Network IB
p9r3n13:104960:104985 [1] INFO Using NCCL Low-latency algorithm for sizes below 16384
p9r3n07:69769:69785 [1] INFO Using internal Network IB
p9r3n07:69771:69788 [3] INFO Using internal Network IB
p9r3n07:69771:69788 [3] INFO Using NCCL Low-latency algorithm for sizes below 16384
p9r3n14:3481:3498 [2] INFO NET/IB: [1] mlx5_0:1/IB 
p9r3n07:69769:69785 [1] INFO Using NCCL Low-latency algorithm for sizes below 16384
p9r3n14:3481:3498 [2] INFO Using internal Network IB
p9r3n14:3481:3498 [2] INFO Using NCCL Low-latency algorithm for sizes below 16384
p9r3n14:3480:3500 [1] INFO Using internal Network IB
p9r3n14:3480:3500 [1] INFO Using NCCL Low-latency algorithm for sizes below 16384
p9r3n11:160025:160040 [3] INFO NET/IB: [1] mlx5_0:1/IB 
p9r3n12:19097:19114 [1] INFO NET/IB: [1] mlx5_0:1/IB 
p9r3n11:160022:160039 [0] INFO NET/IB: [1] mlx5_0:1/IB 
p9r3n11:160025:160040 [3] INFO Using internal Network IB
p9r3n11:160025:160040 [3] INFO Using NCCL Low-latency algorithm for sizes below 16384
p9r3n12:19097:19114 [1] INFO Using internal Network IB
p9r3n12:19097:19114 [1] INFO Using NCCL Low-latency algorithm for sizes below 16384
p9r3n11:160022:160039 [0] INFO Using internal Network IB
p9r3n11:160022:160039 [0] INFO Using NCCL Low-latency algorithm for sizes below 16384
p9r3n09:15557:15574 [1] INFO NET/IB: [1] mlx5_0:1/IB 
p9r3n13:104962:104987 [3] INFO NET/IB: [1] mlx5_0:1/IB 
p9r3n09:15557:15574 [1] INFO Using internal Network IB
p9r3n09:15557:15574 [1] INFO Using NCCL Low-latency algorithm for sizes below 16384
p9r3n13:104962:104987 [3] INFO Using internal Network IB
p9r3n13:104962:104987 [3] INFO Using NCCL Low-latency algorithm for sizes below 16384
p9r3n13:104959:104986 [0] INFO NET/IB: [1] mlx5_0:1/IB 
p9r3n09:15556:15583 [0] INFO NET/IB: [1] mlx5_0:1/IB 
p9r3n13:104961:104988 [2] INFO NET/IB: [1] mlx5_0:1/IB 
p9r3n09:15558:15575 [2] INFO NET/IB: [1] mlx5_0:1/IB 
p9r3n09:15558:15575 [2] INFO Using internal Network IB
p9r3n09:15556:15583 [0] INFO Using internal Network IB
p9r3n09:15556:15583 [0] INFO p9r3n13:104959:104986 [0] INFO Using internal Network IB
p9r3n13:104959:104986 [0] INFO Using NCCL Low-latency algorithm for sizes below 16384
p9r3n09:15558:15575 [2] INFO Using NCCL Low-latency algorithm for sizes below 16384
p9r3n13:104961:104988 [2] INFO Using internal Network IB
p9r3n13:104961:104988 [2] INFO Using NCCL Low-latency algorithm for sizes below 16384
Using NCCL Low-latency algorithm for sizes below 16384
p9r3n12:19096:19117 [0] INFO NET/IB: [1] mlx5_0:1/IB 
p9r3n12:19098:19116 [2] INFO NET/IB: [1] mlx5_0:1/IB 
p9r3n12:19096:19117 [0] INFO Using internal Network IB
p9r3n12:19096:19117 [0] INFO Using NCCL Low-latency algorithm for sizes below 16384
p9r3n12:19098:19116 [2] INFO Using internal Network IB
p9r3n12:19098:19116 [2] INFO Using NCCL Low-latency algorithm for sizes below 16384
p9r3n06:97319:97335 [1] INFO comm 0x3fff499c5aa0 rank 1 nranks 32
p9r3n06:97319:97335 [1] INFO NET : Using interface ib0:10.1.1.42<0>
p9r3n06:97319:97335 [1] INFO NET/Socket : 1 interfaces found
p9r3n06:97319:97335 [1] INFO CUDA Dev 1, IB Ports : mlx5_0/1(SOC) 
p9r3n09:15559:15576 [3] INFO comm 0x3fff298f8da0 rank 11 nranks 32
p9r3n09:15559:15576 [3] INFO NET : Using interface ib0:10.1.1.45<0>
p9r3n09:15559:15576 [3] INFO NET/Socket : 1 interfaces found
p9r3n09:15559:15576 [3] INFO CUDA Dev 3, IB Ports : mlx5_0/1(SOC) 
p9r3n09:15558:15575 [2] INFO comm 0x3fff458f7e50 rank 10 nranks 32
p9r3n09:15557:15574 [1] INFO comm 0x3fff41908580 rank 9 nranks 32
p9r3n09:15556:15583 [0] INFO comm 0x3fff2d979480 rank 8 nranks 32
p9r3n09:15558:15575 [2] INFO NET : Using interface ib0:10.1.1.45<0>
p9r3n09:15558:15575 [2] INFO NET/Socket : 1 interfaces found
p9r3n09:15556:15583 [0] INFO NET : Using interface ib0:10.1.1.45<0>
p9r3n09:15556:15583 [0] INFO NET/Socket : 1 interfaces found
p9r3n09:15557:15574 [1] INFO NET : Using interface ib0:10.1.1.45<0>
p9r3n09:15557:15574 [1] INFO NET/Socket : 1 interfaces found
p9r3n09:15558:15575 [2] INFO CUDA Dev 2, IB Ports : mlx5_0/1(SOC) 
p9r3n09:15556:15583 [0] INFO CUDA Dev 0, IB Ports : mlx5_0/1(SOC) 
p9r3n09:15557:15574 [1] INFO CUDA Dev 1, IB Ports : mlx5_0/1(SOC) 
p9r3n11:160022:160039 [0] INFO comm 0x3fff65967ed0 rank 16 nranks 32
p9r3n11:160022:160039 [0] INFO NET : Using interface ib0:10.1.1.47<0>
p9r3n11:160022:160039 [0] INFO NET/Socket : 1 interfaces found
p9r3n11:160022:160039 [0] INFO CUDA Dev 0, IB Ports : mlx5_0/1(SOC) 
p9r3n06:97320:97334 [2] INFO comm 0x3fff599c6c90 rank 2 nranks 32
p9r3n06:97318:97337 [0] INFO comm 0x3fff2a046190 rank 0 nranks 32
p9r3n06:97321:97336 [3] INFO comm 0x3fff259c6340 rank 3 nranks 32
p9r3n06:97318:97337 [0] INFO CUDA Dev 0, IB Ports : mlx5_0/1(SOC) 
p9r3n06:97320:97334 [2] INFO NET : Using interface ib0:10.1.1.42<0>
p9r3n06:97320:97334 [2] INFO NET/Socket : 1 interfaces found
p9r3n06:97321:97336 [3] INFO NET : Using interface ib0:10.1.1.42<0>
p9r3n06:97321:97336 [3] INFO NET/Socket : 1 interfaces found
p9r3n06:97321:97336 [3] INFO CUDA Dev 3, IB Ports : mlx5_0/1(SOC) 
p9r3n06:97320:97334 [2] INFO CUDA Dev 2, IB Ports : mlx5_0/1(SOC) 
p9r3n11:160025:160040 [3] INFO comm 0x3fff598e79f0 rank 19 nranks 32
p9r3n11:160025:160040 [3] INFO NET : Using interface ib0:10.1.1.47<0>
p9r3n11:160025:160040 [3] INFO NET/Socket : 1 interfaces found
p9r3n11:160025:160040 [3] INFO CUDA Dev 3, IB Ports : mlx5_0/1(SOC) 
p9r3n14:3481:3498 [2] INFO comm 0x3fff298c8a80 rank 30 nranks 32
p9r3n13:104962:104987 [3] INFO comm 0x3fff298d79d0 rank 27 nranks 32
p9r3n14:3480:3500 [1] INFO comm 0x3fff618d7a40 rank 29 nranks 32
p9r3n13:104962:104987 [3] INFO NET : Using interface ib0:10.1.1.49<0>
p9r3n13:104962:104987 [3] INFO NET/Socket : 1 interfaces found
p9r3n14:3480:3500 [1] INFO NET : Using interface ib0:10.1.1.50<0>
p9r3n14:3480:3500 [1] INFO NET/Socket : 1 interfaces found
p9r3n07:69769:69785 [1] INFO comm 0x3fff35908ab0 rank 5 nranks 32
p9r3n14:3481:3498 [2] INFO NET : Using interface ib0:10.1.1.50<0>
p9r3n14:3481:3498 [2] INFO NET/Socket : 1 interfaces found
p9r3n07:69769:69785 [1] INFO NET : Using interface ib0:10.1.1.43<0>
p9r3n07:69769:69785 [1] INFO NET/Socket : 1 interfaces found
p9r3n14:3481:3498 [2] INFO CUDA Dev 2, IB Ports : mlx5_0/1(SOC) 
p9r3n14:3480:3500 [1] INFO CUDA Dev 1, IB Ports : mlx5_0/1(SOC) 
p9r3n12:19099:19115 [3] INFO comm 0x3fff2d8d8220 rank 23 nranks 32
p9r3n07:69769:69785 [1] INFO CUDA Dev 1, IB Ports : mlx5_0/1(SOC) 
p9r3n12:19097:19114 [1] INFO comm 0x3fff518e8a70 rank 21 nranks 32
p9r3n13:104962:104987 [3] INFO CUDA Dev 3, IB Ports : mlx5_0/1(SOC) 
p9r3n13:104961:104988 [2] INFO comm 0x3fff3d8e73d0 rank 26 nranks 32
p9r3n12:19099:19115 [3] INFO NET : Using interface ib0:10.1.1.48<0>
p9r3n12:19099:19115 [3] INFO NET/Socket : 1 interfaces found
p9r3n12:19097:19114 [1] INFO NET : Using interface ib0:10.1.1.48<0>
p9r3n12:19097:19114 [1] INFO NET/Socket : 1 interfaces found
p9r3n13:104961:104988 [2] INFO NET : Using interface ib0:10.1.1.49<0>
p9r3n13:104961:104988 [2] INFO NET/Socket : 1 interfaces found
p9r3n13:104959:104986 [0] INFO comm 0x3fff2995a460 rank 24 nranks 32
p9r3n13:104961:104988 [2] INFO CUDA Dev 2, IB Ports : mlx5_0/1(SOC) 
p9r3n12:19099:19115 [3] INFO CUDA Dev 3, IB Ports : mlx5_0/1(SOC) 
p9r3n07:69771:69788 [3] INFO comm 0x3fff598e8850 rank 7 nranks 32
p9r3n13:104959:104986 [0] INFO NET : Using interface ib0:10.1.1.49<0>
p9r3n13:104959:104986 [0] INFO NET/Socket : 1 interfaces found
p9r3n12:19097:19114 [1] INFO CUDA Dev 1, IB Ports : mlx5_0/1(SOC) 
p9r3n07:69771:69788 [3] INFO NET : Using interface ib0:10.1.1.43<0>
p9r3n07:69771:69788 [3] INFO NET/Socket : 1 interfaces found
p9r3n13:104959:104986 [0] INFO CUDA Dev 0, IB Ports : mlx5_0/1(SOC) 
p9r3n07:69771:69788 [3] INFO CUDA Dev 3, IB Ports : mlx5_0/1(SOC) 
p9r3n11:160023:160041 [1] INFO comm 0x3fff658e8270 rank 17 nranks 32
p9r3n11:160024:160038 [2] INFO comm 0x3fff298e8360 rank 18 nranks 32
p9r3n13:104960:104985 [1] INFO comm 0x3fff618d8300 rank 25 nranks 32
p9r3n11:160024:160038 [2] INFO NET : Using interface ib0:10.1.1.47<0>
p9r3n11:160024:160038 [2] INFO NET/Socket : 1 interfaces found
p9r3n11:160023:160041 [1] INFO NET : Using interface ib0:10.1.1.47<0>
p9r3n11:160023:160041 [1] INFO NET/Socket : 1 interfaces found
p9r3n11:160024:160038 [2] INFO CUDA Dev 2, IB Ports : mlx5_0/1(SOC) 
p9r3n13:104960:104985 [1] INFO NET : Using interface ib0:10.1.1.49<0>
p9r3n13:104960:104985 [1] INFO NET/Socket : 1 interfaces found
p9r3n11:160023:160041 [1] INFO CUDA Dev 1, IB Ports : mlx5_0/1(SOC) 
p9r3n14:3482:3497 [3] INFO comm 0x3fff398c7070 rank 31 nranks 32
p9r3n14:3479:3499 [0] INFO comm 0x3fff559598f0 rank 28 nranks 32
p9r3n13:104960:104985 [1] INFO CUDA Dev 1, IB Ports : mlx5_0/1(SOC) 
p9r3n14:3482:3497 [3] INFO NET : Using interface ib0:10.1.1.50<0>
p9r3n14:3482:3497 [3] INFO NET/Socket : 1 interfaces found
p9r3n14:3479:3499 [0] INFO NET : Using interface ib0:10.1.1.50<0>
p9r3n14:3479:3499 [0] INFO NET/Socket : 1 interfaces found
p9r3n14:3482:3497 [3] INFO CUDA Dev 3, IB Ports : mlx5_0/1(SOC) 
p9r3n14:3479:3499 [0] INFO CUDA Dev 0, IB Ports : mlx5_0/1(SOC) 
p9r3n10:12048:12066 [0] INFO comm 0x3fff4d979640 rank 12 nranks 32
p9r3n10:12048:12066 [0] INFO NET : Using interface ib0:10.1.1.46<0>
p9r3n10:12048:12066 [0] INFO NET/Socket : 1 interfaces found
p9r3n10:12051:12069 [3] INFO comm 0x3fff2d8c7bf0 rank 15 nranks 32
p9r3n07:69768:69786 [0] INFO comm 0x3fff5997a560 rank 4 nranks 32
p9r3n10:12048:12066 [0] INFO CUDA Dev 0, IB Ports : mlx5_0/1(SOC) 
p9r3n07:69770:69787 [2] INFO comm 0x3fff318e8720 rank 6 nranks 32
p9r3n10:12050:12067 [2] INFO comm 0x3fff4d8d7e50 rank 14 nranks 32
p9r3n10:12050:12067 [2] INFO NET : Using interface ib0:10.1.1.46<0>
p9r3n10:12050:12067 [2] INFO NET/Socket : 1 interfaces found
p9r3n10:12051:12069 [3] INFO NET : Using interface ib0:10.1.1.46<0>
p9r3n10:12051:12069 [3] INFO NET/Socket : 1 interfaces found
p9r3n07:69770:69787 [2] INFO NET : Using interface ib0:10.1.1.43<0>
p9r3n07:69770:69787 [2] INFO NET/Socket : 1 interfaces found
p9r3n07:69768:69786 [0] INFO NET : Using interface ib0:10.1.1.43<0>
p9r3n07:69768:69786 [0] INFO NET/Socket : 1 interfaces found
p9r3n10:12050:12067 [2] INFO CUDA Dev 2, IB Ports : mlx5_0/1(SOC) 
p9r3n07:69770:69787 [2] INFO CUDA Dev 2, IB Ports : mlx5_0/1(SOC) 
p9r3n10:12051:12069 [3] INFO CUDA Dev 3, IB Ports : mlx5_0/1(SOC) 
p9r3n10:12049:12068 [1] INFO comm 0x3fff318f8600 rank 13 nranks 32
p9r3n07:69768:69786 [0] INFO CUDA Dev 0, IB Ports : mlx5_0/1(SOC) 
p9r3n10:12049:12068 [1] INFO NET : Using interface ib0:10.1.1.46<0>
p9r3n10:12049:12068 [1] INFO NET/Socket : 1 interfaces found
p9r3n10:12049:12068 [1] INFO CUDA Dev 1, IB Ports : mlx5_0/1(SOC) 
p9r3n12:19096:19117 [0] INFO comm 0x3fff39969160 rank 20 nranks 32
p9r3n12:19098:19116 [2] INFO comm 0x3fff2d8d7760 rank 22 nranks 32
p9r3n12:19098:19116 [2] INFO NET : Using interface ib0:10.1.1.48<0>
p9r3n12:19098:19116 [2] INFO NET/Socket : 1 interfaces found
p9r3n12:19096:19117 [0] INFO NET : Using interface ib0:10.1.1.48<0>
p9r3n12:19096:19117 [0] INFO NET/Socket : 1 interfaces found
p9r3n12:19098:19116 [2] INFO CUDA Dev 2, IB Ports : mlx5_0/1(SOC) 
p9r3n12:19096:19117 [0] INFO CUDA Dev 0, IB Ports : mlx5_0/1(SOC) 
p9r3n06:97318:97337 [0] INFO Using 256 threads
p9r3n06:97318:97337 [0] INFO Min Comp Cap 7
p9r3n06:97318:97337 [0] INFO NCCL_SINGLE_RING_THRESHOLD=262144
p9r3n06:97318:97337 [0] INFO Ring 00 :    0   1   2   3   4   5   6   7   8   9  10  11  12  13  14  15  16  17  18  19
p9r3n11:160023:160041 [1] INFO 17[160023] -> 18[160024] via direct shared memory
p9r3n10:12049:12068 [1] INFO 13[12049] -> 14[12050] via direct shared memory
p9r3n07:69769:69785 [1] INFO 5[69769] -> 6[69770] via direct shared memory
p9r3n10:12048:12066 [0] INFO 11 -> 12 via NET/IB/0
p9r3n14:3480:3500 [1] INFO 29[3480] -> 30[3481] via direct shared memory
p9r3n10:12048:12066 [0] INFO Ring 00 : 12[0] -> 13[1] via P2P/IPC
p9r3n14:3479:3499 [0] INFO 27 -> 28 via NET/IB/0
p9r3n06:97318:97337 [0] INFO 31 -> 0 via NET/IB/0
p9r3n11:160024:160038 [2] INFO Ring 00 : 18[2] -> 19[3] via P2P/IPC
p9r3n13:104960:104985 [1] INFO 25[104960] -> 26[104961] via direct shared memory
p9r3n07:69768:69786 [0] INFO 3 -> 4 via NET/IB/0
p9r3n11:160022:160039 [0] INFO 15 -> 16 via NET/IB/0
p9r3n14:3479:3499 [0] INFO Ring 00 : 28[0] -> 29[1] via P2P/IPC
p9r3n10:12050:12067 [2] INFO Ring 00 : 14[2] -> 15[3] via P2P/IPC
p9r3n11:160022:160039 [0] INFO Ring 00 : 16[0] -> 17[1] via P2P/IPC
p9r3n07:69768:69786 [0] INFO Ring 00 : 4[0] -> 5[1] via P2P/IPC
p9r3n06:97318:97337 [0] INFO Ring 00 : 0[0] -> 1[1] via P2P/IPC
p9r3n06:97320:97334 [2] INFO Ring 00 : 2[2] -> 3[3] via P2P/IPC
p9r3n14:3481:3498 [2] INFO Ring 00 : 30[2] -> 31[3] via P2P/IPC
p9r3n07:69770:69787 [2] INFO Ring 00 : 6[2] -> 7[3] via P2P/IPC
p9r3n06:97319:97335 [1] INFO 1[97319] -> 2[97320] via direct shared memory
p9r3n13:104961:104988 [2] INFO Ring 00 : 26[2] -> 27[3] via P2P/IPC
p9r3n12:19096:19117 [0] INFO 19 -> 20 via NET/IB/0
p9r3n09:15556:15583 [0] INFO 7 -> 8 via NET/IB/0
p9r3n12:19096:19117 [0] INFO Ring 00 : 20[0] -> 21[1] via P2P/IPC
p9r3n09:15558:15575 [2] INFO Ring 00 : 10[2] -> 11[3] via P2P/IPC
p9r3n12:19097:19114 [1] INFO 21[19097] -> 22[19098] via direct shared memory
p9r3n09:15556:15583 [0] INFO Ring 00 : 8[0] -> 9[1] via P2P/IPC
p9r3n12:19098:19116 [2] INFO Ring 00 : 22[2] -> 23[3] via P2P/IPC
p9r3n09:15557:15574 [1] INFO 9[15557] -> 10[15558] via direct shared memory
p9r3n13:104959:104986 [0] INFO 23 -> 24 via NET/IB/0
p9r3n13:104959:104986 [0] INFO Ring 00 : 24[0] -> 25[1] via P2P/IPC
p9r3n06:97321:97336 [3] INFO NET/IB: Dev 0 Port 1 qpn 241598 mtu 5 LID 19
p9r3n07:69771:69788 [3] INFO NET/IB: Dev 0 Port 1 qpn 67931 mtu 5 LID 12
p9r3n09:15559:15576 [3] INFO NET/IB: Dev 0 Port 1 qpn 67643 mtu 5 LID 28
p9r3n10:12051:12069 [3] INFO NET/IB: Dev 0 Port 1 qpn 232709 mtu 5 LID 15
p9r3n11:160025:160040 [3] INFO NET/IB: Dev 0 Port 1 qpn 194713 mtu 5 LID 56
p9r3n12:19099:19115 [3] INFO NET/IB: Dev 0 Port 1 qpn 230397 mtu 5 LID 51
p9r3n13:104962:104987 [3] INFO NET/IB: Dev 0 Port 1 qpn 43796 mtu 5 LID 30
p9r3n14:3482:3497 [3] INFO NET/IB: Dev 0 Port 1 qpn 172418 mtu 5 LID 6
p9r3n06:97318:97337 [0] INFO Launch mode Parallel
Stopping train at rank 4
Stopping train at rank 31
Stopping train at rank 15
Stopping train at rank 5
Stopping train at rank 10
Stopping train at rank 7
Stopping train at rank 12
Stopping train at rank 19
Stopping train at rank 3
Stopping train at rank 1
Stopping train at rank 29
Stopping train at rank 30
Stopping train at rank 28
Stopping train at rank 0
Stopping train at rank 20
Stopping train at rank 25
Stopping train at rank 17
Stopping train at rank 18
Stopping train at rank 6
Stopping train at rank 14
Stopping train at rank 13
Stopping train at rank 2
Stopping train at rank 16
Stopping train at rank 22
Stopping train at rank 9
Stopping train at rank 24
Stopping train at rank 23
Stopping train at rank 8
Stopping train at rank 26
Stopping train at rank 27
Stopping train at rank 21
Stopping train at rank 11
