unload bsc/commands (PATH, MANPATH) 
unload CUDA/9.1 (PATH, MANPATH, LD_LIBRARY_PATH, LIBRARY_PATH, C_INCLUDE_PATH,
CPLUS_INCLUDE_PATH, CUDA_HOME, CUDA_VERSION, CUDA_INC, CUDA_INSTALL_PATH) 
unload OPENMPI/3.0.0 (PATH, MANPATH, LD_LIBRARY_PATH, LIBRARY_PATH,
PKG_CONFIG_PATH, C_INCLUDE_PATH, CPLUS_INCLUDE_PATH, MPI, MPI_V) 
unload GCC/6.4.0 (PATH, MANPATH, INFOPATH, LD_LIBRARY_PATH, LIBRARY_PATH,
C_INCLUDE_PATH, CPLUS_INCLUDE_PATH, STD COMP VARS) 
load GCC/6.4.0 (PATH, MANPATH, INFOPATH, LD_LIBRARY_PATH, LIBRARY_PATH,
C_INCLUDE_PATH, CPLUS_INCLUDE_PATH, STD COMP VARS) 
load JAVA/ibm_8.0.5.15 (PATH, C_INCLUDE_PATH, CPLUS_INCLUDE_PATH, JAVA_HOME,
JAVA_ROOT, JAVA_BINDIR, SDK_HOME, JRE_HOME) 
load OPENMPI/3.0.0 (PATH, MANPATH, LD_LIBRARY_PATH, LIBRARY_PATH,
PKG_CONFIG_PATH, C_INCLUDE_PATH, CPLUS_INCLUDE_PATH, MPI, MPI_V) 
load CUDA/9.2 (PATH, MANPATH, LD_LIBRARY_PATH, LIBRARY_PATH, C_INCLUDE_PATH,
CPLUS_INCLUDE_PATH, CUDA_HOME, CUDA_VERSION, CUDA_INC, CUDA_INSTALL_PATH) 
load ATLAS/3.10.3 (LD_LIBRARY_PATH, LIBRARY_PATH, C_INCLUDE_PATH,
CPLUS_INCLUDE_PATH) 
INFO:tensorflow:Using config: {'_model_dir': '/gpfs/home/sam14/sam14015/task/11/estimator_horovod/models/cifar10_resnet_v2_101.8', '_tf_random_seed': None, '_save_summary_steps': 100, '_save_checkpoints_steps': None, '_save_checkpoints_secs': 600, '_session_config': gpu_options {
  allow_growth: true
  visible_device_list: "0"
}
, '_keep_checkpoint_max': 5, '_keep_checkpoint_every_n_hours': 10000, '_log_step_count_steps': 100, '_train_distribute': None, '_service': None, '_cluster_spec': <tensorflow.python.training.server_lib.ClusterSpec object at 0x3fff37890780>, '_task_type': 'worker', '_task_id': 0, '_global_id_in_cluster': 0, '_master': '', '_evaluation_master': '', '_is_chief': True, '_num_ps_replicas': 0, '_num_worker_replicas': 1}
WARNING:tensorflow:Using temporary folder as model directory: /scratch/tmp/1029784/tmpc1y10g6h
INFO:tensorflow:Using config: {'_model_dir': '/scratch/tmp/1029784/tmpc1y10g6h', '_tf_random_seed': None, '_save_summary_steps': 100, '_save_checkpoints_steps': None, '_save_checkpoints_secs': 600, '_session_config': gpu_options {
  allow_growth: true
  visible_device_list: "0"
}
, '_keep_checkpoint_max': 5, '_keep_checkpoint_every_n_hours': 10000, '_log_step_count_steps': 100, '_train_distribute': None, '_service': None, '_cluster_spec': <tensorflow.python.training.server_lib.ClusterSpec object at 0x3fff481d26a0>, '_task_type': 'worker', '_task_id': 0, '_global_id_in_cluster': 0, '_master': '', '_evaluation_master': '', '_is_chief': True, '_num_ps_replicas': 0, '_num_worker_replicas': 1}
WARNING:tensorflow:Using temporary folder as model directory: /scratch/tmp/1029784/tmpgl5c6635
INFO:tensorflow:Using config: {'_model_dir': '/scratch/tmp/1029784/tmpgl5c6635', '_tf_random_seed': None, '_save_summary_steps': 100, '_save_checkpoints_steps': None, '_save_checkpoints_secs': 600, '_session_config': gpu_options {
  allow_growth: true
  visible_device_list: "3"
}
, '_keep_checkpoint_max': 5, '_keep_checkpoint_every_n_hours': 10000, '_log_step_count_steps': 100, '_train_distribute': None, '_service': None, '_cluster_spec': <tensorflow.python.training.server_lib.ClusterSpec object at 0x3fff2ee90710>, '_task_type': 'worker', '_task_id': 0, '_global_id_in_cluster': 0, '_master': '', '_evaluation_master': '', '_is_chief': True, '_num_ps_replicas': 0, '_num_worker_replicas': 1}
WARNING:tensorflow:Using temporary folder as model directory: /scratch/tmp/1029784/tmp833gqepf
INFO:tensorflow:Using config: {'_model_dir': '/scratch/tmp/1029784/tmp833gqepf', '_tf_random_seed': None, '_save_summary_steps': 100, '_save_checkpoints_steps': None, '_save_checkpoints_secs': 600, '_session_config': gpu_options {
  allow_growth: true
  visible_device_list: "3"
}
, '_keep_checkpoint_max': 5, '_keep_checkpoint_every_n_hours': 10000, '_log_step_count_steps': 100, '_train_distribute': None, '_service': None, '_cluster_spec': <tensorflow.python.training.server_lib.ClusterSpec object at 0x3fff685d06a0>, '_task_type': 'worker', '_task_id': 0, '_global_id_in_cluster': 0, '_master': '', '_evaluation_master': '', '_is_chief': True, '_num_ps_replicas': 0, '_num_worker_replicas': 1}
WARNING:tensorflow:Using temporary folder as model directory: /scratch/tmp/1029784/tmpiibtojzc
INFO:tensorflow:Using config: {'_model_dir': '/scratch/tmp/1029784/tmpiibtojzc', '_tf_random_seed': None, '_save_summary_steps': 100, '_save_checkpoints_steps': None, '_save_checkpoints_secs': 600, '_session_config': gpu_options {
  allow_growth: true
  visible_device_list: "2"
}
, '_keep_checkpoint_max': 5, '_keep_checkpoint_every_n_hours': 10000, '_log_step_count_steps': 100, '_train_distribute': None, '_service': None, '_cluster_spec': <tensorflow.python.training.server_lib.ClusterSpec object at 0x3fff3fd126a0>, '_task_type': 'worker', '_task_id': 0, '_global_id_in_cluster': 0, '_master': '', '_evaluation_master': '', '_is_chief': True, '_num_ps_replicas': 0, '_num_worker_replicas': 1}
WARNING:tensorflow:Using temporary folder as model directory: /scratch/tmp/1029784/tmpsb55h5p1
WARNING:tensorflow:Using temporary folder as model directory: /scratch/tmp/1029784/tmpspa7h6iv
INFO:tensorflow:Using config: {'_model_dir': '/scratch/tmp/1029784/tmpsb55h5p1', '_tf_random_seed': None, '_save_summary_steps': 100, '_save_checkpoints_steps': None, '_save_checkpoints_secs': 600, '_session_config': gpu_options {
  allow_growth: true
  visible_device_list: "2"
}
, '_keep_checkpoint_max': 5, '_keep_checkpoint_every_n_hours': 10000, '_log_step_count_steps': 100, '_train_distribute': None, '_service': None, '_cluster_spec': <tensorflow.python.training.server_lib.ClusterSpec object at 0x3fff47fd1710>, '_task_type': 'worker', '_task_id': 0, '_global_id_in_cluster': 0, '_master': '', '_evaluation_master': '', '_is_chief': True, '_num_ps_replicas': 0, '_num_worker_replicas': 1}
INFO:tensorflow:Using config: {'_model_dir': '/scratch/tmp/1029784/tmpspa7h6iv', '_tf_random_seed': None, '_save_summary_steps': 100, '_save_checkpoints_steps': None, '_save_checkpoints_secs': 600, '_session_config': gpu_options {
  allow_growth: true
  visible_device_list: "1"
}
, '_keep_checkpoint_max': 5, '_keep_checkpoint_every_n_hours': 10000, '_log_step_count_steps': 100, '_train_distribute': None, '_service': None, '_cluster_spec': <tensorflow.python.training.server_lib.ClusterSpec object at 0x3fff66b526a0>, '_task_type': 'worker', '_task_id': 0, '_global_id_in_cluster': 0, '_master': '', '_evaluation_master': '', '_is_chief': True, '_num_ps_replicas': 0, '_num_worker_replicas': 1}
WARNING:tensorflow:Using temporary folder as model directory: /scratch/tmp/1029784/tmp1ggwu878
INFO:tensorflow:Using config: {'_model_dir': '/scratch/tmp/1029784/tmp1ggwu878', '_tf_random_seed': None, '_save_summary_steps': 100, '_save_checkpoints_steps': None, '_save_checkpoints_secs': 600, '_session_config': gpu_options {
  allow_growth: true
  visible_device_list: "1"
}
, '_keep_checkpoint_max': 5, '_keep_checkpoint_every_n_hours': 10000, '_log_step_count_steps': 100, '_train_distribute': None, '_service': None, '_cluster_spec': <tensorflow.python.training.server_lib.ClusterSpec object at 0x3fff530106a0>, '_task_type': 'worker', '_task_id': 0, '_global_id_in_cluster': 0, '_master': '', '_evaluation_master': '', '_is_chief': True, '_num_ps_replicas': 0, '_num_worker_replicas': 1}
INFO:tensorflow:Calling model_fn.
INFO:tensorflow:Scale of 0 disables regularizer.
INFO:tensorflow:Calling model_fn.
INFO:tensorflow:Calling model_fn.
INFO:tensorflow:Calling model_fn.
INFO:tensorflow:Scale of 0 disables regularizer.
INFO:tensorflow:Scale of 0 disables regularizer.
INFO:tensorflow:Scale of 0 disables regularizer.
INFO:tensorflow:Calling model_fn.
INFO:tensorflow:Scale of 0 disables regularizer.
INFO:tensorflow:Calling model_fn.
INFO:tensorflow:Scale of 0 disables regularizer.
INFO:tensorflow:Calling model_fn.
INFO:tensorflow:Scale of 0 disables regularizer.
INFO:tensorflow:Calling model_fn.
INFO:tensorflow:Scale of 0 disables regularizer.
WARNING:tensorflow:From /gpfs/home/sam14/sam14015/task/11/estimator_horovod/nets/resnet_v2.py:213: calling reduce_mean (from tensorflow.python.ops.math_ops) with keep_dims is deprecated and will be removed in a future version.
Instructions for updating:
keep_dims is deprecated, use keepdims instead
WARNING:tensorflow:From /gpfs/home/sam14/sam14015/task/11/estimator_horovod/nets/resnet_v2.py:213: calling reduce_mean (from tensorflow.python.ops.math_ops) with keep_dims is deprecated and will be removed in a future version.
Instructions for updating:
keep_dims is deprecated, use keepdims instead
WARNING:tensorflow:From /gpfs/home/sam14/sam14015/task/11/estimator_horovod/nets/resnet_v2.py:213: calling reduce_mean (from tensorflow.python.ops.math_ops) with keep_dims is deprecated and will be removed in a future version.
Instructions for updating:
keep_dims is deprecated, use keepdims instead
WARNING:tensorflow:From /gpfs/home/sam14/sam14015/task/11/estimator_horovod/nets/resnet_v2.py:213: calling reduce_mean (from tensorflow.python.ops.math_ops) with keep_dims is deprecated and will be removed in a future version.
Instructions for updating:
keep_dims is deprecated, use keepdims instead
WARNING:tensorflow:From /gpfs/home/sam14/sam14015/task/11/estimator_horovod/nets/resnet_v2.py:213: calling reduce_mean (from tensorflow.python.ops.math_ops) with keep_dims is deprecated and will be removed in a future version.
Instructions for updating:
keep_dims is deprecated, use keepdims instead
WARNING:tensorflow:From /gpfs/home/sam14/sam14015/task/11/estimator_horovod/nets/resnet_v2.py:213: calling reduce_mean (from tensorflow.python.ops.math_ops) with keep_dims is deprecated and will be removed in a future version.
Instructions for updating:
keep_dims is deprecated, use keepdims instead
WARNING:tensorflow:From /gpfs/home/sam14/sam14015/task/11/estimator_horovod/nets/resnet_v2.py:213: calling reduce_mean (from tensorflow.python.ops.math_ops) with keep_dims is deprecated and will be removed in a future version.
Instructions for updating:
keep_dims is deprecated, use keepdims instead
WARNING:tensorflow:From /gpfs/home/sam14/sam14015/task/11/estimator_horovod/nets/resnet_v2.py:213: calling reduce_mean (from tensorflow.python.ops.math_ops) with keep_dims is deprecated and will be removed in a future version.
Instructions for updating:
keep_dims is deprecated, use keepdims instead
INFO:tensorflow:Done calling model_fn.
INFO:tensorflow:Create CheckpointSaverHook.
INFO:tensorflow:Done calling model_fn.
INFO:tensorflow:Create CheckpointSaverHook.
INFO:tensorflow:Done calling model_fn.
INFO:tensorflow:Create CheckpointSaverHook.
INFO:tensorflow:Done calling model_fn.
INFO:tensorflow:Create CheckpointSaverHook.
INFO:tensorflow:Done calling model_fn.
INFO:tensorflow:Create CheckpointSaverHook.
INFO:tensorflow:Done calling model_fn.
INFO:tensorflow:Create CheckpointSaverHook.
INFO:tensorflow:Done calling model_fn.
INFO:tensorflow:Create CheckpointSaverHook.
INFO:tensorflow:Done calling model_fn.
INFO:tensorflow:Create CheckpointSaverHook.
INFO:tensorflow:Graph was finalized.
INFO:tensorflow:Graph was finalized.
INFO:tensorflow:Graph was finalized.
INFO:tensorflow:Graph was finalized.
INFO:tensorflow:Graph was finalized.
2018-12-13 12:28:28.018740: I tensorflow/core/common_runtime/gpu/gpu_device.cc:1356] Found device 0 with properties: 
name: Tesla V100-SXM2-16GB major: 7 minor: 0 memoryClockRate(GHz): 1.53
pciBusID: 0035:03:00.0
totalMemory: 15.75GiB freeMemory: 15.34GiB
2018-12-13 12:28:28.018771: I tensorflow/core/common_runtime/gpu/gpu_device.cc:1435] Adding visible gpu devices: 2
2018-12-13 12:28:28.040451: I tensorflow/core/common_runtime/gpu/gpu_device.cc:1356] Found device 0 with properties: 
name: Tesla V100-SXM2-16GB major: 7 minor: 0 memoryClockRate(GHz): 1.53
pciBusID: 0004:05:00.0
totalMemory: 15.75GiB freeMemory: 15.34GiB
2018-12-13 12:28:28.040475: I tensorflow/core/common_runtime/gpu/gpu_device.cc:1435] Adding visible gpu devices: 1
2018-12-13 12:28:28.417887: I tensorflow/core/common_runtime/gpu/gpu_device.cc:1356] Found device 0 with properties: 
name: Tesla V100-SXM2-16GB major: 7 minor: 0 memoryClockRate(GHz): 1.53
pciBusID: 0035:04:00.0
totalMemory: 15.75GiB freeMemory: 15.34GiB
2018-12-13 12:28:28.417919: I tensorflow/core/common_runtime/gpu/gpu_device.cc:1435] Adding visible gpu devices: 3
2018-12-13 12:28:28.492287: I tensorflow/core/common_runtime/gpu/gpu_device.cc:1356] Found device 0 with properties: 
name: Tesla V100-SXM2-16GB major: 7 minor: 0 memoryClockRate(GHz): 1.53
pciBusID: 0035:04:00.0
totalMemory: 15.75GiB freeMemory: 15.34GiB
2018-12-13 12:28:28.492341: I tensorflow/core/common_runtime/gpu/gpu_device.cc:1435] Adding visible gpu devices: 3
2018-12-13 12:28:28.526765: I tensorflow/core/common_runtime/gpu/gpu_device.cc:1356] Found device 0 with properties: 
name: Tesla V100-SXM2-16GB major: 7 minor: 0 memoryClockRate(GHz): 1.53
pciBusID: 0004:04:00.0
totalMemory: 15.75GiB freeMemory: 15.34GiB
2018-12-13 12:28:28.526808: I tensorflow/core/common_runtime/gpu/gpu_device.cc:1435] Adding visible gpu devices: 0
2018-12-13 12:28:28.630046: I tensorflow/core/common_runtime/gpu/gpu_device.cc:923] Device interconnect StreamExecutor with strength 1 edge matrix:
2018-12-13 12:28:28.630085: I tensorflow/core/common_runtime/gpu/gpu_device.cc:929]      2 
2018-12-13 12:28:28.630094: I tensorflow/core/common_runtime/gpu/gpu_device.cc:942] 2:   N 
2018-12-13 12:28:28.630689: I tensorflow/core/common_runtime/gpu/gpu_device.cc:1053] Created TensorFlow device (/job:localhost/replica:0/task:0/device:GPU:0 with 14849 MB memory) -> physical GPU (device: 2, name: Tesla V100-SXM2-16GB, pci bus id: 0035:03:00.0, compute capability: 7.0)
2018-12-13 12:28:28.665847: I tensorflow/core/common_runtime/gpu/gpu_device.cc:923] Device interconnect StreamExecutor with strength 1 edge matrix:
2018-12-13 12:28:28.665897: I tensorflow/core/common_runtime/gpu/gpu_device.cc:929]      1 
2018-12-13 12:28:28.665907: I tensorflow/core/common_runtime/gpu/gpu_device.cc:942] 1:   N 
2018-12-13 12:28:28.666382: I tensorflow/core/common_runtime/gpu/gpu_device.cc:1053] Created TensorFlow device (/job:localhost/replica:0/task:0/device:GPU:0 with 14849 MB memory) -> physical GPU (device: 1, name: Tesla V100-SXM2-16GB, pci bus id: 0004:05:00.0, compute capability: 7.0)
2018-12-13 12:28:28.698928: I tensorflow/core/common_runtime/gpu/gpu_device.cc:923] Device interconnect StreamExecutor with strength 1 edge matrix:
2018-12-13 12:28:28.698972: I tensorflow/core/common_runtime/gpu/gpu_device.cc:929]      3 
2018-12-13 12:28:28.698981: I tensorflow/core/common_runtime/gpu/gpu_device.cc:942] 3:   N 
2018-12-13 12:28:28.699476: I tensorflow/core/common_runtime/gpu/gpu_device.cc:1053] Created TensorFlow device (/job:localhost/replica:0/task:0/device:GPU:0 with 14849 MB memory) -> physical GPU (device: 3, name: Tesla V100-SXM2-16GB, pci bus id: 0035:04:00.0, compute capability: 7.0)
2018-12-13 12:28:28.786880: I tensorflow/core/common_runtime/gpu/gpu_device.cc:923] Device interconnect StreamExecutor with strength 1 edge matrix:
2018-12-13 12:28:28.786935: I tensorflow/core/common_runtime/gpu/gpu_device.cc:929]      3 
2018-12-13 12:28:28.786946: I tensorflow/core/common_runtime/gpu/gpu_device.cc:942] 3:   N 
2018-12-13 12:28:28.787547: I tensorflow/core/common_runtime/gpu/gpu_device.cc:1053] Created TensorFlow device (/job:localhost/replica:0/task:0/device:GPU:0 with 14849 MB memory) -> physical GPU (device: 3, name: Tesla V100-SXM2-16GB, pci bus id: 0035:04:00.0, compute capability: 7.0)
2018-12-13 12:28:28.826279: I tensorflow/core/common_runtime/gpu/gpu_device.cc:923] Device interconnect StreamExecutor with strength 1 edge matrix:
2018-12-13 12:28:28.826322: I tensorflow/core/common_runtime/gpu/gpu_device.cc:929]      0 
2018-12-13 12:28:28.826331: I tensorflow/core/common_runtime/gpu/gpu_device.cc:942] 0:   N 
2018-12-13 12:28:28.826779: I tensorflow/core/common_runtime/gpu/gpu_device.cc:1053] Created TensorFlow device (/job:localhost/replica:0/task:0/device:GPU:0 with 14851 MB memory) -> physical GPU (device: 0, name: Tesla V100-SXM2-16GB, pci bus id: 0004:04:00.0, compute capability: 7.0)
INFO:tensorflow:Running local_init_op.
INFO:tensorflow:Done running local_init_op.
INFO:tensorflow:Running local_init_op.
INFO:tensorflow:Done running local_init_op.
INFO:tensorflow:Running local_init_op.
INFO:tensorflow:Running local_init_op.
INFO:tensorflow:Done running local_init_op.
INFO:tensorflow:Done running local_init_op.
INFO:tensorflow:Running local_init_op.
INFO:tensorflow:Done running local_init_op.
INFO:tensorflow:Graph was finalized.
INFO:tensorflow:Graph was finalized.
INFO:tensorflow:Graph was finalized.
2018-12-13 12:28:48.099198: I tensorflow/core/common_runtime/gpu/gpu_device.cc:1356] Found device 0 with properties: 
name: Tesla V100-SXM2-16GB major: 7 minor: 0 memoryClockRate(GHz): 1.53
pciBusID: 0035:03:00.0
totalMemory: 15.75GiB freeMemory: 15.34GiB
2018-12-13 12:28:48.099239: I tensorflow/core/common_runtime/gpu/gpu_device.cc:1435] Adding visible gpu devices: 2
2018-12-13 12:28:48.869758: I tensorflow/core/common_runtime/gpu/gpu_device.cc:1356] Found device 0 with properties: 
name: Tesla V100-SXM2-16GB major: 7 minor: 0 memoryClockRate(GHz): 1.53
pciBusID: 0004:04:00.0
totalMemory: 15.75GiB freeMemory: 15.34GiB
2018-12-13 12:28:48.869798: I tensorflow/core/common_runtime/gpu/gpu_device.cc:1435] Adding visible gpu devices: 0
2018-12-13 12:28:48.980696: I tensorflow/core/common_runtime/gpu/gpu_device.cc:1356] Found device 0 with properties: 
name: Tesla V100-SXM2-16GB major: 7 minor: 0 memoryClockRate(GHz): 1.53
pciBusID: 0004:05:00.0
totalMemory: 15.75GiB freeMemory: 15.34GiB
2018-12-13 12:28:48.980735: I tensorflow/core/common_runtime/gpu/gpu_device.cc:1435] Adding visible gpu devices: 1
2018-12-13 12:28:49.079510: I tensorflow/core/common_runtime/gpu/gpu_device.cc:923] Device interconnect StreamExecutor with strength 1 edge matrix:
2018-12-13 12:28:49.079555: I tensorflow/core/common_runtime/gpu/gpu_device.cc:929]      2 
2018-12-13 12:28:49.079570: I tensorflow/core/common_runtime/gpu/gpu_device.cc:942] 2:   N 
2018-12-13 12:28:49.080232: I tensorflow/core/common_runtime/gpu/gpu_device.cc:1053] Created TensorFlow device (/job:localhost/replica:0/task:0/device:GPU:0 with 14849 MB memory) -> physical GPU (device: 2, name: Tesla V100-SXM2-16GB, pci bus id: 0035:03:00.0, compute capability: 7.0)
2018-12-13 12:28:49.293850: I tensorflow/core/common_runtime/gpu/gpu_device.cc:923] Device interconnect StreamExecutor with strength 1 edge matrix:
2018-12-13 12:28:49.293897: I tensorflow/core/common_runtime/gpu/gpu_device.cc:929]      0 
2018-12-13 12:28:49.293910: I tensorflow/core/common_runtime/gpu/gpu_device.cc:942] 0:   N 
2018-12-13 12:28:49.294569: I tensorflow/core/common_runtime/gpu/gpu_device.cc:1053] Created TensorFlow device (/job:localhost/replica:0/task:0/device:GPU:0 with 14851 MB memory) -> physical GPU (device: 0, name: Tesla V100-SXM2-16GB, pci bus id: 0004:04:00.0, compute capability: 7.0)
2018-12-13 12:28:49.374798: I tensorflow/core/common_runtime/gpu/gpu_device.cc:923] Device interconnect StreamExecutor with strength 1 edge matrix:
2018-12-13 12:28:49.374844: I tensorflow/core/common_runtime/gpu/gpu_device.cc:929]      1 
2018-12-13 12:28:49.374858: I tensorflow/core/common_runtime/gpu/gpu_device.cc:942] 1:   N 
2018-12-13 12:28:49.375509: I tensorflow/core/common_runtime/gpu/gpu_device.cc:1053] Created TensorFlow device (/job:localhost/replica:0/task:0/device:GPU:0 with 14849 MB memory) -> physical GPU (device: 1, name: Tesla V100-SXM2-16GB, pci bus id: 0004:05:00.0, compute capability: 7.0)
INFO:tensorflow:Running local_init_op.
INFO:tensorflow:Done running local_init_op.
INFO:tensorflow:Running local_init_op.
INFO:tensorflow:Running local_init_op.
INFO:tensorflow:Done running local_init_op.
INFO:tensorflow:Done running local_init_op.
2018-12-13 12:29:43.176712: I tensorflow/core/kernels/data/shuffle_dataset_op.cc:94] Filling up shuffle buffer (this may take a while): 7677 of 20000
2018-12-13 12:29:43.507849: I tensorflow/core/kernels/data/shuffle_dataset_op.cc:94] Filling up shuffle buffer (this may take a while): 7527 of 20000
2018-12-13 12:29:44.284871: I tensorflow/core/kernels/data/shuffle_dataset_op.cc:94] Filling up shuffle buffer (this may take a while): 9859 of 20000
2018-12-13 12:29:45.042625: I tensorflow/core/kernels/data/shuffle_dataset_op.cc:94] Filling up shuffle buffer (this may take a while): 7421 of 20000
2018-12-13 12:29:45.430157: I tensorflow/core/kernels/data/shuffle_dataset_op.cc:94] Filling up shuffle buffer (this may take a while): 7474 of 20000
2018-12-13 12:29:53.174319: I tensorflow/core/kernels/data/shuffle_dataset_op.cc:94] Filling up shuffle buffer (this may take a while): 15637 of 20000
2018-12-13 12:29:53.509525: I tensorflow/core/kernels/data/shuffle_dataset_op.cc:94] Filling up shuffle buffer (this may take a while): 15453 of 20000
2018-12-13 12:29:54.191581: I tensorflow/core/kernels/data/shuffle_dataset_op.cc:129] Shuffle buffer filled.
2018-12-13 12:29:55.039740: I tensorflow/core/kernels/data/shuffle_dataset_op.cc:94] Filling up shuffle buffer (this may take a while): 15443 of 20000
2018-12-13 12:29:55.429397: I tensorflow/core/kernels/data/shuffle_dataset_op.cc:94] Filling up shuffle buffer (this may take a while): 15267 of 20000
2018-12-13 12:29:58.566825: I tensorflow/core/kernels/data/shuffle_dataset_op.cc:129] Shuffle buffer filled.
2018-12-13 12:29:59.309974: I tensorflow/core/kernels/data/shuffle_dataset_op.cc:129] Shuffle buffer filled.
2018-12-13 12:30:00.575662: I tensorflow/core/kernels/data/shuffle_dataset_op.cc:129] Shuffle buffer filled.
2018-12-13 12:30:01.149034: I tensorflow/core/kernels/data/shuffle_dataset_op.cc:129] Shuffle buffer filled.
2018-12-13 12:30:04.343553: I tensorflow/core/kernels/data/shuffle_dataset_op.cc:94] Filling up shuffle buffer (this may take a while): 5503 of 20000
2018-12-13 12:30:04.376954: I tensorflow/core/kernels/data/shuffle_dataset_op.cc:94] Filling up shuffle buffer (this may take a while): 5463 of 20000
2018-12-13 12:30:04.469112: I tensorflow/core/kernels/data/shuffle_dataset_op.cc:94] Filling up shuffle buffer (this may take a while): 5569 of 20000
2018-12-13 12:30:14.345805: I tensorflow/core/kernels/data/shuffle_dataset_op.cc:94] Filling up shuffle buffer (this may take a while): 11940 of 20000
2018-12-13 12:30:14.376054: I tensorflow/core/kernels/data/shuffle_dataset_op.cc:94] Filling up shuffle buffer (this may take a while): 11511 of 20000
2018-12-13 12:30:14.467135: I tensorflow/core/kernels/data/shuffle_dataset_op.cc:94] Filling up shuffle buffer (this may take a while): 11923 of 20000
2018-12-13 12:30:24.345891: I tensorflow/core/kernels/data/shuffle_dataset_op.cc:94] Filling up shuffle buffer (this may take a while): 18946 of 20000
2018-12-13 12:30:24.376931: I tensorflow/core/kernels/data/shuffle_dataset_op.cc:94] Filling up shuffle buffer (this may take a while): 18133 of 20000
2018-12-13 12:30:24.468654: I tensorflow/core/kernels/data/shuffle_dataset_op.cc:94] Filling up shuffle buffer (this may take a while): 18549 of 20000
2018-12-13 12:30:25.876635: I tensorflow/core/kernels/data/shuffle_dataset_op.cc:129] Shuffle buffer filled.
2018-12-13 12:30:26.628579: I tensorflow/core/kernels/data/shuffle_dataset_op.cc:129] Shuffle buffer filled.
2018-12-13 12:30:26.992018: I tensorflow/core/kernels/data/shuffle_dataset_op.cc:129] Shuffle buffer filled.
INFO:tensorflow:Saving checkpoints for 1 into /scratch/tmp/1029784/tmpiibtojzc/model.ckpt.
INFO:tensorflow:Saving checkpoints for 1 into /scratch/tmp/1029784/tmpgl5c6635/model.ckpt.
INFO:tensorflow:Saving checkpoints for 1 into /scratch/tmp/1029784/tmpspa7h6iv/model.ckpt.
INFO:tensorflow:Saving checkpoints for 1 into /scratch/tmp/1029784/tmpc1y10g6h/model.ckpt.
INFO:tensorflow:Saving checkpoints for 1 into /scratch/tmp/1029784/tmp833gqepf/model.ckpt.
INFO:tensorflow:Saving checkpoints for 1 into /scratch/tmp/1029784/tmpsb55h5p1/model.ckpt.
INFO:tensorflow:Saving checkpoints for 1 into /scratch/tmp/1029784/tmp1ggwu878/model.ckpt.
INFO:tensorflow:Saving checkpoints for 1 into /gpfs/home/sam14/sam14015/task/11/estimator_horovod/models/cifar10_resnet_v2_101.8/model.ckpt.
INFO:tensorflow:loss = 2.6328475, step = 0
INFO:tensorflow:accuracy = 0.0625, loss = 2.6328475, global_step = 0
INFO:tensorflow:loss = 2.3824399, step = 0
INFO:tensorflow:accuracy = 0.140625, loss = 2.3824399, global_step = 0
INFO:tensorflow:loss = 2.499958, step = 0
INFO:tensorflow:accuracy = 0.140625, loss = 2.499958, global_step = 0
INFO:tensorflow:loss = 2.6047916, step = 0
INFO:tensorflow:accuracy = 0.09375, loss = 2.6047916, global_step = 0
INFO:tensorflow:loss = 2.4819994, step = 0
INFO:tensorflow:accuracy = 0.109375, loss = 2.4819994, global_step = 0
INFO:tensorflow:loss = 2.65206, step = 0
INFO:tensorflow:accuracy = 0.046875, loss = 2.65206, global_step = 0
INFO:tensorflow:loss = 2.6014864, step = 0
INFO:tensorflow:accuracy = 0.046875, loss = 2.6014864, global_step = 0
INFO:tensorflow:loss = 2.6774263, step = 0
INFO:tensorflow:accuracy = 0.03125, loss = 2.6774263, global_step = 0
INFO:tensorflow:Saving checkpoints for 93 into /scratch/tmp/1029784/tmp833gqepf/model.ckpt.
INFO:tensorflow:Saving checkpoints for 93 into /scratch/tmp/1029784/tmpiibtojzc/model.ckpt.
INFO:tensorflow:Saving checkpoints for 93 into /scratch/tmp/1029784/tmpc1y10g6h/model.ckpt.
INFO:tensorflow:Saving checkpoints for 93 into /scratch/tmp/1029784/tmpgl5c6635/model.ckpt.
INFO:tensorflow:Saving checkpoints for 93 into /scratch/tmp/1029784/tmpspa7h6iv/model.ckpt.
INFO:tensorflow:Saving checkpoints for 93 into /scratch/tmp/1029784/tmp1ggwu878/model.ckpt.
INFO:tensorflow:Saving checkpoints for 93 into /gpfs/home/sam14/sam14015/task/11/estimator_horovod/models/cifar10_resnet_v2_101.8/model.ckpt.
INFO:tensorflow:Saving checkpoints for 93 into /scratch/tmp/1029784/tmpsb55h5p1/model.ckpt.
2018-12-13 12:31:38.356352: E tensorflow/core/kernels/data/cache_dataset_ops.cc:314] The calling iterator did not fully read the dataset we were attempting to cache. In order to avoid unexpected truncation of the sequence, the current [partially cached] sequence will be dropped. This can occur if you have a sequence similar to `dataset.cache().take(k).repeat()`. Instead, swap the order (i.e. `dataset.take(k).cache().repeat()`)
2018-12-13 12:31:38.390452: E tensorflow/core/kernels/data/cache_dataset_ops.cc:314] The calling iterator did not fully read the dataset we were attempting to cache. In order to avoid unexpected truncation of the sequence, the current [partially cached] sequence will be dropped. This can occur if you have a sequence similar to `dataset.cache().take(k).repeat()`. Instead, swap the order (i.e. `dataset.take(k).cache().repeat()`)
INFO:tensorflow:Loss for final step: 2.4963622.
INFO:tensorflow:Loss for final step: 2.430109.
2018-12-13 12:31:39.067696: E tensorflow/core/kernels/data/cache_dataset_ops.cc:314] The calling iterator did not fully read the dataset we were attempting to cache. In order to avoid unexpected truncation of the sequence, the current [partially cached] sequence will be dropped. This can occur if you have a sequence similar to `dataset.cache().take(k).repeat()`. Instead, swap the order (i.e. `dataset.take(k).cache().repeat()`)
2018-12-13 12:31:39.165474: E tensorflow/core/kernels/data/cache_dataset_ops.cc:314] The calling iterator did not fully read the dataset we were attempting to cache. In order to avoid unexpected truncation of the sequence, the current [partially cached] sequence will be dropped. This can occur if you have a sequence similar to `dataset.cache().take(k).repeat()`. Instead, swap the order (i.e. `dataset.take(k).cache().repeat()`)
2018-12-13 12:31:39.177260: E tensorflow/core/kernels/data/cache_dataset_ops.cc:314] The calling iterator did not fully read the dataset we were attempting to cache. In order to avoid unexpected truncation of the sequence, the current [partially cached] sequence will be dropped. This can occur if you have a sequence similar to `dataset.cache().take(k).repeat()`. Instead, swap the order (i.e. `dataset.take(k).cache().repeat()`)
INFO:tensorflow:Loss for final step: 2.3021739.
INFO:tensorflow:Loss for final step: 2.4172149.
INFO:tensorflow:Loss for final step: 2.5251603.
2018-12-13 12:31:40.016153: E tensorflow/core/kernels/data/cache_dataset_ops.cc:314] The calling iterator did not fully read the dataset we were attempting to cache. In order to avoid unexpected truncation of the sequence, the current [partially cached] sequence will be dropped. This can occur if you have a sequence similar to `dataset.cache().take(k).repeat()`. Instead, swap the order (i.e. `dataset.take(k).cache().repeat()`)
INFO:tensorflow:Loss for final step: 2.3047814.
Traceback (most recent call last):
  File "tf_estimator_horovod.py", line 173, in <module>
    tf.app.run(main=main, argv=[sys.argv[0]] + unparsed)
  File "/gpfs/projects/sam14/mt_p9/virtualenv/tf_gpu_p9/lib/python3.6/site-packages/tensorflow/python/platform/app.py", line 126, in run
    _sys.exit(main(argv))
  File "tf_estimator_horovod.py", line 161, in main
    with open(TIMES, 'a') as f:
NameError: name 'TIMES' is not defined
--------------------------------------------------------------------------
mpirun detected that one or more processes exited with non-zero status, thus causing
the job to be terminated. The first process to do so was:

  Process name: [[15366,1],0]
  Exit code:    1
--------------------------------------------------------------------------
