Starting train at rank 0
Starting train at rank 1
p9r3n02:11571:11601 [0] INFO NET : Using interface ib0:10.1.1.38<0>
p9r3n02:11571:11601 [0] INFO NET/IB : Using interface ib0 for sideband communication
p9r3n02:11571:11601 [0] INFO NET/IB: [1] mlx5_0:1/IB 
p9r3n02:11571:11601 [0] INFO Using internal Network IB
p9r3n02:11571:11601 [0] INFO Using NCCL Low-latency algorithm for sizes below 16384
p9r3n02:11571:11601 [0] INFO NET : Using interface ib0:10.1.1.38<0>
p9r3n02:11571:11601 [0] INFO NET/Socket : 1 interfaces found
NCCL version 2.2.12+cuda9.2
p9r3n02:11572:11604 [1] INFO NET : Using interface ib0:10.1.1.38<0>
p9r3n02:11572:11604 [1] INFO NET/IB : Using interface ib0 for sideband communication
p9r3n02:11572:11604 [1] INFO NET/IB: [1] mlx5_0:1/IB 
p9r3n02:11572:11604 [1] INFO Using internal Network IB
p9r3n02:11572:11604 [1] INFO Using NCCL Low-latency algorithm for sizes below 16384
p9r3n02:11571:11601 [0] INFO comm 0x3fff55103e10 rank 0 nranks 2
p9r3n02:11571:11601 [0] INFO CUDA Dev 0, IB Ports : mlx5_0/1(SOC) 
p9r3n02:11572:11604 [1] INFO comm 0x3fff2d150a30 rank 1 nranks 2
p9r3n02:11572:11604 [1] INFO NET : Using interface ib0:10.1.1.38<0>
p9r3n02:11572:11604 [1] INFO NET/Socket : 1 interfaces found
p9r3n02:11572:11604 [1] INFO CUDA Dev 1, IB Ports : mlx5_0/1(SOC) 
p9r3n02:11571:11601 [0] INFO Using 256 threads
p9r3n02:11571:11601 [0] INFO Min Comp Cap 7
p9r3n02:11571:11601 [0] INFO NCCL_SINGLE_RING_THRESHOLD=262144
p9r3n02:11571:11601 [0] INFO Ring 00 :    0   1
p9r3n02:11571:11601 [0] INFO Ring 01 :    0   1
p9r3n02:11571:11601 [0] INFO Ring 02 :    0   1
p9r3n02:11571:11601 [0] INFO Ring 03 :    0   1
p9r3n02:11571:11601 [0] INFO Ring 04 :    0   1
p9r3n02:11571:11601 [0] INFO Ring 05 :    0   1
p9r3n02:11572:11604 [1] INFO Ring 00 : 1[1] -> 0[0] via P2P/IPC
p9r3n02:11571:11601 [0] INFO Ring 00 : 0[0] -> 1[1] via P2P/IPC
p9r3n02:11571:11601 [0] INFO Ring 01 : 0[0] -> 1[1] via P2P/IPC
p9r3n02:11572:11604 [1] INFO Ring 01 : 1[1] -> 0[0] via P2P/IPC
p9r3n02:11571:11601 [0] INFO Ring 02 : 0[0] -> 1[1] via P2P/IPC
p9r3n02:11572:11604 [1] INFO Ring 02 : 1[1] -> 0[0] via P2P/IPC
p9r3n02:11571:11601 [0] INFO Ring 03 : 0[0] -> 1[1] via P2P/IPC
p9r3n02:11572:11604 [1] INFO Ring 03 : 1[1] -> 0[0] via P2P/IPC
p9r3n02:11571:11601 [0] INFO Ring 04 : 0[0] -> 1[1] via P2P/IPC
p9r3n02:11572:11604 [1] INFO Ring 04 : 1[1] -> 0[0] via P2P/IPC
p9r3n02:11571:11601 [0] INFO Ring 05 : 0[0] -> 1[1] via P2P/IPC
p9r3n02:11572:11604 [1] INFO Ring 05 : 1[1] -> 0[0] via P2P/IPC
p9r3n02:11571:11601 [0] INFO Launch mode Parallel
