unload bsc/commands (PATH, MANPATH) 
unload CUDA/9.1 (PATH, MANPATH, LD_LIBRARY_PATH, LIBRARY_PATH, C_INCLUDE_PATH,
CPLUS_INCLUDE_PATH, CUDA_HOME, CUDA_VERSION, CUDA_INC, CUDA_INSTALL_PATH) 
unload OPENMPI/3.0.0 (PATH, MANPATH, LD_LIBRARY_PATH, LIBRARY_PATH,
PKG_CONFIG_PATH, C_INCLUDE_PATH, CPLUS_INCLUDE_PATH, MPI, MPI_V) 
unload GCC/6.4.0 (PATH, MANPATH, INFOPATH, LD_LIBRARY_PATH, LIBRARY_PATH,
C_INCLUDE_PATH, CPLUS_INCLUDE_PATH, STD COMP VARS) 
load GCC/6.4.0 (PATH, MANPATH, INFOPATH, LD_LIBRARY_PATH, LIBRARY_PATH,
C_INCLUDE_PATH, CPLUS_INCLUDE_PATH, STD COMP VARS) 
load JAVA/ibm_8.0.5.15 (PATH, C_INCLUDE_PATH, CPLUS_INCLUDE_PATH, JAVA_HOME,
JAVA_ROOT, JAVA_BINDIR, SDK_HOME, JRE_HOME) 
load OPENMPI/3.0.0 (PATH, MANPATH, LD_LIBRARY_PATH, LIBRARY_PATH,
PKG_CONFIG_PATH, C_INCLUDE_PATH, CPLUS_INCLUDE_PATH, MPI, MPI_V) 
load CUDA/9.2 (PATH, MANPATH, LD_LIBRARY_PATH, LIBRARY_PATH, C_INCLUDE_PATH,
CPLUS_INCLUDE_PATH, CUDA_HOME, CUDA_VERSION, CUDA_INC, CUDA_INSTALL_PATH) 
load ATLAS/3.10.3 (LD_LIBRARY_PATH, LIBRARY_PATH, C_INCLUDE_PATH,
CPLUS_INCLUDE_PATH) 
INFO:tensorflow:Using config: {'_model_dir': '/gpfs/home/sam14/sam14015/task/11/estimator_horovod/models/cifar10_resnet_v2_101.1', '_tf_random_seed': None, '_save_summary_steps': 100, '_save_checkpoints_steps': None, '_save_checkpoints_secs': 600, '_session_config': gpu_options {
  allow_growth: true
  visible_device_list: "0"
}
, '_keep_checkpoint_max': 5, '_keep_checkpoint_every_n_hours': 10000, '_log_step_count_steps': 100, '_train_distribute': None, '_service': None, '_cluster_spec': <tensorflow.python.training.server_lib.ClusterSpec object at 0x3fff2c100780>, '_task_type': 'worker', '_task_id': 0, '_global_id_in_cluster': 0, '_master': '', '_evaluation_master': '', '_is_chief': True, '_num_ps_replicas': 0, '_num_worker_replicas': 1}
INFO:tensorflow:Calling model_fn.
INFO:tensorflow:Scale of 0 disables regularizer.
WARNING:tensorflow:From /gpfs/home/sam14/sam14015/task/11/estimator_horovod/nets/resnet_v2.py:213: calling reduce_mean (from tensorflow.python.ops.math_ops) with keep_dims is deprecated and will be removed in a future version.
Instructions for updating:
keep_dims is deprecated, use keepdims instead
INFO:tensorflow:Done calling model_fn.
INFO:tensorflow:Create CheckpointSaverHook.
INFO:tensorflow:Graph was finalized.
2018-12-13 12:28:07.494045: I tensorflow/core/common_runtime/gpu/gpu_device.cc:1356] Found device 0 with properties: 
name: Tesla V100-SXM2-16GB major: 7 minor: 0 memoryClockRate(GHz): 1.53
pciBusID: 0035:04:00.0
totalMemory: 15.75GiB freeMemory: 15.34GiB
2018-12-13 12:28:07.494083: I tensorflow/core/common_runtime/gpu/gpu_device.cc:1435] Adding visible gpu devices: 0
2018-12-13 12:28:07.767325: I tensorflow/core/common_runtime/gpu/gpu_device.cc:923] Device interconnect StreamExecutor with strength 1 edge matrix:
2018-12-13 12:28:07.767368: I tensorflow/core/common_runtime/gpu/gpu_device.cc:929]      0 
2018-12-13 12:28:07.767378: I tensorflow/core/common_runtime/gpu/gpu_device.cc:942] 0:   N 
2018-12-13 12:28:07.767831: I tensorflow/core/common_runtime/gpu/gpu_device.cc:1053] Created TensorFlow device (/job:localhost/replica:0/task:0/device:GPU:0 with 14847 MB memory) -> physical GPU (device: 0, name: Tesla V100-SXM2-16GB, pci bus id: 0035:04:00.0, compute capability: 7.0)
INFO:tensorflow:Running local_init_op.
INFO:tensorflow:Done running local_init_op.
2018-12-13 12:28:55.640715: I tensorflow/core/kernels/data/shuffle_dataset_op.cc:94] Filling up shuffle buffer (this may take a while): 8021 of 20000
2018-12-13 12:29:05.642538: I tensorflow/core/kernels/data/shuffle_dataset_op.cc:94] Filling up shuffle buffer (this may take a while): 15960 of 20000
2018-12-13 12:29:10.636404: I tensorflow/core/kernels/data/shuffle_dataset_op.cc:129] Shuffle buffer filled.
INFO:tensorflow:Saving checkpoints for 1 into /gpfs/home/sam14/sam14015/task/11/estimator_horovod/models/cifar10_resnet_v2_101.1/model.ckpt.
INFO:tensorflow:loss = 2.3165627, step = 0
INFO:tensorflow:accuracy = 0.140625, loss = 2.3165627, global_step = 0
INFO:tensorflow:global_step/sec: 3.02981
INFO:tensorflow:loss = 2.3056371, step = 100 (33.006 sec)
INFO:tensorflow:accuracy = 0.1171875, loss = 2.3056371, global_step = 100 (33.005 sec)
INFO:tensorflow:Benchmark metric: {'name': 'average_examples_per_sec', 'value': 203.08828180826652, 'unit': None, 'global_step': 111, 'timestamp': '2018-12-13T11:30:01.784299Z', 'extras': []}
INFO:tensorflow:Benchmark metric: {'name': 'current_examples_per_sec', 'value': 203.08828180826652, 'unit': None, 'global_step': 111, 'timestamp': '2018-12-13T11:30:01.784549Z', 'extras': []}
INFO:tensorflow:global_step/sec: 3.15245
INFO:tensorflow:loss = 2.3556082, step = 200 (31.721 sec)
INFO:tensorflow:accuracy = 0.109375, loss = 2.3556082, global_step = 200 (31.721 sec)
INFO:tensorflow:Benchmark metric: {'name': 'average_examples_per_sec', 'value': 202.3460195934853, 'unit': None, 'global_step': 211, 'timestamp': '2018-12-13T11:30:33.528855Z', 'extras': []}
INFO:tensorflow:Benchmark metric: {'name': 'current_examples_per_sec', 'value': 201.6091633711978, 'unit': None, 'global_step': 211, 'timestamp': '2018-12-13T11:30:33.529049Z', 'extras': []}
INFO:tensorflow:global_step/sec: 3.13397
INFO:tensorflow:loss = 2.3474474, step = 300 (31.909 sec)
INFO:tensorflow:accuracy = 0.09765625, loss = 2.3474474, global_step = 300 (31.909 sec)
INFO:tensorflow:Benchmark metric: {'name': 'average_examples_per_sec', 'value': 201.72058811399103, 'unit': None, 'global_step': 311, 'timestamp': '2018-12-13T11:31:05.452037Z', 'extras': []}
INFO:tensorflow:Benchmark metric: {'name': 'current_examples_per_sec', 'value': 200.4812527736174, 'unit': None, 'global_step': 311, 'timestamp': '2018-12-13T11:31:05.452230Z', 'extras': []}
INFO:tensorflow:global_step/sec: 3.13397
INFO:tensorflow:loss = 2.3194056, step = 400 (31.908 sec)
INFO:tensorflow:accuracy = 0.090625, loss = 2.3194056, global_step = 400 (31.908 sec)
INFO:tensorflow:Benchmark metric: {'name': 'average_examples_per_sec', 'value': 201.46102543131263, 'unit': None, 'global_step': 411, 'timestamp': '2018-12-13T11:31:37.342602Z', 'extras': []}
INFO:tensorflow:Benchmark metric: {'name': 'current_examples_per_sec', 'value': 200.68632985895536, 'unit': None, 'global_step': 411, 'timestamp': '2018-12-13T11:31:37.342799Z', 'extras': []}
slurmstepd: error: *** JOB 1029781 ON p9r3n02 CANCELLED AT 2018-12-13T12:32:03 ***
