p9r3n13:71706:71732 [0] INFO NET : Using interface ib0:10.1.1.49<0>
p9r3n13:71706:71732 [0] INFO NET/IB : Using interface ib0 for sideband communication
p9r3n13:71706:71732 [0] INFO NET/IB: [1] mlx5_0:1/IB 
p9r3n13:71706:71732 [0] INFO Using internal Network IB
p9r3n13:71706:71732 [0] INFO Using NCCL Low-latency algorithm for sizes below 16384
p9r3n13:71706:71732 [0] INFO NET : Using interface ib0:10.1.1.49<0>
p9r3n13:71706:71732 [0] INFO NET/Socket : 1 interfaces found
NCCL version 2.2.12+cuda9.2
p9r3n13:71708:71735 [2] INFO NET : Using interface ib0:10.1.1.49<0>
p9r3n13:71708:71735 [2] INFO NET/IB : Using interface ib0 for sideband communication
p9r3n13:71709:71733 [3] INFO NET : Using interface ib0:10.1.1.49<0>
p9r3n13:71709:71733 [3] INFO NET/IB : Using interface ib0 for sideband communication
p9r3n16:82644:82672 [3] INFO NET : Using interface ib0:10.1.1.52<0>
p9r3n16:82644:82672 [3] INFO NET/IB : Using interface ib0 for sideband communication
p9r3n14:133177:133195 [0] INFO NET : Using interface ib0:10.1.1.50<0>
p9r3n14:133177:133195 [0] INFO NET/IB : Using interface ib0 for sideband communication
p9r3n16:82643:82670 [2] INFO NET : Using interface ib0:10.1.1.52<0>
p9r3n16:82643:82670 [2] INFO NET/IB : Using interface ib0 for sideband communication
p9r3n16:82642:82671 [1] INFO NET : Using interface ib0:10.1.1.52<0>
p9r3n16:82642:82671 [1] INFO NET/IB : Using interface ib0 for sideband communication
p9r3n16:82641:82669 [0] INFO NET : Using interface ib0:10.1.1.52<0>
p9r3n16:82641:82669 [0] INFO NET/IB : Using interface ib0 for sideband communication
p9r3n14:133180:133197 [3] INFO NET : Using interface ib0:10.1.1.50<0>
p9r3n14:133180:133197 [3] INFO NET/IB : Using interface ib0 for sideband communication
p9r3n14:133179:133196 [2] INFO NET : Using interface ib0:10.1.1.50<0>
p9r3n14:133179:133196 [2] INFO NET/IB : Using interface ib0 for sideband communication
p9r3n14:133178:133194 [1] INFO NET : Using interface ib0:10.1.1.50<0>
p9r3n14:133178:133194 [1] INFO NET/IB : Using interface ib0 for sideband communication
p9r3n15:104752:104772 [2] INFO NET : Using interface ib0:10.1.1.51<0>
p9r3n15:104752:104772 [2] INFO NET/IB : Using interface ib0 for sideband communication
p9r3n15:104751:104778 [1] INFO NET : Using interface ib0:10.1.1.51<0>
p9r3n15:104751:104778 [1] INFO NET/IB : Using interface ib0 for sideband communication
p9r3n15:104753:104775 [3] INFO NET : Using interface ib0:10.1.1.51<0>
p9r3n15:104753:104775 [3] INFO NET/IB : Using interface ib0 for sideband communication
p9r3n15:104750:104769 [0] INFO NET : Using interface ib0:10.1.1.51<0>
p9r3n15:104750:104769 [0] INFO NET/IB : Using interface ib0 for sideband communication
p9r3n13:71708:71735 [2] INFO NET/IB: [1] mlx5_0:1/IB 
p9r3n13:71708:71735 [2] INFO Using internal Network IB
p9r3n13:71708:71735 [2] INFO Using NCCL Low-latency algorithm for sizes below 16384
p9r3n13:71709:71733 [3] INFO NET/IB: [1] mlx5_0:1/IB 
p9r3n13:71709:71733 [3] INFO Using internal Network IB
p9r3n13:71709:71733 [3] INFO Using NCCL Low-latency algorithm for sizes below 16384
p9r3n16:82641:82669 [0] INFO NET/IB: [1] mlx5_0:1/IB 
p9r3n14:133178:133194 [1] INFO NET/IB: [1] mlx5_0:1/IB 
p9r3n16:82641:82669 [0] INFO Using internal Network IB
p9r3n16:82641:82669 [0] INFO Using NCCL Low-latency algorithm for sizes below 16384
p9r3n14:133178:133194 [1] INFO Using internal Network IB
p9r3n14:133178:133194 [1] INFO Using NCCL Low-latency algorithm for sizes below 16384
p9r3n14:133179:133196 [2] INFO NET/IB: [1] mlx5_0:1/IB 
p9r3n16:82642:82671 [1] INFO NET/IB: [1] mlx5_0:1/IB 
p9r3n14:133179:133196 [2] INFO Using internal Network IB
p9r3n14:133179:133196 [2] INFO Using NCCL Low-latency algorithm for sizes below 16384
p9r3n16:82642:82671 [1] INFO Using internal Network IB
p9r3n16:82642:82671 [1] INFO Using NCCL Low-latency algorithm for sizes below 16384
p9r3n14:133177:133195 [0] INFO NET/IB: [1] mlx5_0:1/IB 
p9r3n14:133177:133195 [0] INFO Using internal Network IB
p9r3n14:133177:133195 [0] INFO Using NCCL Low-latency algorithm for sizes below 16384
p9r3n16:82644:82672 [3] INFO NET/IB: [1] mlx5_0:1/IB 
p9r3n14:133180:133197 [3] INFO NET/IB: [1] mlx5_0:1/IB 
p9r3n16:82643:82670 [2] INFO NET/IB: [1] mlx5_0:1/IB 
p9r3n14:133180:133197 [3] INFO Using internal Network IB
p9r3n14:133180:133197 [3] INFO Using NCCL Low-latency algorithm for sizes below 16384
p9r3n16:82643:82670 [2] INFO Using internal Network IB
p9r3n16:82643:82670 [2] INFO Using NCCL Low-latency algorithm for sizes below 16384
p9r3n16:82644:82672 [3] INFO Using internal Network IB
p9r3n16:82644:82672 [3] INFO Using NCCL Low-latency algorithm for sizes below 16384
p9r3n15:104750:104769 [0] INFO NET/IB: [1] mlx5_0:1/IB 
p9r3n15:104750:104769 [0] INFO Using internal Network IB
p9r3n15:104750:104769 [0] INFO Using NCCL Low-latency algorithm for sizes below 16384
p9r3n15:104752:104772 [2] INFO NET/IB: [1] mlx5_0:1/IB 
p9r3n15:104752:104772 [2] INFO Using internal Network IB
p9r3n15:104752:104772 [2] INFO Using NCCL Low-latency algorithm for sizes below 16384
p9r3n15:104751:104778 [1] INFO NET/IB: [1] mlx5_0:1/IB 
p9r3n15:104753:104775 [3] INFO NET/IB: [1] mlx5_0:1/IB 
p9r3n15:104753:104775 [3] INFO Using internal Network IB
p9r3n15:104753:104775 [3] INFO Using NCCL Low-latency algorithm for sizes below 16384
p9r3n15:104751:104778 [1] INFO Using internal Network IB
p9r3n15:104751:104778 [1] INFO Using NCCL Low-latency algorithm for sizes below 16384
p9r3n13:71707:71734 [1] INFO NET : Using interface ib0:10.1.1.49<0>
p9r3n13:71707:71734 [1] INFO NET/IB : Using interface ib0 for sideband communication
p9r3n13:71707:71734 [1] INFO NET/IB: [1] mlx5_0:1/IB 
p9r3n13:71707:71734 [1] INFO Using internal Network IB
p9r3n13:71707:71734 [1] INFO Using NCCL Low-latency algorithm for sizes below 16384
p9r3n13:71706:71732 [0] INFO comm 0x3fff55b176e0 rank 0 nranks 16
p9r3n13:71706:71732 [0] INFO CUDA Dev 0, IB Ports : mlx5_0/1(SOC) 
p9r3n13:71708:71735 [2] INFO comm 0x3fff25862630 rank 2 nranks 16
p9r3n13:71708:71735 [2] INFO NET : Using interface ib0:10.1.1.49<0>
p9r3n13:71708:71735 [2] INFO NET/Socket : 1 interfaces found
p9r3n13:71708:71735 [2] INFO CUDA Dev 2, IB Ports : mlx5_0/1(SOC) 
p9r3n13:71709:71733 [3] INFO comm 0x3fff45862630 rank 3 nranks 16
p9r3n13:71709:71733 [3] INFO NET : Using interface ib0:10.1.1.49<0>
p9r3n13:71709:71733 [3] INFO NET/Socket : 1 interfaces found
p9r3n13:71709:71733 [3] INFO CUDA Dev 3, IB Ports : mlx5_0/1(SOC) 
p9r3n13:71707:71734 [1] INFO comm 0x3fff4d8625c0 rank 1 nranks 16
p9r3n13:71707:71734 [1] INFO NET : Using interface ib0:10.1.1.49<0>
p9r3n13:71707:71734 [1] INFO NET/Socket : 1 interfaces found
p9r3n13:71707:71734 [1] INFO CUDA Dev 1, IB Ports : mlx5_0/1(SOC) 
p9r3n14:133179:133196 [2] INFO comm 0x3fff35874610 rank 6 nranks 16
p9r3n14:133179:133196 [2] INFO NET : Using interface ib0:10.1.1.50<0>
p9r3n14:133179:133196 [2] INFO NET/Socket : 1 interfaces found
p9r3n14:133179:133196 [2] INFO CUDA Dev 2, IB Ports : mlx5_0/1(SOC) 
p9r3n14:133178:133194 [1] INFO comm 0x3fff598948a0 rank 5 nranks 16
p9r3n14:133178:133194 [1] INFO NET : Using interface ib0:10.1.1.50<0>
p9r3n14:133178:133194 [1] INFO NET/Socket : 1 interfaces found
p9r3n14:133178:133194 [1] INFO CUDA Dev 1, IB Ports : mlx5_0/1(SOC) 
p9r3n16:82644:82672 [3] INFO comm 0x3fff2d8638b0 rank 15 nranks 16
p9r3n16:82644:82672 [3] INFO NET : Using interface ib0:10.1.1.52<0>
p9r3n16:82644:82672 [3] INFO NET/Socket : 1 interfaces found
p9r3n15:104751:104778 [1] INFO comm 0x3fff59874600 rank 9 nranks 16
p9r3n15:104750:104769 [0] INFO comm 0x3fff658aaac0 rank 8 nranks 16
p9r3n16:82643:82670 [2] INFO comm 0x3fff5d8647b0 rank 14 nranks 16
p9r3n16:82644:82672 [3] INFO CUDA Dev 3, IB Ports : mlx5_0/1(SOC) 
p9r3n16:82643:82670 [2] INFO NET : Using interface ib0:10.1.1.52<0>
p9r3n16:82643:82670 [2] INFO NET/Socket : 1 interfaces found
p9r3n15:104752:104772 [2] INFO comm 0x3fff59874ef0 rank 10 nranks 16
p9r3n15:104750:104769 [0] INFO NET : Using interface ib0:10.1.1.51<0>
p9r3n15:104750:104769 [0] INFO NET/Socket : 1 interfaces found
p9r3n15:104751:104778 [1] INFO NET : Using interface ib0:10.1.1.51<0>
p9r3n15:104752:104772 [2] INFO NET : Using interface ib0:10.1.1.51<0>
p9r3n15:104752:104772 [2] INFO NET/Socket : 1 interfaces found
p9r3n15:104751:104778 [1] INFO NET/Socket : 1 interfaces found
p9r3n15:104753:104775 [3] INFO comm 0x3fff658745d0 rank 11 nranks 16
p9r3n14:133180:133197 [3] INFO comm 0x3fff5d8645f0 rank 7 nranks 16
p9r3n15:104753:104775 [3] INFO NET : Using interface ib0:10.1.1.51<0>
p9r3n15:104753:104775 [3] INFO NET/Socket : 1 interfaces found
p9r3n14:133180:133197 [3] INFO NET : Using interface ib0:10.1.1.50<0>
p9r3n14:133180:133197 [3] INFO NET/Socket : 1 interfaces found
p9r3n14:133177:133195 [0] INFO comm 0x3fff5d8c02f0 rank 4 nranks 16
p9r3n14:133177:133195 [0] INFO NET : Using interface ib0:10.1.1.50<0>
p9r3n14:133177:133195 [0] INFO NET/Socket : 1 interfaces found
p9r3n16:82641:82669 [0] INFO comm 0x3fff498afd10 rank 12 nranks 16
p9r3n16:82642:82671 [1] INFO comm 0x3fff4d874340 rank 13 nranks 16
p9r3n16:82642:82671 [1] INFO NET : Using interface ib0:10.1.1.52<0>
p9r3n16:82642:82671 [1] INFO NET/Socket : 1 interfaces found
p9r3n16:82641:82669 [0] INFO NET : Using interface ib0:10.1.1.52<0>
p9r3n16:82641:82669 [0] INFO NET/Socket : 1 interfaces found
p9r3n16:82643:82670 [2] INFO CUDA Dev 2, IB Ports : mlx5_0/1(SOC) 
p9r3n15:104751:104778 [1] INFO CUDA Dev 1, IB Ports : mlx5_0/1(SOC) 
p9r3n15:104752:104772 [2] INFO CUDA Dev 2, IB Ports : mlx5_0/1(SOC) 
p9r3n14:133180:133197 [3] INFO CUDA Dev 3, IB Ports : mlx5_0/1(SOC) 
p9r3n14:133177:133195 [0] INFO CUDA Dev 0, IB Ports : mlx5_0/1(SOC) 
p9r3n15:104750:104769 [0] INFO CUDA Dev 0, IB Ports : mlx5_0/1(SOC) 
p9r3n15:104753:104775 [3] INFO CUDA Dev 3, IB Ports : mlx5_0/1(SOC) 
p9r3n16:82641:82669 [0] INFO CUDA Dev 0, IB Ports : mlx5_0/1(SOC) 
p9r3n16:82642:82671 [1] INFO CUDA Dev 1, IB Ports : mlx5_0/1(SOC) 
p9r3n13:71706:71732 [0] INFO Using 256 threads
p9r3n13:71706:71732 [0] INFO Min Comp Cap 7
p9r3n13:71706:71732 [0] INFO NCCL_SINGLE_RING_THRESHOLD=262144
p9r3n13:71706:71732 [0] INFO Ring 00 :    0   1   2   3   4   5   6   7   8   9  10  11  12  13  14  15
p9r3n16:82642:82671 [1] INFO 13[82642] -> 14[82643] via direct shared memory
p9r3n16:82641:82669 [0] INFO 11 -> 12 via NET/IB/0
p9r3n14:133178:133194 [1] INFO 5[133178] -> 6[133179] via direct shared memory
p9r3n16:82641:82669 [0] INFO Ring 00 : 12[0] -> 13[1] via P2P/IPC
p9r3n14:133177:133195 [0] INFO 3 -> 4 via NET/IB/0
p9r3n14:133177:133195 [0] INFO Ring 00 : 4[0] -> 5[1] via P2P/IPC
p9r3n13:71708:71735 [2] INFO Ring 00 : 2[2] -> 3[3] via P2P/IPC
p9r3n14:133179:133196 [2] INFO Ring 00 : 6[2] -> 7[3] via P2P/IPC
p9r3n16:82643:82670 [2] INFO Ring 00 : 14[2] -> 15[3] via P2P/IPC
p9r3n13:71707:71734 [1] INFO 1[71707] -> 2[71708] via direct shared memory
p9r3n15:104751:104778 [1] INFO 9[104751] -> 10[104752] via direct shared memory
p9r3n15:104750:104769 [0] INFO 7 -> 8 via NET/IB/0
p9r3n13:71706:71732 [0] INFO 15 -> 0 via NET/IB/0
p9r3n13:71706:71732 [0] INFO Ring 00 : 0[0] -> 1[1] via P2P/IPC
p9r3n15:104750:104769 [0] INFO Ring 00 : 8[0] -> 9[1] via P2P/IPC
p9r3n15:104752:104772 [2] INFO Ring 00 : 10[2] -> 11[3] via P2P/IPC
p9r3n13:71709:71733 [3] INFO NET/IB: Dev 0 Port 1 qpn 42660 mtu 5 LID 30
p9r3n14:133180:133197 [3] INFO NET/IB: Dev 0 Port 1 qpn 171282 mtu 5 LID 6
p9r3n16:82644:82672 [3] INFO NET/IB: Dev 0 Port 1 qpn 157901 mtu 5 LID 10
p9r3n15:104753:104775 [3] INFO NET/IB: Dev 0 Port 1 qpn 77239 mtu 5 LID 26
p9r3n13:71706:71732 [0] INFO Launch mode Parallel
clock 560.0799999999999
