unload bsc/commands (PATH, MANPATH) 
unload CUDA/9.1 (PATH, MANPATH, LD_LIBRARY_PATH, LIBRARY_PATH, C_INCLUDE_PATH,
CPLUS_INCLUDE_PATH, CUDA_HOME, CUDA_VERSION, CUDA_INC, CUDA_INSTALL_PATH) 
unload OPENMPI/3.0.0 (PATH, MANPATH, LD_LIBRARY_PATH, LIBRARY_PATH,
PKG_CONFIG_PATH, C_INCLUDE_PATH, CPLUS_INCLUDE_PATH, MPI, MPI_V) 
unload GCC/6.4.0 (PATH, MANPATH, INFOPATH, LD_LIBRARY_PATH, LIBRARY_PATH,
C_INCLUDE_PATH, CPLUS_INCLUDE_PATH, STD COMP VARS) 
load GCC/6.4.0 (PATH, MANPATH, INFOPATH, LD_LIBRARY_PATH, LIBRARY_PATH,
C_INCLUDE_PATH, CPLUS_INCLUDE_PATH, STD COMP VARS) 
load JAVA/ibm_8.0.5.15 (PATH, C_INCLUDE_PATH, CPLUS_INCLUDE_PATH, JAVA_HOME,
JAVA_ROOT, JAVA_BINDIR, SDK_HOME, JRE_HOME) 
load OPENMPI/3.0.0 (PATH, MANPATH, LD_LIBRARY_PATH, LIBRARY_PATH,
PKG_CONFIG_PATH, C_INCLUDE_PATH, CPLUS_INCLUDE_PATH, MPI, MPI_V) 
load CUDA/9.2 (PATH, MANPATH, LD_LIBRARY_PATH, LIBRARY_PATH, C_INCLUDE_PATH,
CPLUS_INCLUDE_PATH, CUDA_HOME, CUDA_VERSION, CUDA_INC, CUDA_INSTALL_PATH) 
load ATLAS/3.10.3 (LD_LIBRARY_PATH, LIBRARY_PATH, C_INCLUDE_PATH,
CPLUS_INCLUDE_PATH) 
INFO:tensorflow:Using config: {'_model_dir': '/gpfs/home/sam14/sam14015/task/11/estimator_horovod/models/cifar10_resnet_v2_101.2', '_tf_random_seed': None, '_save_summary_steps': 100, '_save_checkpoints_steps': None, '_save_checkpoints_secs': 600, '_session_config': gpu_options {
  allow_growth: true
  visible_device_list: "0"
}
, '_keep_checkpoint_max': 5, '_keep_checkpoint_every_n_hours': 10000, '_log_step_count_steps': 100, '_train_distribute': None, '_service': None, '_cluster_spec': <tensorflow.python.training.server_lib.ClusterSpec object at 0x3fff47744780>, '_task_type': 'worker', '_task_id': 0, '_global_id_in_cluster': 0, '_master': '', '_evaluation_master': '', '_is_chief': True, '_num_ps_replicas': 0, '_num_worker_replicas': 1}
WARNING:tensorflow:Using temporary folder as model directory: /scratch/tmp/1029651/tmp77put3tk
INFO:tensorflow:Using config: {'_model_dir': '/scratch/tmp/1029651/tmp77put3tk', '_tf_random_seed': None, '_save_summary_steps': 100, '_save_checkpoints_steps': None, '_save_checkpoints_secs': 600, '_session_config': gpu_options {
  allow_growth: true
  visible_device_list: "1"
}
, '_keep_checkpoint_max': 5, '_keep_checkpoint_every_n_hours': 10000, '_log_step_count_steps': 100, '_train_distribute': None, '_service': None, '_cluster_spec': <tensorflow.python.training.server_lib.ClusterSpec object at 0x3fff2b983748>, '_task_type': 'worker', '_task_id': 0, '_global_id_in_cluster': 0, '_master': '', '_evaluation_master': '', '_is_chief': True, '_num_ps_replicas': 0, '_num_worker_replicas': 1}
INFO:tensorflow:Calling model_fn.
INFO:tensorflow:Scale of 0 disables regularizer.
INFO:tensorflow:Calling model_fn.
INFO:tensorflow:Scale of 0 disables regularizer.
WARNING:tensorflow:From /gpfs/home/sam14/sam14015/task/11/estimator_horovod/nets/resnet_v2.py:213: calling reduce_mean (from tensorflow.python.ops.math_ops) with keep_dims is deprecated and will be removed in a future version.
Instructions for updating:
keep_dims is deprecated, use keepdims instead
WARNING:tensorflow:From /gpfs/home/sam14/sam14015/task/11/estimator_horovod/nets/resnet_v2.py:213: calling reduce_mean (from tensorflow.python.ops.math_ops) with keep_dims is deprecated and will be removed in a future version.
Instructions for updating:
keep_dims is deprecated, use keepdims instead
INFO:tensorflow:Done calling model_fn.
INFO:tensorflow:Create CheckpointSaverHook.
INFO:tensorflow:Done calling model_fn.
INFO:tensorflow:Create CheckpointSaverHook.
INFO:tensorflow:Graph was finalized.
INFO:tensorflow:Graph was finalized.
2018-12-13 11:01:14.100509: I tensorflow/core/common_runtime/gpu/gpu_device.cc:1356] Found device 0 with properties: 
name: Tesla V100-SXM2-16GB major: 7 minor: 0 memoryClockRate(GHz): 1.53
pciBusID: 0004:04:00.0
totalMemory: 15.75GiB freeMemory: 15.34GiB
2018-12-13 11:01:14.100556: I tensorflow/core/common_runtime/gpu/gpu_device.cc:1435] Adding visible gpu devices: 0
2018-12-13 11:01:14.177440: I tensorflow/core/common_runtime/gpu/gpu_device.cc:1356] Found device 0 with properties: 
name: Tesla V100-SXM2-16GB major: 7 minor: 0 memoryClockRate(GHz): 1.53
pciBusID: 0004:05:00.0
totalMemory: 15.75GiB freeMemory: 15.34GiB
2018-12-13 11:01:14.177482: I tensorflow/core/common_runtime/gpu/gpu_device.cc:1435] Adding visible gpu devices: 1
2018-12-13 11:01:14.491781: I tensorflow/core/common_runtime/gpu/gpu_device.cc:923] Device interconnect StreamExecutor with strength 1 edge matrix:
2018-12-13 11:01:14.491827: I tensorflow/core/common_runtime/gpu/gpu_device.cc:929]      0 
2018-12-13 11:01:14.491842: I tensorflow/core/common_runtime/gpu/gpu_device.cc:942] 0:   N 
2018-12-13 11:01:14.492532: I tensorflow/core/common_runtime/gpu/gpu_device.cc:1053] Created TensorFlow device (/job:localhost/replica:0/task:0/device:GPU:0 with 14849 MB memory) -> physical GPU (device: 0, name: Tesla V100-SXM2-16GB, pci bus id: 0004:04:00.0, compute capability: 7.0)
2018-12-13 11:01:14.564639: I tensorflow/core/common_runtime/gpu/gpu_device.cc:923] Device interconnect StreamExecutor with strength 1 edge matrix:
2018-12-13 11:01:14.564685: I tensorflow/core/common_runtime/gpu/gpu_device.cc:929]      1 
2018-12-13 11:01:14.564699: I tensorflow/core/common_runtime/gpu/gpu_device.cc:942] 1:   N 
2018-12-13 11:01:14.565370: I tensorflow/core/common_runtime/gpu/gpu_device.cc:1053] Created TensorFlow device (/job:localhost/replica:0/task:0/device:GPU:0 with 14847 MB memory) -> physical GPU (device: 1, name: Tesla V100-SXM2-16GB, pci bus id: 0004:05:00.0, compute capability: 7.0)
INFO:tensorflow:Running local_init_op.
INFO:tensorflow:Running local_init_op.
INFO:tensorflow:Done running local_init_op.
INFO:tensorflow:Done running local_init_op.
2018-12-13 11:02:29.257463: I tensorflow/core/kernels/data/shuffle_dataset_op.cc:94] Filling up shuffle buffer (this may take a while): 5388 of 20000
2018-12-13 11:02:30.700816: I tensorflow/core/kernels/data/shuffle_dataset_op.cc:94] Filling up shuffle buffer (this may take a while): 5072 of 20000
2018-12-13 11:02:39.255156: I tensorflow/core/kernels/data/shuffle_dataset_op.cc:94] Filling up shuffle buffer (this may take a while): 10703 of 20000
2018-12-13 11:02:40.702006: I tensorflow/core/kernels/data/shuffle_dataset_op.cc:94] Filling up shuffle buffer (this may take a while): 10350 of 20000
2018-12-13 11:02:49.256328: I tensorflow/core/kernels/data/shuffle_dataset_op.cc:94] Filling up shuffle buffer (this may take a while): 15955 of 20000
2018-12-13 11:02:50.699263: I tensorflow/core/kernels/data/shuffle_dataset_op.cc:94] Filling up shuffle buffer (this may take a while): 15650 of 20000
2018-12-13 11:02:57.241844: I tensorflow/core/kernels/data/shuffle_dataset_op.cc:129] Shuffle buffer filled.
2018-12-13 11:02:58.661202: I tensorflow/core/kernels/data/shuffle_dataset_op.cc:129] Shuffle buffer filled.
INFO:tensorflow:Saving checkpoints for 1 into /gpfs/home/sam14/sam14015/task/11/estimator_horovod/models/cifar10_resnet_v2_101.2/model.ckpt.
INFO:tensorflow:Saving checkpoints for 1 into /scratch/tmp/1029651/tmp77put3tk/model.ckpt.
INFO:tensorflow:loss = 2.4319558, step = 0
INFO:tensorflow:accuracy = 0.0625, loss = 2.4319558, global_step = 0
INFO:tensorflow:loss = 2.4109454, step = 0
INFO:tensorflow:accuracy = 0.0625, loss = 2.4109454, global_step = 0
INFO:tensorflow:global_step/sec: 2.79577
INFO:tensorflow:global_step/sec: 2.76678
INFO:tensorflow:loss = 2.2647076, step = 100 (35.769 sec)
INFO:tensorflow:accuracy = 0.15625, loss = 2.2647076, global_step = 100 (35.769 sec)
INFO:tensorflow:loss = 2.3740788, step = 100 (36.144 sec)
INFO:tensorflow:accuracy = 0.109375, loss = 2.3740788, global_step = 100 (36.143 sec)
INFO:tensorflow:Benchmark metric: {'name': 'average_examples_per_sec', 'value': 195.1666641668179, 'unit': None, 'global_step': 111, 'timestamp': '2018-12-13T10:04:02.044114Z', 'extras': []}
INFO:tensorflow:Benchmark metric: {'name': 'average_examples_per_sec', 'value': 195.16635483314022, 'unit': None, 'global_step': 111, 'timestamp': '2018-12-13T10:04:02.044141Z', 'extras': []}
INFO:tensorflow:Benchmark metric: {'name': 'current_examples_per_sec', 'value': 195.1666641668179, 'unit': None, 'global_step': 111, 'timestamp': '2018-12-13T10:04:02.044492Z', 'extras': []}
INFO:tensorflow:Benchmark metric: {'name': 'current_examples_per_sec', 'value': 195.16635483314022, 'unit': None, 'global_step': 111, 'timestamp': '2018-12-13T10:04:02.044493Z', 'extras': []}
INFO:tensorflow:global_step/sec: 3.05381
INFO:tensorflow:global_step/sec: 3.05381
INFO:tensorflow:loss = 2.3059464, step = 200 (32.746 sec)
INFO:tensorflow:loss = 2.2694187, step = 200 (32.746 sec)
INFO:tensorflow:accuracy = 0.125, loss = 2.3059464, global_step = 200 (32.746 sec)
INFO:tensorflow:accuracy = 0.140625, loss = 2.2694187, global_step = 200 (32.746 sec)
INFO:tensorflow:Benchmark metric: {'name': 'average_examples_per_sec', 'value': 195.29921229403016, 'unit': None, 'global_step': 211, 'timestamp': '2018-12-13T10:04:34.792028Z', 'extras': []}
INFO:tensorflow:Benchmark metric: {'name': 'current_examples_per_sec', 'value': 195.43225076080012, 'unit': None, 'global_step': 211, 'timestamp': '2018-12-13T10:04:34.792301Z', 'extras': []}
INFO:tensorflow:Benchmark metric: {'name': 'average_examples_per_sec', 'value': 195.29723372180297, 'unit': None, 'global_step': 211, 'timestamp': '2018-12-13T10:04:34.792673Z', 'extras': []}
INFO:tensorflow:Benchmark metric: {'name': 'current_examples_per_sec', 'value': 195.4279780999019, 'unit': None, 'global_step': 211, 'timestamp': '2018-12-13T10:04:34.792949Z', 'extras': []}
INFO:tensorflow:global_step/sec: 3.04592
INFO:tensorflow:global_step/sec: 3.04593
INFO:tensorflow:loss = 2.3018227, step = 300 (32.831 sec)
INFO:tensorflow:accuracy = 0.12890625, loss = 2.3018227, global_step = 300 (32.831 sec)
INFO:tensorflow:loss = 2.3195782, step = 300 (32.831 sec)
INFO:tensorflow:accuracy = 0.140625, loss = 2.3195782, global_step = 300 (32.831 sec)
INFO:tensorflow:Benchmark metric: {'name': 'average_examples_per_sec', 'value': 195.18851392956674, 'unit': None, 'global_step': 311, 'timestamp': '2018-12-13T10:05:07.618016Z', 'extras': []}
INFO:tensorflow:Benchmark metric: {'name': 'current_examples_per_sec', 'value': 194.96749324676486, 'unit': None, 'global_step': 311, 'timestamp': '2018-12-13T10:05:07.618289Z', 'extras': []}
INFO:tensorflow:Benchmark metric: {'name': 'average_examples_per_sec', 'value': 195.18798122724812, 'unit': None, 'global_step': 311, 'timestamp': '2018-12-13T10:05:07.618252Z', 'extras': []}
INFO:tensorflow:Benchmark metric: {'name': 'current_examples_per_sec', 'value': 194.9698425342017, 'unit': None, 'global_step': 311, 'timestamp': '2018-12-13T10:05:07.618531Z', 'extras': []}
INFO:tensorflow:Saving checkpoints for 375 into /gpfs/home/sam14/sam14015/task/11/estimator_horovod/models/cifar10_resnet_v2_101.2/model.ckpt.
INFO:tensorflow:Saving checkpoints for 375 into /scratch/tmp/1029651/tmp77put3tk/model.ckpt.
2018-12-13 11:05:49.975555: E tensorflow/core/kernels/data/cache_dataset_ops.cc:314] The calling iterator did not fully read the dataset we were attempting to cache. In order to avoid unexpected truncation of the sequence, the current [partially cached] sequence will be dropped. This can occur if you have a sequence similar to `dataset.cache().take(k).repeat()`. Instead, swap the order (i.e. `dataset.take(k).cache().repeat()`)
2018-12-13 11:05:49.992111: E tensorflow/core/kernels/data/cache_dataset_ops.cc:314] The calling iterator did not fully read the dataset we were attempting to cache. In order to avoid unexpected truncation of the sequence, the current [partially cached] sequence will be dropped. This can occur if you have a sequence similar to `dataset.cache().take(k).repeat()`. Instead, swap the order (i.e. `dataset.take(k).cache().repeat()`)
INFO:tensorflow:Loss for final step: 2.2605948.
INFO:tensorflow:Loss for final step: 2.3135405.
INFO:tensorflow:Calling model_fn.
INFO:tensorflow:Scale of 0 disables regularizer.
INFO:tensorflow:Done calling model_fn.
INFO:tensorflow:Starting evaluation at 2018-12-13-10:06:02
INFO:tensorflow:Graph was finalized.
2018-12-13 11:06:06.852689: I tensorflow/core/common_runtime/gpu/gpu_device.cc:1435] Adding visible gpu devices: 0
2018-12-13 11:06:06.852774: I tensorflow/core/common_runtime/gpu/gpu_device.cc:923] Device interconnect StreamExecutor with strength 1 edge matrix:
2018-12-13 11:06:06.852788: I tensorflow/core/common_runtime/gpu/gpu_device.cc:929]      0 
2018-12-13 11:06:06.852799: I tensorflow/core/common_runtime/gpu/gpu_device.cc:942] 0:   N 
2018-12-13 11:06:06.853312: I tensorflow/core/common_runtime/gpu/gpu_device.cc:1053] Created TensorFlow device (/job:localhost/replica:0/task:0/device:GPU:0 with 14849 MB memory) -> physical GPU (device: 0, name: Tesla V100-SXM2-16GB, pci bus id: 0004:04:00.0, compute capability: 7.0)
INFO:tensorflow:Restoring parameters from /gpfs/home/sam14/sam14015/task/11/estimator_horovod/models/cifar10_resnet_v2_101.2/model.ckpt-375
INFO:tensorflow:Running local_init_op.
INFO:tensorflow:Done running local_init_op.
INFO:tensorflow:Finished evaluation at 2018-12-13-10:06:28
INFO:tensorflow:Saving dict for global step 375: accuracy/accuracy = 0.1, global_step = 375, loss = 2902645.2
