unload bsc/commands (PATH, MANPATH) 
unload CUDA/9.1 (PATH, MANPATH, LD_LIBRARY_PATH, LIBRARY_PATH, C_INCLUDE_PATH,
CPLUS_INCLUDE_PATH, CUDA_HOME, CUDA_VERSION, CUDA_INC, CUDA_INSTALL_PATH) 
unload OPENMPI/3.0.0 (PATH, MANPATH, LD_LIBRARY_PATH, LIBRARY_PATH,
PKG_CONFIG_PATH, C_INCLUDE_PATH, CPLUS_INCLUDE_PATH, MPI, MPI_V) 
unload GCC/6.4.0 (PATH, MANPATH, INFOPATH, LD_LIBRARY_PATH, LIBRARY_PATH,
C_INCLUDE_PATH, CPLUS_INCLUDE_PATH, STD COMP VARS) 
load GCC/6.4.0 (PATH, MANPATH, INFOPATH, LD_LIBRARY_PATH, LIBRARY_PATH,
C_INCLUDE_PATH, CPLUS_INCLUDE_PATH, STD COMP VARS) 
load JAVA/ibm_8.0.5.15 (PATH, C_INCLUDE_PATH, CPLUS_INCLUDE_PATH, JAVA_HOME,
JAVA_ROOT, JAVA_BINDIR, SDK_HOME, JRE_HOME) 
load OPENMPI/3.0.0 (PATH, MANPATH, LD_LIBRARY_PATH, LIBRARY_PATH,
PKG_CONFIG_PATH, C_INCLUDE_PATH, CPLUS_INCLUDE_PATH, MPI, MPI_V) 
load CUDA/9.2 (PATH, MANPATH, LD_LIBRARY_PATH, LIBRARY_PATH, C_INCLUDE_PATH,
CPLUS_INCLUDE_PATH, CUDA_HOME, CUDA_VERSION, CUDA_INC, CUDA_INSTALL_PATH) 
load ATLAS/3.10.3 (LD_LIBRARY_PATH, LIBRARY_PATH, C_INCLUDE_PATH,
CPLUS_INCLUDE_PATH) 
INFO:tensorflow:Using config: {'_model_dir': '/gpfs/home/sam14/sam14015/task/11/estimator_horovod/models/cifar10_resnet_v2_101.1', '_tf_random_seed': None, '_save_summary_steps': 100, '_save_checkpoints_steps': None, '_save_checkpoints_secs': 600, '_session_config': gpu_options {
  allow_growth: true
  visible_device_list: "0"
}
, '_keep_checkpoint_max': 5, '_keep_checkpoint_every_n_hours': 10000, '_log_step_count_steps': 100, '_train_distribute': None, '_service': None, '_cluster_spec': <tensorflow.python.training.server_lib.ClusterSpec object at 0x3fff33403710>, '_task_type': 'worker', '_task_id': 0, '_global_id_in_cluster': 0, '_master': '', '_evaluation_master': '', '_is_chief': True, '_num_ps_replicas': 0, '_num_worker_replicas': 1}
INFO:tensorflow:Calling model_fn.
INFO:tensorflow:Scale of 0 disables regularizer.
WARNING:tensorflow:From /gpfs/home/sam14/sam14015/task/11/estimator_horovod/nets/resnet_v2.py:213: calling reduce_mean (from tensorflow.python.ops.math_ops) with keep_dims is deprecated and will be removed in a future version.
Instructions for updating:
keep_dims is deprecated, use keepdims instead
INFO:tensorflow:Done calling model_fn.
INFO:tensorflow:Create CheckpointSaverHook.
INFO:tensorflow:Graph was finalized.
2018-12-13 11:00:43.685643: I tensorflow/core/common_runtime/gpu/gpu_device.cc:1356] Found device 0 with properties: 
name: Tesla V100-SXM2-16GB major: 7 minor: 0 memoryClockRate(GHz): 1.53
pciBusID: 0035:04:00.0
totalMemory: 15.75GiB freeMemory: 15.34GiB
2018-12-13 11:00:43.685679: I tensorflow/core/common_runtime/gpu/gpu_device.cc:1435] Adding visible gpu devices: 0
2018-12-13 11:00:44.429400: I tensorflow/core/common_runtime/gpu/gpu_device.cc:923] Device interconnect StreamExecutor with strength 1 edge matrix:
2018-12-13 11:00:44.429440: I tensorflow/core/common_runtime/gpu/gpu_device.cc:929]      0 
2018-12-13 11:00:44.429450: I tensorflow/core/common_runtime/gpu/gpu_device.cc:942] 0:   N 
2018-12-13 11:00:44.429955: I tensorflow/core/common_runtime/gpu/gpu_device.cc:1053] Created TensorFlow device (/job:localhost/replica:0/task:0/device:GPU:0 with 14845 MB memory) -> physical GPU (device: 0, name: Tesla V100-SXM2-16GB, pci bus id: 0035:04:00.0, compute capability: 7.0)
INFO:tensorflow:Running local_init_op.
INFO:tensorflow:Done running local_init_op.
2018-12-13 11:01:32.336391: I tensorflow/core/kernels/data/shuffle_dataset_op.cc:94] Filling up shuffle buffer (this may take a while): 8017 of 20000
2018-12-13 11:01:42.339382: I tensorflow/core/kernels/data/shuffle_dataset_op.cc:94] Filling up shuffle buffer (this may take a while): 16109 of 20000
2018-12-13 11:01:47.130523: I tensorflow/core/kernels/data/shuffle_dataset_op.cc:129] Shuffle buffer filled.
INFO:tensorflow:Saving checkpoints for 1 into /gpfs/home/sam14/sam14015/task/11/estimator_horovod/models/cifar10_resnet_v2_101.1/model.ckpt.
INFO:tensorflow:loss = 2.3465614, step = 0
INFO:tensorflow:accuracy = 0.109375, loss = 2.3465614, global_step = 0
INFO:tensorflow:global_step/sec: 3.02926
INFO:tensorflow:loss = 2.2696018, step = 100 (33.012 sec)
INFO:tensorflow:accuracy = 0.109375, loss = 2.2696018, global_step = 100 (33.012 sec)
INFO:tensorflow:Benchmark metric: {'name': 'average_examples_per_sec', 'value': 203.07390742152904, 'unit': None, 'global_step': 111, 'timestamp': '2018-12-13T10:02:39.049836Z', 'extras': []}
INFO:tensorflow:Benchmark metric: {'name': 'current_examples_per_sec', 'value': 203.07390742152904, 'unit': None, 'global_step': 111, 'timestamp': '2018-12-13T10:02:39.050074Z', 'extras': []}
INFO:tensorflow:global_step/sec: 3.15339
INFO:tensorflow:loss = 2.2750082, step = 200 (31.711 sec)
INFO:tensorflow:accuracy = 0.119791664, loss = 2.2750082, global_step = 200 (31.711 sec)
INFO:tensorflow:Benchmark metric: {'name': 'average_examples_per_sec', 'value': 202.3791769773399, 'unit': None, 'global_step': 211, 'timestamp': '2018-12-13T10:03:10.781795Z', 'extras': []}
INFO:tensorflow:Benchmark metric: {'name': 'current_examples_per_sec', 'value': 201.68918377235636, 'unit': None, 'global_step': 211, 'timestamp': '2018-12-13T10:03:10.781987Z', 'extras': []}
INFO:tensorflow:global_step/sec: 3.13556
INFO:tensorflow:loss = 2.360127, step = 300 (31.892 sec)
INFO:tensorflow:accuracy = 0.10546875, loss = 2.360127, global_step = 300 (31.892 sec)
INFO:tensorflow:Benchmark metric: {'name': 'average_examples_per_sec', 'value': 201.7681777985664, 'unit': None, 'global_step': 311, 'timestamp': '2018-12-13T10:03:42.692894Z', 'extras': []}
INFO:tensorflow:Benchmark metric: {'name': 'current_examples_per_sec', 'value': 200.5571809491152, 'unit': None, 'global_step': 311, 'timestamp': '2018-12-13T10:03:42.693083Z', 'extras': []}
INFO:tensorflow:global_step/sec: 3.13078
INFO:tensorflow:loss = 2.2901285, step = 400 (31.941 sec)
INFO:tensorflow:accuracy = 0.10625, loss = 2.2901285, global_step = 400 (31.941 sec)
INFO:tensorflow:Benchmark metric: {'name': 'average_examples_per_sec', 'value': 201.4380571194131, 'unit': None, 'global_step': 411, 'timestamp': '2018-12-13T10:04:14.620409Z', 'extras': []}
INFO:tensorflow:Benchmark metric: {'name': 'current_examples_per_sec', 'value': 200.45414490130344, 'unit': None, 'global_step': 411, 'timestamp': '2018-12-13T10:04:14.620657Z', 'extras': []}
INFO:tensorflow:global_step/sec: 3.14238
INFO:tensorflow:loss = 2.2898848, step = 500 (31.824 sec)
INFO:tensorflow:accuracy = 0.109375, loss = 2.2898848, global_step = 500 (31.824 sec)
INFO:tensorflow:Benchmark metric: {'name': 'average_examples_per_sec', 'value': 201.38804536065376, 'unit': None, 'global_step': 511, 'timestamp': '2018-12-13T10:04:46.431404Z', 'extras': []}
INFO:tensorflow:Benchmark metric: {'name': 'current_examples_per_sec', 'value': 201.18824641126713, 'unit': None, 'global_step': 511, 'timestamp': '2018-12-13T10:04:46.431648Z', 'extras': []}
INFO:tensorflow:global_step/sec: 3.15049
INFO:tensorflow:loss = 2.2900476, step = 600 (31.740 sec)
INFO:tensorflow:accuracy = 0.11160714, loss = 2.2900476, global_step = 600 (31.741 sec)
INFO:tensorflow:Benchmark metric: {'name': 'average_examples_per_sec', 'value': 201.43037824702787, 'unit': None, 'global_step': 611, 'timestamp': '2018-12-13T10:05:18.170762Z', 'extras': []}
INFO:tensorflow:Benchmark metric: {'name': 'current_examples_per_sec', 'value': 201.6423099180137, 'unit': None, 'global_step': 611, 'timestamp': '2018-12-13T10:05:18.170942Z', 'extras': []}
INFO:tensorflow:global_step/sec: 3.15363
INFO:tensorflow:loss = 2.2779913, step = 700 (31.709 sec)
INFO:tensorflow:accuracy = 0.111328125, loss = 2.2779913, global_step = 700 (31.709 sec)
INFO:tensorflow:Benchmark metric: {'name': 'average_examples_per_sec', 'value': 201.4957262892803, 'unit': None, 'global_step': 711, 'timestamp': '2018-12-13T10:05:49.871421Z', 'extras': []}
INFO:tensorflow:Benchmark metric: {'name': 'current_examples_per_sec', 'value': 201.88870668825797, 'unit': None, 'global_step': 711, 'timestamp': '2018-12-13T10:05:49.871649Z', 'extras': []}
INFO:tensorflow:Saving checkpoints for 750 into /gpfs/home/sam14/sam14015/task/11/estimator_horovod/models/cifar10_resnet_v2_101.1/model.ckpt.
2018-12-13 11:06:14.609773: E tensorflow/core/kernels/data/cache_dataset_ops.cc:314] The calling iterator did not fully read the dataset we were attempting to cache. In order to avoid unexpected truncation of the sequence, the current [partially cached] sequence will be dropped. This can occur if you have a sequence similar to `dataset.cache().take(k).repeat()`. Instead, swap the order (i.e. `dataset.take(k).cache().repeat()`)
INFO:tensorflow:Loss for final step: 2.248658.
INFO:tensorflow:Calling model_fn.
INFO:tensorflow:Scale of 0 disables regularizer.
INFO:tensorflow:Done calling model_fn.
INFO:tensorflow:Starting evaluation at 2018-12-13-10:06:22
INFO:tensorflow:Graph was finalized.
2018-12-13 11:06:25.145445: I tensorflow/core/common_runtime/gpu/gpu_device.cc:1435] Adding visible gpu devices: 0
2018-12-13 11:06:25.145520: I tensorflow/core/common_runtime/gpu/gpu_device.cc:923] Device interconnect StreamExecutor with strength 1 edge matrix:
2018-12-13 11:06:25.145529: I tensorflow/core/common_runtime/gpu/gpu_device.cc:929]      0 
2018-12-13 11:06:25.145537: I tensorflow/core/common_runtime/gpu/gpu_device.cc:942] 0:   N 
2018-12-13 11:06:25.145963: I tensorflow/core/common_runtime/gpu/gpu_device.cc:1053] Created TensorFlow device (/job:localhost/replica:0/task:0/device:GPU:0 with 14845 MB memory) -> physical GPU (device: 0, name: Tesla V100-SXM2-16GB, pci bus id: 0035:04:00.0, compute capability: 7.0)
INFO:tensorflow:Restoring parameters from /gpfs/home/sam14/sam14015/task/11/estimator_horovod/models/cifar10_resnet_v2_101.1/model.ckpt-750
INFO:tensorflow:Running local_init_op.
INFO:tensorflow:Done running local_init_op.
INFO:tensorflow:Finished evaluation at 2018-12-13-10:06:45
INFO:tensorflow:Saving dict for global step 750: accuracy/accuracy = 0.1, global_step = 750, loss = 6044869.0
