Starting train at rank 4
Starting train at rank 0
Starting train at rank 6
Starting train at rank 2
Starting train at rank 1
Starting train at rank 5
Starting train at rank 7
Starting train at rank 3
p9r3n15:139705:139728 [0] INFO NET : Using interface ib0:10.1.1.51<0>
p9r3n15:139705:139728 [0] INFO NET/IB : Using interface ib0 for sideband communication
p9r3n15:139705:139728 [0] INFO NET/IB: [1] mlx5_0:1/IB 
p9r3n15:139705:139728 [0] INFO Using internal Network IB
p9r3n15:139705:139728 [0] INFO Using NCCL Low-latency algorithm for sizes below 16384
p9r3n15:139705:139728 [0] INFO NET : Using interface ib0:10.1.1.51<0>
p9r3n15:139705:139728 [0] INFO NET/Socket : 1 interfaces found
NCCL version 2.2.12+cuda9.2
p9r3n15:139706:139717 [1] INFO NET : Using interface ib0:10.1.1.51<0>
p9r3n15:139706:139717 [1] INFO NET/IB : Using interface ib0 for sideband communication
p9r3n15:139707:139725 [2] INFO NET : Using interface ib0:10.1.1.51<0>
p9r3n15:139707:139725 [2] INFO NET/IB : Using interface ib0 for sideband communication
p9r3n15:139708:139731 [3] INFO NET : Using interface ib0:10.1.1.51<0>
p9r3n15:139708:139731 [3] INFO NET/IB : Using interface ib0 for sideband communication
p9r3n16:117438:117453 [3] INFO NET : Using interface ib0:10.1.1.52<0>
p9r3n16:117438:117453 [3] INFO NET/IB : Using interface ib0 for sideband communication
p9r3n16:117436:117454 [1] INFO NET : Using interface ib0:10.1.1.52<0>
p9r3n16:117436:117454 [1] INFO NET/IB : Using interface ib0 for sideband communication
p9r3n16:117435:117452 [0] INFO NET : Using interface ib0:10.1.1.52<0>
p9r3n16:117435:117452 [0] INFO NET/IB : Using interface ib0 for sideband communication
p9r3n16:117437:117455 [2] INFO NET : Using interface ib0:10.1.1.52<0>
p9r3n16:117437:117455 [2] INFO NET/IB : Using interface ib0 for sideband communication
p9r3n16:117437:117455 [2] INFO NET/IB: [1] mlx5_0:1/IB 
p9r3n16:117437:117455 [2] INFO Using internal Network IB
p9r3n16:117437:117455 [2] INFO Using NCCL Low-latency algorithm for sizes below 16384
p9r3n15:139707:139725 [2] INFO NET/IB: [1] mlx5_0:1/IB 
p9r3n15:139706:139717 [1] INFO NET/IB: [1] mlx5_0:1/IB 
p9r3n15:139708:139731 [3] INFO NET/IB: [1] mlx5_0:1/IB 
p9r3n15:139706:139717 [1] INFO Using internal Network IB
p9r3n15:139706:139717 [1] INFO Using NCCL Low-latency algorithm for sizes below 16384p9r3n15:139707:139725 [2] INFO Using internal Network IB
p9r3n15:139707:139725 [2] INFO Using NCCL Low-latency algorithm for sizes below 16384
p9r3n15:139708:139731 [3] INFO Using internal Network IB
p9r3n15:139708:139731 [3] INFO Using NCCL Low-latency algorithm for sizes below 16384

p9r3n16:117435:117452 [0] INFO NET/IB: [1] mlx5_0:1/IB 
p9r3n16:117435:117452 [0] INFO Using internal Network IB
p9r3n16:117435:117452 [0] INFO Using NCCL Low-latency algorithm for sizes below 16384
p9r3n16:117436:117454 [1] INFO NET/IB: [1] mlx5_0:1/IB 
p9r3n16:117438:117453 [3] INFO NET/IB: [1] mlx5_0:1/IB 
p9r3n16:117436:117454 [1] INFO Using internal Network IB
p9r3n16:117436:117454 [1] INFO Using NCCL Low-latency algorithm for sizes below 16384
p9r3n16:117438:117453 [3] INFO Using internal Network IB
p9r3n16:117438:117453 [3] INFO Using NCCL Low-latency algorithm for sizes below 16384
p9r3n16:117436:117454 [1] INFO comm 0x3fff45856d50 rank 5 nranks 8
p9r3n16:117436:117454 [1] INFO NET : Using interface ib0:10.1.1.52<0>
p9r3n16:117436:117454 [1] INFO NET/Socket : 1 interfaces found
p9r3n16:117436:117454 [1] INFO CUDA Dev 1, IB Ports : mlx5_0/1(SOC) 
p9r3n16:117438:117453 [3] INFO comm 0x3fff5d846400 rank 7 nranks 8
p9r3n16:117438:117453 [3] INFO NET : Using interface ib0:10.1.1.52<0>
p9r3n16:117438:117453 [3] INFO NET/Socket : 1 interfaces found
p9r3n16:117438:117453 [3] INFO CUDA Dev 3, IB Ports : mlx5_0/1(SOC) 
p9r3n16:117435:117452 [0] INFO comm 0x3fff5587d4b0 rank 4 nranks 8
p9r3n16:117437:117455 [2] INFO comm 0x3fff41846500 rank 6 nranks 8
p9r3n16:117437:117455 [2] INFO NET : Using interface ib0:10.1.1.52<0>
p9r3n16:117437:117455 [2] INFO NET/Socket : 1 interfaces found
p9r3n16:117435:117452 [0] INFO NET : Using interface ib0:10.1.1.52<0>
p9r3n16:117435:117452 [0] INFO NET/Socket : 1 interfaces found
p9r3n16:117437:117455 [2] INFO CUDA Dev 2, IB Ports : mlx5_0/1(SOC) 
p9r3n16:117435:117452 [0] INFO CUDA Dev 0, IB Ports : mlx5_0/1(SOC) 
p9r3n15:139705:139728 [0] INFO comm 0x3fff3d9a20f0 rank 0 nranks 8
p9r3n15:139705:139728 [0] INFO CUDA Dev 0, IB Ports : mlx5_0/1(SOC) 
p9r3n15:139707:139725 [2] INFO comm 0x3fff598449a0 rank 2 nranks 8
p9r3n15:139706:139717 [1] INFO comm 0x3fff518447e0 rank 1 nranks 8
p9r3n15:139707:139725 [2] INFO NET : Using interface ib0:10.1.1.51<0>
p9r3n15:139707:139725 [2] INFO NET/Socket : 1 interfaces found
p9r3n15:139706:139717 [1] INFO NET : Using interface ib0:10.1.1.51<0>
p9r3n15:139706:139717 [1] INFO NET/Socket : 1 interfaces found
p9r3n15:139707:139725 [2] INFO CUDA Dev 2, IB Ports : mlx5_0/1(SOC) 
p9r3n15:139706:139717 [1] INFO CUDA Dev 1, IB Ports : mlx5_0/1(SOC) 
p9r3n15:139708:139731 [3] INFO comm 0x3fff658b7fa0 rank 3 nranks 8
p9r3n15:139708:139731 [3] INFO NET : Using interface ib0:10.1.1.51<0>
p9r3n15:139708:139731 [3] INFO NET/Socket : 1 interfaces found
p9r3n15:139708:139731 [3] INFO CUDA Dev 3, IB Ports : mlx5_0/1(SOC) 
p9r3n15:139705:139728 [0] INFO Using 256 threads
p9r3n15:139705:139728 [0] INFO Min Comp Cap 7
p9r3n15:139705:139728 [0] INFO NCCL_SINGLE_RING_THRESHOLD=262144
p9r3n15:139705:139728 [0] INFO Ring 00 :    0   1   2   3   4   5   6   7
p9r3n16:117436:117454 [1] INFO 5[117436] -> 6[117437] via direct shared memory
p9r3n16:117435:117452 [0] INFO 3 -> 4 via NET/IB/0
p9r3n16:117435:117452 [0] INFO Ring 00 : 4[0] -> 5[1] via P2P/IPC
p9r3n16:117437:117455 [2] INFO Ring 00 : 6[2] -> 7[3] via P2P/IPC
p9r3n15:139707:139725 [2] INFO Ring 00 : 2[2] -> 3[3] via P2P/IPC
p9r3n15:139705:139728 [0] INFO 7 -> 0 via NET/IB/0
p9r3n15:139706:139717 [1] INFO 1[139706] -> 2[139707] via direct shared memory
p9r3n15:139705:139728 [0] INFO Ring 00 : 0[0] -> 1[1] via P2P/IPC
p9r3n15:139708:139731 [3] INFO NET/IB: Dev 0 Port 1 qpn 78375 mtu 5 LID 26
p9r3n16:117438:117453 [3] INFO NET/IB: Dev 0 Port 1 qpn 159037 mtu 5 LID 10
p9r3n15:139705:139728 [0] INFO Launch mode Parallel
Stopping train at rank 5
Stopping train at rank 2
Stopping train at rank 1
Stopping train at rank 7
Stopping train at rank 6
Stopping train at rank 4
Stopping train at rank 3
Stopping train at rank 0
