Starting train at rank 0
Starting train at rank 12
Starting train at rank 8
Starting train at rank 4
Starting train at rank 1
Starting train at rank 5
Starting train at rank 13
Starting train at rank 9
Starting train at rank 14
Starting train at rank 6
Starting train at rank 2
Starting train at rank 10
Starting train at rank 7
Starting train at rank 3
Starting train at rank 11
Starting train at rank 15
p9r3n06:75149:75168 [0] INFO NET : Using interface ib0:10.1.1.42<0>
p9r3n06:75149:75168 [0] INFO NET/IB : Using interface ib0 for sideband communication
p9r3n06:75149:75168 [0] INFO NET/IB: [1] mlx5_0:1/IB 
p9r3n06:75149:75168 [0] INFO Using internal Network IB
p9r3n06:75149:75168 [0] INFO Using NCCL Low-latency algorithm for sizes below 16384
p9r3n06:75149:75168 [0] INFO NET : Using interface ib0:10.1.1.42<0>
p9r3n06:75149:75168 [0] INFO NET/Socket : 1 interfaces found
NCCL version 2.2.12+cuda9.2
p9r3n06:75150:75170 [1] INFO NET : Using interface ib0:10.1.1.42<0>
p9r3n06:75150:75170 [1] INFO NET/IB : Using interface ib0 for sideband communication
p9r3n06:75152:75169 [3] INFO NET : Using interface ib0:10.1.1.42<0>
p9r3n06:75152:75169 [3] INFO NET/IB : Using interface ib0 for sideband communication
p9r3n06:75151:75167 [2] INFO NET : Using interface ib0:10.1.1.42<0>
p9r3n06:75151:75167 [2] INFO NET/IB : Using interface ib0 for sideband communication
p9r3n09:156055:156079 [3] INFO NET : Using interface ib0:10.1.1.45<0>
p9r3n09:156055:156079 [3] INFO NET/IB : Using interface ib0 for sideband communication
p9r3n10:152573:152599 [0] INFO NET : Using interface ib0:10.1.1.46<0>
p9r3n10:152573:152599 [0] INFO NET/IB : Using interface ib0 for sideband communication
p9r3n09:156052:156076 [0] INFO NET : Using interface ib0:10.1.1.45<0>
p9r3n09:156052:156076 [0] INFO NET/IB : Using interface ib0 for sideband communication
p9r3n09:156054:156089 [2] INFO NET : Using interface ib0:10.1.1.45<0>
p9r3n09:156054:156089 [2] INFO NET/IB : Using interface ib0 for sideband communication
p9r3n09:156053:156082 [1] INFO NET : Using interface ib0:10.1.1.45<0>
p9r3n09:156053:156082 [1] INFO NET/IB : Using interface ib0 for sideband communication
p9r3n10:152574:152600 [1] INFO NET : Using interface ib0:10.1.1.46<0>
p9r3n10:152574:152600 [1] INFO NET/IB : Using interface ib0 for sideband communication
p9r3n10:152576:152601 [3] INFO NET : Using interface ib0:10.1.1.46<0>
p9r3n10:152576:152601 [3] INFO NET/IB : Using interface ib0 for sideband communication
p9r3n10:152575:152602 [2] INFO NET : Using interface ib0:10.1.1.46<0>
p9r3n10:152575:152602 [2] INFO NET/IB : Using interface ib0 for sideband communication
p9r3n07:47827:47845 [2] INFO NET : Using interface ib0:10.1.1.43<0>
p9r3n07:47827:47845 [2] INFO NET/IB : Using interface ib0 for sideband communication
p9r3n07:47828:47843 [3] INFO NET : Using interface ib0:10.1.1.43<0>
p9r3n07:47828:47843 [3] INFO NET/IB : Using interface ib0 for sideband communication
p9r3n07:47826:47846 [1] INFO NET : Using interface ib0:10.1.1.43<0>
p9r3n07:47826:47846 [1] INFO NET/IB : Using interface ib0 for sideband communication
p9r3n07:47825:47844 [0] INFO NET : Using interface ib0:10.1.1.43<0>
p9r3n07:47825:47844 [0] INFO NET/IB : Using interface ib0 for sideband communication
p9r3n06:75151:75167 [2] INFO NET/IB: [1] mlx5_0:1/IB 
p9r3n06:75151:75167 [2] INFO Using internal Network IB
p9r3n06:75151:75167 [2] INFO Using NCCL Low-latency algorithm for sizes below 16384
p9r3n06:75152:75169 [3] INFO NET/IB: [1] mlx5_0:1/IB 
p9r3n06:75150:75170 [1] INFO NET/IB: [1] mlx5_0:1/IB 
p9r3n06:75152:75169 [3] INFO Using internal Network IB
p9r3n06:75152:75169 [3] INFO Using NCCL Low-latency algorithm for sizes below 16384p9r3n06:75150:75170 [1] INFO Using internal Network IB
p9r3n06:75150:75170 [1] INFO Using NCCL Low-latency algorithm for sizes below 16384

p9r3n10:152573:152599 [0] INFO NET/IB: [1] mlx5_0:1/IB 
p9r3n07:47826:47846 [1] INFO NET/IB: [1] mlx5_0:1/IB 
p9r3n10:152573:152599 [0] INFO Using internal Network IB
p9r3n10:152573:152599 [0] INFO Using NCCL Low-latency algorithm for sizes below 16384
p9r3n07:47826:47846 [1] INFO Using internal Network IB
p9r3n07:47826:47846 [1] INFO Using NCCL Low-latency algorithm for sizes below 16384
p9r3n09:156054:156089 [2] INFO NET/IB: [1] mlx5_0:1/IB 
p9r3n09:156054:156089 [2] INFO Using internal Network IB
p9r3n09:156054:156089 [2] INFO Using NCCL Low-latency algorithm for sizes below 16384
p9r3n10:152576:152601 [3] INFO NET/IB: [1] mlx5_0:1/IB 
p9r3n10:152576:152601 [3] INFO Using internal Network IB
p9r3n10:152576:152601 [3] INFO Using NCCL Low-latency algorithm for sizes below 16384
p9r3n07:47828:47843 [3] INFO NET/IB: [1] mlx5_0:1/IB 
p9r3n07:47828:47843 [3] INFO Using internal Network IB
p9r3n07:47828:47843 [3] INFO Using NCCL Low-latency algorithm for sizes below 16384
p9r3n10:152575:152602 [2] INFO NET/IB: [1] mlx5_0:1/IB 
p9r3n10:152574:152600 [1] INFO NET/IB: [1] mlx5_0:1/IB 
p9r3n10:152575:152602 [2] INFO Using internal Network IB
p9r3n10:152575:152602 [2] INFO Using NCCL Low-latency algorithm for sizes below 16384
p9r3n10:152574:152600 [1] INFO Using internal Network IB
p9r3n10:152574:152600 [1] INFO Using NCCL Low-latency algorithm for sizes below 16384
p9r3n07:47825:47844 [0] INFO NET/IB: [1] mlx5_0:1/IB 
p9r3n07:47827:47845 [2] INFO NET/IB: [1] mlx5_0:1/IB 
p9r3n07:47825:47844 [0] INFO Using internal Network IB
p9r3n07:47825:47844 [0] INFO Using NCCL Low-latency algorithm for sizes below 16384
p9r3n07:47827:47845 [2] INFO Using internal Network IB
p9r3n07:47827:47845 [2] INFO Using NCCL Low-latency algorithm for sizes below 16384
p9r3n09:156053:156082 [1] INFO NET/IB: [1] mlx5_0:1/IB 
p9r3n09:156055:156079 [3] INFO NET/IB: [1] mlx5_0:1/IB 
p9r3n09:156052:156076 [0] INFO NET/IB: [1] mlx5_0:1/IB 
p9r3n09:156055:156079 [3] INFO Using internal Network IB
p9r3n09:156055:156079 [3] INFO Using NCCL Low-latency algorithm for sizes below 16384
p9r3n09:156053:156082 [1] INFO Using internal Network IB
p9r3n09:156053:156082 [1] INFO Using NCCL Low-latency algorithm for sizes below 16384
p9r3n09:156052:156076 [0] INFO Using internal Network IB
p9r3n09:156052:156076 [0] INFO Using NCCL Low-latency algorithm for sizes below 16384
p9r3n06:75151:75167 [2] INFO comm 0x3fff5d862570 rank 2 nranks 16
p9r3n06:75151:75167 [2] INFO NET : Using interface ib0:10.1.1.42<0>
p9r3n06:75151:75167 [2] INFO NET/Socket : 1 interfaces found
p9r3n06:75151:75167 [2] INFO CUDA Dev 2, IB Ports : mlx5_0/1(SOC) 
p9r3n07:47828:47843 [3] INFO comm 0x3fff618645e0 rank 7 nranks 16
p9r3n07:47828:47843 [3] INFO NET : Using interface ib0:10.1.1.43<0>
p9r3n07:47828:47843 [3] INFO NET/Socket : 1 interfaces found
p9r3n07:47828:47843 [3] INFO CUDA Dev 3, IB Ports : mlx5_0/1(SOC) 
p9r3n06:75152:75169 [3] INFO comm 0x3fff31875c10 rank 3 nranks 16
p9r3n06:75152:75169 [3] INFO NET : Using interface ib0:10.1.1.42<0>
p9r3n06:75152:75169 [3] INFO NET/Socket : 1 interfaces found
p9r3n06:75152:75169 [3] INFO CUDA Dev 3, IB Ports : mlx5_0/1(SOC) 
p9r3n06:75149:75168 [0] INFO comm 0x3fff31b22c80 rank 0 nranks 16
p9r3n06:75149:75168 [0] INFO CUDA Dev 0, IB Ports : mlx5_0/1(SOC) 
p9r3n06:75150:75170 [1] INFO comm 0x3fff398626f0 rank 1 nranks 16
p9r3n06:75150:75170 [1] INFO NET : Using interface ib0:10.1.1.42<0>
p9r3n06:75150:75170 [1] INFO NET/Socket : 1 interfaces found
p9r3n06:75150:75170 [1] INFO CUDA Dev 1, IB Ports : mlx5_0/1(SOC) 
p9r3n07:47826:47846 [1] INFO comm 0x3fff2d894bb0 rank 5 nranks 16
p9r3n07:47826:47846 [1] INFO NET : Using interface ib0:10.1.1.43<0>
p9r3n07:47826:47846 [1] INFO NET/Socket : 1 interfaces found
p9r3n07:47826:47846 [1] INFO CUDA Dev 1, IB Ports : mlx5_0/1(SOC) 
p9r3n10:152573:152599 [0] INFO comm 0x3fff3d8af3b0 rank 12 nranks 16
p9r3n10:152573:152599 [0] INFO NET : Using interface ib0:10.1.1.46<0>
p9r3n10:152573:152599 [0] INFO p9r3n07:47827:47845 [2] INFO comm 0x3fff59874cf0 rank 6 nranks 16
NET/Socket : 1 interfaces found
p9r3n07:47825:47844 [0] INFO comm 0x3fff5d8bfdb0 rank 4 nranks 16
p9r3n10:152573:152599 [0] INFO CUDA Dev 0, IB Ports : mlx5_0/1(SOC) 
p9r3n07:47825:47844 [0] INFO NET : Using interface ib0:10.1.1.43<0>
p9r3n07:47825:47844 [0] INFO NET/Socket : 1 interfaces found
p9r3n07:47827:47845 [2] INFO NET : Using interface ib0:10.1.1.43<0>
p9r3n07:47827:47845 [2] INFO NET/Socket : 1 interfaces found
p9r3n09:156055:156079 [3] INFO comm 0x3fff49874d20 rank 11 nranks 16
p9r3n09:156052:156076 [0] INFO comm 0x3fff4d8aa980 rank 8 nranks 16
p9r3n09:156055:156079 [3] INFO NET : Using interface ib0:10.1.1.45<0>
p9r3n09:156055:156079 [3] INFO NET/Socket : 1 interfaces found
p9r3n09:156054:156089 [2] INFO comm 0x3fff5d875510 rank 10 nranks 16
p9r3n10:152576:152601 [3] INFO comm 0x3fff49863d60 rank 15 nranks 16
p9r3n10:152576:152601 [3] INFO NET : Using interface ib0:10.1.1.46<0>
p9r3n10:152576:152601 [3] INFO NET/Socket : 1 interfaces found
p9r3n09:156054:156089 [2] INFO NET : Using interface ib0:10.1.1.45<0>
p9r3n09:156052:156076 [0] INFO NET : Using interface ib0:10.1.1.45<0>
p9r3n09:156052:156076 [0] INFO NET/Socket : 1 interfaces found
p9r3n09:156054:156089 [2] INFO NET/Socket : 1 interfaces found
p9r3n09:156053:156082 [1] INFO comm 0x3fff41875330 rank 9 nranks 16
p9r3n09:156053:156082 [1] INFO NET : Using interface ib0:10.1.1.45<0>
p9r3n09:156053:156082 [1] INFO NET/Socket : 1 interfaces found
p9r3n10:152575:152602 [2] INFO comm 0x3fff418644f0 rank 14 nranks 16
p9r3n10:152574:152600 [1] INFO comm 0x3fff51874ba0 rank 13 nranks 16
p9r3n10:152574:152600 [1] INFO NET : Using interface ib0:10.1.1.46<0>
p9r3n10:152574:152600 [1] INFO NET/Socket : 1 interfaces found
p9r3n10:152575:152602 [2] INFO NET : Using interface ib0:10.1.1.46<0>
p9r3n10:152575:152602 [2] INFO NET/Socket : 1 interfaces found
p9r3n07:47825:47844 [0] INFO CUDA Dev 0, IB Ports : mlx5_0/1(SOC) 
p9r3n07:47827:47845 [2] INFO CUDA Dev 2, IB Ports : mlx5_0/1(SOC) 
p9r3n09:156055:156079 [3] INFO CUDA Dev 3, IB Ports : mlx5_0/1(SOC) 
p9r3n10:152576:152601 [3] INFO CUDA Dev 3, IB Ports : mlx5_0/1(SOC) 
p9r3n09:156054:156089 [2] INFO CUDA Dev 2, IB Ports : mlx5_0/1(SOC) 
p9r3n10:152574:152600 [1] INFO CUDA Dev 1, IB Ports : mlx5_0/1(SOC) 
p9r3n10:152575:152602 [2] INFO CUDA Dev 2, IB Ports : mlx5_0/1(SOC) 
p9r3n09:156052:156076 [0] INFO CUDA Dev 0, IB Ports : mlx5_0/1(SOC) 
p9r3n09:156053:156082 [1] INFO CUDA Dev 1, IB Ports : mlx5_0/1(SOC) 
p9r3n06:75149:75168 [0] INFO Using 256 threads
p9r3n06:75149:75168 [0] INFO Min Comp Cap 7
p9r3n06:75149:75168 [0] INFO NCCL_SINGLE_RING_THRESHOLD=262144
p9r3n06:75149:75168 [0] INFO Ring 00 :    0   1   2   3   4   5   6   7   8   9  10  11  12  13  14  15
p9r3n07:47826:47846 [1] INFO 5[47826] -> 6[47827] via direct shared memory
p9r3n10:152574:152600 [1] INFO 13[152574] -> 14[152575] via direct shared memory
p9r3n07:47825:47844 [0] INFO 3 -> 4 via NET/IB/0
p9r3n07:47825:47844 [0] INFO Ring 00 : 4[0] -> 5[1] via P2P/IPC
p9r3n10:152573:152599 [0] INFO 11 -> 12 via NET/IB/0
p9r3n06:75150:75170 [1] INFO 1[75150] -> 2[75151] via direct shared memory
p9r3n10:152573:152599 [0] INFO Ring 00 : 12[0] -> 13[1] via P2P/IPC
p9r3n10:152575:152602 [2] INFO Ring 00 : 14[2] -> 15[3] via P2P/IPC
p9r3n09:156054:156089 [2] INFO Ring 00 : 10[2] -> 11[3] via P2P/IPC
p9r3n07:47827:47845 [2] INFO Ring 00 : 6[2] -> 7[3] via P2P/IPC
p9r3n09:156053:156082 [1] INFO 9[156053] -> 10[156054] via direct shared memory
p9r3n09:156052:156076 [0] INFO 7 -> 8 via NET/IB/0
p9r3n06:75151:75167 [2] INFO Ring 00 : 2[2] -> 3[3] via P2P/IPC
p9r3n06:75149:75168 [0] INFO 15 -> 0 via NET/IB/0
p9r3n09:156052:156076 [0] INFO Ring 00 : 8[0] -> 9[1] via P2P/IPC
p9r3n06:75149:75168 [0] INFO Ring 00 : 0[0] -> 1[1] via P2P/IPC
p9r3n06:75152:75169 [3] INFO NET/IB: Dev 0 Port 1 qpn 240749 mtu 5 LID 19
p9r3n09:156055:156079 [3] INFO NET/IB: Dev 0 Port 1 qpn 66794 mtu 5 LID 28
p9r3n07:47828:47843 [3] INFO NET/IB: Dev 0 Port 1 qpn 67082 mtu 5 LID 12
p9r3n10:152576:152601 [3] INFO NET/IB: Dev 0 Port 1 qpn 231860 mtu 5 LID 15
p9r3n06:75149:75168 [0] INFO Launch mode Parallel
Stopping train at rank 12
Stopping train at rank 5
Stopping train at rank 4
Stopping train at rank 8
Stopping train at rank 2
Stopping train at rank 3
Stopping train at rank 6
Stopping train at rank 0
clock 472.59100794792175
Stopping train at rank 11
Stopping train at rank 7
Stopping train at rank 13
Stopping train at rank 15
Stopping train at rank 14
Stopping train at rank 1
Stopping train at rank 9
Stopping train at rank 10
