unload bsc/commands (PATH, MANPATH) 
unload CUDA/9.1 (PATH, MANPATH, LD_LIBRARY_PATH, LIBRARY_PATH, C_INCLUDE_PATH,
CPLUS_INCLUDE_PATH, CUDA_HOME, CUDA_VERSION, CUDA_INC, CUDA_INSTALL_PATH) 
unload OPENMPI/3.0.0 (PATH, MANPATH, LD_LIBRARY_PATH, LIBRARY_PATH,
PKG_CONFIG_PATH, C_INCLUDE_PATH, CPLUS_INCLUDE_PATH, MPI, MPI_V) 
unload GCC/6.4.0 (PATH, MANPATH, INFOPATH, LD_LIBRARY_PATH, LIBRARY_PATH,
C_INCLUDE_PATH, CPLUS_INCLUDE_PATH, STD COMP VARS) 
load GCC/6.4.0 (PATH, MANPATH, INFOPATH, LD_LIBRARY_PATH, LIBRARY_PATH,
C_INCLUDE_PATH, CPLUS_INCLUDE_PATH, STD COMP VARS) 
load JAVA/ibm_8.0.5.15 (PATH, C_INCLUDE_PATH, CPLUS_INCLUDE_PATH, JAVA_HOME,
JAVA_ROOT, JAVA_BINDIR, SDK_HOME, JRE_HOME) 
load OPENMPI/3.0.0 (PATH, MANPATH, LD_LIBRARY_PATH, LIBRARY_PATH,
PKG_CONFIG_PATH, C_INCLUDE_PATH, CPLUS_INCLUDE_PATH, MPI, MPI_V) 
load CUDA/9.2 (PATH, MANPATH, LD_LIBRARY_PATH, LIBRARY_PATH, C_INCLUDE_PATH,
CPLUS_INCLUDE_PATH, CUDA_HOME, CUDA_VERSION, CUDA_INC, CUDA_INSTALL_PATH) 
load ATLAS/3.10.3 (LD_LIBRARY_PATH, LIBRARY_PATH, C_INCLUDE_PATH,
CPLUS_INCLUDE_PATH) 
INFO:tensorflow:Using config: {'_model_dir': '/gpfs/home/sam14/sam14015/task/11/estimator_horovod/models/cifar10_resnet_v2_101.1', '_tf_random_seed': None, '_save_summary_steps': 100, '_save_checkpoints_steps': None, '_save_checkpoints_secs': 600, '_session_config': gpu_options {
  allow_growth: true
  visible_device_list: "0"
}
, '_keep_checkpoint_max': 5, '_keep_checkpoint_every_n_hours': 10000, '_log_step_count_steps': 100, '_train_distribute': None, '_service': None, '_cluster_spec': <tensorflow.python.training.server_lib.ClusterSpec object at 0x3fff38501710>, '_task_type': 'worker', '_task_id': 0, '_global_id_in_cluster': 0, '_master': '', '_evaluation_master': '', '_is_chief': True, '_num_ps_replicas': 0, '_num_worker_replicas': 1}
INFO:tensorflow:Calling model_fn.
INFO:tensorflow:Scale of 0 disables regularizer.
WARNING:tensorflow:From /gpfs/home/sam14/sam14015/task/11/estimator_horovod/nets/resnet_v2.py:213: calling reduce_mean (from tensorflow.python.ops.math_ops) with keep_dims is deprecated and will be removed in a future version.
Instructions for updating:
keep_dims is deprecated, use keepdims instead
INFO:tensorflow:Done calling model_fn.
INFO:tensorflow:Create CheckpointSaverHook.
INFO:tensorflow:Graph was finalized.
2018-12-13 12:33:08.203024: I tensorflow/core/common_runtime/gpu/gpu_device.cc:1356] Found device 0 with properties: 
name: Tesla V100-SXM2-16GB major: 7 minor: 0 memoryClockRate(GHz): 1.53
pciBusID: 0035:04:00.0
totalMemory: 15.75GiB freeMemory: 15.35GiB
2018-12-13 12:33:08.203065: I tensorflow/core/common_runtime/gpu/gpu_device.cc:1435] Adding visible gpu devices: 0
2018-12-13 12:33:08.482740: I tensorflow/core/common_runtime/gpu/gpu_device.cc:923] Device interconnect StreamExecutor with strength 1 edge matrix:
2018-12-13 12:33:08.482782: I tensorflow/core/common_runtime/gpu/gpu_device.cc:929]      0 
2018-12-13 12:33:08.482793: I tensorflow/core/common_runtime/gpu/gpu_device.cc:942] 0:   N 
2018-12-13 12:33:08.483236: I tensorflow/core/common_runtime/gpu/gpu_device.cc:1053] Created TensorFlow device (/job:localhost/replica:0/task:0/device:GPU:0 with 14849 MB memory) -> physical GPU (device: 0, name: Tesla V100-SXM2-16GB, pci bus id: 0035:04:00.0, compute capability: 7.0)
INFO:tensorflow:Running local_init_op.
INFO:tensorflow:Done running local_init_op.
2018-12-13 12:33:56.556859: I tensorflow/core/kernels/data/shuffle_dataset_op.cc:94] Filling up shuffle buffer (this may take a while): 7862 of 20000
2018-12-13 12:34:06.557183: I tensorflow/core/kernels/data/shuffle_dataset_op.cc:94] Filling up shuffle buffer (this may take a while): 15922 of 20000
2018-12-13 12:34:11.557250: I tensorflow/core/kernels/data/shuffle_dataset_op.cc:129] Shuffle buffer filled.
INFO:tensorflow:Saving checkpoints for 1 into /gpfs/home/sam14/sam14015/task/11/estimator_horovod/models/cifar10_resnet_v2_101.1/model.ckpt.
INFO:tensorflow:loss = 2.5937738, step = 0
INFO:tensorflow:accuracy = 0.140625, loss = 2.5937738, global_step = 0
INFO:tensorflow:global_step/sec: 3.01596
INFO:tensorflow:loss = 2.386333, step = 100 (33.157 sec)
INFO:tensorflow:accuracy = 0.125, loss = 2.386333, global_step = 100 (33.157 sec)
INFO:tensorflow:Benchmark metric: {'name': 'average_examples_per_sec', 'value': 203.3817354548742, 'unit': None, 'global_step': 111, 'timestamp': '2018-12-13T11:35:02.783445Z', 'extras': []}
INFO:tensorflow:Benchmark metric: {'name': 'current_examples_per_sec', 'value': 203.3817354548742, 'unit': None, 'global_step': 111, 'timestamp': '2018-12-13T11:35:02.783689Z', 'extras': []}
INFO:tensorflow:global_step/sec: 3.15938
INFO:tensorflow:loss = 2.4808326, step = 200 (31.652 sec)
INFO:tensorflow:accuracy = 0.109375, loss = 2.4808326, global_step = 200 (31.652 sec)
INFO:tensorflow:Benchmark metric: {'name': 'average_examples_per_sec', 'value': 202.73392350793748, 'unit': None, 'global_step': 211, 'timestamp': '2018-12-13T11:35:34.452438Z', 'extras': []}
INFO:tensorflow:Benchmark metric: {'name': 'current_examples_per_sec', 'value': 202.0902252820175, 'unit': None, 'global_step': 211, 'timestamp': '2018-12-13T11:35:34.452640Z', 'extras': []}
INFO:tensorflow:global_step/sec: 3.14369
INFO:tensorflow:loss = 2.2789097, step = 300 (31.809 sec)
INFO:tensorflow:accuracy = 0.12109375, loss = 2.2789097, global_step = 300 (31.810 sec)
INFO:tensorflow:Benchmark metric: {'name': 'average_examples_per_sec', 'value': 202.16827361390926, 'unit': None, 'global_step': 311, 'timestamp': '2018-12-13T11:36:06.285886Z', 'extras': []}
INFO:tensorflow:Benchmark metric: {'name': 'current_examples_per_sec', 'value': 201.04639062968354, 'unit': None, 'global_step': 311, 'timestamp': '2018-12-13T11:36:06.286074Z', 'extras': []}
INFO:tensorflow:global_step/sec: 3.12921
INFO:tensorflow:loss = 2.3357768, step = 400 (31.957 sec)
INFO:tensorflow:accuracy = 0.109375, loss = 2.3357768, global_step = 400 (31.957 sec)
INFO:tensorflow:Benchmark metric: {'name': 'average_examples_per_sec', 'value': 201.69034002400744, 'unit': None, 'global_step': 411, 'timestamp': '2018-12-13T11:36:38.242745Z', 'extras': []}
INFO:tensorflow:Benchmark metric: {'name': 'current_examples_per_sec', 'value': 200.27000201593924, 'unit': None, 'global_step': 411, 'timestamp': '2018-12-13T11:36:38.242943Z', 'extras': []}
INFO:tensorflow:global_step/sec: 3.14036
INFO:tensorflow:loss = 2.2692554, step = 500 (31.845 sec)
INFO:tensorflow:accuracy = 0.111979164, loss = 2.2692554, global_step = 500 (31.845 sec)
INFO:tensorflow:Benchmark metric: {'name': 'average_examples_per_sec', 'value': 201.57582004153562, 'unit': None, 'global_step': 511, 'timestamp': '2018-12-13T11:37:10.064710Z', 'extras': []}
INFO:tensorflow:Benchmark metric: {'name': 'current_examples_per_sec', 'value': 201.11903765593667, 'unit': None, 'global_step': 511, 'timestamp': '2018-12-13T11:37:10.064953Z', 'extras': []}
INFO:tensorflow:global_step/sec: 3.15417
INFO:tensorflow:loss = 2.3139262, step = 600 (31.703 sec)
INFO:tensorflow:accuracy = 0.11160714, loss = 2.3139262, global_step = 600 (31.703 sec)
INFO:tensorflow:Benchmark metric: {'name': 'average_examples_per_sec', 'value': 201.63037739995775, 'unit': None, 'global_step': 611, 'timestamp': '2018-12-13T11:37:41.762983Z', 'extras': []}
INFO:tensorflow:Benchmark metric: {'name': 'current_examples_per_sec', 'value': 201.9036077778371, 'unit': None, 'global_step': 611, 'timestamp': '2018-12-13T11:37:41.763164Z', 'extras': []}
INFO:tensorflow:global_step/sec: 3.1609
INFO:tensorflow:loss = 2.299817, step = 700 (31.637 sec)
INFO:tensorflow:accuracy = 0.1171875, loss = 2.299817, global_step = 700 (31.637 sec)
INFO:tensorflow:Benchmark metric: {'name': 'average_examples_per_sec', 'value': 201.73094409803366, 'unit': None, 'global_step': 711, 'timestamp': '2018-12-13T11:38:13.393471Z', 'extras': []}
INFO:tensorflow:Benchmark metric: {'name': 'current_examples_per_sec', 'value': 202.3364573051391, 'unit': None, 'global_step': 711, 'timestamp': '2018-12-13T11:38:13.393652Z', 'extras': []}
INFO:tensorflow:Saving checkpoints for 750 into /gpfs/home/sam14/sam14015/task/11/estimator_horovod/models/cifar10_resnet_v2_101.1/model.ckpt.
2018-12-13 12:38:38.068704: E tensorflow/core/kernels/data/cache_dataset_ops.cc:314] The calling iterator did not fully read the dataset we were attempting to cache. In order to avoid unexpected truncation of the sequence, the current [partially cached] sequence will be dropped. This can occur if you have a sequence similar to `dataset.cache().take(k).repeat()`. Instead, swap the order (i.e. `dataset.take(k).cache().repeat()`)
INFO:tensorflow:Loss for final step: 2.2506392.
INFO:tensorflow:Calling model_fn.
INFO:tensorflow:Scale of 0 disables regularizer.
INFO:tensorflow:Done calling model_fn.
INFO:tensorflow:Starting evaluation at 2018-12-13-11:38:46
INFO:tensorflow:Graph was finalized.
2018-12-13 12:38:48.601576: I tensorflow/core/common_runtime/gpu/gpu_device.cc:1435] Adding visible gpu devices: 0
2018-12-13 12:38:48.601649: I tensorflow/core/common_runtime/gpu/gpu_device.cc:923] Device interconnect StreamExecutor with strength 1 edge matrix:
2018-12-13 12:38:48.601657: I tensorflow/core/common_runtime/gpu/gpu_device.cc:929]      0 
2018-12-13 12:38:48.601665: I tensorflow/core/common_runtime/gpu/gpu_device.cc:942] 0:   N 
2018-12-13 12:38:48.602088: I tensorflow/core/common_runtime/gpu/gpu_device.cc:1053] Created TensorFlow device (/job:localhost/replica:0/task:0/device:GPU:0 with 14849 MB memory) -> physical GPU (device: 0, name: Tesla V100-SXM2-16GB, pci bus id: 0035:04:00.0, compute capability: 7.0)
INFO:tensorflow:Restoring parameters from /gpfs/home/sam14/sam14015/task/11/estimator_horovod/models/cifar10_resnet_v2_101.1/model.ckpt-750
INFO:tensorflow:Running local_init_op.
INFO:tensorflow:Done running local_init_op.
INFO:tensorflow:Finished evaluation at 2018-12-13-11:39:08
INFO:tensorflow:Saving dict for global step 750: accuracy/accuracy = 0.1, global_step = 750, loss = 6364581.5
