unload bsc/commands (PATH, MANPATH) 
unload CUDA/9.1 (PATH, MANPATH, LD_LIBRARY_PATH, LIBRARY_PATH, C_INCLUDE_PATH,
CPLUS_INCLUDE_PATH, CUDA_HOME, CUDA_VERSION, CUDA_INC, CUDA_INSTALL_PATH) 
unload OPENMPI/3.0.0 (PATH, MANPATH, LD_LIBRARY_PATH, LIBRARY_PATH,
PKG_CONFIG_PATH, C_INCLUDE_PATH, CPLUS_INCLUDE_PATH, MPI, MPI_V) 
unload GCC/6.4.0 (PATH, MANPATH, INFOPATH, LD_LIBRARY_PATH, LIBRARY_PATH,
C_INCLUDE_PATH, CPLUS_INCLUDE_PATH, STD COMP VARS) 
load GCC/6.4.0 (PATH, MANPATH, INFOPATH, LD_LIBRARY_PATH, LIBRARY_PATH,
C_INCLUDE_PATH, CPLUS_INCLUDE_PATH, STD COMP VARS) 
load JAVA/ibm_8.0.5.15 (PATH, C_INCLUDE_PATH, CPLUS_INCLUDE_PATH, JAVA_HOME,
JAVA_ROOT, JAVA_BINDIR, SDK_HOME, JRE_HOME) 
load OPENMPI/3.0.0 (PATH, MANPATH, LD_LIBRARY_PATH, LIBRARY_PATH,
PKG_CONFIG_PATH, C_INCLUDE_PATH, CPLUS_INCLUDE_PATH, MPI, MPI_V) 
load CUDA/9.2 (PATH, MANPATH, LD_LIBRARY_PATH, LIBRARY_PATH, C_INCLUDE_PATH,
CPLUS_INCLUDE_PATH, CUDA_HOME, CUDA_VERSION, CUDA_INC, CUDA_INSTALL_PATH) 
load ATLAS/3.10.3 (LD_LIBRARY_PATH, LIBRARY_PATH, C_INCLUDE_PATH,
CPLUS_INCLUDE_PATH) 
INFO:tensorflow:Using config: {'_model_dir': '/gpfs/home/sam14/sam14015/estimator_horovod/models/cifar10_vgg_16', '_tf_random_seed': None, '_save_summary_steps': 100, '_save_checkpoints_steps': None, '_save_checkpoints_secs': 600, '_session_config': gpu_options {
  allow_growth: true
  visible_device_list: "0"
}
, '_keep_checkpoint_max': 5, '_keep_checkpoint_every_n_hours': 10000, '_log_step_count_steps': 100, '_train_distribute': None, '_service': None, '_cluster_spec': <tensorflow.python.training.server_lib.ClusterSpec object at 0x3fff65419470>, '_task_type': 'worker', '_task_id': 0, '_global_id_in_cluster': 0, '_master': '', '_evaluation_master': '', '_is_chief': True, '_num_ps_replicas': 0, '_num_worker_replicas': 1}
INFO:tensorflow:Calling model_fn.
INFO:tensorflow:Scale of 0 disables regularizer.
INFO:tensorflow:Done calling model_fn.
INFO:tensorflow:Create CheckpointSaverHook.
INFO:tensorflow:Graph was finalized.
2018-12-02 12:45:54.619054: I tensorflow/core/common_runtime/gpu/gpu_device.cc:1356] Found device 0 with properties: 
name: Tesla V100-SXM2-16GB major: 7 minor: 0 memoryClockRate(GHz): 1.53
pciBusID: 0035:03:00.0
totalMemory: 15.75GiB freeMemory: 15.35GiB
2018-12-02 12:45:54.619086: I tensorflow/core/common_runtime/gpu/gpu_device.cc:1435] Adding visible gpu devices: 0
2018-12-02 12:45:55.643370: I tensorflow/core/common_runtime/gpu/gpu_device.cc:923] Device interconnect StreamExecutor with strength 1 edge matrix:
2018-12-02 12:45:55.643416: I tensorflow/core/common_runtime/gpu/gpu_device.cc:929]      0 
2018-12-02 12:45:55.643426: I tensorflow/core/common_runtime/gpu/gpu_device.cc:942] 0:   N 
2018-12-02 12:45:55.643967: I tensorflow/core/common_runtime/gpu/gpu_device.cc:1053] Created TensorFlow device (/job:localhost/replica:0/task:0/device:GPU:0 with 14849 MB memory) -> physical GPU (device: 0, name: Tesla V100-SXM2-16GB, pci bus id: 0035:03:00.0, compute capability: 7.0)
INFO:tensorflow:Running local_init_op.
INFO:tensorflow:Done running local_init_op.
2018-12-02 12:46:09.900145: I tensorflow/core/kernels/data/shuffle_dataset_op.cc:94] Filling up shuffle buffer (this may take a while): 8059 of 20000
2018-12-02 12:46:19.900916: I tensorflow/core/kernels/data/shuffle_dataset_op.cc:94] Filling up shuffle buffer (this may take a while): 16225 of 20000
2018-12-02 12:46:24.613150: I tensorflow/core/kernels/data/shuffle_dataset_op.cc:129] Shuffle buffer filled.
INFO:tensorflow:Saving checkpoints for 1 into /gpfs/home/sam14/sam14015/estimator_horovod/models/cifar10_vgg_16/model.ckpt.
INFO:tensorflow:loss = 2.295025, step = 0
INFO:tensorflow:accuracy = 0.125, loss = 2.295025, global_step = 0
INFO:tensorflow:global_step/sec: 3.09575
INFO:tensorflow:loss = 2.3064961, step = 100 (32.303 sec)
INFO:tensorflow:accuracy = 0.1640625, loss = 2.3064961, global_step = 100 (32.303 sec)
INFO:tensorflow:Benchmark metric: {'name': 'average_examples_per_sec', 'value': 199.5385944978271, 'unit': None, 'global_step': 111, 'timestamp': '2018-12-02T11:47:08.503397Z', 'extras': []}
INFO:tensorflow:Benchmark metric: {'name': 'current_examples_per_sec', 'value': 199.5385944978271, 'unit': None, 'global_step': 111, 'timestamp': '2018-12-02T11:47:08.503672Z', 'extras': []}
INFO:tensorflow:global_step/sec: 3.11431
INFO:tensorflow:loss = 2.3143752, step = 200 (32.110 sec)
INFO:tensorflow:accuracy = 0.14583333, loss = 2.3143752, global_step = 200 (32.110 sec)
INFO:tensorflow:Benchmark metric: {'name': 'average_examples_per_sec', 'value': 199.41900809858876, 'unit': None, 'global_step': 211, 'timestamp': '2018-12-02T11:47:40.615805Z', 'extras': []}
INFO:tensorflow:Benchmark metric: {'name': 'current_examples_per_sec', 'value': 199.29956495325388, 'unit': None, 'global_step': 211, 'timestamp': '2018-12-02T11:47:40.615967Z', 'extras': []}
INFO:tensorflow:global_step/sec: 3.11084
INFO:tensorflow:loss = 2.3036149, step = 300 (32.146 sec)
INFO:tensorflow:accuracy = 0.13671875, loss = 2.3036149, global_step = 300 (32.146 sec)
INFO:tensorflow:Benchmark metric: {'name': 'average_examples_per_sec', 'value': 199.30884456582, 'unit': None, 'global_step': 311, 'timestamp': '2018-12-02T11:48:12.762253Z', 'extras': []}
INFO:tensorflow:Benchmark metric: {'name': 'current_examples_per_sec', 'value': 199.08888223814165, 'unit': None, 'global_step': 311, 'timestamp': '2018-12-02T11:48:12.762461Z', 'extras': []}
INFO:tensorflow:global_step/sec: 3.10875
INFO:tensorflow:loss = 2.3059654, step = 400 (32.167 sec)
INFO:tensorflow:accuracy = 0.134375, loss = 2.3059654, global_step = 400 (32.167 sec)
INFO:tensorflow:Benchmark metric: {'name': 'average_examples_per_sec', 'value': 199.21682949687377, 'unit': None, 'global_step': 411, 'timestamp': '2018-12-02T11:48:44.932543Z', 'extras': []}
INFO:tensorflow:Benchmark metric: {'name': 'current_examples_per_sec', 'value': 198.94129335299607, 'unit': None, 'global_step': 411, 'timestamp': '2018-12-02T11:48:44.932713Z', 'extras': []}
INFO:tensorflow:global_step/sec: 3.11049
INFO:tensorflow:loss = 2.302052, step = 500 (32.149 sec)
INFO:tensorflow:accuracy = 0.13020833, loss = 2.302052, global_step = 500 (32.149 sec)
INFO:tensorflow:Benchmark metric: {'name': 'average_examples_per_sec', 'value': 199.1856366198096, 'unit': None, 'global_step': 511, 'timestamp': '2018-12-02T11:49:17.083503Z', 'extras': []}
INFO:tensorflow:Benchmark metric: {'name': 'current_examples_per_sec', 'value': 199.06096273247846, 'unit': None, 'global_step': 511, 'timestamp': '2018-12-02T11:49:17.083669Z', 'extras': []}
INFO:tensorflow:global_step/sec: 3.10996
INFO:tensorflow:loss = 2.3027456, step = 600 (32.155 sec)
INFO:tensorflow:accuracy = 0.125, loss = 2.3027456, global_step = 600 (32.155 sec)
INFO:tensorflow:Benchmark metric: {'name': 'average_examples_per_sec', 'value': 199.16893665233133, 'unit': None, 'global_step': 611, 'timestamp': '2018-12-02T11:49:49.230492Z', 'extras': []}
INFO:tensorflow:Benchmark metric: {'name': 'current_examples_per_sec', 'value': 199.08547880171, 'unit': None, 'global_step': 611, 'timestamp': '2018-12-02T11:49:49.230671Z', 'extras': []}
INFO:tensorflow:global_step/sec: 3.11025
INFO:tensorflow:loss = 2.2991517, step = 700 (32.152 sec)
INFO:tensorflow:accuracy = 0.12109375, loss = 2.2991517, global_step = 700 (32.152 sec)
INFO:tensorflow:Benchmark metric: {'name': 'average_examples_per_sec', 'value': 199.15119781746992, 'unit': None, 'global_step': 711, 'timestamp': '2018-12-02T11:50:21.384051Z', 'extras': []}
INFO:tensorflow:Benchmark metric: {'name': 'current_examples_per_sec', 'value': 199.04483112850474, 'unit': None, 'global_step': 711, 'timestamp': '2018-12-02T11:50:21.384212Z', 'extras': []}
INFO:tensorflow:Saving checkpoints for 750 into /gpfs/home/sam14/sam14015/estimator_horovod/models/cifar10_vgg_16/model.ckpt.
2018-12-02 12:50:36.177169: E tensorflow/core/kernels/data/cache_dataset_ops.cc:314] The calling iterator did not fully read the dataset we were attempting to cache. In order to avoid unexpected truncation of the sequence, the current [partially cached] sequence will be dropped. This can occur if you have a sequence similar to `dataset.cache().take(k).repeat()`. Instead, swap the order (i.e. `dataset.take(k).cache().repeat()`)
INFO:tensorflow:Loss for final step: 2.3376591.
INFO:tensorflow:Calling model_fn.
INFO:tensorflow:Scale of 0 disables regularizer.
INFO:tensorflow:Done calling model_fn.
INFO:tensorflow:Starting evaluation at 2018-12-02-11:50:37
INFO:tensorflow:Graph was finalized.
2018-12-02 12:50:37.695457: I tensorflow/core/common_runtime/gpu/gpu_device.cc:1435] Adding visible gpu devices: 0
2018-12-02 12:50:37.695510: I tensorflow/core/common_runtime/gpu/gpu_device.cc:923] Device interconnect StreamExecutor with strength 1 edge matrix:
2018-12-02 12:50:37.695518: I tensorflow/core/common_runtime/gpu/gpu_device.cc:929]      0 
2018-12-02 12:50:37.695525: I tensorflow/core/common_runtime/gpu/gpu_device.cc:942] 0:   N 
2018-12-02 12:50:37.695810: I tensorflow/core/common_runtime/gpu/gpu_device.cc:1053] Created TensorFlow device (/job:localhost/replica:0/task:0/device:GPU:0 with 14849 MB memory) -> physical GPU (device: 0, name: Tesla V100-SXM2-16GB, pci bus id: 0035:03:00.0, compute capability: 7.0)
INFO:tensorflow:Restoring parameters from /gpfs/home/sam14/sam14015/estimator_horovod/models/cifar10_vgg_16/model.ckpt-750
INFO:tensorflow:Running local_init_op.
INFO:tensorflow:Done running local_init_op.
INFO:tensorflow:Finished evaluation at 2018-12-02-11:50:57
INFO:tensorflow:Saving dict for global step 750: accuracy/accuracy = 0.1456, global_step = 750, loss = 2.2883193
