unload bsc/commands (PATH, MANPATH) 
unload CUDA/9.1 (PATH, MANPATH, LD_LIBRARY_PATH, LIBRARY_PATH, C_INCLUDE_PATH,
CPLUS_INCLUDE_PATH, CUDA_HOME, CUDA_VERSION, CUDA_INC, CUDA_INSTALL_PATH) 
unload OPENMPI/3.0.0 (PATH, MANPATH, LD_LIBRARY_PATH, LIBRARY_PATH,
PKG_CONFIG_PATH, C_INCLUDE_PATH, CPLUS_INCLUDE_PATH, MPI, MPI_V) 
unload GCC/6.4.0 (PATH, MANPATH, INFOPATH, LD_LIBRARY_PATH, LIBRARY_PATH,
C_INCLUDE_PATH, CPLUS_INCLUDE_PATH, STD COMP VARS) 
load GCC/6.4.0 (PATH, MANPATH, INFOPATH, LD_LIBRARY_PATH, LIBRARY_PATH,
C_INCLUDE_PATH, CPLUS_INCLUDE_PATH, STD COMP VARS) 
load JAVA/ibm_8.0.5.15 (PATH, C_INCLUDE_PATH, CPLUS_INCLUDE_PATH, JAVA_HOME,
JAVA_ROOT, JAVA_BINDIR, SDK_HOME, JRE_HOME) 
load OPENMPI/3.0.0 (PATH, MANPATH, LD_LIBRARY_PATH, LIBRARY_PATH,
PKG_CONFIG_PATH, C_INCLUDE_PATH, CPLUS_INCLUDE_PATH, MPI, MPI_V) 
load CUDA/9.2 (PATH, MANPATH, LD_LIBRARY_PATH, LIBRARY_PATH, C_INCLUDE_PATH,
CPLUS_INCLUDE_PATH, CUDA_HOME, CUDA_VERSION, CUDA_INC, CUDA_INSTALL_PATH) 
load ATLAS/3.10.3 (LD_LIBRARY_PATH, LIBRARY_PATH, C_INCLUDE_PATH,
CPLUS_INCLUDE_PATH) 
INFO:tensorflow:Using config: {'_model_dir': '/gpfs/home/sam14/sam14015/task/11/estimator_horovod/models/vgg_16', '_tf_random_seed': None, '_save_summary_steps': 100, '_save_checkpoints_steps': None, '_save_checkpoints_secs': 600, '_session_config': gpu_options {
  allow_growth: true
  visible_device_list: "0"
}
, '_keep_checkpoint_max': 5, '_keep_checkpoint_every_n_hours': 10000, '_log_step_count_steps': 100, '_train_distribute': None, '_service': None, '_cluster_spec': <tensorflow.python.training.server_lib.ClusterSpec object at 0x3fff35808780>, '_task_type': 'worker', '_task_id': 0, '_global_id_in_cluster': 0, '_master': '', '_evaluation_master': '', '_is_chief': True, '_num_ps_replicas': 0, '_num_worker_replicas': 1}
INFO:tensorflow:Calling model_fn.
INFO:tensorflow:Scale of 0 disables regularizer.
INFO:tensorflow:Done calling model_fn.
INFO:tensorflow:Create CheckpointSaverHook.
INFO:tensorflow:Graph was finalized.
2018-12-10 11:05:25.777906: I tensorflow/core/common_runtime/gpu/gpu_device.cc:1356] Found device 0 with properties: 
name: Tesla V100-SXM2-16GB major: 7 minor: 0 memoryClockRate(GHz): 1.53
pciBusID: 0004:04:00.0
totalMemory: 15.75GiB freeMemory: 15.34GiB
2018-12-10 11:05:25.777938: I tensorflow/core/common_runtime/gpu/gpu_device.cc:1435] Adding visible gpu devices: 0
2018-12-10 11:05:26.164576: I tensorflow/core/common_runtime/gpu/gpu_device.cc:923] Device interconnect StreamExecutor with strength 1 edge matrix:
2018-12-10 11:05:26.164611: I tensorflow/core/common_runtime/gpu/gpu_device.cc:929]      0 
2018-12-10 11:05:26.164620: I tensorflow/core/common_runtime/gpu/gpu_device.cc:942] 0:   N 
2018-12-10 11:05:26.165140: I tensorflow/core/common_runtime/gpu/gpu_device.cc:1053] Created TensorFlow device (/job:localhost/replica:0/task:0/device:GPU:0 with 14846 MB memory) -> physical GPU (device: 0, name: Tesla V100-SXM2-16GB, pci bus id: 0004:04:00.0, compute capability: 7.0)
INFO:tensorflow:Running local_init_op.
INFO:tensorflow:Done running local_init_op.
2018-12-10 11:05:40.342904: I tensorflow/core/kernels/data/shuffle_dataset_op.cc:94] Filling up shuffle buffer (this may take a while): 8086 of 20000
2018-12-10 11:05:50.345529: I tensorflow/core/kernels/data/shuffle_dataset_op.cc:94] Filling up shuffle buffer (this may take a while): 16194 of 20000
2018-12-10 11:05:54.865650: I tensorflow/core/kernels/data/shuffle_dataset_op.cc:129] Shuffle buffer filled.
INFO:tensorflow:Saving checkpoints for 1 into /gpfs/home/sam14/sam14015/task/11/estimator_horovod/models/vgg_16/model.ckpt.
INFO:tensorflow:loss = 2.305507, step = 0
INFO:tensorflow:accuracy = 0.109375, loss = 2.305507, global_step = 0
INFO:tensorflow:global_step/sec: 3.08976
INFO:tensorflow:loss = 2.2976117, step = 100 (32.365 sec)
INFO:tensorflow:accuracy = 0.0859375, loss = 2.2976117, global_step = 100 (32.365 sec)
INFO:tensorflow:Benchmark metric: {'name': 'average_examples_per_sec', 'value': 199.09596855138275, 'unit': None, 'global_step': 111, 'timestamp': '2018-12-10T10:06:38.384738Z', 'extras': []}
INFO:tensorflow:Benchmark metric: {'name': 'current_examples_per_sec', 'value': 199.09596855138275, 'unit': None, 'global_step': 111, 'timestamp': '2018-12-10T10:06:38.384963Z', 'extras': []}
INFO:tensorflow:global_step/sec: 3.10241
INFO:tensorflow:loss = 2.2832518, step = 200 (32.233 sec)
INFO:tensorflow:accuracy = 0.114583336, loss = 2.2832518, global_step = 200 (32.233 sec)
INFO:tensorflow:Benchmark metric: {'name': 'average_examples_per_sec', 'value': 198.77976968399838, 'unit': None, 'global_step': 211, 'timestamp': '2018-12-10T10:07:10.632273Z', 'extras': []}
INFO:tensorflow:Benchmark metric: {'name': 'current_examples_per_sec', 'value': 198.46457358113966, 'unit': None, 'global_step': 211, 'timestamp': '2018-12-10T10:07:10.632451Z', 'extras': []}
INFO:tensorflow:global_step/sec: 3.09016
INFO:tensorflow:loss = 2.2957277, step = 300 (32.361 sec)
INFO:tensorflow:accuracy = 0.10546875, loss = 2.2957277, global_step = 300 (32.361 sec)
INFO:tensorflow:Benchmark metric: {'name': 'average_examples_per_sec', 'value': 198.4025452088394, 'unit': None, 'global_step': 311, 'timestamp': '2018-12-10T10:07:43.012361Z', 'extras': []}
INFO:tensorflow:Benchmark metric: {'name': 'current_examples_per_sec', 'value': 197.65237517285397, 'unit': None, 'global_step': 311, 'timestamp': '2018-12-10T10:07:43.012582Z', 'extras': []}
INFO:tensorflow:global_step/sec: 3.08111
INFO:tensorflow:loss = 2.2930455, step = 400 (32.455 sec)
INFO:tensorflow:accuracy = 0.10625, loss = 2.2930455, global_step = 400 (32.455 sec)
INFO:tensorflow:Benchmark metric: {'name': 'average_examples_per_sec', 'value': 198.10561509111525, 'unit': None, 'global_step': 411, 'timestamp': '2018-12-10T10:08:15.463396Z', 'extras': []}
INFO:tensorflow:Benchmark metric: {'name': 'current_examples_per_sec', 'value': 197.2201335453586, 'unit': None, 'global_step': 411, 'timestamp': '2018-12-10T10:08:15.463560Z', 'extras': []}
INFO:tensorflow:global_step/sec: 3.08772
INFO:tensorflow:loss = 2.29108, step = 500 (32.387 sec)
INFO:tensorflow:accuracy = 0.1015625, loss = 2.29108, global_step = 500 (32.387 sec)
INFO:tensorflow:Benchmark metric: {'name': 'average_examples_per_sec', 'value': 198.02637746555644, 'unit': None, 'global_step': 511, 'timestamp': '2018-12-10T10:08:47.834035Z', 'extras': []}
INFO:tensorflow:Benchmark metric: {'name': 'current_examples_per_sec', 'value': 197.71005981486059, 'unit': None, 'global_step': 511, 'timestamp': '2018-12-10T10:08:47.834200Z', 'extras': []}
INFO:tensorflow:global_step/sec: 3.09592
INFO:tensorflow:loss = 2.3083537, step = 600 (32.300 sec)
INFO:tensorflow:accuracy = 0.100446425, loss = 2.3083537, global_step = 600 (32.300 sec)
INFO:tensorflow:Benchmark metric: {'name': 'average_examples_per_sec', 'value': 198.04803014583447, 'unit': None, 'global_step': 611, 'timestamp': '2018-12-10T10:09:20.131755Z', 'extras': []}
INFO:tensorflow:Benchmark metric: {'name': 'current_examples_per_sec', 'value': 198.15636461276083, 'unit': None, 'global_step': 611, 'timestamp': '2018-12-10T10:09:20.131912Z', 'extras': []}
INFO:tensorflow:global_step/sec: 3.09648
INFO:tensorflow:loss = 2.2774482, step = 700 (32.296 sec)
INFO:tensorflow:accuracy = 0.107421875, loss = 2.2774482, global_step = 700 (32.296 sec)
INFO:tensorflow:Benchmark metric: {'name': 'average_examples_per_sec', 'value': 198.06684465451852, 'unit': None, 'global_step': 711, 'timestamp': '2018-12-10T10:09:52.425664Z', 'extras': []}
INFO:tensorflow:Benchmark metric: {'name': 'current_examples_per_sec', 'value': 198.1798068191102, 'unit': None, 'global_step': 711, 'timestamp': '2018-12-10T10:09:52.425829Z', 'extras': []}
INFO:tensorflow:Saving checkpoints for 750 into /gpfs/home/sam14/sam14015/task/11/estimator_horovod/models/vgg_16/model.ckpt.
2018-12-10 11:10:07.260612: E tensorflow/core/kernels/data/cache_dataset_ops.cc:314] The calling iterator did not fully read the dataset we were attempting to cache. In order to avoid unexpected truncation of the sequence, the current [partially cached] sequence will be dropped. This can occur if you have a sequence similar to `dataset.cache().take(k).repeat()`. Instead, swap the order (i.e. `dataset.take(k).cache().repeat()`)
INFO:tensorflow:Loss for final step: 2.283742.
INFO:tensorflow:Calling model_fn.
INFO:tensorflow:Scale of 0 disables regularizer.
INFO:tensorflow:Done calling model_fn.
INFO:tensorflow:Starting evaluation at 2018-12-10-10:10:08
INFO:tensorflow:Graph was finalized.
2018-12-10 11:10:08.771344: I tensorflow/core/common_runtime/gpu/gpu_device.cc:1435] Adding visible gpu devices: 0
2018-12-10 11:10:08.771386: I tensorflow/core/common_runtime/gpu/gpu_device.cc:923] Device interconnect StreamExecutor with strength 1 edge matrix:
2018-12-10 11:10:08.771395: I tensorflow/core/common_runtime/gpu/gpu_device.cc:929]      0 
2018-12-10 11:10:08.771402: I tensorflow/core/common_runtime/gpu/gpu_device.cc:942] 0:   N 
2018-12-10 11:10:08.771678: I tensorflow/core/common_runtime/gpu/gpu_device.cc:1053] Created TensorFlow device (/job:localhost/replica:0/task:0/device:GPU:0 with 14846 MB memory) -> physical GPU (device: 0, name: Tesla V100-SXM2-16GB, pci bus id: 0004:04:00.0, compute capability: 7.0)
INFO:tensorflow:Restoring parameters from /gpfs/home/sam14/sam14015/task/11/estimator_horovod/models/vgg_16/model.ckpt-750
INFO:tensorflow:Running local_init_op.
INFO:tensorflow:Done running local_init_op.
INFO:tensorflow:Finished evaluation at 2018-12-10-10:10:28
INFO:tensorflow:Saving dict for global step 750: accuracy/accuracy = 0.1126, global_step = 750, loss = 2.2869856
