p9r2n04:114055:114077 [0] INFO NET : Using interface ib0:10.1.1.22<0>
p9r2n04:114055:114077 [0] INFO NET/IB : Using interface ib0 for sideband communication
p9r2n04:114055:114077 [0] INFO NET/IB: [1] mlx5_0:1/IB 
p9r2n04:114055:114077 [0] INFO Using internal Network IB
p9r2n04:114055:114077 [0] INFO Using NCCL Low-latency algorithm for sizes below 16384
p9r2n04:114055:114077 [0] INFO NET : Using interface ib0:10.1.1.22<0>
p9r2n04:114055:114077 [0] INFO NET/Socket : 1 interfaces found
NCCL version 2.2.12+cuda9.2
p9r2n04:114056:114076 [1] INFO NET : Using interface ib0:10.1.1.22<0>
p9r2n04:114056:114076 [1] INFO NET/IB : Using interface ib0 for sideband communication
p9r2n06:8576:8596 [0] INFO NET : Using interface ib0:10.1.1.24<0>
p9r2n06:8576:8596 [0] INFO NET/IB : Using interface ib0 for sideband communication
p9r2n06:8577:8594 [1] INFO NET : Using interface ib0:10.1.1.24<0>
p9r2n06:8577:8594 [1] INFO NET/IB : Using interface ib0 for sideband communication
p9r2n06:8578:8597 [2] INFO NET : Using interface ib0:10.1.1.24<0>
p9r2n06:8578:8597 [2] INFO NET/IB : Using interface ib0 for sideband communication
p9r2n06:8579:8595 [3] INFO NET : Using interface ib0:10.1.1.24<0>
p9r2n06:8579:8595 [3] INFO NET/IB : Using interface ib0 for sideband communication
p9r2n04:114056:114076 [1] INFO NET/IB: [1] mlx5_0:1/IB 
p9r2n04:114056:114076 [1] INFO Using internal Network IB
p9r2n04:114056:114076 [1] INFO Using NCCL Low-latency algorithm for sizes below 16384
p9r2n06:8576:8596 [0] INFO NET/IB: [1] mlx5_0:1/IB 
p9r2n06:8576:8596 [0] INFO Using internal Network IB
p9r2n06:8576:8596 [0] INFO Using NCCL Low-latency algorithm for sizes below 16384
p9r2n06:8578:8597 [2] INFO NET/IB: [1] mlx5_0:1/IB 
p9r2n06:8578:8597 [2] INFO Using internal Network IB
p9r2n06:8578:8597 [2] INFO Using NCCL Low-latency algorithm for sizes below 16384
p9r2n06:8579:8595 [3] INFO NET/IB: [1] mlx5_0:1/IB 
p9r2n06:8579:8595 [3] INFO Using internal Network IB
p9r2n06:8579:8595 [3] INFO Using NCCL Low-latency algorithm for sizes below 16384
p9r2n06:8577:8594 [1] INFO NET/IB: [1] mlx5_0:1/IB 
p9r2n06:8577:8594 [1] INFO Using internal Network IB
p9r2n06:8577:8594 [1] INFO Using NCCL Low-latency algorithm for sizes below 16384
p9r2n04:114057:114074 [2] INFO NET : Using interface ib0:10.1.1.22<0>
p9r2n04:114057:114074 [2] INFO NET/IB : Using interface ib0 for sideband communication
p9r2n04:114058:114075 [3] INFO NET : Using interface ib0:10.1.1.22<0>
p9r2n04:114058:114075 [3] INFO NET/IB : Using interface ib0 for sideband communication
p9r2n04:114057:114074 [2] INFO NET/IB: [1] mlx5_0:1/IB 
p9r2n04:114058:114075 [3] INFO NET/IB: [1] mlx5_0:1/IB 
p9r2n04:114057:114074 [2] INFO Using internal Network IB
p9r2n04:114057:114074 [2] INFO Using NCCL Low-latency algorithm for sizes below 16384
p9r2n04:114058:114075 [3] INFO Using internal Network IB
p9r2n04:114058:114075 [3] INFO Using NCCL Low-latency algorithm for sizes below 16384
p9r2n04:114056:114076 [1] INFO comm 0x3fff29844fc0 rank 1 nranks 8
p9r2n04:114056:114076 [1] INFO NET : Using interface ib0:10.1.1.22<0>
p9r2n04:114056:114076 [1] INFO NET/Socket : 1 interfaces found
p9r2n04:114056:114076 [1] INFO CUDA Dev 1, IB Ports : mlx5_0/1(SOC) 
p9r2n04:114057:114074 [2] INFO comm 0x3fff358a6920 rank 2 nranks 8
p9r2n04:114057:114074 [2] INFO NET : Using interface ib0:10.1.1.22<0>
p9r2n04:114057:114074 [2] INFO NET/Socket : 1 interfaces found
p9r2n04:114057:114074 [2] INFO CUDA Dev 2, IB Ports : mlx5_0/1(SOC) 
p9r2n04:114055:114077 [0] INFO comm 0x3fff458c2560 rank 0 nranks 8
p9r2n04:114055:114077 [0] INFO CUDA Dev 0, IB Ports : mlx5_0/1(SOC) 
p9r2n04:114058:114075 [3] INFO comm 0x3fff39839e70 rank 3 nranks 8
p9r2n04:114058:114075 [3] INFO NET : Using interface ib0:10.1.1.22<0>
p9r2n04:114058:114075 [3] INFO NET/Socket : 1 interfaces found
p9r2n04:114058:114075 [3] INFO CUDA Dev 3, IB Ports : mlx5_0/1(SOC) 
p9r2n06:8578:8597 [2] INFO comm 0x3fff35848880 rank 6 nranks 8
p9r2n06:8578:8597 [2] INFO NET : Using interface ib0:10.1.1.24<0>
p9r2n06:8578:8597 [2] INFO NET/Socket : 1 interfaces found
p9r2n06:8578:8597 [2] INFO CUDA Dev 2, IB Ports : mlx5_0/1(SOC) 
p9r2n06:8579:8595 [3] INFO comm 0x3fff298472a0 rank 7 nranks 8
p9r2n06:8579:8595 [3] INFO NET : Using interface ib0:10.1.1.24<0>
p9r2n06:8579:8595 [3] INFO NET/Socket : 1 interfaces found
p9r2n06:8579:8595 [3] INFO CUDA Dev 3, IB Ports : mlx5_0/1(SOC) 
p9r2n06:8576:8596 [0] INFO comm 0x3fff3d87e960 rank 4 nranks 8
p9r2n06:8577:8594 [1] INFO comm 0x3fff298577f0 rank 5 nranks 8
p9r2n06:8577:8594 [1] INFO NET : Using interface ib0:10.1.1.24<0>
p9r2n06:8577:8594 [1] INFO NET/Socket : 1 interfaces found
p9r2n06:8576:8596 [0] INFO NET : Using interface ib0:10.1.1.24<0>
p9r2n06:8576:8596 [0] INFO NET/Socket : 1 interfaces found
p9r2n06:8576:8596 [0] INFO CUDA Dev 0, IB Ports : mlx5_0/1(SOC) 
p9r2n06:8577:8594 [1] INFO CUDA Dev 1, IB Ports : mlx5_0/1(SOC) 
p9r2n04:114055:114077 [0] INFO Using 256 threads
p9r2n04:114055:114077 [0] INFO Min Comp Cap 7
p9r2n04:114055:114077 [0] INFO NCCL_SINGLE_RING_THRESHOLD=262144
p9r2n04:114055:114077 [0] INFO Ring 00 :    0   1   2   3   4   5   6   7
p9r2n04:114056:114076 [1] INFO 1[114056] -> 2[114057] via direct shared memory
p9r2n04:114055:114077 [0] INFO 7 -> 0 via NET/IB/0
p9r2n04:114055:114077 [0] INFO Ring 00 : 0[0] -> 1[1] via P2P/IPC
p9r2n04:114057:114074 [2] INFO Ring 00 : 2[2] -> 3[3] via P2P/IPC
p9r2n06:8576:8596 [0] INFO 3 -> 4 via NET/IB/0
p9r2n06:8577:8594 [1] INFO 5[8577] -> 6[8578] via direct shared memory
p9r2n06:8576:8596 [0] INFO Ring 00 : 4[0] -> 5[1] via P2P/IPC
p9r2n06:8578:8597 [2] INFO Ring 00 : 6[2] -> 7[3] via P2P/IPC
p9r2n06:8579:8595 [3] INFO NET/IB: Dev 0 Port 1 qpn 185989 mtu 5 LID 31
p9r2n04:114058:114075 [3] INFO NET/IB: Dev 0 Port 1 qpn 253164 mtu 5 LID 32
p9r2n04:114055:114077 [0] INFO Launch mode Parallel
