unload bsc/commands (PATH, MANPATH) 
unload CUDA/9.1 (PATH, MANPATH, LD_LIBRARY_PATH, LIBRARY_PATH, C_INCLUDE_PATH,
CPLUS_INCLUDE_PATH, CUDA_HOME, CUDA_VERSION, CUDA_INC, CUDA_INSTALL_PATH) 
unload OPENMPI/3.0.0 (PATH, MANPATH, LD_LIBRARY_PATH, LIBRARY_PATH,
PKG_CONFIG_PATH, C_INCLUDE_PATH, CPLUS_INCLUDE_PATH, MPI, MPI_V) 
unload GCC/6.4.0 (PATH, MANPATH, INFOPATH, LD_LIBRARY_PATH, LIBRARY_PATH,
C_INCLUDE_PATH, CPLUS_INCLUDE_PATH, STD COMP VARS) 
load GCC/6.4.0 (PATH, MANPATH, INFOPATH, LD_LIBRARY_PATH, LIBRARY_PATH,
C_INCLUDE_PATH, CPLUS_INCLUDE_PATH, STD COMP VARS) 
load JAVA/ibm_8.0.5.15 (PATH, C_INCLUDE_PATH, CPLUS_INCLUDE_PATH, JAVA_HOME,
JAVA_ROOT, JAVA_BINDIR, SDK_HOME, JRE_HOME) 
load OPENMPI/3.0.0 (PATH, MANPATH, LD_LIBRARY_PATH, LIBRARY_PATH,
PKG_CONFIG_PATH, C_INCLUDE_PATH, CPLUS_INCLUDE_PATH, MPI, MPI_V) 
load CUDA/9.2 (PATH, MANPATH, LD_LIBRARY_PATH, LIBRARY_PATH, C_INCLUDE_PATH,
CPLUS_INCLUDE_PATH, CUDA_HOME, CUDA_VERSION, CUDA_INC, CUDA_INSTALL_PATH) 
load ATLAS/3.10.3 (LD_LIBRARY_PATH, LIBRARY_PATH, C_INCLUDE_PATH,
CPLUS_INCLUDE_PATH) 
INFO:tensorflow:Using config: {'_model_dir': '/gpfs/home/sam14/sam14015/task/11/estimator_horovod/models/cifar10_vgg_16.2', '_tf_random_seed': None, '_save_summary_steps': 100, '_save_checkpoints_steps': None, '_save_checkpoints_secs': 600, '_session_config': gpu_options {
  allow_growth: true
  visible_device_list: "0"
}
, '_keep_checkpoint_max': 5, '_keep_checkpoint_every_n_hours': 10000, '_log_step_count_steps': 100, '_train_distribute': None, '_service': None, '_cluster_spec': <tensorflow.python.training.server_lib.ClusterSpec object at 0x3fff555f5710>, '_task_type': 'worker', '_task_id': 0, '_global_id_in_cluster': 0, '_master': '', '_evaluation_master': '', '_is_chief': True, '_num_ps_replicas': 0, '_num_worker_replicas': 1}
WARNING:tensorflow:Using temporary folder as model directory: /scratch/tmp/989598/tmpbg1uvhg4
INFO:tensorflow:Using config: {'_model_dir': '/scratch/tmp/989598/tmpbg1uvhg4', '_tf_random_seed': None, '_save_summary_steps': 100, '_save_checkpoints_steps': None, '_save_checkpoints_secs': 600, '_session_config': gpu_options {
  allow_growth: true
  visible_device_list: "1"
}
, '_keep_checkpoint_max': 5, '_keep_checkpoint_every_n_hours': 10000, '_log_step_count_steps': 100, '_train_distribute': None, '_service': None, '_cluster_spec': <tensorflow.python.training.server_lib.ClusterSpec object at 0x3fff3cdb5748>, '_task_type': 'worker', '_task_id': 0, '_global_id_in_cluster': 0, '_master': '', '_evaluation_master': '', '_is_chief': True, '_num_ps_replicas': 0, '_num_worker_replicas': 1}
INFO:tensorflow:Calling model_fn.
INFO:tensorflow:Scale of 0 disables regularizer.
INFO:tensorflow:Calling model_fn.
INFO:tensorflow:Scale of 0 disables regularizer.
INFO:tensorflow:Done calling model_fn.
INFO:tensorflow:Create CheckpointSaverHook.
INFO:tensorflow:Done calling model_fn.
INFO:tensorflow:Create CheckpointSaverHook.
INFO:tensorflow:Graph was finalized.
INFO:tensorflow:Graph was finalized.
2018-12-10 11:56:22.012627: I tensorflow/core/common_runtime/gpu/gpu_device.cc:1356] Found device 0 with properties: 
name: Tesla V100-SXM2-16GB major: 7 minor: 0 memoryClockRate(GHz): 1.53
pciBusID: 0004:04:00.0
totalMemory: 15.75GiB freeMemory: 15.35GiB
2018-12-10 11:56:22.012662: I tensorflow/core/common_runtime/gpu/gpu_device.cc:1435] Adding visible gpu devices: 0
2018-12-10 11:56:22.055924: I tensorflow/core/common_runtime/gpu/gpu_device.cc:1356] Found device 0 with properties: 
name: Tesla V100-SXM2-16GB major: 7 minor: 0 memoryClockRate(GHz): 1.53
pciBusID: 0004:05:00.0
totalMemory: 15.75GiB freeMemory: 15.34GiB
2018-12-10 11:56:22.055951: I tensorflow/core/common_runtime/gpu/gpu_device.cc:1435] Adding visible gpu devices: 1
2018-12-10 11:56:22.293860: I tensorflow/core/common_runtime/gpu/gpu_device.cc:923] Device interconnect StreamExecutor with strength 1 edge matrix:
2018-12-10 11:56:22.293892: I tensorflow/core/common_runtime/gpu/gpu_device.cc:929]      0 
2018-12-10 11:56:22.293902: I tensorflow/core/common_runtime/gpu/gpu_device.cc:942] 0:   N 
2018-12-10 11:56:22.294354: I tensorflow/core/common_runtime/gpu/gpu_device.cc:1053] Created TensorFlow device (/job:localhost/replica:0/task:0/device:GPU:0 with 14852 MB memory) -> physical GPU (device: 0, name: Tesla V100-SXM2-16GB, pci bus id: 0004:04:00.0, compute capability: 7.0)
2018-12-10 11:56:22.314470: I tensorflow/core/common_runtime/gpu/gpu_device.cc:923] Device interconnect StreamExecutor with strength 1 edge matrix:
2018-12-10 11:56:22.314493: I tensorflow/core/common_runtime/gpu/gpu_device.cc:929]      1 
2018-12-10 11:56:22.314501: I tensorflow/core/common_runtime/gpu/gpu_device.cc:942] 1:   N 
2018-12-10 11:56:22.314931: I tensorflow/core/common_runtime/gpu/gpu_device.cc:1053] Created TensorFlow device (/job:localhost/replica:0/task:0/device:GPU:0 with 14851 MB memory) -> physical GPU (device: 1, name: Tesla V100-SXM2-16GB, pci bus id: 0004:05:00.0, compute capability: 7.0)
INFO:tensorflow:Running local_init_op.
INFO:tensorflow:Done running local_init_op.
INFO:tensorflow:Running local_init_op.
INFO:tensorflow:Done running local_init_op.
2018-12-10 11:56:37.109477: I tensorflow/core/kernels/data/shuffle_dataset_op.cc:94] Filling up shuffle buffer (this may take a while): 8325 of 20000
2018-12-10 11:56:37.673934: I tensorflow/core/kernels/data/shuffle_dataset_op.cc:94] Filling up shuffle buffer (this may take a while): 8147 of 20000
2018-12-10 11:56:47.110489: I tensorflow/core/kernels/data/shuffle_dataset_op.cc:94] Filling up shuffle buffer (this may take a while): 16372 of 20000
2018-12-10 11:56:47.675783: I tensorflow/core/kernels/data/shuffle_dataset_op.cc:94] Filling up shuffle buffer (this may take a while): 16236 of 20000
2018-12-10 11:56:51.686929: I tensorflow/core/kernels/data/shuffle_dataset_op.cc:129] Shuffle buffer filled.
2018-12-10 11:56:52.308039: I tensorflow/core/kernels/data/shuffle_dataset_op.cc:129] Shuffle buffer filled.
INFO:tensorflow:Saving checkpoints for 1 into /gpfs/home/sam14/sam14015/task/11/estimator_horovod/models/cifar10_vgg_16.2/model.ckpt.
INFO:tensorflow:Saving checkpoints for 1 into /scratch/tmp/989598/tmpbg1uvhg4/model.ckpt.
INFO:tensorflow:loss = 2.3041053, step = 0
INFO:tensorflow:accuracy = 0.09375, loss = 2.3041053, global_step = 0
INFO:tensorflow:loss = 2.2904177, step = 0
INFO:tensorflow:accuracy = 0.140625, loss = 2.2904177, global_step = 0
INFO:tensorflow:global_step/sec: 2.97922
INFO:tensorflow:global_step/sec: 3.00346
INFO:tensorflow:loss = 2.3014998, step = 100 (33.567 sec)
INFO:tensorflow:accuracy = 0.1015625, loss = 2.3014998, global_step = 100 (33.567 sec)
INFO:tensorflow:loss = 2.314623, step = 100 (33.295 sec)
INFO:tensorflow:accuracy = 0.1171875, loss = 2.314623, global_step = 100 (33.295 sec)
INFO:tensorflow:Benchmark metric: {'name': 'average_examples_per_sec', 'value': 193.83273778436836, 'unit': None, 'global_step': 111, 'timestamp': '2018-12-10T10:57:36.458548Z', 'extras': []}
INFO:tensorflow:Benchmark metric: {'name': 'average_examples_per_sec', 'value': 193.83562387196736, 'unit': None, 'global_step': 111, 'timestamp': '2018-12-10T10:57:36.458548Z', 'extras': []}
INFO:tensorflow:Benchmark metric: {'name': 'current_examples_per_sec', 'value': 193.83562387196736, 'unit': None, 'global_step': 111, 'timestamp': '2018-12-10T10:57:36.458776Z', 'extras': []}
INFO:tensorflow:Benchmark metric: {'name': 'current_examples_per_sec', 'value': 193.83273778436836, 'unit': None, 'global_step': 111, 'timestamp': '2018-12-10T10:57:36.458777Z', 'extras': []}
INFO:tensorflow:global_step/sec: 3.02949
INFO:tensorflow:loss = 2.302742, step = 200 (33.009 sec)
INFO:tensorflow:accuracy = 0.088541664, loss = 2.302742, global_step = 200 (33.009 sec)
INFO:tensorflow:global_step/sec: 3.02939
INFO:tensorflow:loss = 2.3047693, step = 200 (33.010 sec)
INFO:tensorflow:accuracy = 0.104166664, loss = 2.3047693, global_step = 200 (33.010 sec)
INFO:tensorflow:Benchmark metric: {'name': 'average_examples_per_sec', 'value': 193.74287959047183, 'unit': None, 'global_step': 211, 'timestamp': '2018-12-10T10:58:09.507293Z', 'extras': []}
INFO:tensorflow:Benchmark metric: {'name': 'average_examples_per_sec', 'value': 193.74432478178556, 'unit': None, 'global_step': 211, 'timestamp': '2018-12-10T10:58:09.507292Z', 'extras': []}
INFO:tensorflow:Benchmark metric: {'name': 'current_examples_per_sec', 'value': 193.65310467201795, 'unit': None, 'global_step': 211, 'timestamp': '2018-12-10T10:58:09.507475Z', 'extras': []}
INFO:tensorflow:Benchmark metric: {'name': 'current_examples_per_sec', 'value': 193.65311165722156, 'unit': None, 'global_step': 211, 'timestamp': '2018-12-10T10:58:09.507474Z', 'extras': []}
INFO:tensorflow:global_step/sec: 3.01856
INFO:tensorflow:global_step/sec: 3.01826
INFO:tensorflow:loss = 2.2829828, step = 300 (33.129 sec)
INFO:tensorflow:accuracy = 0.11328125, loss = 2.2829828, global_step = 300 (33.129 sec)
INFO:tensorflow:loss = 2.3197205, step = 300 (33.131 sec)
INFO:tensorflow:accuracy = 0.08203125, loss = 2.3197205, global_step = 300 (33.131 sec)
INFO:tensorflow:Benchmark metric: {'name': 'average_examples_per_sec', 'value': 193.54821674920626, 'unit': None, 'global_step': 311, 'timestamp': '2018-12-10T10:58:42.640439Z', 'extras': []}
INFO:tensorflow:Benchmark metric: {'name': 'average_examples_per_sec', 'value': 193.54917455114347, 'unit': None, 'global_step': 311, 'timestamp': '2018-12-10T10:58:42.640438Z', 'extras': []}
INFO:tensorflow:Benchmark metric: {'name': 'current_examples_per_sec', 'value': 193.16006223624117, 'unit': None, 'global_step': 311, 'timestamp': '2018-12-10T10:58:42.640619Z', 'extras': []}
INFO:tensorflow:Benchmark metric: {'name': 'current_examples_per_sec', 'value': 193.16005111675406, 'unit': None, 'global_step': 311, 'timestamp': '2018-12-10T10:58:42.640618Z', 'extras': []}
INFO:tensorflow:Saving checkpoints for 375 into /scratch/tmp/989598/tmpbg1uvhg4/model.ckpt.
INFO:tensorflow:Saving checkpoints for 375 into /gpfs/home/sam14/sam14015/task/11/estimator_horovod/models/cifar10_vgg_16.2/model.ckpt.
2018-12-10 11:59:05.570859: E tensorflow/core/kernels/data/cache_dataset_ops.cc:314] The calling iterator did not fully read the dataset we were attempting to cache. In order to avoid unexpected truncation of the sequence, the current [partially cached] sequence will be dropped. This can occur if you have a sequence similar to `dataset.cache().take(k).repeat()`. Instead, swap the order (i.e. `dataset.take(k).cache().repeat()`)
2018-12-10 11:59:05.854977: E tensorflow/core/kernels/data/cache_dataset_ops.cc:314] The calling iterator did not fully read the dataset we were attempting to cache. In order to avoid unexpected truncation of the sequence, the current [partially cached] sequence will be dropped. This can occur if you have a sequence similar to `dataset.cache().take(k).repeat()`. Instead, swap the order (i.e. `dataset.take(k).cache().repeat()`)
INFO:tensorflow:Loss for final step: 2.3099632.
INFO:tensorflow:Loss for final step: 2.2933588.
INFO:tensorflow:Calling model_fn.
INFO:tensorflow:Scale of 0 disables regularizer.
INFO:tensorflow:Done calling model_fn.
INFO:tensorflow:Starting evaluation at 2018-12-10-10:59:07
INFO:tensorflow:Graph was finalized.
2018-12-10 11:59:07.773855: I tensorflow/core/common_runtime/gpu/gpu_device.cc:1435] Adding visible gpu devices: 0
2018-12-10 11:59:07.773898: I tensorflow/core/common_runtime/gpu/gpu_device.cc:923] Device interconnect StreamExecutor with strength 1 edge matrix:
2018-12-10 11:59:07.773907: I tensorflow/core/common_runtime/gpu/gpu_device.cc:929]      0 
2018-12-10 11:59:07.773914: I tensorflow/core/common_runtime/gpu/gpu_device.cc:942] 0:   N 
2018-12-10 11:59:07.774188: I tensorflow/core/common_runtime/gpu/gpu_device.cc:1053] Created TensorFlow device (/job:localhost/replica:0/task:0/device:GPU:0 with 14852 MB memory) -> physical GPU (device: 0, name: Tesla V100-SXM2-16GB, pci bus id: 0004:04:00.0, compute capability: 7.0)
INFO:tensorflow:Restoring parameters from /gpfs/home/sam14/sam14015/task/11/estimator_horovod/models/cifar10_vgg_16.2/model.ckpt-375
INFO:tensorflow:Running local_init_op.
INFO:tensorflow:Done running local_init_op.
INFO:tensorflow:Finished evaluation at 2018-12-10-10:59:27
INFO:tensorflow:Saving dict for global step 375: accuracy/accuracy = 0.1204, global_step = 375, loss = 2.2960937
