unload bsc/commands (PATH, MANPATH) 
unload CUDA/9.1 (PATH, MANPATH, LD_LIBRARY_PATH, LIBRARY_PATH, C_INCLUDE_PATH,
CPLUS_INCLUDE_PATH, CUDA_HOME, CUDA_VERSION, CUDA_INC, CUDA_INSTALL_PATH) 
unload OPENMPI/3.0.0 (PATH, MANPATH, LD_LIBRARY_PATH, LIBRARY_PATH,
PKG_CONFIG_PATH, C_INCLUDE_PATH, CPLUS_INCLUDE_PATH, MPI, MPI_V) 
unload GCC/6.4.0 (PATH, MANPATH, INFOPATH, LD_LIBRARY_PATH, LIBRARY_PATH,
C_INCLUDE_PATH, CPLUS_INCLUDE_PATH, STD COMP VARS) 
load GCC/6.4.0 (PATH, MANPATH, INFOPATH, LD_LIBRARY_PATH, LIBRARY_PATH,
C_INCLUDE_PATH, CPLUS_INCLUDE_PATH, STD COMP VARS) 
load JAVA/ibm_8.0.5.15 (PATH, C_INCLUDE_PATH, CPLUS_INCLUDE_PATH, JAVA_HOME,
JAVA_ROOT, JAVA_BINDIR, SDK_HOME, JRE_HOME) 
load OPENMPI/3.0.0 (PATH, MANPATH, LD_LIBRARY_PATH, LIBRARY_PATH,
PKG_CONFIG_PATH, C_INCLUDE_PATH, CPLUS_INCLUDE_PATH, MPI, MPI_V) 
load CUDA/9.2 (PATH, MANPATH, LD_LIBRARY_PATH, LIBRARY_PATH, C_INCLUDE_PATH,
CPLUS_INCLUDE_PATH, CUDA_HOME, CUDA_VERSION, CUDA_INC, CUDA_INSTALL_PATH) 
load ATLAS/3.10.3 (LD_LIBRARY_PATH, LIBRARY_PATH, C_INCLUDE_PATH,
CPLUS_INCLUDE_PATH) 
INFO:tensorflow:Using config: {'_model_dir': '/gpfs/home/sam14/sam14015/task/11/estimator_horovod/models/vgg_16.4', '_tf_random_seed': None, '_save_summary_steps': 100, '_save_checkpoints_steps': None, '_save_checkpoints_secs': 600, '_session_config': gpu_options {
  allow_growth: true
  visible_device_list: "0"
}
, '_keep_checkpoint_max': 5, '_keep_checkpoint_every_n_hours': 10000, '_log_step_count_steps': 100, '_train_distribute': None, '_service': None, '_cluster_spec': <tensorflow.python.training.server_lib.ClusterSpec object at 0x3fff3dbd5710>, '_task_type': 'worker', '_task_id': 0, '_global_id_in_cluster': 0, '_master': '', '_evaluation_master': '', '_is_chief': True, '_num_ps_replicas': 0, '_num_worker_replicas': 1}
WARNING:tensorflow:Using temporary folder as model directory: /scratch/tmp/989586/tmp0ycd5td5
WARNING:tensorflow:Using temporary folder as model directory: /scratch/tmp/989586/tmpp5pboru9
WARNING:tensorflow:Using temporary folder as model directory: /scratch/tmp/989586/tmp_hyqvfbh
INFO:tensorflow:Using config: {'_model_dir': '/scratch/tmp/989586/tmp0ycd5td5', '_tf_random_seed': None, '_save_summary_steps': 100, '_save_checkpoints_steps': None, '_save_checkpoints_secs': 600, '_session_config': gpu_options {
  allow_growth: true
  visible_device_list: "2"
}
, '_keep_checkpoint_max': 5, '_keep_checkpoint_every_n_hours': 10000, '_log_step_count_steps': 100, '_train_distribute': None, '_service': None, '_cluster_spec': <tensorflow.python.training.server_lib.ClusterSpec object at 0x3fff6a095748>, '_task_type': 'worker', '_task_id': 0, '_global_id_in_cluster': 0, '_master': '', '_evaluation_master': '', '_is_chief': True, '_num_ps_replicas': 0, '_num_worker_replicas': 1}
INFO:tensorflow:Using config: {'_model_dir': '/scratch/tmp/989586/tmpp5pboru9', '_tf_random_seed': None, '_save_summary_steps': 100, '_save_checkpoints_steps': None, '_save_checkpoints_secs': 600, '_session_config': gpu_options {
  allow_growth: true
  visible_device_list: "3"
}
, '_keep_checkpoint_max': 5, '_keep_checkpoint_every_n_hours': 10000, '_log_step_count_steps': 100, '_train_distribute': None, '_service': None, '_cluster_spec': <tensorflow.python.training.server_lib.ClusterSpec object at 0x3fff587966a0>, '_task_type': 'worker', '_task_id': 0, '_global_id_in_cluster': 0, '_master': '', '_evaluation_master': '', '_is_chief': True, '_num_ps_replicas': 0, '_num_worker_replicas': 1}
INFO:tensorflow:Using config: {'_model_dir': '/scratch/tmp/989586/tmp_hyqvfbh', '_tf_random_seed': None, '_save_summary_steps': 100, '_save_checkpoints_steps': None, '_save_checkpoints_secs': 600, '_session_config': gpu_options {
  allow_growth: true
  visible_device_list: "1"
}
, '_keep_checkpoint_max': 5, '_keep_checkpoint_every_n_hours': 10000, '_log_step_count_steps': 100, '_train_distribute': None, '_service': None, '_cluster_spec': <tensorflow.python.training.server_lib.ClusterSpec object at 0x3fff5e695748>, '_task_type': 'worker', '_task_id': 0, '_global_id_in_cluster': 0, '_master': '', '_evaluation_master': '', '_is_chief': True, '_num_ps_replicas': 0, '_num_worker_replicas': 1}
INFO:tensorflow:Calling model_fn.
INFO:tensorflow:Calling model_fn.
INFO:tensorflow:Scale of 0 disables regularizer.
INFO:tensorflow:Scale of 0 disables regularizer.
INFO:tensorflow:Calling model_fn.
INFO:tensorflow:Scale of 0 disables regularizer.
INFO:tensorflow:Calling model_fn.
INFO:tensorflow:Scale of 0 disables regularizer.
INFO:tensorflow:Done calling model_fn.
INFO:tensorflow:Done calling model_fn.
INFO:tensorflow:Create CheckpointSaverHook.
INFO:tensorflow:Create CheckpointSaverHook.
INFO:tensorflow:Done calling model_fn.
INFO:tensorflow:Create CheckpointSaverHook.
INFO:tensorflow:Done calling model_fn.
INFO:tensorflow:Create CheckpointSaverHook.
INFO:tensorflow:Graph was finalized.
INFO:tensorflow:Graph was finalized.
INFO:tensorflow:Graph was finalized.
INFO:tensorflow:Graph was finalized.
2018-12-10 11:54:32.225424: I tensorflow/core/common_runtime/gpu/gpu_device.cc:1356] Found device 0 with properties: 
name: Tesla V100-SXM2-16GB major: 7 minor: 0 memoryClockRate(GHz): 1.53
pciBusID: 0004:04:00.0
totalMemory: 15.75GiB freeMemory: 15.34GiB
2018-12-10 11:54:32.225460: I tensorflow/core/common_runtime/gpu/gpu_device.cc:1435] Adding visible gpu devices: 0
[p9r2n07:68156:0] Caught signal 11 (Segmentation fault)
==== backtrace ====
 2 0x0000000000073344 mxm_handle_error()  /var/tmp/OFED_topdir/BUILD/mxm-3.6.3104/src/mxm/util/debug/debug.c:641
 3 0x0000000000073a84 mxm_error_signal_handler()  /var/tmp/OFED_topdir/BUILD/mxm-3.6.3104/src/mxm/util/debug/debug.c:616
 4 0x000000000010b1ec cuMemGetAttribute_v2()  ??:0
 5 0x00000000002bda60 cuVDPAUCtxCreate()  ??:0
 6 0x000000000023996c cudbgApiDetach()  ??:0
 7 0x0000000000008af4 start_thread()  pthread_create.c:0
 8 0x0000000000124ef4 __clone()  ??:0
===================
--------------------------------------------------------------------------
mpirun noticed that process rank 3 with PID 68156 on node p9r2n07 exited on signal 11 (Segmentation fault).
--------------------------------------------------------------------------
