p9r2n02:139620:139631 [0] INFO NET : Using interface ib0:10.1.1.20<0>
p9r2n02:139620:139631 [0] INFO NET/IB : Using interface ib0 for sideband communication
p9r2n02:139620:139631 [0] INFO NET/IB: [1] mlx5_0:1/IB 
p9r2n02:139620:139631 [0] INFO Using internal Network IB
p9r2n02:139620:139631 [0] INFO Using NCCL Low-latency algorithm for sizes below 16384
p9r2n02:139620:139631 [0] INFO NET : Using interface ib0:10.1.1.20<0>
p9r2n02:139620:139631 [0] INFO NET/Socket : 1 interfaces found
NCCL version 2.2.12+cuda9.2
p9r2n02:139621:139632 [1] INFO NET : Using interface ib0:10.1.1.20<0>
p9r2n02:139621:139632 [1] INFO NET/IB : Using interface ib0 for sideband communication
p9r2n02:139621:139632 [1] INFO NET/IB: [1] mlx5_0:1/IB 
p9r2n02:139621:139632 [1] INFO Using internal Network IB
p9r2n02:139621:139632 [1] INFO Using NCCL Low-latency algorithm for sizes below 16384
p9r2n02:139621:139632 [1] INFO comm 0x3fff2d14ed70 rank 1 nranks 2
p9r2n02:139621:139632 [1] INFO NET : Using interface ib0:10.1.1.20<0>
p9r2n02:139621:139632 [1] INFO NET/Socket : 1 interfaces found
p9r2n02:139621:139632 [1] INFO CUDA Dev 1, IB Ports : mlx5_0/1(SOC) 
p9r2n02:139620:139631 [0] INFO comm 0x3fff450cc080 rank 0 nranks 2
p9r2n02:139620:139631 [0] INFO CUDA Dev 0, IB Ports : mlx5_0/1(SOC) 
p9r2n02:139620:139631 [0] INFO Using 256 threads
p9r2n02:139620:139631 [0] INFO Min Comp Cap 7
p9r2n02:139620:139631 [0] INFO NCCL_SINGLE_RING_THRESHOLD=262144
p9r2n02:139620:139631 [0] INFO Ring 00 :    0   1
p9r2n02:139621:139632 [1] INFO 1[139621] -> 0[139620] via direct shared memory
p9r2n02:139620:139631 [0] INFO 0[139620] -> 1[139621] via direct shared memory
p9r2n02:139620:139631 [0] INFO Launch mode Parallel
