p9r1n02:134652:134670 [0] INFO NET : Using interface ib0:10.1.1.2<0>
p9r1n02:134652:134670 [0] INFO NET/IB : Using interface ib0 for sideband communication
p9r1n02:134652:134670 [0] INFO NET/IB: [1] mlx5_0:1/IB 
p9r1n02:134652:134670 [0] INFO Using internal Network IB
p9r1n02:134652:134670 [0] INFO Using NCCL Low-latency algorithm for sizes below 16384
p9r1n02:134652:134670 [0] INFO NET : Using interface ib0:10.1.1.2<0>
p9r1n02:134652:134670 [0] INFO NET/Socket : 1 interfaces found
NCCL version 2.2.12+cuda9.2
p9r1n02:134655:134668 [3] INFO NET : Using interface ib0:10.1.1.2<0>
p9r1n02:134655:134668 [3] INFO NET/IB : Using interface ib0 for sideband communication
p9r1n02:134654:134671 [2] INFO NET : Using interface ib0:10.1.1.2<0>
p9r1n02:134654:134671 [2] INFO NET/IB : Using interface ib0 for sideband communication
p9r1n05:2486:2507 [0] INFO NET : Using interface ib0:10.1.1.5<0>
p9r1n05:2486:2507 [0] INFO NET/IB : Using interface ib0 for sideband communication
p9r1n05:2489:2504 [3] INFO NET : Using interface ib0:10.1.1.5<0>
p9r1n05:2489:2504 [3] INFO NET/IB : Using interface ib0 for sideband communication
p9r1n05:2488:2505 [2] INFO NET : Using interface ib0:10.1.1.5<0>
p9r1n05:2488:2505 [2] INFO NET/IB : Using interface ib0 for sideband communication
p9r1n04:153460:153484 [2] INFO NET : Using interface ib0:10.1.1.4<0>
p9r1n04:153460:153484 [2] INFO NET/IB : Using interface ib0 for sideband communication
p9r1n04:153461:153493 [3] INFO NET : Using interface ib0:10.1.1.4<0>
p9r1n04:153461:153493 [3] INFO NET/IB : Using interface ib0 for sideband communication
p9r1n04:153458:153486 [0] INFO NET : Using interface ib0:10.1.1.4<0>
p9r1n04:153458:153486 [0] INFO NET/IB : Using interface ib0 for sideband communication
p9r1n04:153459:153485 [1] INFO NET : Using interface ib0:10.1.1.4<0>
p9r1n04:153459:153485 [1] INFO NET/IB : Using interface ib0 for sideband communication
p9r1n06:87484:87501 [1] INFO NET : Using interface ib0:10.1.1.6<0>
p9r1n06:87484:87501 [1] INFO NET/IB : Using interface ib0 for sideband communication
p9r1n06:87486:87504 [3] INFO NET : Using interface ib0:10.1.1.6<0>
p9r1n06:87486:87504 [3] INFO NET/IB : Using interface ib0 for sideband communication
p9r1n06:87483:87502 [0] INFO NET : Using interface ib0:10.1.1.6<0>
p9r1n06:87483:87502 [0] INFO NET/IB : Using interface ib0 for sideband communication
p9r1n06:87485:87503 [2] INFO NET : Using interface ib0:10.1.1.6<0>
p9r1n06:87485:87503 [2] INFO NET/IB : Using interface ib0 for sideband communication
p9r1n05:2488:2505 [2] INFO NET/IB: [1] mlx5_0:1/IB 
p9r1n05:2488:2505 [2] INFO Using internal Network IB
p9r1n05:2488:2505 [2] INFO Using NCCL Low-latency algorithm for sizes below 16384
p9r1n02:134654:134671 [2] INFO NET/IB: [1] mlx5_0:1/IB 
p9r1n02:134655:134668 [3] INFO NET/IB: [1] mlx5_0:1/IB 
p9r1n02:134655:134668 [3] INFO Using internal Network IB
p9r1n02:134655:134668 [3] INFO Using NCCL Low-latency algorithm for sizes below 16384
p9r1n02:134654:134671 [2] INFO Using internal Network IB
p9r1n02:134654:134671 [2] INFO Using NCCL Low-latency algorithm for sizes below 16384
p9r1n05:2486:2507 [0] INFO NET/IB: [1] mlx5_0:1/IB 
p9r1n05:2489:2504 [3] INFO NET/IB: [1] mlx5_0:1/IB 
p9r1n05:2486:2507 [0] INFO Using internal Network IB
p9r1n05:2486:2507 [0] INFO Using NCCL Low-latency algorithm for sizes below 16384
p9r1n05:2489:2504 [3] INFO Using internal Network IB
p9r1n05:2489:2504 [3] INFO Using NCCL Low-latency algorithm for sizes below 16384
p9r1n04:153458:153486 [0] INFO NET/IB: [1] mlx5_0:1/IB 
p9r1n04:153458:153486 [0] INFO Using internal Network IB
p9r1n04:153458:153486 [0] INFO Using NCCL Low-latency algorithm for sizes below 16384
p9r1n06:87485:87503 [2] INFO NET/IB: [1] mlx5_0:1/IB 
p9r1n06:87485:87503 [2] INFO Using internal Network IB
p9r1n06:87485:87503 [2] INFO Using NCCL Low-latency algorithm for sizes below 16384
p9r1n04:153459:153485 [1] INFO NET/IB: [1] mlx5_0:1/IB 
p9r1n04:153459:153485 [1] INFO Using internal Network IB
p9r1n04:153459:153485 [1] INFO Using NCCL Low-latency algorithm for sizes below 16384
p9r1n04:153461:153493 [3] INFO NET/IB: [1] mlx5_0:1/IB 
p9r1n04:153460:153484 [2] INFO NET/IB: [1] mlx5_0:1/IB 
p9r1n04:153460:153484 [2] INFO Using internal Network IB
p9r1n04:153461:153493 [3] INFO Using internal Network IB
p9r1n04:153461:153493 [3] INFO Using NCCL Low-latency algorithm for sizes below 16384
p9r1n04:153460:153484 [2] INFO Using NCCL Low-latency algorithm for sizes below 16384
p9r1n06:87483:87502 [0] INFO NET/IB: [1] mlx5_0:1/IB 
p9r1n06:87486:87504 [3] INFO NET/IB: [1] mlx5_0:1/IB 
p9r1n06:87483:87502 [0] INFO Using internal Network IB
p9r1n06:87483:87502 [0] INFO p9r1n06:87486:87504 [3] INFO Using internal Network IB
p9r1n06:87486:87504 [3] INFO Using NCCL Low-latency algorithm for sizes below 16384
Using NCCL Low-latency algorithm for sizes below 16384
p9r1n06:87484:87501 [1] INFO NET/IB: [1] mlx5_0:1/IB 
p9r1n06:87484:87501 [1] INFO Using internal Network IB
p9r1n06:87484:87501 [1] INFO Using NCCL Low-latency algorithm for sizes below 16384
p9r1n02:134653:134669 [1] INFO NET : Using interface ib0:10.1.1.2<0>
p9r1n02:134653:134669 [1] INFO NET/IB : Using interface ib0 for sideband communication
p9r1n02:134653:134669 [1] INFO NET/IB: [1] mlx5_0:1/IB 
p9r1n02:134653:134669 [1] INFO Using internal Network IB
p9r1n02:134653:134669 [1] INFO Using NCCL Low-latency algorithm for sizes below 16384
p9r1n05:2487:2506 [1] INFO NET : Using interface ib0:10.1.1.5<0>
p9r1n05:2487:2506 [1] INFO NET/IB : Using interface ib0 for sideband communication
p9r1n05:2487:2506 [1] INFO NET/IB: [1] mlx5_0:1/IB 
p9r1n05:2487:2506 [1] INFO Using internal Network IB
p9r1n05:2487:2506 [1] INFO Using NCCL Low-latency algorithm for sizes below 16384
p9r1n06:87485:87503 [2] INFO comm 0x3fff51865a60 rank 14 nranks 16
p9r1n05:2486:2507 [0] INFO comm 0x3fff258ab6f0 rank 8 nranks 16
p9r1n06:87485:87503 [2] INFO NET : Using interface ib0:10.1.1.6<0>
p9r1n06:87485:87503 [2] INFO NET/Socket : 1 interfaces found
p9r1n05:2486:2507 [0] INFO NET : Using interface ib0:10.1.1.5<0>
p9r1n05:2486:2507 [0] INFO NET/Socket : 1 interfaces found
p9r1n05:2486:2507 [0] INFO CUDA Dev 0, IB Ports : mlx5_0/1(SOC) 
p9r1n06:87485:87503 [2] INFO CUDA Dev 2, IB Ports : mlx5_0/1(SOC) 
p9r1n02:134652:134670 [0] INFO comm 0x3fff4195e9d0 rank 0 nranks 16
p9r1n02:134652:134670 [0] INFO CUDA Dev 0, IB Ports : mlx5_0/1(SOC) 
p9r1n05:2488:2505 [2] INFO comm 0x3fff31876350 rank 10 nranks 16
p9r1n05:2488:2505 [2] INFO NET : Using interface ib0:10.1.1.5<0>
p9r1n05:2488:2505 [2] INFO NET/Socket : 1 interfaces found
p9r1n05:2489:2504 [3] INFO comm 0x3fff39875850 rank 11 nranks 16
p9r1n05:2489:2504 [3] INFO NET : Using interface ib0:10.1.1.5<0>
p9r1n05:2489:2504 [3] INFO NET/Socket : 1 interfaces found
p9r1n06:87483:87502 [0] INFO comm 0x3fff458b0b90 rank 12 nranks 16
p9r1n06:87483:87502 [0] INFO NET : Using interface ib0:10.1.1.6<0>
p9r1n06:87483:87502 [0] INFO NET/Socket : 1 interfaces found
p9r1n02:134654:134671 [2] INFO comm 0x3fff29863bd0 rank 2 nranks 16
p9r1n02:134654:134671 [2] INFO NET : Using interface ib0:10.1.1.2<0>
p9r1n02:134654:134671 [2] INFO NET/Socket : 1 interfaces found
p9r1n06:87483:87502 [0] INFO CUDA Dev 0, IB Ports : mlx5_0/1(SOC) 
p9r1n02:134654:134671 [2] INFO CUDA Dev 2, IB Ports : mlx5_0/1(SOC) 
p9r1n05:2488:2505 [2] INFO CUDA Dev 2, IB Ports : mlx5_0/1(SOC) 
p9r1n05:2489:2504 [3] INFO CUDA Dev 3, IB Ports : mlx5_0/1(SOC) 
p9r1n02:134655:134668 [3] INFO comm 0x3fff49863ab0 rank 3 nranks 16
p9r1n02:134655:134668 [3] INFO NET : Using interface ib0:10.1.1.2<0>
p9r1n02:134655:134668 [3] INFO NET/Socket : 1 interfaces found
p9r1n05:2487:2506 [1] INFO comm 0x3fff59875540 rank 9 nranks 16
p9r1n02:134653:134669 [1] INFO comm 0x3fff458638a0 rank 1 nranks 16
p9r1n05:2487:2506 [1] INFO NET : Using interface ib0:10.1.1.5<0>
p9r1n05:2487:2506 [1] INFO NET/Socket : 1 interfaces found
p9r1n02:134653:134669 [1] INFO NET : Using interface ib0:10.1.1.2<0>
p9r1n02:134653:134669 [1] INFO NET/Socket : 1 interfaces found
p9r1n06:87486:87504 [3] INFO comm 0x3fff4d86a780 rank 15 nranks 16
p9r1n06:87484:87501 [1] INFO comm 0x3fff41876090 rank 13 nranks 16
p9r1n04:153460:153484 [2] INFO comm 0x3fff55875af0 rank 6 nranks 16
p9r1n04:153461:153493 [3] INFO comm 0x3fff598654f0 rank 7 nranks 16
p9r1n06:87486:87504 [3] INFO NET : Using interface ib0:10.1.1.6<0>
p9r1n06:87486:87504 [3] INFO NET/Socket : 1 interfaces found
p9r1n06:87484:87501 [1] INFO NET : Using interface ib0:10.1.1.6<0>
p9r1n06:87484:87501 [1] INFO NET/Socket : 1 interfaces found
p9r1n04:153460:153484 [2] INFO NET : Using interface ib0:10.1.1.4<0>
p9r1n04:153460:153484 [2] INFO NET/Socket : 1 interfaces found
p9r1n04:153461:153493 [3] INFO NET : Using interface ib0:10.1.1.4<0>
p9r1n04:153461:153493 [3] INFO NET/Socket : 1 interfaces found
p9r1n04:153459:153485 [1] INFO comm 0x3fff2d895c60 rank 5 nranks 16
p9r1n04:153458:153486 [0] INFO comm 0x3fff518c1210 rank 4 nranks 16
p9r1n04:153458:153486 [0] INFO NET : Using interface ib0:10.1.1.4<0>
p9r1n04:153458:153486 [0] INFO NET/Socket : 1 interfaces found
p9r1n04:153459:153485 [1] INFO NET : Using interface ib0:10.1.1.4<0>
p9r1n04:153459:153485 [1] INFO NET/Socket : 1 interfaces found
p9r1n05:2487:2506 [1] INFO CUDA Dev 1, IB Ports : mlx5_0/1(SOC) 
p9r1n06:87486:87504 [3] INFO CUDA Dev 3, IB Ports : mlx5_0/1(SOC) 
p9r1n06:87484:87501 [1] INFO CUDA Dev 1, IB Ports : mlx5_0/1(SOC) 
p9r1n04:153461:153493 [3] INFO CUDA Dev 3, IB Ports : mlx5_0/1(SOC) 
p9r1n04:153460:153484 [2] INFO CUDA Dev 2, IB Ports : mlx5_0/1(SOC) 
p9r1n04:153459:153485 [1] INFO CUDA Dev 1, IB Ports : mlx5_0/1(SOC) 
p9r1n04:153458:153486 [0] INFO CUDA Dev 0, IB Ports : mlx5_0/1(SOC) 
p9r1n02:134655:134668 [3] INFO CUDA Dev 3, IB Ports : mlx5_0/1(SOC) 
p9r1n02:134653:134669 [1] INFO CUDA Dev 1, IB Ports : mlx5_0/1(SOC) 
p9r1n02:134652:134670 [0] INFO Using 256 threads
p9r1n02:134652:134670 [0] INFO Min Comp Cap 7
p9r1n02:134652:134670 [0] INFO NCCL_SINGLE_RING_THRESHOLD=262144
p9r1n02:134652:134670 [0] INFO Ring 00 :    0   1   2   3   4   5   6   7   8   9  10  11  12  13  14  15
p9r1n06:87484:87501 [1] INFO 13[87484] -> 14[87485] via direct shared memory
p9r1n02:134652:134670 [0] INFO 15 -> 0 via NET/IB/0
p9r1n06:87485:87503 [2] INFO Ring 00 : 14[2] -> 15[3] via P2P/IPC
p9r1n06:87483:87502 [0] INFO 11 -> 12 via NET/IB/0
p9r1n06:87483:87502 [0] INFO Ring 00 : 12[0] -> 13[1] via P2P/IPC
p9r1n02:134652:134670 [0] INFO Ring 00 : 0[0] -> 1[1] via P2P/IPC
p9r1n02:134653:134669 [1] INFO 1[134653] -> 2[134654] via direct shared memory
p9r1n02:134654:134671 [2] INFO Ring 00 : 2[2] -> 3[3] via P2P/IPC
p9r1n05:2487:2506 [1] INFO 9[2487] -> 10[2488] via direct shared memory
p9r1n05:2488:2505 [2] INFO Ring 00 : 10[2] -> 11[3] via P2P/IPC
p9r1n05:2486:2507 [0] INFO 7 -> 8 via NET/IB/0
p9r1n05:2486:2507 [0] INFO Ring 00 : 8[0] -> 9[1] via P2P/IPC
p9r1n04:153459:153485 [1] INFO 5[153459] -> 6[153460] via direct shared memory
p9r1n04:153458:153486 [0] INFO 3 -> 4 via NET/IB/0
p9r1n04:153458:153486 [0] INFO Ring 00 : 4[0] -> 5[1] via P2P/IPC
p9r1n04:153460:153484 [2] INFO Ring 00 : 6[2] -> 7[3] via P2P/IPC
p9r1n02:134655:134668 [3] INFO NET/IB: Dev 0 Port 1 qpn 55561 mtu 5 LID 44
p9r1n05:2489:2504 [3] INFO NET/IB: Dev 0 Port 1 qpn 246436 mtu 5 LID 54
p9r1n06:87486:87504 [3] INFO NET/IB: Dev 0 Port 1 qpn 85047 mtu 5 LID 53
p9r1n04:153461:153493 [3] INFO NET/IB: Dev 0 Port 1 qpn 244352 mtu 5 LID 45
p9r1n02:134652:134670 [0] INFO Launch mode Parallel
