p9r1n16:48594:48610 [0] INFO NET : Using interface ib0:10.1.1.16<0>
p9r1n16:48594:48610 [0] INFO NET/IB : Using interface ib0 for sideband communication
p9r1n16:48594:48610 [0] INFO NET/IB: [1] mlx5_0:1/IB 
p9r1n16:48594:48610 [0] INFO Using internal Network IB
p9r1n16:48594:48610 [0] INFO Using NCCL Low-latency algorithm for sizes below 16384
p9r1n16:48594:48610 [0] INFO NET : Using interface ib0:10.1.1.16<0>
p9r1n16:48594:48610 [0] INFO NET/Socket : 1 interfaces found
NCCL version 2.2.12+cuda9.2
p9r1n16:48597:48612 [3] INFO NET : Using interface ib0:10.1.1.16<0>
p9r1n16:48597:48612 [3] INFO NET/IB : Using interface ib0 for sideband communication
p9r1n16:48595:48611 [1] INFO NET : Using interface ib0:10.1.1.16<0>
p9r1n16:48595:48611 [1] INFO NET/IB : Using interface ib0 for sideband communication
p9r1n16:48596:48619 [2] INFO NET : Using interface ib0:10.1.1.16<0>
p9r1n16:48596:48619 [2] INFO NET/IB : Using interface ib0 for sideband communication
p9r1n17:142005:142019 [1] INFO NET : Using interface ib0:10.1.1.17<0>
p9r1n17:142005:142019 [1] INFO NET/IB : Using interface ib0 for sideband communication
p9r1n17:142007:142029 [3] INFO NET : Using interface ib0:10.1.1.17<0>
p9r1n17:142007:142029 [3] INFO NET/IB : Using interface ib0 for sideband communication
p9r1n17:142004:142018 [0] INFO NET : Using interface ib0:10.1.1.17<0>
p9r1n17:142004:142018 [0] INFO NET/IB : Using interface ib0 for sideband communication
p9r1n17:142006:142024 [2] INFO NET : Using interface ib0:10.1.1.17<0>
p9r1n17:142006:142024 [2] INFO NET/IB : Using interface ib0 for sideband communication
p9r1n16:48596:48619 [2] INFO NET/IB: [1] mlx5_0:1/IB 
p9r1n16:48596:48619 [2] INFO Using internal Network IB
p9r1n16:48596:48619 [2] INFO Using NCCL Low-latency algorithm for sizes below 16384
p9r1n16:48595:48611 [1] INFO NET/IB: [1] mlx5_0:1/IB 
p9r1n16:48595:48611 [1] INFO Using internal Network IB
p9r1n16:48595:48611 [1] INFO Using NCCL Low-latency algorithm for sizes below 16384
p9r1n16:48597:48612 [3] INFO NET/IB: [1] mlx5_0:1/IB 
p9r1n16:48597:48612 [3] INFO Using internal Network IB
p9r1n16:48597:48612 [3] INFO Using NCCL Low-latency algorithm for sizes below 16384
p9r1n17:142006:142024 [2] INFO NET/IB: [1] mlx5_0:1/IB 
p9r1n17:142006:142024 [2] INFO Using internal Network IB
p9r1n17:142006:142024 [2] INFO Using NCCL Low-latency algorithm for sizes below 16384
p9r1n17:142004:142018 [0] INFO NET/IB: [1] mlx5_0:1/IB 
p9r1n17:142005:142019 [1] INFO NET/IB: [1] mlx5_0:1/IB 
p9r1n17:142007:142029 [3] INFO NET/IB: [1] mlx5_0:1/IB 
p9r1n17:142004:142018 [0] INFO Using internal Network IB
p9r1n17:142004:142018 [0] INFO Using NCCL Low-latency algorithm for sizes below 16384
p9r1n17:142005:142019 [1] INFO Using internal Network IB
p9r1n17:142005:142019 [1] INFO Using NCCL Low-latency algorithm for sizes below 16384p9r1n17:142007:142029 [3] INFO Using internal Network IB

p9r1n17:142007:142029 [3] INFO Using NCCL Low-latency algorithm for sizes below 16384
p9r1n16:48596:48619 [2] INFO comm 0x3fff2d84f4b0 rank 2 nranks 8
p9r1n16:48596:48619 [2] INFO NET : Using interface ib0:10.1.1.16<0>
p9r1n16:48596:48619 [2] INFO NET/Socket : 1 interfaces found
p9r1n16:48596:48619 [2] INFO CUDA Dev 2, IB Ports : mlx5_0/1(SOC) 
p9r1n16:48597:48612 [3] INFO comm 0x3fff39834b70 rank 3 nranks 8
p9r1n16:48594:48610 [0] INFO comm 0x3fff298c6110 rank 0 nranks 8
p9r1n16:48597:48612 [3] INFO NET : Using interface ib0:10.1.1.16<0>
p9r1n16:48597:48612 [3] INFO NET/Socket : 1 interfaces found
p9r1n16:48594:48610 [0] INFO CUDA Dev 0, IB Ports : mlx5_0/1(SOC) 
p9r1n16:48597:48612 [3] INFO CUDA Dev 3, IB Ports : mlx5_0/1(SOC) 
p9r1n16:48595:48611 [1] INFO comm 0x3fff498457b0 rank 1 nranks 8
p9r1n16:48595:48611 [1] INFO NET : Using interface ib0:10.1.1.16<0>
p9r1n16:48595:48611 [1] INFO NET/Socket : 1 interfaces found
p9r1n16:48595:48611 [1] INFO CUDA Dev 1, IB Ports : mlx5_0/1(SOC) 
p9r1n17:142004:142018 [0] INFO comm 0x3fff4587eaa0 rank 4 nranks 8
p9r1n17:142007:142029 [3] INFO comm 0x3fff29847a50 rank 7 nranks 8
p9r1n17:142007:142029 [3] INFO NET : Using interface ib0:10.1.1.17<0>
p9r1n17:142007:142029 [3] INFO NET/Socket : 1 interfaces found
p9r1n17:142004:142018 [0] INFO NET : Using interface ib0:10.1.1.17<0>
p9r1n17:142004:142018 [0] INFO NET/Socket : 1 interfaces found
p9r1n17:142005:142019 [1] INFO comm 0x3fff4d857030 rank 5 nranks 8
p9r1n17:142005:142019 [1] INFO NET : Using interface ib0:10.1.1.17<0>
p9r1n17:142005:142019 [1] INFO NET/Socket : 1 interfaces found
p9r1n17:142007:142029 [3] INFO CUDA Dev 3, IB Ports : mlx5_0/1(SOC) 
p9r1n17:142004:142018 [0] INFO CUDA Dev 0, IB Ports : mlx5_0/1(SOC) 
p9r1n17:142005:142019 [1] INFO CUDA Dev 1, IB Ports : mlx5_0/1(SOC) 
p9r1n17:142006:142024 [2] INFO comm 0x3fff618483c0 rank 6 nranks 8
p9r1n17:142006:142024 [2] INFO NET : Using interface ib0:10.1.1.17<0>
p9r1n17:142006:142024 [2] INFO NET/Socket : 1 interfaces found
p9r1n17:142006:142024 [2] INFO CUDA Dev 2, IB Ports : mlx5_0/1(SOC) 
p9r1n16:48594:48610 [0] INFO Using 256 threads
p9r1n16:48594:48610 [0] INFO Min Comp Cap 7
p9r1n16:48594:48610 [0] INFO NCCL_SINGLE_RING_THRESHOLD=262144
p9r1n16:48594:48610 [0] INFO Ring 00 :    0   1   2   3   4   5   6   7
p9r1n16:48594:48610 [0] INFO 7 -> 0 via NET/IB/0
p9r1n16:48596:48619 [2] INFO Ring 00 : 2[2] -> 3[3] via P2P/IPC
p9r1n16:48595:48611 [1] INFO 1[48595] -> 2[48596] via direct shared memory
p9r1n16:48594:48610 [0] INFO Ring 00 : 0[0] -> 1[1] via P2P/IPC
p9r1n17:142005:142019 [1] INFO 5[142005] -> 6[142006] via direct shared memory
p9r1n17:142004:142018 [0] INFO 3 -> 4 via NET/IB/0
p9r1n17:142004:142018 [0] INFO Ring 00 : 4[0] -> 5[1] via P2P/IPC
p9r1n17:142006:142024 [2] INFO Ring 00 : 6[2] -> 7[3] via P2P/IPC
p9r1n16:48597:48612 [3] INFO NET/IB: Dev 0 Port 1 qpn 252237 mtu 5 LID 57
p9r1n17:142007:142029 [3] INFO NET/IB: Dev 0 Port 1 qpn 191182 mtu 5 LID 36
p9r1n16:48594:48610 [0] INFO Launch mode Parallel
