p9r1n12:91167:91189 [0] INFO NET : Using interface ib0:10.1.1.12<0>
p9r1n12:91167:91189 [0] INFO NET/IB : Using interface ib0 for sideband communication
p9r1n12:91167:91189 [0] INFO NET/IB: [1] mlx5_0:1/IB 
p9r1n12:91167:91189 [0] INFO Using internal Network IB
p9r1n12:91167:91189 [0] INFO Using NCCL Low-latency algorithm for sizes below 16384
p9r1n12:91167:91189 [0] INFO NET : Using interface ib0:10.1.1.12<0>
p9r1n12:91167:91189 [0] INFO NET/Socket : 1 interfaces found
NCCL version 2.2.12+cuda9.2
p9r1n12:91169:91180 [2] INFO NET : Using interface ib0:10.1.1.12<0>
p9r1n12:91169:91180 [2] INFO NET/IB : Using interface ib0 for sideband communication
p9r1n12:91170:91194 [3] INFO NET : Using interface ib0:10.1.1.12<0>
p9r1n12:91170:91194 [3] INFO NET/IB : Using interface ib0 for sideband communication
p9r1n12:91168:91179 [1] INFO NET : Using interface ib0:10.1.1.12<0>
p9r1n12:91168:91179 [1] INFO NET/IB : Using interface ib0 for sideband communication
p9r1n12:91169:91180 [2] INFO NET/IB: [1] mlx5_0:1/IB 
p9r1n12:91169:91180 [2] INFO Using internal Network IB
p9r1n12:91169:91180 [2] INFO Using NCCL Low-latency algorithm for sizes below 16384
p9r1n14:20845:20866 [0] INFO NET : Using interface ib0:10.1.1.14<0>
p9r1n14:20845:20866 [0] INFO NET/IB : Using interface ib0 for sideband communication
p9r1n13:157141:157156 [1] INFO NET : Using interface ib0:10.1.1.13<0>
p9r1n13:157141:157156 [1] INFO NET/IB : Using interface ib0 for sideband communication
p9r1n14:20847:20865 [2] INFO NET : Using interface ib0:10.1.1.14<0>
p9r1n14:20847:20865 [2] INFO NET/IB : Using interface ib0 for sideband communication
p9r1n14:20848:20864 [3] INFO NET : Using interface ib0:10.1.1.14<0>
p9r1n14:20848:20864 [3] INFO NET/IB : Using interface ib0 for sideband communication
p9r1n14:20846:20863 [1] INFO NET : Using interface ib0:10.1.1.14<0>
p9r1n14:20846:20863 [1] INFO NET/IB : Using interface ib0 for sideband communication
p9r1n13:157142:157158 [2] INFO NET : Using interface ib0:10.1.1.13<0>
p9r1n13:157142:157158 [2] INFO NET/IB : Using interface ib0 for sideband communication
p9r1n13:157143:157157 [3] INFO NET : Using interface ib0:10.1.1.13<0>
p9r1n13:157143:157157 [3] INFO NET/IB : Using interface ib0 for sideband communication
p9r1n13:157140:157167 [0] INFO NET : Using interface ib0:10.1.1.13<0>
p9r1n13:157140:157167 [0] INFO NET/IB : Using interface ib0 for sideband communication
p9r1n15:113298:113314 [3] INFO NET : Using interface ib0:10.1.1.15<0>
p9r1n15:113298:113314 [3] INFO NET/IB : Using interface ib0 for sideband communication
p9r1n15:113297:113315 [2] INFO NET : Using interface ib0:10.1.1.15<0>
p9r1n15:113297:113315 [2] INFO NET/IB : Using interface ib0 for sideband communication
p9r1n15:113296:113313 [1] INFO NET : Using interface ib0:10.1.1.15<0>
p9r1n15:113296:113313 [1] INFO NET/IB : Using interface ib0 for sideband communication
p9r1n15:113295:113316 [0] INFO NET : Using interface ib0:10.1.1.15<0>
p9r1n15:113295:113316 [0] INFO NET/IB : Using interface ib0 for sideband communication
p9r1n12:91168:91179 [1] INFO NET/IB: [1] mlx5_0:1/IB 
p9r1n12:91170:91194 [3] INFO NET/IB: [1] mlx5_0:1/IB 
p9r1n12:91170:91194 [3] INFO Using internal Network IB
p9r1n12:91170:91194 [3] INFO Using NCCL Low-latency algorithm for sizes below 16384
p9r1n12:91168:91179 [1] INFO Using internal Network IB
p9r1n12:91168:91179 [1] INFO Using NCCL Low-latency algorithm for sizes below 16384
p9r1n14:20845:20866 [0] INFO NET/IB: [1] mlx5_0:1/IB 
p9r1n14:20845:20866 [0] INFO Using internal Network IB
p9r1n14:20845:20866 [0] INFO Using NCCL Low-latency algorithm for sizes below 16384
p9r1n15:113296:113313 [1] INFO NET/IB: [1] mlx5_0:1/IB 
p9r1n15:113296:113313 [1] INFO Using internal Network IB
p9r1n15:113296:113313 [1] INFO Using NCCL Low-latency algorithm for sizes below 16384
p9r1n14:20847:20865 [2] INFO NET/IB: [1] mlx5_0:1/IB 
p9r1n14:20847:20865 [2] INFO Using internal Network IB
p9r1n14:20847:20865 [2] INFO Using NCCL Low-latency algorithm for sizes below 16384
p9r1n14:20846:20863 [1] INFO NET/IB: [1] mlx5_0:1/IB 
p9r1n14:20848:20864 [3] INFO NET/IB: [1] mlx5_0:1/IB 
p9r1n14:20848:20864 [3] INFO Using internal Network IB
p9r1n14:20848:20864 [3] INFO Using NCCL Low-latency algorithm for sizes below 16384
p9r1n14:20846:20863 [1] INFO Using internal Network IB
p9r1n14:20846:20863 [1] INFO Using NCCL Low-latency algorithm for sizes below 16384
p9r1n15:113297:113315 [2] INFO NET/IB: [1] mlx5_0:1/IB 
p9r1n15:113298:113314 [3] INFO NET/IB: [1] mlx5_0:1/IB 
p9r1n13:157140:157167 [0] INFO NET/IB: [1] mlx5_0:1/IB 
p9r1n15:113297:113315 [2] INFO Using internal Network IB
p9r1n15:113297:113315 [2] INFO Using NCCL Low-latency algorithm for sizes below 16384
p9r1n15:113295:113316 [0] INFO NET/IB: [1] mlx5_0:1/IB 
p9r1n15:113295:113316 [0] INFO Using internal Network IB
p9r1n15:113295:113316 [0] INFO Using NCCL Low-latency algorithm for sizes below 16384
p9r1n15:113298:113314 [3] INFO Using internal Network IB
p9r1n15:113298:113314 [3] INFO Using NCCL Low-latency algorithm for sizes below 16384
p9r1n13:157140:157167 [0] INFO Using internal Network IB
p9r1n13:157140:157167 [0] INFO Using NCCL Low-latency algorithm for sizes below 16384
p9r1n13:157142:157158 [2] INFO NET/IB: [1] mlx5_0:1/IB 
p9r1n13:157143:157157 [3] INFO NET/IB: [1] mlx5_0:1/IB 
p9r1n13:157141:157156 [1] INFO NET/IB: [1] mlx5_0:1/IB 
p9r1n13:157141:157156 [1] INFO Using internal Network IB
p9r1n13:157142:157158 [2] INFO Using internal Network IB
p9r1n13:157142:157158 [2] INFO Using NCCL Low-latency algorithm for sizes below 16384
p9r1n13:157143:157157 [3] INFO Using internal Network IB
p9r1n13:157143:157157 [3] INFO Using NCCL Low-latency algorithm for sizes below 16384
p9r1n13:157141:157156 [1] INFO Using NCCL Low-latency algorithm for sizes below 16384
p9r1n13:157141:157156 [1] INFO comm 0x3fff59895850 rank 5 nranks 16
p9r1n13:157141:157156 [1] INFO NET : Using interface ib0:10.1.1.13<0>
p9r1n13:157141:157156 [1] INFO NET/Socket : 1 interfaces found
p9r1n13:157141:157156 [1] INFO CUDA Dev 1, IB Ports : mlx5_0/1(SOC) 
p9r1n15:113298:113314 [3] INFO comm 0x3fff65864eb0 rank 15 nranks 16
p9r1n15:113298:113314 [3] INFO NET : Using interface ib0:10.1.1.15<0>
p9r1n15:113298:113314 [3] INFO NET/Socket : 1 interfaces found
p9r1n15:113297:113315 [2] INFO comm 0x3fff4d864ed0 rank 14 nranks 16
p9r1n15:113298:113314 [3] INFO CUDA Dev 3, IB Ports : mlx5_0/1(SOC) 
p9r1n15:113297:113315 [2] INFO NET : Using interface ib0:10.1.1.15<0>
p9r1n15:113297:113315 [2] INFO NET/Socket : 1 interfaces found
p9r1n15:113297:113315 [2] INFO CUDA Dev 2, IB Ports : mlx5_0/1(SOC) 
p9r1n14:20846:20863 [1] INFO comm 0x3fff258753d0 rank 9 nranks 16
p9r1n14:20846:20863 [1] INFO NET : Using interface ib0:10.1.1.14<0>
p9r1n14:20846:20863 [1] INFO NET/Socket : 1 interfaces found
p9r1n14:20848:20864 [3] INFO comm 0x3fff3d8756d0 rank 11 nranks 16
p9r1n14:20848:20864 [3] INFO NET : Using interface ib0:10.1.1.14<0>
p9r1n14:20848:20864 [3] INFO NET/Socket : 1 interfaces found
p9r1n14:20846:20863 [1] INFO CUDA Dev 1, IB Ports : mlx5_0/1(SOC) 
p9r1n14:20848:20864 [3] INFO CUDA Dev 3, IB Ports : mlx5_0/1(SOC) 
p9r1n13:157142:157158 [2] INFO comm 0x3fff358762d0 rank 6 nranks 16
p9r1n13:157142:157158 [2] INFO NET : Using interface ib0:10.1.1.13<0>
p9r1n13:157142:157158 [2] INFO NET/Socket : 1 interfaces found
p9r1n13:157142:157158 [2] INFO CUDA Dev 2, IB Ports : mlx5_0/1(SOC) 
p9r1n12:91167:91189 [0] INFO comm 0x3fff45964da0 rank 0 nranks 16
p9r1n12:91169:91180 [2] INFO comm 0x3fff5d8637e0 rank 2 nranks 16
p9r1n12:91169:91180 [2] INFO NET : Using interface ib0:10.1.1.12<0>
p9r1n12:91169:91180 [2] INFO NET/Socket : 1 interfaces found
p9r1n14:20845:20866 [0] INFO comm 0x3fff358aba00 rank 8 nranks 16
p9r1n14:20847:20865 [2] INFO comm 0x3fff45875a30 rank 10 nranks 16
p9r1n13:157143:157157 [3] INFO comm 0x3fff4d865a30 rank 7 nranks 16
p9r1n14:20847:20865 [2] INFO NET : Using interface ib0:10.1.1.14<0>
p9r1n14:20847:20865 [2] INFO NET/Socket : 1 interfaces found
p9r1n14:20845:20866 [0] INFO NET : Using interface ib0:10.1.1.14<0>
p9r1n14:20845:20866 [0] INFO NET/Socket : 1 interfaces found
p9r1n13:157143:157157 [3] INFO NET : Using interface ib0:10.1.1.13<0>
p9r1n13:157143:157157 [3] INFO NET/Socket : 1 interfaces found
p9r1n15:113295:113316 [0] INFO comm 0x3fff5d8b0e30 rank 12 nranks 16
p9r1n15:113295:113316 [0] INFO NET : Using interface ib0:10.1.1.15<0>
p9r1n15:113295:113316 [0] INFO NET/Socket : 1 interfaces found
p9r1n15:113296:113313 [1] INFO comm 0x3fff51875c50 rank 13 nranks 16
p9r1n15:113296:113313 [1] INFO NET : Using interface ib0:10.1.1.15<0>
p9r1n15:113296:113313 [1] INFO NET/Socket : 1 interfaces found
p9r1n13:157140:157167 [0] INFO comm 0x3fff498c1070 rank 4 nranks 16
p9r1n13:157140:157167 [0] INFO NET : Using interface ib0:10.1.1.13<0>
p9r1n13:157140:157167 [0] INFO NET/Socket : 1 interfaces found
p9r1n12:91168:91179 [1] INFO comm 0x3fff39889f60 rank 1 nranks 16
p9r1n12:91168:91179 [1] INFO NET : Using interface ib0:10.1.1.12<0>
p9r1n12:91168:91179 [1] INFO NET/Socket : 1 interfaces found
p9r1n12:91170:91194 [3] INFO comm 0x3fff45872ed0 rank 3 nranks 16
p9r1n12:91170:91194 [3] INFO NET : Using interface ib0:10.1.1.12<0>
p9r1n12:91170:91194 [3] INFO NET/Socket : 1 interfaces found
p9r1n14:20847:20865 [2] INFO CUDA Dev 2, IB Ports : mlx5_0/1(SOC) 
p9r1n14:20845:20866 [0] INFO CUDA Dev 0, IB Ports : mlx5_0/1(SOC) 
p9r1n13:157143:157157 [3] INFO CUDA Dev 3, IB Ports : mlx5_0/1(SOC) 
p9r1n15:113295:113316 [0] INFO CUDA Dev 0, IB Ports : mlx5_0/1(SOC) 
p9r1n15:113296:113313 [1] INFO CUDA Dev 1, IB Ports : mlx5_0/1(SOC) 
p9r1n13:157140:157167 [0] INFO CUDA Dev 0, IB Ports : mlx5_0/1(SOC) 
p9r1n12:91169:91180 [2] INFO CUDA Dev 2, IB Ports : mlx5_0/1(SOC) 
p9r1n12:91167:91189 [0] INFO CUDA Dev 0, IB Ports : mlx5_0/1(SOC) 
p9r1n12:91170:91194 [3] INFO CUDA Dev 3, IB Ports : mlx5_0/1(SOC) 
p9r1n12:91168:91179 [1] INFO CUDA Dev 1, IB Ports : mlx5_0/1(SOC) 
p9r1n12:91167:91189 [0] INFO Using 256 threads
p9r1n12:91167:91189 [0] INFO Min Comp Cap 7
p9r1n12:91167:91189 [0] INFO NCCL_SINGLE_RING_THRESHOLD=262144
p9r1n12:91167:91189 [0] INFO Ring 00 :    0   1   2   3   4   5   6   7   8   9  10  11  12  13  14  15
p9r1n14:20845:20866 [0] INFO 7 -> 8 via NET/IB/0
p9r1n15:113295:113316 [0] INFO 11 -> 12 via NET/IB/0
p9r1n14:20845:20866 [0] INFO Ring 00 : 8[0] -> 9[1] via P2P/IPC
p9r1n15:113295:113316 [0] INFO Ring 00 : 12[0] -> 13[1] via P2P/IPC
p9r1n14:20846:20863 [1] INFO 9[20846] -> 10[20847] via direct shared memory
p9r1n15:113296:113313 [1] INFO 13[113296] -> 14[113297] via direct shared memory
p9r1n14:20847:20865 [2] INFO Ring 00 : 10[2] -> 11[3] via P2P/IPC
p9r1n15:113297:113315 [2] INFO Ring 00 : 14[2] -> 15[3] via P2P/IPC
p9r1n13:157141:157156 [1] INFO 5[157141] -> 6[157142] via direct shared memory
p9r1n13:157142:157158 [2] INFO Ring 00 : 6[2] -> 7[3] via P2P/IPC
p9r1n13:157140:157167 [0] INFO 3 -> 4 via NET/IB/0
p9r1n13:157140:157167 [0] INFO Ring 00 : 4[0] -> 5[1] via P2P/IPC
p9r1n12:91169:91180 [2] INFO Ring 00 : 2[2] -> 3[3] via P2P/IPC
p9r1n12:91168:91179 [1] INFO 1[91168] -> 2[91169] via direct shared memory
p9r1n12:91167:91189 [0] INFO 15 -> 0 via NET/IB/0
p9r1n12:91167:91189 [0] INFO Ring 00 : 0[0] -> 1[1] via P2P/IPC
p9r1n13:157143:157157 [3] INFO NET/IB: Dev 0 Port 1 qpn 194749 mtu 5 LID 7
p9r1n14:20848:20864 [3] INFO NET/IB: Dev 0 Port 1 qpn 1145 mtu 5 LID 47
p9r1n12:91170:91194 [3] INFO NET/IB: Dev 0 Port 1 qpn 159420 mtu 5 LID 17
p9r1n15:113298:113314 [3] INFO NET/IB: Dev 0 Port 1 qpn 54206 mtu 5 LID 8
p9r1n12:91167:91189 [0] INFO Launch mode Parallel
