p9r3n13:106570:106588 [0] INFO NET : Using interface ib0:10.1.1.49<0>
p9r3n13:106570:106588 [0] INFO NET/IB : Using interface ib0 for sideband communication
p9r3n13:106570:106588 [0] INFO NET/IB: [1] mlx5_0:1/IB 
p9r3n13:106570:106588 [0] INFO Using internal Network IB
p9r3n13:106570:106588 [0] INFO Using NCCL Low-latency algorithm for sizes below 16384
p9r3n13:106570:106588 [0] INFO NET : Using interface ib0:10.1.1.49<0>
p9r3n13:106570:106588 [0] INFO NET/Socket : 1 interfaces found
NCCL version 2.2.12+cuda9.2
p9r3n13:106572:106590 [2] INFO NET : Using interface ib0:10.1.1.49<0>
p9r3n13:106572:106590 [2] INFO NET/IB : Using interface ib0 for sideband communication
p9r3n13:106573:106591 [3] INFO NET : Using interface ib0:10.1.1.49<0>
p9r3n13:106573:106591 [3] INFO NET/IB : Using interface ib0 for sideband communication
p9r3n13:106571:106589 [1] INFO NET : Using interface ib0:10.1.1.49<0>
p9r3n13:106571:106589 [1] INFO NET/IB : Using interface ib0 for sideband communication
p9r3n14:16644:16661 [1] INFO NET : Using interface ib0:10.1.1.50<0>
p9r3n14:16644:16661 [1] INFO NET/IB : Using interface ib0 for sideband communication
p9r3n14:16645:16664 [2] INFO NET : Using interface ib0:10.1.1.50<0>
p9r3n14:16645:16664 [2] INFO NET/IB : Using interface ib0 for sideband communication
p9r3n14:16646:16662 [3] INFO NET : Using interface ib0:10.1.1.50<0>
p9r3n14:16646:16662 [3] INFO NET/IB : Using interface ib0 for sideband communication
p9r3n14:16643:16663 [0] INFO NET : Using interface ib0:10.1.1.50<0>
p9r3n14:16643:16663 [0] INFO NET/IB : Using interface ib0 for sideband communication
p9r3n13:106573:106591 [3] INFO NET/IB: [1] mlx5_0:1/IB 
p9r3n13:106573:106591 [3] INFO Using internal Network IB
p9r3n13:106573:106591 [3] INFO Using NCCL Low-latency algorithm for sizes below 16384
p9r3n13:106571:106589 [1] INFO NET/IB: [1] mlx5_0:1/IB 
p9r3n13:106572:106590 [2] INFO NET/IB: [1] mlx5_0:1/IB 
p9r3n13:106572:106590 [2] INFO Using internal Network IB
p9r3n13:106572:106590 [2] INFO Using NCCL Low-latency algorithm for sizes below 16384
p9r3n13:106571:106589 [1] INFO Using internal Network IB
p9r3n13:106571:106589 [1] INFO Using NCCL Low-latency algorithm for sizes below 16384
p9r3n14:16643:16663 [0] INFO NET/IB: [1] mlx5_0:1/IB 
p9r3n14:16643:16663 [0] INFO Using internal Network IB
p9r3n14:16643:16663 [0] INFO Using NCCL Low-latency algorithm for sizes below 16384
p9r3n14:16645:16664 [2] INFO NET/IB: [1] mlx5_0:1/IB 
p9r3n14:16644:16661 [1] INFO NET/IB: [1] mlx5_0:1/IB 
p9r3n14:16646:16662 [3] INFO NET/IB: [1] mlx5_0:1/IB 
p9r3n14:16645:16664 [2] INFO Using internal Network IB
p9r3n14:16645:16664 [2] INFO p9r3n14:16644:16661 [1] INFO Using internal Network IB
p9r3n14:16644:16661 [1] INFO Using NCCL Low-latency algorithm for sizes below 16384
p9r3n14:16646:16662 [3] INFO Using internal Network IB
p9r3n14:16646:16662 [3] INFO Using NCCL Low-latency algorithm for sizes below 16384
Using NCCL Low-latency algorithm for sizes below 16384
p9r3n13:106570:106588 [0] INFO comm 0x3fff618cb020 rank 0 nranks 8
p9r3n13:106570:106588 [0] INFO CUDA Dev 0, IB Ports : mlx5_0/1(SOC) 
p9r3n14:16643:16663 [0] INFO comm 0x3fff6187e340 rank 4 nranks 8
p9r3n14:16643:16663 [0] INFO NET : Using interface ib0:10.1.1.50<0>
p9r3n14:16643:16663 [0] INFO NET/Socket : 1 interfaces found
p9r3n14:16643:16663 [0] INFO CUDA Dev 0, IB Ports : mlx5_0/1(SOC) 
p9r3n13:106572:106590 [2] INFO comm 0x3fff41845030 rank 2 nranks 8
p9r3n13:106572:106590 [2] INFO NET : Using interface ib0:10.1.1.49<0>
p9r3n13:106572:106590 [2] INFO NET/Socket : 1 interfaces found
p9r3n13:106572:106590 [2] INFO CUDA Dev 2, IB Ports : mlx5_0/1(SOC) 
p9r3n13:106571:106589 [1] INFO comm 0x3fff3d84a0e0 rank 1 nranks 8
p9r3n13:106571:106589 [1] INFO NET : Using interface ib0:10.1.1.49<0>
p9r3n13:106571:106589 [1] INFO NET/Socket : 1 interfaces found
p9r3n13:106571:106589 [1] INFO CUDA Dev 1, IB Ports : mlx5_0/1(SOC) 
p9r3n13:106573:106591 [3] INFO comm 0x3fff3d8aac70 rank 3 nranks 8
p9r3n13:106573:106591 [3] INFO NET : Using interface ib0:10.1.1.49<0>
p9r3n13:106573:106591 [3] INFO NET/Socket : 1 interfaces found
p9r3n13:106573:106591 [3] INFO CUDA Dev 3, IB Ports : mlx5_0/1(SOC) 
p9r3n14:16646:16662 [3] INFO comm 0x3fff41846f50 rank 7 nranks 8
p9r3n14:16646:16662 [3] INFO NET : Using interface ib0:10.1.1.50<0>
p9r3n14:16646:16662 [3] INFO NET/Socket : 1 interfaces found
p9r3n14:16646:16662 [3] INFO CUDA Dev 3, IB Ports : mlx5_0/1(SOC) 
p9r3n14:16645:16664 [2] INFO comm 0x3fff498472e0 rank 6 nranks 8
p9r3n14:16644:16661 [1] INFO comm 0x3fff31857350 rank 5 nranks 8
p9r3n14:16645:16664 [2] INFO NET : Using interface ib0:10.1.1.50<0>
p9r3n14:16645:16664 [2] INFO NET/Socket : 1 interfaces found
p9r3n14:16644:16661 [1] INFO NET : Using interface ib0:10.1.1.50<0>
p9r3n14:16644:16661 [1] INFO NET/Socket : 1 interfaces found
p9r3n14:16645:16664 [2] INFO CUDA Dev 2, IB Ports : mlx5_0/1(SOC) 
p9r3n14:16644:16661 [1] INFO CUDA Dev 1, IB Ports : mlx5_0/1(SOC) 
p9r3n13:106570:106588 [0] INFO Using 256 threads
p9r3n13:106570:106588 [0] INFO Min Comp Cap 7
p9r3n13:106570:106588 [0] INFO NCCL_SINGLE_RING_THRESHOLD=262144
p9r3n13:106570:106588 [0] INFO Ring 00 :    0   1   2   3   4   5   6   7
p9r3n14:16644:16661 [1] INFO 5[16644] -> 6[16645] via direct shared memory
p9r3n14:16643:16663 [0] INFO 3 -> 4 via NET/IB/0
p9r3n14:16643:16663 [0] INFO Ring 00 : 4[0] -> 5[1] via P2P/IPC
p9r3n14:16645:16664 [2] INFO Ring 00 : 6[2] -> 7[3] via P2P/IPC
p9r3n13:106571:106589 [1] INFO 1[106571] -> 2[106572] via direct shared memory
p9r3n13:106572:106590 [2] INFO Ring 00 : 2[2] -> 3[3] via P2P/IPC
p9r3n13:106570:106588 [0] INFO 7 -> 0 via NET/IB/0
p9r3n13:106570:106588 [0] INFO Ring 00 : 0[0] -> 1[1] via P2P/IPC
p9r3n13:106573:106591 [3] INFO NET/IB: Dev 0 Port 1 qpn 14811 mtu 5 LID 30
p9r3n14:16646:16662 [3] INFO NET/IB: Dev 0 Port 1 qpn 59302 mtu 5 LID 6
p9r3n13:106570:106588 [0] INFO Launch mode Parallel
